{"meta": {"format": 3, "version": "7.15.2", "timestamp": "2026-08-25T05:20:45.338156", "branch_coverage": false, "show_contexts": false}, "files": {"core/errors.py": {"executed_lines": [26, 28, 29, 30, 31, 32, 35, 36, 37, 38, 39, 40, 41, 42, 43, 44, 49, 54, 59, 60, 63, 67, 69, 70, 71, 75, 76, 84, 85, 86, 87, 89, 90, 92, 93, 95, 96, 97, 99, 100, 101, 104, 105, 106, 108, 110, 112, 113, 115, 116, 118, 121, 122, 125, 126, 127, 128, 129, 130, 131, 134, 137, 144, 145, 146, 148, 154, 157, 160, 161, 162], "summary": {"covered_lines": 71, "num_statements": 81, "percent_covered": 87.65432098765432, "percent_covered_display": "88", "missing_lines": 10, "excluded_lines": 0, "percent_statements_covered": 87.65432098765432, "percent_statements_covered_display": "88"}, "missing_lines": [72, 73, 102, 107, 109, 114, 132, 133, 147, 149], "excluded_lines": [], "functions": {"new_ref_id": {"executed_lines": [60], "summary": {"covered_lines": 1, "num_statements": 1, "percent_covered": 100.0, "percent_covered_display": "100", "missing_lines": 0, "excluded_lines": 0, "percent_statements_covered": 100.0, "percent_statements_covered_display": "100"}, "missing_lines": [], "excluded_lines": [], "start_line": 59}, "classify_exception": {"executed_lines": [69, 70, 71, 75, 76, 84, 85, 86, 87, 89, 90, 92, 93, 95, 96, 97, 99, 100, 101, 104, 105, 106, 108, 110, 112, 113, 115, 116, 118], "summary": {"covered_lines": 29, "num_statements": 35, "percent_covered": 82.85714285714286, "percent_covered_display": "83", "missing_lines": 6, "excluded_lines": 0, "percent_statements_covered": 82.85714285714286, "percent_statements_covered_display": "83"}, "missing_lines": [72, 73, 102, 107, 109, 114], "excluded_lines": [], "start_line": 67}, "_load_catalog": {"executed_lines": [126, 127, 128, 129, 130, 131, 134], "summary": {"covered_lines": 7, "num_statements": 9, "percent_covered": 77.77777777777777, "percent_covered_display": "78", "missing_lines": 2, "excluded_lines": 0, "percent_statements_covered": 77.77777777777777, "percent_statements_covered_display": "78"}, "missing_lines": [132, 133], "excluded_lines": [], "start_line": 125}, "translate_error": {"executed_lines": [144, 145, 146, 148, 154], "summary": {"covered_lines": 5, "num_statements": 7, "percent_covered": 71.42857142857143, "percent_covered_display": "71", "missing_lines": 2, "excluded_lines": 0, "percent_statements_covered": 71.42857142857143, "percent_statements_covered_display": "71"}, "missing_lines": [147, 149], "excluded_lines": [], "start_line": 137}, "build_error_envelope": {"executed_lines": [160, 161, 162], "summary": {"covered_lines": 3, "num_statements": 3, "percent_covered": 100.0, "percent_covered_display": "100", "missing_lines": 0, "excluded_lines": 0, "percent_statements_covered": 100.0, "percent_statements_covered_display": "100"}, "missing_lines": [], "excluded_lines": [], "start_line": 157}, "": {"executed_lines": [26, 28, 29, 30, 31, 32, 35, 36, 37, 38, 39, 40, 41, 42, 43, 44, 49, 54, 59, 63, 67, 121, 122, 125, 137, 157], "summary": {"covered_lines": 26, "num_statements": 26, "percent_covered": 100.0, "percent_covered_display": "100", "missing_lines": 0, "excluded_lines": 0, "percent_statements_covered": 100.0, "percent_statements_covered_display": "100"}, "missing_lines": [], "excluded_lines": [], "start_line": 1}}, "classes": {"ErrorCode": {"executed_lines": [], "summary": {"covered_lines": 0, "num_statements": 0, "percent_covered": 100.0, "percent_covered_display": "100", "missing_lines": 0, "excluded_lines": 0, "percent_statements_covered": 100.0, "percent_statements_covered_display": "100"}, "missing_lines": [], "excluded_lines": [], "start_line": 35}, "ContractError": {"executed_lines": [], "summary": {"covered_lines": 0, "num_statements": 0, "percent_covered": 100.0, "percent_covered_display": "100", "missing_lines": 0, "excluded_lines": 0, "percent_statements_covered": 100.0, "percent_statements_covered_display": "100"}, "missing_lines": [], "excluded_lines": [], "start_line": 63}, "": {"executed_lines": [26, 28, 29, 30, 31, 32, 35, 36, 37, 38, 39, 40, 41, 42, 43, 44, 49, 54, 59, 60, 63, 67, 69, 70, 71, 75, 76, 84, 85, 86, 87, 89, 90, 92, 93, 95, 96, 97, 99, 100, 101, 104, 105, 106, 108, 110, 112, 113, 115, 116, 118, 121, 122, 125, 126, 127, 128, 129, 130, 131, 134, 137, 144, 145, 146, 148, 154, 157, 160, 161, 162], "summary": {"covered_lines": 71, "num_statements": 81, "percent_covered": 87.65432098765432, "percent_covered_display": "88", "missing_lines": 10, "excluded_lines": 0, "percent_statements_covered": 87.65432098765432, "percent_statements_covered_display": "88"}, "missing_lines": [72, 73, 102, 107, 109, 114, 132, 133, 147, 149], "excluded_lines": [], "start_line": 1}}}, "services/loop_engine.py": {"executed_lines": [35, 37, 38, 39, 40, 41, 42, 43, 44, 45, 46, 55, 63, 65, 80, 93, 100, 107, 114, 120, 131, 139, 145, 149, 151, 157, 160, 161, 162, 163, 164, 165, 166, 167, 168, 169, 170, 171, 172, 176, 181, 246, 324, 328, 331, 332, 333, 334, 335, 339, 340, 348, 349, 350, 351, 354, 364, 367, 371, 372, 373, 376, 386, 390, 399, 402, 406, 408, 414, 415, 419, 440, 441, 444, 454, 502, 513, 514, 515, 516, 517, 548, 549, 602, 603, 610, 611, 612, 621, 624, 626, 627, 628, 637, 638, 639, 640, 649, 650, 654, 664, 665, 666, 669, 670, 698, 699, 701, 702, 707, 722, 724, 742, 743, 773, 776, 777, 778, 779, 780, 781, 782, 783, 804, 808, 814, 841, 842, 846, 854, 857, 858, 860, 861, 862, 863, 864, 866, 910, 911, 912, 919, 920, 925, 926, 927, 932, 933, 936, 937, 939, 940, 941, 944, 945, 950, 951, 952, 957, 968, 972, 979, 990, 991, 992, 993, 999, 1000, 1001, 1002, 1003, 1004, 1005, 1006, 1017, 1020, 1030, 1032, 1035, 1036, 1037, 1038, 1039, 1040, 1046, 1054, 1744, 1765, 1766, 1767, 1768, 1771, 1772, 1773, 1780, 1781, 1795, 1809, 1837, 1838, 1839, 1843, 1844, 1846, 1850, 1852, 1857, 1864, 1871, 1873, 1874, 1927, 1928, 1929, 1935, 1942, 1944, 1945, 1946, 1948, 1951, 1954, 1974, 1977, 1989, 2000, 2001, 2003, 2004, 2006, 2007, 2009, 2016, 2017, 2032, 2071, 2078, 2079, 2084, 2093, 2094, 2101, 2102, 2103, 2108, 2118, 2119, 2120, 2131, 2132, 2133, 2136, 2137, 2138, 2139, 2144, 2145, 2159, 2160, 2161, 2162, 2163, 2164, 2172, 2177, 2193, 2196, 2197, 2198, 2199, 2200, 2201, 2202, 2221, 2228, 2229, 2230, 2231, 2236, 2241, 2248, 2249, 2250, 2257, 2259, 2260, 2262, 2264, 2285, 2309, 2323, 2324, 2395, 2403, 2407, 2409, 2410, 2411, 2416, 2530, 2675, 3134, 3167, 3518, 3537, 3546, 3548, 3552, 3553, 3554, 3558, 3559, 3563, 3564, 3565, 3571, 3575, 3589, 3591, 3595, 3596, 3597, 3598, 3600, 3601, 3604, 3609, 3610, 3652, 3653, 3654, 3655, 3661, 3662, 3663, 3666, 3667, 3670, 3671, 3674, 3675, 3678, 3679, 3680, 3685, 3686, 3689, 3690, 3691, 3695, 3698, 3716, 3717, 3718, 3719, 3732, 3733, 3745, 3746, 3757, 3760, 3791, 3799, 3800, 3808, 3813, 3819, 3820, 3821, 3822, 3824, 3840, 3841, 3849, 3850, 3851, 3853, 3861, 3863, 3864, 3865, 3868, 3870, 3874, 3875, 3878, 3879, 3882, 3895, 3902, 3903, 3905, 3907, 3908, 3909, 3910, 3916, 3921, 4101, 4104, 4108, 4112, 4131, 4141, 4142, 4165, 4167, 4168, 4170, 4175, 4179, 4180, 4185, 4235, 4236, 4241], "summary": {"covered_lines": 416, "num_statements": 1322, "percent_covered": 31.467473524962177, "percent_covered_display": "31", "missing_lines": 906, "excluded_lines": 0, "percent_statements_covered": 31.467473524962177, "percent_statements_covered_display": "31"}, "missing_lines": [202, 203, 204, 212, 213, 214, 227, 234, 238, 239, 240, 241, 267, 268, 269, 270, 277, 278, 279, 280, 281, 282, 283, 284, 285, 296, 297, 298, 299, 300, 301, 307, 308, 309, 310, 314, 315, 319, 423, 424, 425, 431, 434, 435, 436, 437, 455, 456, 462, 466, 467, 470, 471, 474, 475, 476, 477, 480, 481, 487, 488, 489, 495, 496, 499, 518, 530, 531, 550, 553, 554, 555, 556, 557, 558, 559, 560, 561, 563, 564, 565, 566, 567, 568, 569, 570, 576, 577, 588, 589, 594, 597, 634, 635, 651, 655, 656, 657, 659, 667, 668, 671, 672, 673, 674, 675, 676, 680, 681, 682, 690, 708, 709, 714, 715, 720, 721, 747, 748, 753, 754, 758, 759, 760, 766, 770, 771, 784, 785, 786, 791, 792, 793, 800, 801, 802, 867, 868, 869, 870, 877, 878, 879, 883, 891, 904, 905, 935, 953, 954, 955, 956, 981, 983, 994, 996, 1044, 1045, 1066, 1067, 1068, 1069, 1070, 1075, 1079, 1085, 1086, 1087, 1088, 1089, 1090, 1091, 1093, 1094, 1095, 1096, 1098, 1101, 1103, 1111, 1112, 1113, 1121, 1122, 1123, 1124, 1130, 1131, 1134, 1142, 1143, 1145, 1158, 1159, 1160, 1161, 1162, 1163, 1164, 1165, 1166, 1167, 1175, 1176, 1190, 1191, 1199, 1200, 1201, 1218, 1219, 1223, 1228, 1229, 1233, 1234, 1246, 1247, 1248, 1249, 1250, 1252, 1253, 1254, 1258, 1262, 1263, 1264, 1265, 1271, 1277, 1278, 1281, 1282, 1285, 1286, 1287, 1290, 1292, 1293, 1300, 1310, 1315, 1316, 1319, 1320, 1324, 1328, 1329, 1332, 1337, 1338, 1339, 1355, 1356, 1369, 1370, 1371, 1377, 1378, 1389, 1390, 1391, 1406, 1413, 1414, 1448, 1460, 1489, 1490, 1497, 1506, 1511, 1512, 1513, 1516, 1524, 1529, 1530, 1538, 1539, 1542, 1545, 1546, 1547, 1548, 1557, 1558, 1569, 1570, 1571, 1584, 1595, 1596, 1597, 1604, 1612, 1613, 1619, 1620, 1621, 1626, 1633, 1635, 1642, 1643, 1646, 1649, 1655, 1657, 1658, 1659, 1660, 1664, 1665, 1666, 1667, 1669, 1680, 1681, 1682, 1683, 1688, 1693, 1697, 1698, 1708, 1709, 1713, 1715, 1719, 1720, 1721, 1722, 1731, 1738, 1739, 1740, 1782, 1783, 1784, 1785, 1791, 1792, 1793, 1794, 1798, 1799, 1803, 1804, 1805, 1806, 1807, 1876, 1885, 1886, 1887, 1893, 1894, 1895, 1947, 1952, 1978, 1984, 2002, 2109, 2110, 2111, 2112, 2116, 2265, 2266, 2267, 2280, 2287, 2300, 2325, 2334, 2338, 2339, 2343, 2349, 2350, 2355, 2356, 2357, 2358, 2359, 2360, 2361, 2364, 2365, 2369, 2372, 2373, 2377, 2393, 2418, 2422, 2424, 2425, 2429, 2430, 2436, 2439, 2449, 2450, 2464, 2470, 2471, 2472, 2473, 2474, 2481, 2484, 2486, 2489, 2490, 2491, 2494, 2495, 2499, 2500, 2501, 2502, 2513, 2516, 2553, 2554, 2558, 2559, 2560, 2561, 2566, 2567, 2571, 2572, 2573, 2574, 2575, 2584, 2585, 2587, 2589, 2592, 2595, 2596, 2604, 2605, 2606, 2608, 2609, 2610, 2611, 2612, 2613, 2614, 2615, 2616, 2617, 2621, 2622, 2623, 2626, 2627, 2629, 2630, 2631, 2636, 2648, 2649, 2650, 2651, 2658, 2659, 2660, 2661, 2665, 2666, 2667, 2668, 2672, 2693, 2694, 2695, 2699, 2700, 2704, 2705, 2706, 2711, 2719, 2720, 2721, 2722, 2723, 2724, 2737, 2738, 2742, 2743, 2744, 2746, 2747, 2748, 2749, 2754, 2758, 2764, 2765, 2766, 2767, 2768, 2769, 2771, 2772, 2773, 2774, 2778, 2781, 2782, 2783, 2784, 2785, 2786, 2787, 2788, 2789, 2791, 2804, 2805, 2806, 2807, 2808, 2809, 2816, 2817, 2818, 2819, 2820, 2825, 2829, 2830, 2831, 2832, 2843, 2844, 2845, 2846, 2847, 2856, 2861, 2862, 2863, 2864, 2868, 2869, 2870, 2885, 2886, 2889, 2893, 2896, 2909, 2911, 2912, 2913, 2914, 2915, 2917, 2919, 2920, 2921, 2932, 2933, 2938, 2939, 2940, 2943, 2944, 2946, 2950, 2951, 2952, 2953, 2965, 2966, 2969, 2970, 2972, 2974, 2975, 2980, 2981, 2982, 2988, 2989, 2990, 2991, 3007, 3009, 3013, 3014, 3015, 3020, 3021, 3022, 3031, 3032, 3033, 3034, 3054, 3071, 3072, 3073, 3074, 3080, 3081, 3085, 3090, 3091, 3093, 3103, 3104, 3106, 3107, 3108, 3109, 3110, 3114, 3140, 3141, 3142, 3143, 3144, 3145, 3146, 3147, 3148, 3149, 3150, 3151, 3152, 3156, 3157, 3158, 3171, 3172, 3175, 3176, 3177, 3178, 3179, 3181, 3182, 3183, 3185, 3186, 3187, 3191, 3192, 3193, 3198, 3205, 3213, 3214, 3216, 3217, 3220, 3221, 3222, 3223, 3224, 3227, 3228, 3229, 3230, 3231, 3232, 3233, 3234, 3240, 3241, 3245, 3246, 3247, 3249, 3250, 3251, 3252, 3255, 3257, 3263, 3268, 3269, 3270, 3278, 3279, 3280, 3287, 3291, 3293, 3294, 3296, 3297, 3298, 3305, 3306, 3313, 3316, 3320, 3329, 3330, 3331, 3332, 3333, 3334, 3335, 3337, 3338, 3339, 3345, 3346, 3347, 3357, 3358, 3360, 3361, 3362, 3368, 3369, 3371, 3384, 3385, 3386, 3387, 3395, 3396, 3399, 3400, 3411, 3412, 3421, 3422, 3424, 3425, 3426, 3427, 3432, 3433, 3440, 3441, 3454, 3455, 3458, 3467, 3476, 3477, 3483, 3484, 3485, 3489, 3490, 3498, 3504, 3520, 3521, 3522, 3523, 3530, 3547, 3569, 3570, 3611, 3612, 3613, 3614, 3615, 3616, 3617, 3618, 3619, 3620, 3621, 3622, 3623, 3625, 3627, 3628, 3648, 3649, 3664, 3665, 3684, 3696, 3697, 3711, 3712, 3725, 3726, 3809, 3823, 3826, 3830, 3833, 3838, 3855, 3856, 3857, 3858, 3859, 3885, 3886, 3940, 3941, 3943, 3944, 3960, 3961, 3962, 3963, 3964, 3966, 3967, 3968, 3969, 3970, 3974, 3977, 3978, 3984, 3987, 3988, 3989, 3990, 3994, 3995, 4002, 4005, 4006, 4007, 4008, 4009, 4010, 4013, 4014, 4021, 4022, 4026, 4027, 4029, 4044, 4045, 4051, 4052, 4057, 4061, 4063, 4064, 4065, 4066, 4067, 4068, 4069, 4070, 4071, 4072, 4079, 4082, 4084, 4085, 4086, 4095, 4105, 4109, 4113, 4150, 4151, 4152, 4153, 4154, 4155, 4156, 4161, 4162, 4163, 4164, 4166, 4169, 4192, 4193, 4194, 4195, 4201, 4202, 4208, 4218, 4219, 4220, 4221, 4222, 4223, 4224, 4225, 4226, 4231], "excluded_lines": [], "functions": {"resume_stale": {"executed_lines": [], "summary": {"covered_lines": 0, "num_statements": 12, "percent_covered": 0.0, "percent_covered_display": "0", "missing_lines": 12, "excluded_lines": 0, "percent_statements_covered": 0.0, "percent_statements_covered_display": "0"}, "missing_lines": [202, 203, 204, 212, 213, 214, 227, 234, 238, 239, 240, 241], "excluded_lines": [], "start_line": 181}, "sweep_expired_awaiting_confirmations": {"executed_lines": [], "summary": {"covered_lines": 0, "num_statements": 26, "percent_covered": 0.0, "percent_covered_display": "0", "missing_lines": 26, "excluded_lines": 0, "percent_statements_covered": 0.0, "percent_statements_covered_display": "0"}, "missing_lines": [267, 268, 269, 270, 277, 278, 279, 280, 281, 282, 283, 284, 285, 296, 297, 298, 299, 300, 301, 307, 308, 309, 310, 314, 315, 319], "excluded_lines": [], "start_line": 246}, "LoopEngine.__init__": {"executed_lines": [331, 332, 333, 334, 335, 339, 340, 348, 349, 350, 351, 354, 364, 367, 371, 372, 373, 376, 386, 390, 399], "summary": {"covered_lines": 21, "num_statements": 21, "percent_covered": 100.0, "percent_covered_display": "100", "missing_lines": 0, "excluded_lines": 0, "percent_statements_covered": 100.0, "percent_statements_covered_display": "100"}, "missing_lines": [], "excluded_lines": [], "start_line": 328}, "LoopEngine.start": {"executed_lines": [406, 408, 414, 415, 419, 440, 441], "summary": {"covered_lines": 7, "num_statements": 15, "percent_covered": 46.666666666666664, "percent_covered_display": "47", "missing_lines": 8, "excluded_lines": 0, "percent_statements_covered": 46.666666666666664, "percent_statements_covered_display": "47"}, "missing_lines": [423, 424, 425, 431, 434, 435, 436, 437], "excluded_lines": [], "start_line": 402}, "LoopEngine._do_plan": {"executed_lines": [454, 502, 513, 514, 515, 516, 517, 548, 549, 602, 603, 610, 611, 612, 621, 624, 626, 627, 628, 637, 638, 639, 640], "summary": {"covered_lines": 23, "num_statements": 71, "percent_covered": 32.394366197183096, "percent_covered_display": "32", "missing_lines": 48, "excluded_lines": 0, "percent_statements_covered": 32.394366197183096, "percent_statements_covered_display": "32"}, "missing_lines": [455, 456, 462, 466, 467, 470, 471, 474, 475, 476, 477, 480, 481, 487, 488, 489, 495, 496, 499, 518, 530, 531, 550, 553, 554, 555, 556, 557, 558, 559, 560, 561, 563, 564, 565, 566, 567, 568, 569, 570, 576, 577, 588, 589, 594, 597, 634, 635], "excluded_lines": [], "start_line": 444}, "LoopEngine.confirm": {"executed_lines": [650, 654, 664, 665, 666, 669, 670, 698, 699, 701, 722], "summary": {"covered_lines": 11, "num_statements": 28, "percent_covered": 39.285714285714285, "percent_covered_display": "39", "missing_lines": 17, "excluded_lines": 0, "percent_statements_covered": 39.285714285714285, "percent_statements_covered_display": "39"}, "missing_lines": [651, 655, 656, 657, 659, 667, 668, 671, 672, 673, 674, 675, 676, 680, 681, 682, 690], "excluded_lines": [], "start_line": 649}, "LoopEngine.confirm._on_pipeline_done": {"executed_lines": [702, 707], "summary": {"covered_lines": 2, "num_statements": 8, "percent_covered": 25.0, "percent_covered_display": "25", "missing_lines": 6, "excluded_lines": 0, "percent_statements_covered": 25.0, "percent_statements_covered_display": "25"}, "missing_lines": [708, 709, 714, 715, 720, 721], "excluded_lines": [], "start_line": 701}, "LoopEngine._run_pipeline": {"executed_lines": [742, 743], "summary": {"covered_lines": 2, "num_statements": 12, "percent_covered": 16.666666666666668, "percent_covered_display": "17", "missing_lines": 10, "excluded_lines": 0, "percent_statements_covered": 16.666666666666668, "percent_statements_covered_display": "17"}, "missing_lines": [747, 748, 753, 754, 758, 759, 760, 766, 770, 771], "excluded_lines": [], "start_line": 724}, "LoopEngine._run_pipeline_inner": {"executed_lines": [776, 777, 778, 779, 780, 781, 782, 783], "summary": {"covered_lines": 8, "num_statements": 17, "percent_covered": 47.05882352941177, "percent_covered_display": "47", "missing_lines": 9, "excluded_lines": 0, "percent_statements_covered": 47.05882352941177, "percent_statements_covered_display": "47"}, "missing_lines": [784, 785, 786, 791, 792, 793, 800, 801, 802], "excluded_lines": [], "start_line": 773}, "LoopEngine._should_stop": {"executed_lines": [808], "summary": {"covered_lines": 1, "num_statements": 1, "percent_covered": 100.0, "percent_covered_display": "100", "missing_lines": 0, "excluded_lines": 0, "percent_statements_covered": 100.0, "percent_statements_covered_display": "100"}, "missing_lines": [], "excluded_lines": [], "start_line": 804}, "LoopEngine._with_budget": {"executed_lines": [841, 842, 846, 854, 857, 858, 860, 910, 911, 912, 919, 920, 925, 926, 927, 932, 933, 936, 937, 939, 940, 941, 944, 945, 950, 951, 952, 957, 968, 972, 979, 990, 991, 992, 993], "summary": {"covered_lines": 35, "num_statements": 44, "percent_covered": 79.54545454545455, "percent_covered_display": "80", "missing_lines": 9, "excluded_lines": 0, "percent_statements_covered": 79.54545454545455, "percent_statements_covered_display": "80"}, "missing_lines": [935, 953, 954, 955, 956, 981, 983, 994, 996], "excluded_lines": [], "start_line": 814}, "LoopEngine._with_budget._heartbeat_loop": {"executed_lines": [861, 862, 863, 864, 866], "summary": {"covered_lines": 5, "num_statements": 16, "percent_covered": 31.25, "percent_covered_display": "31", "missing_lines": 11, "excluded_lines": 0, "percent_statements_covered": 31.25, "percent_statements_covered_display": "31"}, "missing_lines": [867, 868, 869, 870, 877, 878, 879, 883, 891, 904, 905], "excluded_lines": [], "start_line": 860}, "LoopEngine._do_execute": {"executed_lines": [1000, 1001, 1002, 1003, 1004, 1005, 1006, 1017, 1020, 1030, 1032, 1035, 1036, 1037, 1038, 1039, 1040, 1046, 1054], "summary": {"covered_lines": 19, "num_statements": 201, "percent_covered": 9.45273631840796, "percent_covered_display": "9", "missing_lines": 182, "excluded_lines": 0, "percent_statements_covered": 9.45273631840796, "percent_statements_covered_display": "9"}, "missing_lines": [1044, 1045, 1066, 1067, 1068, 1069, 1070, 1075, 1079, 1085, 1086, 1087, 1088, 1089, 1090, 1091, 1093, 1094, 1095, 1096, 1098, 1101, 1103, 1111, 1112, 1113, 1121, 1122, 1123, 1124, 1130, 1131, 1134, 1142, 1143, 1145, 1158, 1159, 1160, 1161, 1162, 1163, 1164, 1165, 1166, 1167, 1175, 1176, 1190, 1191, 1199, 1200, 1201, 1218, 1219, 1223, 1228, 1229, 1233, 1234, 1246, 1247, 1248, 1249, 1250, 1252, 1253, 1254, 1258, 1262, 1263, 1264, 1265, 1271, 1277, 1278, 1281, 1282, 1285, 1286, 1287, 1290, 1292, 1293, 1300, 1310, 1315, 1316, 1319, 1320, 1324, 1328, 1329, 1332, 1337, 1338, 1339, 1355, 1356, 1369, 1370, 1371, 1377, 1378, 1389, 1390, 1391, 1406, 1413, 1414, 1448, 1460, 1489, 1490, 1497, 1506, 1511, 1512, 1513, 1516, 1524, 1529, 1530, 1538, 1539, 1542, 1545, 1546, 1547, 1548, 1557, 1558, 1569, 1570, 1571, 1584, 1595, 1596, 1597, 1604, 1612, 1613, 1619, 1620, 1621, 1626, 1633, 1635, 1642, 1643, 1646, 1649, 1655, 1657, 1658, 1659, 1660, 1664, 1665, 1666, 1667, 1669, 1680, 1681, 1682, 1683, 1688, 1693, 1697, 1698, 1708, 1709, 1713, 1715, 1719, 1720, 1721, 1722, 1731, 1738, 1739, 1740], "excluded_lines": [], "start_line": 999}, "LoopEngine._apply_integrity_guard_to_report": {"executed_lines": [1765, 1766, 1767, 1768, 1771, 1772, 1773, 1780, 1781, 1795], "summary": {"covered_lines": 10, "num_statements": 25, "percent_covered": 40.0, "percent_covered_display": "40", "missing_lines": 15, "excluded_lines": 0, "percent_statements_covered": 40.0, "percent_statements_covered_display": "40"}, "missing_lines": [1782, 1783, 1784, 1785, 1791, 1792, 1793, 1794, 1798, 1799, 1803, 1804, 1805, 1806, 1807], "excluded_lines": [], "start_line": 1744}, "LoopEngine._do_verify": {"executed_lines": [1837, 1838, 1839, 1843, 1844, 1846, 1850, 1852, 1857, 1864, 1871, 1873, 1874, 1927, 1928, 1929, 1935, 1942, 1944, 1945, 1946, 1948, 1951, 1954, 1974, 1977, 1989, 2000, 2001, 2003, 2004, 2006, 2007, 2009, 2016, 2017, 2032, 2071, 2078, 2079, 2084, 2093, 2094, 2101, 2102, 2103, 2108, 2118, 2119, 2120, 2131, 2132, 2133, 2136, 2137, 2138, 2139, 2144, 2145, 2159, 2160, 2161, 2162, 2163, 2164, 2172, 2177, 2193, 2196, 2197, 2198, 2199, 2200, 2201, 2202, 2221], "summary": {"covered_lines": 76, "num_statements": 93, "percent_covered": 81.72043010752688, "percent_covered_display": "82", "missing_lines": 17, "excluded_lines": 0, "percent_statements_covered": 81.72043010752688, "percent_statements_covered_display": "82"}, "missing_lines": [1876, 1885, 1886, 1887, 1893, 1894, 1895, 1947, 1952, 1978, 1984, 2002, 2109, 2110, 2111, 2112, 2116], "excluded_lines": [], "start_line": 1809}, "LoopEngine._do_scan": {"executed_lines": [2229, 2230, 2231, 2236, 2241, 2248, 2249, 2250, 2257, 2259, 2260, 2262, 2264, 2285, 2309, 2323, 2324], "summary": {"covered_lines": 17, "num_statements": 44, "percent_covered": 38.63636363636363, "percent_covered_display": "39", "missing_lines": 27, "excluded_lines": 0, "percent_statements_covered": 38.63636363636363, "percent_statements_covered_display": "39"}, "missing_lines": [2265, 2266, 2267, 2280, 2287, 2300, 2325, 2334, 2338, 2339, 2343, 2349, 2350, 2355, 2356, 2357, 2358, 2359, 2360, 2361, 2364, 2365, 2369, 2372, 2373, 2377, 2393], "excluded_lines": [], "start_line": 2228}, "LoopEngine._run_full_scan_pass": {"executed_lines": [2403, 2407, 2409, 2410, 2411, 2416], "summary": {"covered_lines": 6, "num_statements": 36, "percent_covered": 16.666666666666668, "percent_covered_display": "17", "missing_lines": 30, "excluded_lines": 0, "percent_statements_covered": 16.666666666666668, "percent_statements_covered_display": "17"}, "missing_lines": [2418, 2422, 2424, 2425, 2429, 2430, 2436, 2439, 2449, 2450, 2464, 2470, 2471, 2472, 2473, 2474, 2481, 2484, 2486, 2489, 2490, 2491, 2494, 2495, 2499, 2500, 2501, 2502, 2513, 2516], "excluded_lines": [], "start_line": 2395}, "LoopEngine._heal_full_scan_findings": {"executed_lines": [], "summary": {"covered_lines": 0, "num_statements": 48, "percent_covered": 0.0, "percent_covered_display": "0", "missing_lines": 48, "excluded_lines": 0, "percent_statements_covered": 0.0, "percent_statements_covered_display": "0"}, "missing_lines": [2553, 2554, 2558, 2559, 2560, 2561, 2566, 2567, 2571, 2587, 2592, 2595, 2596, 2604, 2605, 2606, 2608, 2609, 2610, 2611, 2612, 2613, 2614, 2615, 2616, 2617, 2621, 2622, 2623, 2626, 2627, 2629, 2630, 2631, 2636, 2648, 2649, 2650, 2651, 2658, 2659, 2660, 2661, 2665, 2666, 2667, 2668, 2672], "excluded_lines": [], "start_line": 2530}, "LoopEngine._heal_full_scan_findings._log_fps": {"executed_lines": [], "summary": {"covered_lines": 0, "num_statements": 6, "percent_covered": 0.0, "percent_covered_display": "0", "missing_lines": 6, "excluded_lines": 0, "percent_statements_covered": 0.0, "percent_statements_covered_display": "0"}, "missing_lines": [2572, 2573, 2574, 2575, 2584, 2585], "excluded_lines": [], "start_line": 2571}, "LoopEngine._heal_full_scan_findings._log_fps_sync": {"executed_lines": [], "summary": {"covered_lines": 0, "num_statements": 1, "percent_covered": 0.0, "percent_covered_display": "0", "missing_lines": 1, "excluded_lines": 0, "percent_statements_covered": 0.0, "percent_statements_covered_display": "0"}, "missing_lines": [2589], "excluded_lines": [], "start_line": 2587}, "LoopEngine._do_ship": {"executed_lines": [], "summary": {"covered_lines": 0, "num_statements": 148, "percent_covered": 0.0, "percent_covered_display": "0", "missing_lines": 148, "excluded_lines": 0, "percent_statements_covered": 0.0, "percent_statements_covered_display": "0"}, "missing_lines": [2693, 2694, 2695, 2699, 2700, 2704, 2705, 2706, 2711, 2719, 2720, 2721, 2722, 2723, 2724, 2737, 2738, 2742, 2743, 2744, 2746, 2747, 2748, 2749, 2754, 2758, 2764, 2765, 2766, 2767, 2768, 2769, 2771, 2772, 2773, 2774, 2778, 2781, 2782, 2783, 2784, 2785, 2786, 2787, 2788, 2789, 2791, 2804, 2805, 2806, 2807, 2808, 2809, 2816, 2817, 2818, 2819, 2820, 2825, 2829, 2830, 2831, 2832, 2843, 2844, 2845, 2846, 2847, 2856, 2861, 2862, 2863, 2864, 2868, 2869, 2870, 2885, 2886, 2889, 2893, 2896, 2909, 2911, 2912, 2913, 2914, 2915, 2917, 2919, 2920, 2921, 2932, 2933, 2938, 2939, 2940, 2943, 2944, 2946, 2950, 2951, 2952, 2953, 2965, 2966, 2969, 2970, 2972, 2974, 2975, 2980, 2981, 2982, 2988, 2989, 2990, 2991, 3007, 3009, 3013, 3014, 3015, 3020, 3021, 3022, 3031, 3032, 3033, 3034, 3054, 3071, 3072, 3073, 3074, 3080, 3081, 3085, 3090, 3091, 3093, 3103, 3104, 3106, 3107, 3108, 3109, 3110, 3114], "excluded_lines": [], "start_line": 2675}, "LoopEngine.skip_at_ship": {"executed_lines": [], "summary": {"covered_lines": 0, "num_statements": 16, "percent_covered": 0.0, "percent_covered_display": "0", "missing_lines": 16, "excluded_lines": 0, "percent_statements_covered": 0.0, "percent_statements_covered_display": "0"}, "missing_lines": [3140, 3141, 3142, 3143, 3144, 3145, 3146, 3147, 3148, 3149, 3150, 3151, 3152, 3156, 3157, 3158], "excluded_lines": [], "start_line": 3134}, "LoopEngine.confirm_ship": {"executed_lines": [], "summary": {"covered_lines": 0, "num_statements": 119, "percent_covered": 0.0, "percent_covered_display": "0", "missing_lines": 119, "excluded_lines": 0, "percent_statements_covered": 0.0, "percent_statements_covered_display": "0"}, "missing_lines": [3171, 3172, 3175, 3176, 3177, 3178, 3179, 3181, 3182, 3183, 3185, 3186, 3187, 3191, 3192, 3193, 3198, 3205, 3213, 3214, 3216, 3217, 3220, 3221, 3222, 3223, 3224, 3227, 3228, 3229, 3230, 3231, 3232, 3233, 3234, 3240, 3241, 3245, 3246, 3247, 3249, 3250, 3251, 3252, 3255, 3257, 3263, 3268, 3269, 3270, 3278, 3279, 3280, 3287, 3291, 3293, 3294, 3296, 3297, 3298, 3305, 3306, 3313, 3316, 3320, 3329, 3330, 3331, 3332, 3333, 3334, 3335, 3337, 3338, 3339, 3345, 3346, 3347, 3357, 3358, 3360, 3361, 3362, 3368, 3369, 3371, 3384, 3385, 3386, 3387, 3395, 3396, 3399, 3400, 3411, 3412, 3421, 3422, 3424, 3425, 3426, 3427, 3432, 3433, 3440, 3441, 3454, 3455, 3458, 3467, 3476, 3477, 3483, 3484, 3485, 3489, 3490, 3498, 3504], "excluded_lines": [], "start_line": 3167}, "LoopEngine._fail_ship": {"executed_lines": [], "summary": {"covered_lines": 0, "num_statements": 5, "percent_covered": 0.0, "percent_covered_display": "0", "missing_lines": 5, "excluded_lines": 0, "percent_statements_covered": 0.0, "percent_statements_covered_display": "0"}, "missing_lines": [3520, 3521, 3522, 3523, 3530], "excluded_lines": [], "start_line": 3518}, "LoopEngine.cancel": {"executed_lines": [3546, 3548, 3552, 3553, 3554, 3558, 3559, 3563, 3564, 3565, 3571], "summary": {"covered_lines": 11, "num_statements": 14, "percent_covered": 78.57142857142857, "percent_covered_display": "79", "missing_lines": 3, "excluded_lines": 0, "percent_statements_covered": 78.57142857142857, "percent_statements_covered_display": "79"}, "missing_lines": [3547, 3569, 3570], "excluded_lines": [], "start_line": 3537}, "LoopEngine.submit_files": {"executed_lines": [3589, 3591, 3595, 3596, 3597, 3598, 3600, 3601], "summary": {"covered_lines": 8, "num_statements": 8, "percent_covered": 100.0, "percent_covered_display": "100", "missing_lines": 0, "excluded_lines": 0, "percent_statements_covered": 100.0, "percent_statements_covered_display": "100"}, "missing_lines": [], "excluded_lines": [], "start_line": 3575}, "LoopEngine._persist_chat_turns": {"executed_lines": [3609, 3610], "summary": {"covered_lines": 2, "num_statements": 20, "percent_covered": 10.0, "percent_covered_display": "10", "missing_lines": 18, "excluded_lines": 0, "percent_statements_covered": 10.0, "percent_statements_covered_display": "10"}, "missing_lines": [3611, 3612, 3613, 3614, 3615, 3616, 3617, 3618, 3619, 3620, 3621, 3622, 3623, 3625, 3627, 3628, 3648, 3649], "excluded_lines": [], "start_line": 3604}, "LoopEngine._emit": {"executed_lines": [3653, 3654, 3655, 3661, 3662, 3663, 3666, 3667, 3670, 3671, 3674, 3675, 3678, 3679, 3680, 3685, 3686, 3689, 3690, 3691, 3695, 3698, 3716, 3717, 3718, 3719, 3732, 3733, 3745, 3746, 3757, 3760], "summary": {"covered_lines": 32, "num_statements": 41, "percent_covered": 78.04878048780488, "percent_covered_display": "78", "missing_lines": 9, "excluded_lines": 0, "percent_statements_covered": 78.04878048780488, "percent_statements_covered_display": "78"}, "missing_lines": [3664, 3665, 3684, 3696, 3697, 3711, 3712, 3725, 3726], "excluded_lines": [], "start_line": 3652}, "LoopEngine._narrate": {"executed_lines": [3799, 3800, 3808, 3813, 3819, 3820, 3821, 3822, 3824], "summary": {"covered_lines": 9, "num_statements": 15, "percent_covered": 60.0, "percent_covered_display": "60", "missing_lines": 6, "excluded_lines": 0, "percent_statements_covered": 60.0, "percent_statements_covered_display": "60"}, "missing_lines": [3809, 3823, 3826, 3830, 3833, 3838], "excluded_lines": [], "start_line": 3791}, "LoopEngine._doc": {"executed_lines": [3841, 3849, 3850, 3851], "summary": {"covered_lines": 4, "num_statements": 4, "percent_covered": 100.0, "percent_covered_display": "100", "missing_lines": 0, "excluded_lines": 0, "percent_statements_covered": 100.0, "percent_statements_covered_display": "100"}, "missing_lines": [], "excluded_lines": [], "start_line": 3840}, "LoopEngine._record_timeout_stat": {"executed_lines": [], "summary": {"covered_lines": 0, "num_statements": 5, "percent_covered": 0.0, "percent_covered_display": "0", "missing_lines": 5, "excluded_lines": 0, "percent_statements_covered": 0.0, "percent_statements_covered_display": "0"}, "missing_lines": [3855, 3856, 3857, 3858, 3859], "excluded_lines": [], "start_line": 3853}, "LoopEngine._fail": {"executed_lines": [3863, 3864, 3865, 3868, 3870, 3874, 3875, 3878, 3879, 3882, 3895, 3902, 3903, 3905, 3907, 3908, 3909, 3910], "summary": {"covered_lines": 18, "num_statements": 20, "percent_covered": 90.0, "percent_covered_display": "90", "missing_lines": 2, "excluded_lines": 0, "percent_statements_covered": 90.0, "percent_statements_covered_display": "90"}, "missing_lines": [3885, 3886], "excluded_lines": [], "start_line": 3861}, "_generate_plan": {"executed_lines": [], "summary": {"covered_lines": 0, "num_statements": 60, "percent_covered": 0.0, "percent_covered_display": "0", "missing_lines": 60, "excluded_lines": 0, "percent_statements_covered": 0.0, "percent_statements_covered_display": "0"}, "missing_lines": [3940, 3941, 3943, 3944, 3960, 3961, 3962, 3963, 3964, 3966, 3967, 3968, 3969, 3970, 3974, 3977, 3978, 3984, 3987, 3988, 3989, 3990, 3994, 3995, 4002, 4005, 4006, 4007, 4008, 4009, 4010, 4013, 4014, 4021, 4022, 4026, 4027, 4029, 4044, 4045, 4051, 4052, 4057, 4061, 4063, 4064, 4065, 4066, 4067, 4068, 4069, 4070, 4071, 4072, 4079, 4082, 4084, 4085, 4086, 4095], "excluded_lines": [], "start_line": 3921}, "register": {"executed_lines": [], "summary": {"covered_lines": 0, "num_statements": 1, "percent_covered": 0.0, "percent_covered_display": "0", "missing_lines": 1, "excluded_lines": 0, "percent_statements_covered": 0.0, "percent_statements_covered_display": "0"}, "missing_lines": [4105], "excluded_lines": [], "start_line": 4104}, "deregister": {"executed_lines": [], "summary": {"covered_lines": 0, "num_statements": 1, "percent_covered": 0.0, "percent_covered_display": "0", "missing_lines": 1, "excluded_lines": 0, "percent_statements_covered": 0.0, "percent_statements_covered_display": "0"}, "missing_lines": [4109], "excluded_lines": [], "start_line": 4108}, "lookup": {"executed_lines": [], "summary": {"covered_lines": 0, "num_statements": 1, "percent_covered": 0.0, "percent_covered_display": "0", "missing_lines": 1, "excluded_lines": 0, "percent_statements_covered": 0.0, "percent_statements_covered_display": "0"}, "missing_lines": [4113], "excluded_lines": [], "start_line": 4112}, "lookup_or_rehydrate": {"executed_lines": [4141, 4142, 4165, 4167, 4168, 4170, 4175, 4179, 4180, 4185], "summary": {"covered_lines": 10, "num_statements": 40, "percent_covered": 25.0, "percent_covered_display": "25", "missing_lines": 30, "excluded_lines": 0, "percent_statements_covered": 25.0, "percent_statements_covered_display": "25"}, "missing_lines": [4150, 4151, 4152, 4153, 4154, 4155, 4156, 4161, 4162, 4163, 4164, 4166, 4169, 4192, 4193, 4194, 4195, 4201, 4202, 4208, 4218, 4219, 4220, 4221, 4222, 4223, 4224, 4225, 4226, 4231], "excluded_lines": [], "start_line": 4131}, "reset_registry": {"executed_lines": [4236], "summary": {"covered_lines": 1, "num_statements": 1, "percent_covered": 100.0, "percent_covered_display": "100", "missing_lines": 0, "excluded_lines": 0, "percent_statements_covered": 100.0, "percent_statements_covered_display": "100"}, "missing_lines": [], "excluded_lines": [], "start_line": 4235}, "": {"executed_lines": [35, 37, 38, 39, 40, 41, 42, 43, 44, 45, 46, 55, 63, 65, 80, 93, 100, 107, 114, 120, 131, 139, 145, 149, 151, 157, 160, 161, 162, 163, 164, 165, 166, 167, 168, 169, 170, 171, 172, 176, 181, 246, 324, 328, 402, 444, 649, 724, 773, 804, 814, 999, 1744, 1809, 2228, 2395, 2530, 2675, 3134, 3167, 3518, 3537, 3575, 3604, 3652, 3791, 3840, 3853, 3861, 3916, 3921, 4101, 4104, 4108, 4112, 4131, 4235, 4241], "summary": {"covered_lines": 78, "num_statements": 78, "percent_covered": 100.0, "percent_covered_display": "100", "missing_lines": 0, "excluded_lines": 0, "percent_statements_covered": 100.0, "percent_statements_covered_display": "100"}, "missing_lines": [], "excluded_lines": [], "start_line": 1}}, "classes": {"LoopState": {"executed_lines": [], "summary": {"covered_lines": 0, "num_statements": 0, "percent_covered": 100.0, "percent_covered_display": "100", "missing_lines": 0, "excluded_lines": 0, "percent_statements_covered": 100.0, "percent_statements_covered_display": "100"}, "missing_lines": [], "excluded_lines": [], "start_line": 160}, "LoopEngine": {"executed_lines": [331, 332, 333, 334, 335, 339, 340, 348, 349, 350, 351, 354, 364, 367, 371, 372, 373, 376, 386, 390, 399, 406, 408, 414, 415, 419, 440, 441, 454, 502, 513, 514, 515, 516, 517, 548, 549, 602, 603, 610, 611, 612, 621, 624, 626, 627, 628, 637, 638, 639, 640, 650, 654, 664, 665, 666, 669, 670, 698, 699, 701, 702, 707, 722, 742, 743, 776, 777, 778, 779, 780, 781, 782, 783, 808, 841, 842, 846, 854, 857, 858, 860, 861, 862, 863, 864, 866, 910, 911, 912, 919, 920, 925, 926, 927, 932, 933, 936, 937, 939, 940, 941, 944, 945, 950, 951, 952, 957, 968, 972, 979, 990, 991, 992, 993, 1000, 1001, 1002, 1003, 1004, 1005, 1006, 1017, 1020, 1030, 1032, 1035, 1036, 1037, 1038, 1039, 1040, 1046, 1054, 1765, 1766, 1767, 1768, 1771, 1772, 1773, 1780, 1781, 1795, 1837, 1838, 1839, 1843, 1844, 1846, 1850, 1852, 1857, 1864, 1871, 1873, 1874, 1927, 1928, 1929, 1935, 1942, 1944, 1945, 1946, 1948, 1951, 1954, 1974, 1977, 1989, 2000, 2001, 2003, 2004, 2006, 2007, 2009, 2016, 2017, 2032, 2071, 2078, 2079, 2084, 2093, 2094, 2101, 2102, 2103, 2108, 2118, 2119, 2120, 2131, 2132, 2133, 2136, 2137, 2138, 2139, 2144, 2145, 2159, 2160, 2161, 2162, 2163, 2164, 2172, 2177, 2193, 2196, 2197, 2198, 2199, 2200, 2201, 2202, 2221, 2229, 2230, 2231, 2236, 2241, 2248, 2249, 2250, 2257, 2259, 2260, 2262, 2264, 2285, 2309, 2323, 2324, 2403, 2407, 2409, 2410, 2411, 2416, 3546, 3548, 3552, 3553, 3554, 3558, 3559, 3563, 3564, 3565, 3571, 3589, 3591, 3595, 3596, 3597, 3598, 3600, 3601, 3609, 3610, 3653, 3654, 3655, 3661, 3662, 3663, 3666, 3667, 3670, 3671, 3674, 3675, 3678, 3679, 3680, 3685, 3686, 3689, 3690, 3691, 3695, 3698, 3716, 3717, 3718, 3719, 3732, 3733, 3745, 3746, 3757, 3760, 3799, 3800, 3808, 3813, 3819, 3820, 3821, 3822, 3824, 3841, 3849, 3850, 3851, 3863, 3864, 3865, 3868, 3870, 3874, 3875, 3878, 3879, 3882, 3895, 3902, 3903, 3905, 3907, 3908, 3909, 3910], "summary": {"covered_lines": 327, "num_statements": 1102, "percent_covered": 29.673321234119783, "percent_covered_display": "30", "missing_lines": 775, "excluded_lines": 0, "percent_statements_covered": 29.673321234119783, "percent_statements_covered_display": "30"}, "missing_lines": [423, 424, 425, 431, 434, 435, 436, 437, 455, 456, 462, 466, 467, 470, 471, 474, 475, 476, 477, 480, 481, 487, 488, 489, 495, 496, 499, 518, 530, 531, 550, 553, 554, 555, 556, 557, 558, 559, 560, 561, 563, 564, 565, 566, 567, 568, 569, 570, 576, 577, 588, 589, 594, 597, 634, 635, 651, 655, 656, 657, 659, 667, 668, 671, 672, 673, 674, 675, 676, 680, 681, 682, 690, 708, 709, 714, 715, 720, 721, 747, 748, 753, 754, 758, 759, 760, 766, 770, 771, 784, 785, 786, 791, 792, 793, 800, 801, 802, 867, 868, 869, 870, 877, 878, 879, 883, 891, 904, 905, 935, 953, 954, 955, 956, 981, 983, 994, 996, 1044, 1045, 1066, 1067, 1068, 1069, 1070, 1075, 1079, 1085, 1086, 1087, 1088, 1089, 1090, 1091, 1093, 1094, 1095, 1096, 1098, 1101, 1103, 1111, 1112, 1113, 1121, 1122, 1123, 1124, 1130, 1131, 1134, 1142, 1143, 1145, 1158, 1159, 1160, 1161, 1162, 1163, 1164, 1165, 1166, 1167, 1175, 1176, 1190, 1191, 1199, 1200, 1201, 1218, 1219, 1223, 1228, 1229, 1233, 1234, 1246, 1247, 1248, 1249, 1250, 1252, 1253, 1254, 1258, 1262, 1263, 1264, 1265, 1271, 1277, 1278, 1281, 1282, 1285, 1286, 1287, 1290, 1292, 1293, 1300, 1310, 1315, 1316, 1319, 1320, 1324, 1328, 1329, 1332, 1337, 1338, 1339, 1355, 1356, 1369, 1370, 1371, 1377, 1378, 1389, 1390, 1391, 1406, 1413, 1414, 1448, 1460, 1489, 1490, 1497, 1506, 1511, 1512, 1513, 1516, 1524, 1529, 1530, 1538, 1539, 1542, 1545, 1546, 1547, 1548, 1557, 1558, 1569, 1570, 1571, 1584, 1595, 1596, 1597, 1604, 1612, 1613, 1619, 1620, 1621, 1626, 1633, 1635, 1642, 1643, 1646, 1649, 1655, 1657, 1658, 1659, 1660, 1664, 1665, 1666, 1667, 1669, 1680, 1681, 1682, 1683, 1688, 1693, 1697, 1698, 1708, 1709, 1713, 1715, 1719, 1720, 1721, 1722, 1731, 1738, 1739, 1740, 1782, 1783, 1784, 1785, 1791, 1792, 1793, 1794, 1798, 1799, 1803, 1804, 1805, 1806, 1807, 1876, 1885, 1886, 1887, 1893, 1894, 1895, 1947, 1952, 1978, 1984, 2002, 2109, 2110, 2111, 2112, 2116, 2265, 2266, 2267, 2280, 2287, 2300, 2325, 2334, 2338, 2339, 2343, 2349, 2350, 2355, 2356, 2357, 2358, 2359, 2360, 2361, 2364, 2365, 2369, 2372, 2373, 2377, 2393, 2418, 2422, 2424, 2425, 2429, 2430, 2436, 2439, 2449, 2450, 2464, 2470, 2471, 2472, 2473, 2474, 2481, 2484, 2486, 2489, 2490, 2491, 2494, 2495, 2499, 2500, 2501, 2502, 2513, 2516, 2553, 2554, 2558, 2559, 2560, 2561, 2566, 2567, 2571, 2572, 2573, 2574, 2575, 2584, 2585, 2587, 2589, 2592, 2595, 2596, 2604, 2605, 2606, 2608, 2609, 2610, 2611, 2612, 2613, 2614, 2615, 2616, 2617, 2621, 2622, 2623, 2626, 2627, 2629, 2630, 2631, 2636, 2648, 2649, 2650, 2651, 2658, 2659, 2660, 2661, 2665, 2666, 2667, 2668, 2672, 2693, 2694, 2695, 2699, 2700, 2704, 2705, 2706, 2711, 2719, 2720, 2721, 2722, 2723, 2724, 2737, 2738, 2742, 2743, 2744, 2746, 2747, 2748, 2749, 2754, 2758, 2764, 2765, 2766, 2767, 2768, 2769, 2771, 2772, 2773, 2774, 2778, 2781, 2782, 2783, 2784, 2785, 2786, 2787, 2788, 2789, 2791, 2804, 2805, 2806, 2807, 2808, 2809, 2816, 2817, 2818, 2819, 2820, 2825, 2829, 2830, 2831, 2832, 2843, 2844, 2845, 2846, 2847, 2856, 2861, 2862, 2863, 2864, 2868, 2869, 2870, 2885, 2886, 2889, 2893, 2896, 2909, 2911, 2912, 2913, 2914, 2915, 2917, 2919, 2920, 2921, 2932, 2933, 2938, 2939, 2940, 2943, 2944, 2946, 2950, 2951, 2952, 2953, 2965, 2966, 2969, 2970, 2972, 2974, 2975, 2980, 2981, 2982, 2988, 2989, 2990, 2991, 3007, 3009, 3013, 3014, 3015, 3020, 3021, 3022, 3031, 3032, 3033, 3034, 3054, 3071, 3072, 3073, 3074, 3080, 3081, 3085, 3090, 3091, 3093, 3103, 3104, 3106, 3107, 3108, 3109, 3110, 3114, 3140, 3141, 3142, 3143, 3144, 3145, 3146, 3147, 3148, 3149, 3150, 3151, 3152, 3156, 3157, 3158, 3171, 3172, 3175, 3176, 3177, 3178, 3179, 3181, 3182, 3183, 3185, 3186, 3187, 3191, 3192, 3193, 3198, 3205, 3213, 3214, 3216, 3217, 3220, 3221, 3222, 3223, 3224, 3227, 3228, 3229, 3230, 3231, 3232, 3233, 3234, 3240, 3241, 3245, 3246, 3247, 3249, 3250, 3251, 3252, 3255, 3257, 3263, 3268, 3269, 3270, 3278, 3279, 3280, 3287, 3291, 3293, 3294, 3296, 3297, 3298, 3305, 3306, 3313, 3316, 3320, 3329, 3330, 3331, 3332, 3333, 3334, 3335, 3337, 3338, 3339, 3345, 3346, 3347, 3357, 3358, 3360, 3361, 3362, 3368, 3369, 3371, 3384, 3385, 3386, 3387, 3395, 3396, 3399, 3400, 3411, 3412, 3421, 3422, 3424, 3425, 3426, 3427, 3432, 3433, 3440, 3441, 3454, 3455, 3458, 3467, 3476, 3477, 3483, 3484, 3485, 3489, 3490, 3498, 3504, 3520, 3521, 3522, 3523, 3530, 3547, 3569, 3570, 3611, 3612, 3613, 3614, 3615, 3616, 3617, 3618, 3619, 3620, 3621, 3622, 3623, 3625, 3627, 3628, 3648, 3649, 3664, 3665, 3684, 3696, 3697, 3711, 3712, 3725, 3726, 3809, 3823, 3826, 3830, 3833, 3838, 3855, 3856, 3857, 3858, 3859, 3885, 3886], "excluded_lines": [], "start_line": 324}, "": {"executed_lines": [35, 37, 38, 39, 40, 41, 42, 43, 44, 45, 46, 55, 63, 65, 80, 93, 100, 107, 114, 120, 131, 139, 145, 149, 151, 157, 160, 161, 162, 163, 164, 165, 166, 167, 168, 169, 170, 171, 172, 176, 181, 246, 324, 328, 402, 444, 649, 724, 773, 804, 814, 999, 1744, 1809, 2228, 2395, 2530, 2675, 3134, 3167, 3518, 3537, 3575, 3604, 3652, 3791, 3840, 3853, 3861, 3916, 3921, 4101, 4104, 4108, 4112, 4131, 4141, 4142, 4165, 4167, 4168, 4170, 4175, 4179, 4180, 4185, 4235, 4236, 4241], "summary": {"covered_lines": 89, "num_statements": 220, "percent_covered": 40.45454545454545, "percent_covered_display": "40", "missing_lines": 131, "excluded_lines": 0, "percent_statements_covered": 40.45454545454545, "percent_statements_covered_display": "40"}, "missing_lines": [202, 203, 204, 212, 213, 214, 227, 234, 238, 239, 240, 241, 267, 268, 269, 270, 277, 278, 279, 280, 281, 282, 283, 284, 285, 296, 297, 298, 299, 300, 301, 307, 308, 309, 310, 314, 315, 319, 3940, 3941, 3943, 3944, 3960, 3961, 3962, 3963, 3964, 3966, 3967, 3968, 3969, 3970, 3974, 3977, 3978, 3984, 3987, 3988, 3989, 3990, 3994, 3995, 4002, 4005, 4006, 4007, 4008, 4009, 4010, 4013, 4014, 4021, 4022, 4026, 4027, 4029, 4044, 4045, 4051, 4052, 4057, 4061, 4063, 4064, 4065, 4066, 4067, 4068, 4069, 4070, 4071, 4072, 4079, 4082, 4084, 4085, 4086, 4095, 4105, 4109, 4113, 4150, 4151, 4152, 4153, 4154, 4155, 4156, 4161, 4162, 4163, 4164, 4166, 4169, 4192, 4193, 4194, 4195, 4201, 4202, 4208, 4218, 4219, 4220, 4221, 4222, 4223, 4224, 4225, 4226, 4231], "excluded_lines": [], "start_line": 1}}}}, "totals": {"covered_lines": 487, "num_statements": 1403, "percent_covered": 34.711332858161086, "percent_covered_display": "35", "missing_lines": 916, "excluded_lines": 0, "percent_statements_covered": 34.711332858161086, "percent_statements_covered_display": "35"}}