{"meta": {"format": 3, "version": "7.15.2", "timestamp": "2026-08-25T05:58:15.641562", "branch_coverage": false, "show_contexts": false}, "files": {"core/errors.py": {"executed_lines": [26, 28, 29, 30, 31, 32, 35, 36, 37, 38, 39, 40, 41, 42, 43, 44, 49, 53, 54, 55, 60, 65, 66, 69, 73, 78, 79, 80, 83, 89, 90, 91, 94, 96, 97, 98, 102, 103, 105, 107, 116, 117, 118, 119, 121, 122, 124, 125, 127, 128, 129, 131, 132, 133, 136, 137, 138, 140, 142, 144, 145, 147, 148, 150, 153, 154, 157, 158, 159, 160, 161, 162, 163, 166, 169, 176, 177, 178, 180, 186, 189, 192, 193, 194], "summary": {"covered_lines": 84, "num_statements": 96, "percent_covered": 87.5, "percent_covered_display": "88", "missing_lines": 12, "excluded_lines": 0, "percent_statements_covered": 87.5, "percent_statements_covered_display": "88"}, "missing_lines": [99, 100, 106, 108, 134, 139, 141, 146, 164, 165, 179, 181], "excluded_lines": [], "functions": {"new_ref_id": {"executed_lines": [66], "summary": {"covered_lines": 1, "num_statements": 1, "percent_covered": 100.0, "percent_covered_display": "100", "missing_lines": 0, "excluded_lines": 0, "percent_statements_covered": 100.0, "percent_statements_covered_display": "100"}, "missing_lines": [], "excluded_lines": [], "start_line": 65}, "BinaryFileError.__init__": {"executed_lines": [79, 80], "summary": {"covered_lines": 2, "num_statements": 2, "percent_covered": 100.0, "percent_covered_display": "100", "missing_lines": 0, "excluded_lines": 0, "percent_statements_covered": 100.0, "percent_statements_covered_display": "100"}, "missing_lines": [], "excluded_lines": [], "start_line": 78}, "UnsupportedEncodingError.__init__": {"executed_lines": [90, 91], "summary": {"covered_lines": 2, "num_statements": 2, "percent_covered": 100.0, "percent_covered_display": "100", "missing_lines": 0, "excluded_lines": 0, "percent_statements_covered": 100.0, "percent_statements_covered_display": "100"}, "missing_lines": [], "excluded_lines": [], "start_line": 89}, "classify_exception": {"executed_lines": [96, 97, 98, 102, 103, 105, 107, 116, 117, 118, 119, 121, 122, 124, 125, 127, 128, 129, 131, 132, 133, 136, 137, 138, 140, 142, 144, 145, 147, 148, 150], "summary": {"covered_lines": 31, "num_statements": 39, "percent_covered": 79.48717948717949, "percent_covered_display": "79", "missing_lines": 8, "excluded_lines": 0, "percent_statements_covered": 79.48717948717949, "percent_statements_covered_display": "79"}, "missing_lines": [99, 100, 106, 108, 134, 139, 141, 146], "excluded_lines": [], "start_line": 94}, "_load_catalog": {"executed_lines": [158, 159, 160, 161, 162, 163, 166], "summary": {"covered_lines": 7, "num_statements": 9, "percent_covered": 77.77777777777777, "percent_covered_display": "78", "missing_lines": 2, "excluded_lines": 0, "percent_statements_covered": 77.77777777777777, "percent_statements_covered_display": "78"}, "missing_lines": [164, 165], "excluded_lines": [], "start_line": 157}, "translate_error": {"executed_lines": [176, 177, 178, 180, 186], "summary": {"covered_lines": 5, "num_statements": 7, "percent_covered": 71.42857142857143, "percent_covered_display": "71", "missing_lines": 2, "excluded_lines": 0, "percent_statements_covered": 71.42857142857143, "percent_statements_covered_display": "71"}, "missing_lines": [179, 181], "excluded_lines": [], "start_line": 169}, "build_error_envelope": {"executed_lines": [192, 193, 194], "summary": {"covered_lines": 3, "num_statements": 3, "percent_covered": 100.0, "percent_covered_display": "100", "missing_lines": 0, "excluded_lines": 0, "percent_statements_covered": 100.0, "percent_statements_covered_display": "100"}, "missing_lines": [], "excluded_lines": [], "start_line": 189}, "": {"executed_lines": [26, 28, 29, 30, 31, 32, 35, 36, 37, 38, 39, 40, 41, 42, 43, 44, 49, 53, 54, 55, 60, 65, 69, 73, 78, 83, 89, 94, 153, 154, 157, 169, 189], "summary": {"covered_lines": 33, "num_statements": 33, "percent_covered": 100.0, "percent_covered_display": "100", "missing_lines": 0, "excluded_lines": 0, "percent_statements_covered": 100.0, "percent_statements_covered_display": "100"}, "missing_lines": [], "excluded_lines": [], "start_line": 1}}, "classes": {"ErrorCode": {"executed_lines": [], "summary": {"covered_lines": 0, "num_statements": 0, "percent_covered": 100.0, "percent_covered_display": "100", "missing_lines": 0, "excluded_lines": 0, "percent_statements_covered": 100.0, "percent_statements_covered_display": "100"}, "missing_lines": [], "excluded_lines": [], "start_line": 35}, "ContractError": {"executed_lines": [], "summary": {"covered_lines": 0, "num_statements": 0, "percent_covered": 100.0, "percent_covered_display": "100", "missing_lines": 0, "excluded_lines": 0, "percent_statements_covered": 100.0, "percent_statements_covered_display": "100"}, "missing_lines": [], "excluded_lines": [], "start_line": 69}, "BinaryFileError": {"executed_lines": [79, 80], "summary": {"covered_lines": 2, "num_statements": 2, "percent_covered": 100.0, "percent_covered_display": "100", "missing_lines": 0, "excluded_lines": 0, "percent_statements_covered": 100.0, "percent_statements_covered_display": "100"}, "missing_lines": [], "excluded_lines": [], "start_line": 73}, "UnsupportedEncodingError": {"executed_lines": [90, 91], "summary": {"covered_lines": 2, "num_statements": 2, "percent_covered": 100.0, "percent_covered_display": "100", "missing_lines": 0, "excluded_lines": 0, "percent_statements_covered": 100.0, "percent_statements_covered_display": "100"}, "missing_lines": [], "excluded_lines": [], "start_line": 83}, "": {"executed_lines": [26, 28, 29, 30, 31, 32, 35, 36, 37, 38, 39, 40, 41, 42, 43, 44, 49, 53, 54, 55, 60, 65, 66, 69, 73, 78, 83, 89, 94, 96, 97, 98, 102, 103, 105, 107, 116, 117, 118, 119, 121, 122, 124, 125, 127, 128, 129, 131, 132, 133, 136, 137, 138, 140, 142, 144, 145, 147, 148, 150, 153, 154, 157, 158, 159, 160, 161, 162, 163, 166, 169, 176, 177, 178, 180, 186, 189, 192, 193, 194], "summary": {"covered_lines": 80, "num_statements": 92, "percent_covered": 86.95652173913044, "percent_covered_display": "87", "missing_lines": 12, "excluded_lines": 0, "percent_statements_covered": 86.95652173913044, "percent_statements_covered_display": "87"}, "missing_lines": [99, 100, 106, 108, 134, 139, 141, 146, 164, 165, 179, 181], "excluded_lines": [], "start_line": 1}}}, "services/capabilities.py": {"executed_lines": [18, 24, 47, 51], "summary": {"covered_lines": 4, "num_statements": 4, "percent_covered": 100.0, "percent_covered_display": "100", "missing_lines": 0, "excluded_lines": 0, "percent_statements_covered": 100.0, "percent_statements_covered_display": "100"}, "missing_lines": [], "excluded_lines": [], "functions": {"get_capabilities": {"executed_lines": [51], "summary": {"covered_lines": 1, "num_statements": 1, "percent_covered": 100.0, "percent_covered_display": "100", "missing_lines": 0, "excluded_lines": 0, "percent_statements_covered": 100.0, "percent_statements_covered_display": "100"}, "missing_lines": [], "excluded_lines": [], "start_line": 47}, "": {"executed_lines": [18, 24, 47], "summary": {"covered_lines": 3, "num_statements": 3, "percent_covered": 100.0, "percent_covered_display": "100", "missing_lines": 0, "excluded_lines": 0, "percent_statements_covered": 100.0, "percent_statements_covered_display": "100"}, "missing_lines": [], "excluded_lines": [], "start_line": 1}}, "classes": {"": {"executed_lines": [18, 24, 47, 51], "summary": {"covered_lines": 4, "num_statements": 4, "percent_covered": 100.0, "percent_covered_display": "100", "missing_lines": 0, "excluded_lines": 0, "percent_statements_covered": 100.0, "percent_statements_covered_display": "100"}, "missing_lines": [], "excluded_lines": [], "start_line": 1}}}, "services/github_api_writer.py": {"executed_lines": [19, 21, 22, 23, 24, 26, 28, 29, 31, 33, 40, 43, 44, 48, 49, 50, 53, 73, 74, 75, 80, 81, 83, 84, 85, 87, 91, 92, 93, 94, 95, 96, 97, 98, 104, 130, 153, 274], "summary": {"covered_lines": 38, "num_statements": 128, "percent_covered": 29.6875, "percent_covered_display": "30", "missing_lines": 90, "excluded_lines": 0, "percent_statements_covered": 29.6875, "percent_statements_covered_display": "30"}, "missing_lines": [82, 86, 99, 100, 101, 111, 116, 120, 121, 122, 126, 127, 140, 145, 149, 150, 173, 174, 179, 180, 181, 190, 195, 196, 197, 200, 202, 203, 213, 214, 221, 224, 225, 228, 229, 237, 238, 239, 242, 243, 253, 254, 258, 259, 264, 266, 269, 270, 292, 293, 294, 295, 297, 298, 299, 308, 313, 314, 315, 316, 317, 318, 322, 328, 329, 331, 332, 333, 335, 338, 339, 345, 348, 349, 350, 352, 362, 363, 366, 371, 379, 380, 382, 387, 397, 398, 400, 405, 407, 408], "excluded_lines": [], "functions": {"_headers": {"executed_lines": [44, 48, 49, 50], "summary": {"covered_lines": 4, "num_statements": 4, "percent_covered": 100.0, "percent_covered_display": "100", "missing_lines": 0, "excluded_lines": 0, "percent_statements_covered": 100.0, "percent_statements_covered_display": "100"}, "missing_lines": [], "excluded_lines": [], "start_line": 43}, "fetch_file": {"executed_lines": [73, 74, 75, 80, 81, 83, 84, 85, 87, 91, 92, 93, 94, 95, 96, 97, 98], "summary": {"covered_lines": 17, "num_statements": 22, "percent_covered": 77.27272727272727, "percent_covered_display": "77", "missing_lines": 5, "excluded_lines": 0, "percent_statements_covered": 77.27272727272727, "percent_statements_covered_display": "77"}, "missing_lines": [82, 86, 99, 100, 101], "excluded_lines": [], "start_line": 53}, "_get_branch_head": {"executed_lines": [], "summary": {"covered_lines": 0, "num_statements": 7, "percent_covered": 0.0, "percent_covered_display": "0", "missing_lines": 7, "excluded_lines": 0, "percent_statements_covered": 0.0, "percent_statements_covered_display": "0"}, "missing_lines": [111, 116, 120, 121, 122, 126, 127], "excluded_lines": [], "start_line": 104}, "_get_commit_details": {"executed_lines": [], "summary": {"covered_lines": 0, "num_statements": 4, "percent_covered": 0.0, "percent_covered_display": "0", "missing_lines": 4, "excluded_lines": 0, "percent_statements_covered": 0.0, "percent_statements_covered_display": "0"}, "missing_lines": [140, 145, 149, 150], "excluded_lines": [], "start_line": 130}, "commit_files": {"executed_lines": [], "summary": {"covered_lines": 0, "num_statements": 27, "percent_covered": 0.0, "percent_covered_display": "0", "missing_lines": 27, "excluded_lines": 0, "percent_statements_covered": 0.0, "percent_statements_covered_display": "0"}, "missing_lines": [173, 174, 179, 190, 195, 196, 197, 200, 202, 221, 224, 225, 228, 229, 237, 238, 239, 242, 243, 253, 254, 258, 259, 264, 266, 269, 270], "excluded_lines": [], "start_line": 153}, "commit_files._p": {"executed_lines": [], "summary": {"covered_lines": 0, "num_statements": 2, "percent_covered": 0.0, "percent_covered_display": "0", "missing_lines": 2, "excluded_lines": 0, "percent_statements_covered": 0.0, "percent_statements_covered_display": "0"}, "missing_lines": [180, 181], "excluded_lines": [], "start_line": 179}, "commit_files._upload": {"executed_lines": [], "summary": {"covered_lines": 0, "num_statements": 3, "percent_covered": 0.0, "percent_covered_display": "0", "missing_lines": 3, "excluded_lines": 0, "percent_statements_covered": 0.0, "percent_statements_covered_display": "0"}, "missing_lines": [203, 213, 214], "excluded_lines": [], "start_line": 202}, "revert_commit": {"executed_lines": [], "summary": {"covered_lines": 0, "num_statements": 31, "percent_covered": 0.0, "percent_covered_display": "0", "missing_lines": 31, "excluded_lines": 0, "percent_statements_covered": 0.0, "percent_statements_covered_display": "0"}, "missing_lines": [292, 293, 294, 295, 297, 308, 313, 314, 315, 316, 317, 318, 322, 328, 335, 338, 339, 345, 348, 366, 371, 379, 380, 382, 387, 397, 398, 400, 405, 407, 408], "excluded_lines": [], "start_line": 274}, "revert_commit._p": {"executed_lines": [], "summary": {"covered_lines": 0, "num_statements": 2, "percent_covered": 0.0, "percent_covered_display": "0", "missing_lines": 2, "excluded_lines": 0, "percent_statements_covered": 0.0, "percent_statements_covered_display": "0"}, "missing_lines": [298, 299], "excluded_lines": [], "start_line": 297}, "revert_commit._restore_spec": {"executed_lines": [], "summary": {"covered_lines": 0, "num_statements": 4, "percent_covered": 0.0, "percent_covered_display": "0", "missing_lines": 4, "excluded_lines": 0, "percent_statements_covered": 0.0, "percent_statements_covered_display": "0"}, "missing_lines": [329, 331, 332, 333], "excluded_lines": [], "start_line": 328}, "revert_commit._build_spec": {"executed_lines": [], "summary": {"covered_lines": 0, "num_statements": 5, "percent_covered": 0.0, "percent_covered_display": "0", "missing_lines": 5, "excluded_lines": 0, "percent_statements_covered": 0.0, "percent_statements_covered_display": "0"}, "missing_lines": [349, 350, 352, 362, 363], "excluded_lines": [], "start_line": 348}, "": {"executed_lines": [19, 21, 22, 23, 24, 26, 28, 29, 31, 33, 40, 43, 53, 104, 130, 153, 274], "summary": {"covered_lines": 17, "num_statements": 17, "percent_covered": 100.0, "percent_covered_display": "100", "missing_lines": 0, "excluded_lines": 0, "percent_statements_covered": 100.0, "percent_statements_covered_display": "100"}, "missing_lines": [], "excluded_lines": [], "start_line": 1}}, "classes": {"": {"executed_lines": [19, 21, 22, 23, 24, 26, 28, 29, 31, 33, 40, 43, 44, 48, 49, 50, 53, 73, 74, 75, 80, 81, 83, 84, 85, 87, 91, 92, 93, 94, 95, 96, 97, 98, 104, 130, 153, 274], "summary": {"covered_lines": 38, "num_statements": 128, "percent_covered": 29.6875, "percent_covered_display": "30", "missing_lines": 90, "excluded_lines": 0, "percent_statements_covered": 29.6875, "percent_statements_covered_display": "30"}, "missing_lines": [82, 86, 99, 100, 101, 111, 116, 120, 121, 122, 126, 127, 140, 145, 149, 150, 173, 174, 179, 180, 181, 190, 195, 196, 197, 200, 202, 203, 213, 214, 221, 224, 225, 228, 229, 237, 238, 239, 242, 243, 253, 254, 258, 259, 264, 266, 269, 270, 292, 293, 294, 295, 297, 298, 299, 308, 313, 314, 315, 316, 317, 318, 322, 328, 329, 331, 332, 333, 335, 338, 339, 345, 348, 349, 350, 352, 362, 363, 366, 371, 379, 380, 382, 387, 397, 398, 400, 405, 407, 408], "excluded_lines": [], "start_line": 1}}}, "services/loop_engine.py": {"executed_lines": [35, 37, 38, 39, 40, 41, 42, 43, 44, 45, 46, 55, 63, 65, 80, 93, 100, 107, 114, 120, 131, 139, 145, 149, 151, 157, 160, 161, 162, 163, 164, 165, 166, 167, 168, 169, 170, 171, 172, 176, 181, 246, 324, 328, 331, 332, 333, 334, 335, 339, 340, 348, 349, 350, 351, 354, 364, 367, 371, 372, 373, 376, 386, 390, 399, 402, 406, 408, 414, 415, 419, 440, 441, 444, 454, 502, 513, 514, 515, 516, 517, 548, 549, 602, 603, 610, 611, 612, 621, 624, 626, 627, 628, 637, 638, 639, 640, 649, 650, 654, 664, 665, 666, 669, 670, 698, 699, 701, 702, 707, 722, 724, 742, 743, 773, 776, 777, 778, 779, 780, 781, 782, 783, 804, 808, 814, 841, 842, 846, 854, 857, 858, 860, 861, 862, 863, 864, 866, 910, 911, 912, 919, 920, 925, 926, 927, 932, 933, 936, 937, 939, 940, 941, 944, 945, 950, 951, 952, 957, 968, 972, 979, 990, 991, 992, 993, 999, 1000, 1001, 1002, 1003, 1004, 1005, 1006, 1017, 1020, 1030, 1032, 1035, 1036, 1037, 1038, 1039, 1040, 1046, 1054, 1066, 1067, 1068, 1069, 1070, 1095, 1103, 1111, 1112, 1113, 1121, 1134, 1142, 1143, 1145, 1158, 1159, 1160, 1161, 1162, 1163, 1164, 1165, 1166, 1167, 1175, 1176, 1199, 1200, 1201, 1218, 1228, 1246, 1247, 1248, 1249, 1250, 1277, 1278, 1281, 1282, 1285, 1286, 1287, 1288, 1291, 1293, 1294, 1301, 1311, 1316, 1317, 1320, 1332, 1335, 1343, 1347, 1348, 1360, 1368, 1373, 1383, 1384, 1387, 1392, 1410, 1411, 1424, 1425, 1469, 1503, 1515, 1585, 1593, 1594, 1597, 1602, 1650, 1651, 1652, 1659, 1667, 1674, 1701, 1712, 1713, 1714, 1715, 1724, 1774, 1775, 1776, 1777, 1786, 1793, 1794, 1795, 1799, 1820, 1821, 1822, 1823, 1826, 1827, 1828, 1835, 1836, 1837, 1838, 1839, 1840, 1846, 1847, 1848, 1849, 1850, 1864, 1892, 1893, 1894, 1898, 1899, 1901, 1905, 1907, 1912, 1919, 1926, 1928, 1929, 1931, 1940, 1941, 1942, 1950, 1982, 1983, 1984, 1990, 1997, 1999, 2000, 2001, 2003, 2006, 2009, 2029, 2032, 2044, 2055, 2056, 2058, 2059, 2061, 2062, 2064, 2071, 2072, 2087, 2126, 2133, 2134, 2139, 2148, 2149, 2156, 2157, 2158, 2163, 2173, 2174, 2175, 2186, 2187, 2188, 2191, 2192, 2193, 2194, 2199, 2200, 2214, 2215, 2216, 2217, 2218, 2219, 2227, 2232, 2248, 2251, 2252, 2253, 2254, 2255, 2256, 2257, 2276, 2283, 2284, 2285, 2286, 2291, 2296, 2303, 2304, 2305, 2312, 2314, 2315, 2317, 2319, 2340, 2364, 2378, 2379, 2450, 2458, 2462, 2464, 2465, 2466, 2471, 2585, 2730, 3189, 3222, 3573, 3592, 3601, 3603, 3607, 3608, 3609, 3613, 3614, 3618, 3619, 3620, 3626, 3630, 3644, 3646, 3650, 3651, 3652, 3653, 3655, 3656, 3659, 3664, 3665, 3707, 3708, 3709, 3710, 3716, 3717, 3718, 3721, 3722, 3725, 3726, 3729, 3730, 3733, 3734, 3735, 3740, 3741, 3744, 3745, 3746, 3750, 3753, 3771, 3772, 3773, 3774, 3787, 3788, 3800, 3801, 3812, 3815, 3846, 3854, 3855, 3863, 3864, 3868, 3874, 3875, 3876, 3877, 3879, 3895, 3896, 3904, 3905, 3906, 3908, 3916, 3918, 3919, 3920, 3923, 3925, 3929, 3930, 3933, 3934, 3937, 3950, 3957, 3958, 3960, 3962, 3963, 3964, 3965, 3971, 3976, 4156, 4159, 4163, 4167, 4186, 4196, 4197, 4220, 4222, 4223, 4225, 4230, 4234, 4235, 4240, 4290, 4291, 4296], "summary": {"covered_lines": 527, "num_statements": 1334, "percent_covered": 39.50524737631184, "percent_covered_display": "40", "missing_lines": 807, "excluded_lines": 0, "percent_statements_covered": 39.50524737631184, "percent_statements_covered_display": "40"}, "missing_lines": [202, 203, 204, 212, 213, 214, 227, 234, 238, 239, 240, 241, 267, 268, 269, 270, 277, 278, 279, 280, 281, 282, 283, 284, 285, 296, 297, 298, 299, 300, 301, 307, 308, 309, 310, 314, 315, 319, 423, 424, 425, 431, 434, 435, 436, 437, 455, 456, 462, 466, 467, 470, 471, 474, 475, 476, 477, 480, 481, 487, 488, 489, 495, 496, 499, 518, 530, 531, 550, 553, 554, 555, 556, 557, 558, 559, 560, 561, 563, 564, 565, 566, 567, 568, 569, 570, 576, 577, 588, 589, 594, 597, 634, 635, 651, 655, 656, 657, 659, 667, 668, 671, 672, 673, 674, 675, 676, 680, 681, 682, 690, 708, 709, 714, 715, 720, 721, 747, 748, 753, 754, 758, 759, 760, 766, 770, 771, 784, 785, 786, 791, 792, 793, 800, 801, 802, 867, 868, 869, 870, 877, 878, 879, 883, 891, 904, 905, 935, 953, 954, 955, 956, 981, 983, 994, 996, 1044, 1045, 1075, 1079, 1085, 1086, 1087, 1088, 1089, 1090, 1091, 1093, 1094, 1096, 1098, 1101, 1122, 1123, 1124, 1130, 1131, 1190, 1191, 1219, 1223, 1229, 1233, 1234, 1252, 1253, 1254, 1258, 1262, 1263, 1264, 1265, 1271, 1358, 1359, 1374, 1375, 1379, 1393, 1394, 1426, 1432, 1433, 1444, 1445, 1446, 1461, 1468, 1544, 1545, 1552, 1561, 1566, 1567, 1568, 1571, 1579, 1584, 1600, 1601, 1603, 1612, 1613, 1624, 1625, 1626, 1639, 1668, 1675, 1676, 1681, 1688, 1690, 1697, 1698, 1704, 1710, 1719, 1720, 1721, 1722, 1735, 1736, 1737, 1738, 1743, 1748, 1752, 1753, 1763, 1764, 1768, 1770, 1853, 1854, 1858, 1859, 1860, 1861, 1862, 1948, 1949, 2002, 2007, 2033, 2039, 2057, 2164, 2165, 2166, 2167, 2171, 2320, 2321, 2322, 2335, 2342, 2355, 2380, 2389, 2393, 2394, 2398, 2404, 2405, 2410, 2411, 2412, 2413, 2414, 2415, 2416, 2419, 2420, 2424, 2427, 2428, 2432, 2448, 2473, 2477, 2479, 2480, 2484, 2485, 2491, 2494, 2504, 2505, 2519, 2525, 2526, 2527, 2528, 2529, 2536, 2539, 2541, 2544, 2545, 2546, 2549, 2550, 2554, 2555, 2556, 2557, 2568, 2571, 2608, 2609, 2613, 2614, 2615, 2616, 2621, 2622, 2626, 2627, 2628, 2629, 2630, 2639, 2640, 2642, 2644, 2647, 2650, 2651, 2659, 2660, 2661, 2663, 2664, 2665, 2666, 2667, 2668, 2669, 2670, 2671, 2672, 2676, 2677, 2678, 2681, 2682, 2684, 2685, 2686, 2691, 2703, 2704, 2705, 2706, 2713, 2714, 2715, 2716, 2720, 2721, 2722, 2723, 2727, 2748, 2749, 2750, 2754, 2755, 2759, 2760, 2761, 2766, 2774, 2775, 2776, 2777, 2778, 2779, 2792, 2793, 2797, 2798, 2799, 2801, 2802, 2803, 2804, 2809, 2813, 2819, 2820, 2821, 2822, 2823, 2824, 2826, 2827, 2828, 2829, 2833, 2836, 2837, 2838, 2839, 2840, 2841, 2842, 2843, 2844, 2846, 2859, 2860, 2861, 2862, 2863, 2864, 2871, 2872, 2873, 2874, 2875, 2880, 2884, 2885, 2886, 2887, 2898, 2899, 2900, 2901, 2902, 2911, 2916, 2917, 2918, 2919, 2923, 2924, 2925, 2940, 2941, 2944, 2948, 2951, 2964, 2966, 2967, 2968, 2969, 2970, 2972, 2974, 2975, 2976, 2987, 2988, 2993, 2994, 2995, 2998, 2999, 3001, 3005, 3006, 3007, 3008, 3020, 3021, 3024, 3025, 3027, 3029, 3030, 3035, 3036, 3037, 3043, 3044, 3045, 3046, 3062, 3064, 3068, 3069, 3070, 3075, 3076, 3077, 3086, 3087, 3088, 3089, 3109, 3126, 3127, 3128, 3129, 3135, 3136, 3140, 3145, 3146, 3148, 3158, 3159, 3161, 3162, 3163, 3164, 3165, 3169, 3195, 3196, 3197, 3198, 3199, 3200, 3201, 3202, 3203, 3204, 3205, 3206, 3207, 3211, 3212, 3213, 3226, 3227, 3230, 3231, 3232, 3233, 3234, 3236, 3237, 3238, 3240, 3241, 3242, 3246, 3247, 3248, 3253, 3260, 3268, 3269, 3271, 3272, 3275, 3276, 3277, 3278, 3279, 3282, 3283, 3284, 3285, 3286, 3287, 3288, 3289, 3295, 3296, 3300, 3301, 3302, 3304, 3305, 3306, 3307, 3310, 3312, 3318, 3323, 3324, 3325, 3333, 3334, 3335, 3342, 3346, 3348, 3349, 3351, 3352, 3353, 3360, 3361, 3368, 3371, 3375, 3384, 3385, 3386, 3387, 3388, 3389, 3390, 3392, 3393, 3394, 3400, 3401, 3402, 3412, 3413, 3415, 3416, 3417, 3423, 3424, 3426, 3439, 3440, 3441, 3442, 3450, 3451, 3454, 3455, 3466, 3467, 3476, 3477, 3479, 3480, 3481, 3482, 3487, 3488, 3495, 3496, 3509, 3510, 3513, 3522, 3531, 3532, 3538, 3539, 3540, 3544, 3545, 3553, 3559, 3575, 3576, 3577, 3578, 3585, 3602, 3624, 3625, 3666, 3667, 3668, 3669, 3670, 3671, 3672, 3673, 3674, 3675, 3676, 3677, 3678, 3680, 3682, 3683, 3703, 3704, 3719, 3720, 3739, 3751, 3752, 3766, 3767, 3780, 3781, 3878, 3881, 3885, 3888, 3893, 3910, 3911, 3912, 3913, 3914, 3940, 3941, 3995, 3996, 3998, 3999, 4015, 4016, 4017, 4018, 4019, 4021, 4022, 4023, 4024, 4025, 4029, 4032, 4033, 4039, 4042, 4043, 4044, 4045, 4049, 4050, 4057, 4060, 4061, 4062, 4063, 4064, 4065, 4068, 4069, 4076, 4077, 4081, 4082, 4084, 4099, 4100, 4106, 4107, 4112, 4116, 4118, 4119, 4120, 4121, 4122, 4123, 4124, 4125, 4126, 4127, 4134, 4137, 4139, 4140, 4141, 4150, 4160, 4164, 4168, 4205, 4206, 4207, 4208, 4209, 4210, 4211, 4216, 4217, 4218, 4219, 4221, 4224, 4247, 4248, 4249, 4250, 4256, 4257, 4263, 4273, 4274, 4275, 4276, 4277, 4278, 4279, 4280, 4281, 4286], "excluded_lines": [], "functions": {"resume_stale": {"executed_lines": [], "summary": {"covered_lines": 0, "num_statements": 12, "percent_covered": 0.0, "percent_covered_display": "0", "missing_lines": 12, "excluded_lines": 0, "percent_statements_covered": 0.0, "percent_statements_covered_display": "0"}, "missing_lines": [202, 203, 204, 212, 213, 214, 227, 234, 238, 239, 240, 241], "excluded_lines": [], "start_line": 181}, "sweep_expired_awaiting_confirmations": {"executed_lines": [], "summary": {"covered_lines": 0, "num_statements": 26, "percent_covered": 0.0, "percent_covered_display": "0", "missing_lines": 26, "excluded_lines": 0, "percent_statements_covered": 0.0, "percent_statements_covered_display": "0"}, "missing_lines": [267, 268, 269, 270, 277, 278, 279, 280, 281, 282, 283, 284, 285, 296, 297, 298, 299, 300, 301, 307, 308, 309, 310, 314, 315, 319], "excluded_lines": [], "start_line": 246}, "LoopEngine.__init__": {"executed_lines": [331, 332, 333, 334, 335, 339, 340, 348, 349, 350, 351, 354, 364, 367, 371, 372, 373, 376, 386, 390, 399], "summary": {"covered_lines": 21, "num_statements": 21, "percent_covered": 100.0, "percent_covered_display": "100", "missing_lines": 0, "excluded_lines": 0, "percent_statements_covered": 100.0, "percent_statements_covered_display": "100"}, "missing_lines": [], "excluded_lines": [], "start_line": 328}, "LoopEngine.start": {"executed_lines": [406, 408, 414, 415, 419, 440, 441], "summary": {"covered_lines": 7, "num_statements": 15, "percent_covered": 46.666666666666664, "percent_covered_display": "47", "missing_lines": 8, "excluded_lines": 0, "percent_statements_covered": 46.666666666666664, "percent_statements_covered_display": "47"}, "missing_lines": [423, 424, 425, 431, 434, 435, 436, 437], "excluded_lines": [], "start_line": 402}, "LoopEngine._do_plan": {"executed_lines": [454, 502, 513, 514, 515, 516, 517, 548, 549, 602, 603, 610, 611, 612, 621, 624, 626, 627, 628, 637, 638, 639, 640], "summary": {"covered_lines": 23, "num_statements": 71, "percent_covered": 32.394366197183096, "percent_covered_display": "32", "missing_lines": 48, "excluded_lines": 0, "percent_statements_covered": 32.394366197183096, "percent_statements_covered_display": "32"}, "missing_lines": [455, 456, 462, 466, 467, 470, 471, 474, 475, 476, 477, 480, 481, 487, 488, 489, 495, 496, 499, 518, 530, 531, 550, 553, 554, 555, 556, 557, 558, 559, 560, 561, 563, 564, 565, 566, 567, 568, 569, 570, 576, 577, 588, 589, 594, 597, 634, 635], "excluded_lines": [], "start_line": 444}, "LoopEngine.confirm": {"executed_lines": [650, 654, 664, 665, 666, 669, 670, 698, 699, 701, 722], "summary": {"covered_lines": 11, "num_statements": 28, "percent_covered": 39.285714285714285, "percent_covered_display": "39", "missing_lines": 17, "excluded_lines": 0, "percent_statements_covered": 39.285714285714285, "percent_statements_covered_display": "39"}, "missing_lines": [651, 655, 656, 657, 659, 667, 668, 671, 672, 673, 674, 675, 676, 680, 681, 682, 690], "excluded_lines": [], "start_line": 649}, "LoopEngine.confirm._on_pipeline_done": {"executed_lines": [702, 707], "summary": {"covered_lines": 2, "num_statements": 8, "percent_covered": 25.0, "percent_covered_display": "25", "missing_lines": 6, "excluded_lines": 0, "percent_statements_covered": 25.0, "percent_statements_covered_display": "25"}, "missing_lines": [708, 709, 714, 715, 720, 721], "excluded_lines": [], "start_line": 701}, "LoopEngine._run_pipeline": {"executed_lines": [742, 743], "summary": {"covered_lines": 2, "num_statements": 12, "percent_covered": 16.666666666666668, "percent_covered_display": "17", "missing_lines": 10, "excluded_lines": 0, "percent_statements_covered": 16.666666666666668, "percent_statements_covered_display": "17"}, "missing_lines": [747, 748, 753, 754, 758, 759, 760, 766, 770, 771], "excluded_lines": [], "start_line": 724}, "LoopEngine._run_pipeline_inner": {"executed_lines": [776, 777, 778, 779, 780, 781, 782, 783], "summary": {"covered_lines": 8, "num_statements": 17, "percent_covered": 47.05882352941177, "percent_covered_display": "47", "missing_lines": 9, "excluded_lines": 0, "percent_statements_covered": 47.05882352941177, "percent_statements_covered_display": "47"}, "missing_lines": [784, 785, 786, 791, 792, 793, 800, 801, 802], "excluded_lines": [], "start_line": 773}, "LoopEngine._should_stop": {"executed_lines": [808], "summary": {"covered_lines": 1, "num_statements": 1, "percent_covered": 100.0, "percent_covered_display": "100", "missing_lines": 0, "excluded_lines": 0, "percent_statements_covered": 100.0, "percent_statements_covered_display": "100"}, "missing_lines": [], "excluded_lines": [], "start_line": 804}, "LoopEngine._with_budget": {"executed_lines": [841, 842, 846, 854, 857, 858, 860, 910, 911, 912, 919, 920, 925, 926, 927, 932, 933, 936, 937, 939, 940, 941, 944, 945, 950, 951, 952, 957, 968, 972, 979, 990, 991, 992, 993], "summary": {"covered_lines": 35, "num_statements": 44, "percent_covered": 79.54545454545455, "percent_covered_display": "80", "missing_lines": 9, "excluded_lines": 0, "percent_statements_covered": 79.54545454545455, "percent_statements_covered_display": "80"}, "missing_lines": [935, 953, 954, 955, 956, 981, 983, 994, 996], "excluded_lines": [], "start_line": 814}, "LoopEngine._with_budget._heartbeat_loop": {"executed_lines": [861, 862, 863, 864, 866], "summary": {"covered_lines": 5, "num_statements": 16, "percent_covered": 31.25, "percent_covered_display": "31", "missing_lines": 11, "excluded_lines": 0, "percent_statements_covered": 31.25, "percent_statements_covered_display": "31"}, "missing_lines": [867, 868, 869, 870, 877, 878, 879, 883, 891, 904, 905], "excluded_lines": [], "start_line": 860}, "LoopEngine._do_execute": {"executed_lines": [1000, 1001, 1002, 1003, 1004, 1005, 1006, 1017, 1020, 1030, 1032, 1035, 1036, 1037, 1038, 1039, 1040, 1046, 1054, 1066, 1067, 1068, 1069, 1070, 1095, 1103, 1111, 1112, 1113, 1121, 1134, 1142, 1143, 1145, 1158, 1159, 1160, 1161, 1162, 1163, 1164, 1165, 1166, 1167, 1175, 1176, 1199, 1200, 1201, 1218, 1228, 1246, 1247, 1248, 1249, 1250, 1277, 1278, 1281, 1282, 1285, 1286, 1287, 1288, 1291, 1293, 1294, 1301, 1311, 1316, 1317, 1320, 1332, 1335, 1343, 1347, 1348, 1360, 1368, 1373, 1383, 1384, 1387, 1392, 1410, 1411, 1424, 1425, 1469, 1503, 1515, 1585, 1593, 1594, 1597, 1602, 1650, 1651, 1652, 1659, 1667, 1674, 1701, 1712, 1713, 1714, 1715, 1724, 1774, 1775, 1776, 1777, 1786, 1793, 1794, 1795], "summary": {"covered_lines": 116, "num_statements": 213, "percent_covered": 54.460093896713616, "percent_covered_display": "54", "missing_lines": 97, "excluded_lines": 0, "percent_statements_covered": 54.460093896713616, "percent_statements_covered_display": "54"}, "missing_lines": [1044, 1045, 1075, 1079, 1085, 1086, 1087, 1088, 1089, 1090, 1091, 1093, 1094, 1096, 1098, 1101, 1122, 1123, 1124, 1130, 1131, 1190, 1191, 1219, 1223, 1229, 1233, 1234, 1252, 1253, 1254, 1258, 1262, 1263, 1264, 1265, 1271, 1358, 1359, 1374, 1375, 1379, 1393, 1394, 1426, 1432, 1433, 1444, 1445, 1446, 1461, 1468, 1544, 1545, 1552, 1561, 1566, 1567, 1568, 1571, 1579, 1584, 1600, 1601, 1603, 1612, 1613, 1624, 1625, 1626, 1639, 1668, 1675, 1676, 1681, 1688, 1690, 1697, 1698, 1704, 1710, 1719, 1720, 1721, 1722, 1735, 1736, 1737, 1738, 1743, 1748, 1752, 1753, 1763, 1764, 1768, 1770], "excluded_lines": [], "start_line": 999}, "LoopEngine._apply_integrity_guard_to_report": {"executed_lines": [1820, 1821, 1822, 1823, 1826, 1827, 1828, 1835, 1836, 1837, 1838, 1839, 1840, 1846, 1847, 1848, 1849, 1850], "summary": {"covered_lines": 18, "num_statements": 25, "percent_covered": 72.0, "percent_covered_display": "72", "missing_lines": 7, "excluded_lines": 0, "percent_statements_covered": 72.0, "percent_statements_covered_display": "72"}, "missing_lines": [1853, 1854, 1858, 1859, 1860, 1861, 1862], "excluded_lines": [], "start_line": 1799}, "LoopEngine._do_verify": {"executed_lines": [1892, 1893, 1894, 1898, 1899, 1901, 1905, 1907, 1912, 1919, 1926, 1928, 1929, 1931, 1940, 1941, 1942, 1950, 1982, 1983, 1984, 1990, 1997, 1999, 2000, 2001, 2003, 2006, 2009, 2029, 2032, 2044, 2055, 2056, 2058, 2059, 2061, 2062, 2064, 2071, 2072, 2087, 2126, 2133, 2134, 2139, 2148, 2149, 2156, 2157, 2158, 2163, 2173, 2174, 2175, 2186, 2187, 2188, 2191, 2192, 2193, 2194, 2199, 2200, 2214, 2215, 2216, 2217, 2218, 2219, 2227, 2232, 2248, 2251, 2252, 2253, 2254, 2255, 2256, 2257, 2276], "summary": {"covered_lines": 81, "num_statements": 93, "percent_covered": 87.09677419354838, "percent_covered_display": "87", "missing_lines": 12, "excluded_lines": 0, "percent_statements_covered": 87.09677419354838, "percent_statements_covered_display": "87"}, "missing_lines": [1948, 1949, 2002, 2007, 2033, 2039, 2057, 2164, 2165, 2166, 2167, 2171], "excluded_lines": [], "start_line": 1864}, "LoopEngine._do_scan": {"executed_lines": [2284, 2285, 2286, 2291, 2296, 2303, 2304, 2305, 2312, 2314, 2315, 2317, 2319, 2340, 2364, 2378, 2379], "summary": {"covered_lines": 17, "num_statements": 44, "percent_covered": 38.63636363636363, "percent_covered_display": "39", "missing_lines": 27, "excluded_lines": 0, "percent_statements_covered": 38.63636363636363, "percent_statements_covered_display": "39"}, "missing_lines": [2320, 2321, 2322, 2335, 2342, 2355, 2380, 2389, 2393, 2394, 2398, 2404, 2405, 2410, 2411, 2412, 2413, 2414, 2415, 2416, 2419, 2420, 2424, 2427, 2428, 2432, 2448], "excluded_lines": [], "start_line": 2283}, "LoopEngine._run_full_scan_pass": {"executed_lines": [2458, 2462, 2464, 2465, 2466, 2471], "summary": {"covered_lines": 6, "num_statements": 36, "percent_covered": 16.666666666666668, "percent_covered_display": "17", "missing_lines": 30, "excluded_lines": 0, "percent_statements_covered": 16.666666666666668, "percent_statements_covered_display": "17"}, "missing_lines": [2473, 2477, 2479, 2480, 2484, 2485, 2491, 2494, 2504, 2505, 2519, 2525, 2526, 2527, 2528, 2529, 2536, 2539, 2541, 2544, 2545, 2546, 2549, 2550, 2554, 2555, 2556, 2557, 2568, 2571], "excluded_lines": [], "start_line": 2450}, "LoopEngine._heal_full_scan_findings": {"executed_lines": [], "summary": {"covered_lines": 0, "num_statements": 48, "percent_covered": 0.0, "percent_covered_display": "0", "missing_lines": 48, "excluded_lines": 0, "percent_statements_covered": 0.0, "percent_statements_covered_display": "0"}, "missing_lines": [2608, 2609, 2613, 2614, 2615, 2616, 2621, 2622, 2626, 2642, 2647, 2650, 2651, 2659, 2660, 2661, 2663, 2664, 2665, 2666, 2667, 2668, 2669, 2670, 2671, 2672, 2676, 2677, 2678, 2681, 2682, 2684, 2685, 2686, 2691, 2703, 2704, 2705, 2706, 2713, 2714, 2715, 2716, 2720, 2721, 2722, 2723, 2727], "excluded_lines": [], "start_line": 2585}, "LoopEngine._heal_full_scan_findings._log_fps": {"executed_lines": [], "summary": {"covered_lines": 0, "num_statements": 6, "percent_covered": 0.0, "percent_covered_display": "0", "missing_lines": 6, "excluded_lines": 0, "percent_statements_covered": 0.0, "percent_statements_covered_display": "0"}, "missing_lines": [2627, 2628, 2629, 2630, 2639, 2640], "excluded_lines": [], "start_line": 2626}, "LoopEngine._heal_full_scan_findings._log_fps_sync": {"executed_lines": [], "summary": {"covered_lines": 0, "num_statements": 1, "percent_covered": 0.0, "percent_covered_display": "0", "missing_lines": 1, "excluded_lines": 0, "percent_statements_covered": 0.0, "percent_statements_covered_display": "0"}, "missing_lines": [2644], "excluded_lines": [], "start_line": 2642}, "LoopEngine._do_ship": {"executed_lines": [], "summary": {"covered_lines": 0, "num_statements": 148, "percent_covered": 0.0, "percent_covered_display": "0", "missing_lines": 148, "excluded_lines": 0, "percent_statements_covered": 0.0, "percent_statements_covered_display": "0"}, "missing_lines": [2748, 2749, 2750, 2754, 2755, 2759, 2760, 2761, 2766, 2774, 2775, 2776, 2777, 2778, 2779, 2792, 2793, 2797, 2798, 2799, 2801, 2802, 2803, 2804, 2809, 2813, 2819, 2820, 2821, 2822, 2823, 2824, 2826, 2827, 2828, 2829, 2833, 2836, 2837, 2838, 2839, 2840, 2841, 2842, 2843, 2844, 2846, 2859, 2860, 2861, 2862, 2863, 2864, 2871, 2872, 2873, 2874, 2875, 2880, 2884, 2885, 2886, 2887, 2898, 2899, 2900, 2901, 2902, 2911, 2916, 2917, 2918, 2919, 2923, 2924, 2925, 2940, 2941, 2944, 2948, 2951, 2964, 2966, 2967, 2968, 2969, 2970, 2972, 2974, 2975, 2976, 2987, 2988, 2993, 2994, 2995, 2998, 2999, 3001, 3005, 3006, 3007, 3008, 3020, 3021, 3024, 3025, 3027, 3029, 3030, 3035, 3036, 3037, 3043, 3044, 3045, 3046, 3062, 3064, 3068, 3069, 3070, 3075, 3076, 3077, 3086, 3087, 3088, 3089, 3109, 3126, 3127, 3128, 3129, 3135, 3136, 3140, 3145, 3146, 3148, 3158, 3159, 3161, 3162, 3163, 3164, 3165, 3169], "excluded_lines": [], "start_line": 2730}, "LoopEngine.skip_at_ship": {"executed_lines": [], "summary": {"covered_lines": 0, "num_statements": 16, "percent_covered": 0.0, "percent_covered_display": "0", "missing_lines": 16, "excluded_lines": 0, "percent_statements_covered": 0.0, "percent_statements_covered_display": "0"}, "missing_lines": [3195, 3196, 3197, 3198, 3199, 3200, 3201, 3202, 3203, 3204, 3205, 3206, 3207, 3211, 3212, 3213], "excluded_lines": [], "start_line": 3189}, "LoopEngine.confirm_ship": {"executed_lines": [], "summary": {"covered_lines": 0, "num_statements": 119, "percent_covered": 0.0, "percent_covered_display": "0", "missing_lines": 119, "excluded_lines": 0, "percent_statements_covered": 0.0, "percent_statements_covered_display": "0"}, "missing_lines": [3226, 3227, 3230, 3231, 3232, 3233, 3234, 3236, 3237, 3238, 3240, 3241, 3242, 3246, 3247, 3248, 3253, 3260, 3268, 3269, 3271, 3272, 3275, 3276, 3277, 3278, 3279, 3282, 3283, 3284, 3285, 3286, 3287, 3288, 3289, 3295, 3296, 3300, 3301, 3302, 3304, 3305, 3306, 3307, 3310, 3312, 3318, 3323, 3324, 3325, 3333, 3334, 3335, 3342, 3346, 3348, 3349, 3351, 3352, 3353, 3360, 3361, 3368, 3371, 3375, 3384, 3385, 3386, 3387, 3388, 3389, 3390, 3392, 3393, 3394, 3400, 3401, 3402, 3412, 3413, 3415, 3416, 3417, 3423, 3424, 3426, 3439, 3440, 3441, 3442, 3450, 3451, 3454, 3455, 3466, 3467, 3476, 3477, 3479, 3480, 3481, 3482, 3487, 3488, 3495, 3496, 3509, 3510, 3513, 3522, 3531, 3532, 3538, 3539, 3540, 3544, 3545, 3553, 3559], "excluded_lines": [], "start_line": 3222}, "LoopEngine._fail_ship": {"executed_lines": [], "summary": {"covered_lines": 0, "num_statements": 5, "percent_covered": 0.0, "percent_covered_display": "0", "missing_lines": 5, "excluded_lines": 0, "percent_statements_covered": 0.0, "percent_statements_covered_display": "0"}, "missing_lines": [3575, 3576, 3577, 3578, 3585], "excluded_lines": [], "start_line": 3573}, "LoopEngine.cancel": {"executed_lines": [3601, 3603, 3607, 3608, 3609, 3613, 3614, 3618, 3619, 3620, 3626], "summary": {"covered_lines": 11, "num_statements": 14, "percent_covered": 78.57142857142857, "percent_covered_display": "79", "missing_lines": 3, "excluded_lines": 0, "percent_statements_covered": 78.57142857142857, "percent_statements_covered_display": "79"}, "missing_lines": [3602, 3624, 3625], "excluded_lines": [], "start_line": 3592}, "LoopEngine.submit_files": {"executed_lines": [3644, 3646, 3650, 3651, 3652, 3653, 3655, 3656], "summary": {"covered_lines": 8, "num_statements": 8, "percent_covered": 100.0, "percent_covered_display": "100", "missing_lines": 0, "excluded_lines": 0, "percent_statements_covered": 100.0, "percent_statements_covered_display": "100"}, "missing_lines": [], "excluded_lines": [], "start_line": 3630}, "LoopEngine._persist_chat_turns": {"executed_lines": [3664, 3665], "summary": {"covered_lines": 2, "num_statements": 20, "percent_covered": 10.0, "percent_covered_display": "10", "missing_lines": 18, "excluded_lines": 0, "percent_statements_covered": 10.0, "percent_statements_covered_display": "10"}, "missing_lines": [3666, 3667, 3668, 3669, 3670, 3671, 3672, 3673, 3674, 3675, 3676, 3677, 3678, 3680, 3682, 3683, 3703, 3704], "excluded_lines": [], "start_line": 3659}, "LoopEngine._emit": {"executed_lines": [3708, 3709, 3710, 3716, 3717, 3718, 3721, 3722, 3725, 3726, 3729, 3730, 3733, 3734, 3735, 3740, 3741, 3744, 3745, 3746, 3750, 3753, 3771, 3772, 3773, 3774, 3787, 3788, 3800, 3801, 3812, 3815], "summary": {"covered_lines": 32, "num_statements": 41, "percent_covered": 78.04878048780488, "percent_covered_display": "78", "missing_lines": 9, "excluded_lines": 0, "percent_statements_covered": 78.04878048780488, "percent_statements_covered_display": "78"}, "missing_lines": [3719, 3720, 3739, 3751, 3752, 3766, 3767, 3780, 3781], "excluded_lines": [], "start_line": 3707}, "LoopEngine._narrate": {"executed_lines": [3854, 3855, 3863, 3864, 3868, 3874, 3875, 3876, 3877, 3879], "summary": {"covered_lines": 10, "num_statements": 15, "percent_covered": 66.66666666666667, "percent_covered_display": "67", "missing_lines": 5, "excluded_lines": 0, "percent_statements_covered": 66.66666666666667, "percent_statements_covered_display": "67"}, "missing_lines": [3878, 3881, 3885, 3888, 3893], "excluded_lines": [], "start_line": 3846}, "LoopEngine._doc": {"executed_lines": [3896, 3904, 3905, 3906], "summary": {"covered_lines": 4, "num_statements": 4, "percent_covered": 100.0, "percent_covered_display": "100", "missing_lines": 0, "excluded_lines": 0, "percent_statements_covered": 100.0, "percent_statements_covered_display": "100"}, "missing_lines": [], "excluded_lines": [], "start_line": 3895}, "LoopEngine._record_timeout_stat": {"executed_lines": [], "summary": {"covered_lines": 0, "num_statements": 5, "percent_covered": 0.0, "percent_covered_display": "0", "missing_lines": 5, "excluded_lines": 0, "percent_statements_covered": 0.0, "percent_statements_covered_display": "0"}, "missing_lines": [3910, 3911, 3912, 3913, 3914], "excluded_lines": [], "start_line": 3908}, "LoopEngine._fail": {"executed_lines": [3918, 3919, 3920, 3923, 3925, 3929, 3930, 3933, 3934, 3937, 3950, 3957, 3958, 3960, 3962, 3963, 3964, 3965], "summary": {"covered_lines": 18, "num_statements": 20, "percent_covered": 90.0, "percent_covered_display": "90", "missing_lines": 2, "excluded_lines": 0, "percent_statements_covered": 90.0, "percent_statements_covered_display": "90"}, "missing_lines": [3940, 3941], "excluded_lines": [], "start_line": 3916}, "_generate_plan": {"executed_lines": [], "summary": {"covered_lines": 0, "num_statements": 60, "percent_covered": 0.0, "percent_covered_display": "0", "missing_lines": 60, "excluded_lines": 0, "percent_statements_covered": 0.0, "percent_statements_covered_display": "0"}, "missing_lines": [3995, 3996, 3998, 3999, 4015, 4016, 4017, 4018, 4019, 4021, 4022, 4023, 4024, 4025, 4029, 4032, 4033, 4039, 4042, 4043, 4044, 4045, 4049, 4050, 4057, 4060, 4061, 4062, 4063, 4064, 4065, 4068, 4069, 4076, 4077, 4081, 4082, 4084, 4099, 4100, 4106, 4107, 4112, 4116, 4118, 4119, 4120, 4121, 4122, 4123, 4124, 4125, 4126, 4127, 4134, 4137, 4139, 4140, 4141, 4150], "excluded_lines": [], "start_line": 3976}, "register": {"executed_lines": [], "summary": {"covered_lines": 0, "num_statements": 1, "percent_covered": 0.0, "percent_covered_display": "0", "missing_lines": 1, "excluded_lines": 0, "percent_statements_covered": 0.0, "percent_statements_covered_display": "0"}, "missing_lines": [4160], "excluded_lines": [], "start_line": 4159}, "deregister": {"executed_lines": [], "summary": {"covered_lines": 0, "num_statements": 1, "percent_covered": 0.0, "percent_covered_display": "0", "missing_lines": 1, "excluded_lines": 0, "percent_statements_covered": 0.0, "percent_statements_covered_display": "0"}, "missing_lines": [4164], "excluded_lines": [], "start_line": 4163}, "lookup": {"executed_lines": [], "summary": {"covered_lines": 0, "num_statements": 1, "percent_covered": 0.0, "percent_covered_display": "0", "missing_lines": 1, "excluded_lines": 0, "percent_statements_covered": 0.0, "percent_statements_covered_display": "0"}, "missing_lines": [4168], "excluded_lines": [], "start_line": 4167}, "lookup_or_rehydrate": {"executed_lines": [4196, 4197, 4220, 4222, 4223, 4225, 4230, 4234, 4235, 4240], "summary": {"covered_lines": 10, "num_statements": 40, "percent_covered": 25.0, "percent_covered_display": "25", "missing_lines": 30, "excluded_lines": 0, "percent_statements_covered": 25.0, "percent_statements_covered_display": "25"}, "missing_lines": [4205, 4206, 4207, 4208, 4209, 4210, 4211, 4216, 4217, 4218, 4219, 4221, 4224, 4247, 4248, 4249, 4250, 4256, 4257, 4263, 4273, 4274, 4275, 4276, 4277, 4278, 4279, 4280, 4281, 4286], "excluded_lines": [], "start_line": 4186}, "reset_registry": {"executed_lines": [4291], "summary": {"covered_lines": 1, "num_statements": 1, "percent_covered": 100.0, "percent_covered_display": "100", "missing_lines": 0, "excluded_lines": 0, "percent_statements_covered": 100.0, "percent_statements_covered_display": "100"}, "missing_lines": [], "excluded_lines": [], "start_line": 4290}, "": {"executed_lines": [35, 37, 38, 39, 40, 41, 42, 43, 44, 45, 46, 55, 63, 65, 80, 93, 100, 107, 114, 120, 131, 139, 145, 149, 151, 157, 160, 161, 162, 163, 164, 165, 166, 167, 168, 169, 170, 171, 172, 176, 181, 246, 324, 328, 402, 444, 649, 724, 773, 804, 814, 999, 1799, 1864, 2283, 2450, 2585, 2730, 3189, 3222, 3573, 3592, 3630, 3659, 3707, 3846, 3895, 3908, 3916, 3971, 3976, 4156, 4159, 4163, 4167, 4186, 4290, 4296], "summary": {"covered_lines": 78, "num_statements": 78, "percent_covered": 100.0, "percent_covered_display": "100", "missing_lines": 0, "excluded_lines": 0, "percent_statements_covered": 100.0, "percent_statements_covered_display": "100"}, "missing_lines": [], "excluded_lines": [], "start_line": 1}}, "classes": {"LoopState": {"executed_lines": [], "summary": {"covered_lines": 0, "num_statements": 0, "percent_covered": 100.0, "percent_covered_display": "100", "missing_lines": 0, "excluded_lines": 0, "percent_statements_covered": 100.0, "percent_statements_covered_display": "100"}, "missing_lines": [], "excluded_lines": [], "start_line": 160}, "LoopEngine": {"executed_lines": [331, 332, 333, 334, 335, 339, 340, 348, 349, 350, 351, 354, 364, 367, 371, 372, 373, 376, 386, 390, 399, 406, 408, 414, 415, 419, 440, 441, 454, 502, 513, 514, 515, 516, 517, 548, 549, 602, 603, 610, 611, 612, 621, 624, 626, 627, 628, 637, 638, 639, 640, 650, 654, 664, 665, 666, 669, 670, 698, 699, 701, 702, 707, 722, 742, 743, 776, 777, 778, 779, 780, 781, 782, 783, 808, 841, 842, 846, 854, 857, 858, 860, 861, 862, 863, 864, 866, 910, 911, 912, 919, 920, 925, 926, 927, 932, 933, 936, 937, 939, 940, 941, 944, 945, 950, 951, 952, 957, 968, 972, 979, 990, 991, 992, 993, 1000, 1001, 1002, 1003, 1004, 1005, 1006, 1017, 1020, 1030, 1032, 1035, 1036, 1037, 1038, 1039, 1040, 1046, 1054, 1066, 1067, 1068, 1069, 1070, 1095, 1103, 1111, 1112, 1113, 1121, 1134, 1142, 1143, 1145, 1158, 1159, 1160, 1161, 1162, 1163, 1164, 1165, 1166, 1167, 1175, 1176, 1199, 1200, 1201, 1218, 1228, 1246, 1247, 1248, 1249, 1250, 1277, 1278, 1281, 1282, 1285, 1286, 1287, 1288, 1291, 1293, 1294, 1301, 1311, 1316, 1317, 1320, 1332, 1335, 1343, 1347, 1348, 1360, 1368, 1373, 1383, 1384, 1387, 1392, 1410, 1411, 1424, 1425, 1469, 1503, 1515, 1585, 1593, 1594, 1597, 1602, 1650, 1651, 1652, 1659, 1667, 1674, 1701, 1712, 1713, 1714, 1715, 1724, 1774, 1775, 1776, 1777, 1786, 1793, 1794, 1795, 1820, 1821, 1822, 1823, 1826, 1827, 1828, 1835, 1836, 1837, 1838, 1839, 1840, 1846, 1847, 1848, 1849, 1850, 1892, 1893, 1894, 1898, 1899, 1901, 1905, 1907, 1912, 1919, 1926, 1928, 1929, 1931, 1940, 1941, 1942, 1950, 1982, 1983, 1984, 1990, 1997, 1999, 2000, 2001, 2003, 2006, 2009, 2029, 2032, 2044, 2055, 2056, 2058, 2059, 2061, 2062, 2064, 2071, 2072, 2087, 2126, 2133, 2134, 2139, 2148, 2149, 2156, 2157, 2158, 2163, 2173, 2174, 2175, 2186, 2187, 2188, 2191, 2192, 2193, 2194, 2199, 2200, 2214, 2215, 2216, 2217, 2218, 2219, 2227, 2232, 2248, 2251, 2252, 2253, 2254, 2255, 2256, 2257, 2276, 2284, 2285, 2286, 2291, 2296, 2303, 2304, 2305, 2312, 2314, 2315, 2317, 2319, 2340, 2364, 2378, 2379, 2458, 2462, 2464, 2465, 2466, 2471, 3601, 3603, 3607, 3608, 3609, 3613, 3614, 3618, 3619, 3620, 3626, 3644, 3646, 3650, 3651, 3652, 3653, 3655, 3656, 3664, 3665, 3708, 3709, 3710, 3716, 3717, 3718, 3721, 3722, 3725, 3726, 3729, 3730, 3733, 3734, 3735, 3740, 3741, 3744, 3745, 3746, 3750, 3753, 3771, 3772, 3773, 3774, 3787, 3788, 3800, 3801, 3812, 3815, 3854, 3855, 3863, 3864, 3868, 3874, 3875, 3876, 3877, 3879, 3896, 3904, 3905, 3906, 3918, 3919, 3920, 3923, 3925, 3929, 3930, 3933, 3934, 3937, 3950, 3957, 3958, 3960, 3962, 3963, 3964, 3965], "summary": {"covered_lines": 438, "num_statements": 1114, "percent_covered": 39.31777378815081, "percent_covered_display": "39", "missing_lines": 676, "excluded_lines": 0, "percent_statements_covered": 39.31777378815081, "percent_statements_covered_display": "39"}, "missing_lines": [423, 424, 425, 431, 434, 435, 436, 437, 455, 456, 462, 466, 467, 470, 471, 474, 475, 476, 477, 480, 481, 487, 488, 489, 495, 496, 499, 518, 530, 531, 550, 553, 554, 555, 556, 557, 558, 559, 560, 561, 563, 564, 565, 566, 567, 568, 569, 570, 576, 577, 588, 589, 594, 597, 634, 635, 651, 655, 656, 657, 659, 667, 668, 671, 672, 673, 674, 675, 676, 680, 681, 682, 690, 708, 709, 714, 715, 720, 721, 747, 748, 753, 754, 758, 759, 760, 766, 770, 771, 784, 785, 786, 791, 792, 793, 800, 801, 802, 867, 868, 869, 870, 877, 878, 879, 883, 891, 904, 905, 935, 953, 954, 955, 956, 981, 983, 994, 996, 1044, 1045, 1075, 1079, 1085, 1086, 1087, 1088, 1089, 1090, 1091, 1093, 1094, 1096, 1098, 1101, 1122, 1123, 1124, 1130, 1131, 1190, 1191, 1219, 1223, 1229, 1233, 1234, 1252, 1253, 1254, 1258, 1262, 1263, 1264, 1265, 1271, 1358, 1359, 1374, 1375, 1379, 1393, 1394, 1426, 1432, 1433, 1444, 1445, 1446, 1461, 1468, 1544, 1545, 1552, 1561, 1566, 1567, 1568, 1571, 1579, 1584, 1600, 1601, 1603, 1612, 1613, 1624, 1625, 1626, 1639, 1668, 1675, 1676, 1681, 1688, 1690, 1697, 1698, 1704, 1710, 1719, 1720, 1721, 1722, 1735, 1736, 1737, 1738, 1743, 1748, 1752, 1753, 1763, 1764, 1768, 1770, 1853, 1854, 1858, 1859, 1860, 1861, 1862, 1948, 1949, 2002, 2007, 2033, 2039, 2057, 2164, 2165, 2166, 2167, 2171, 2320, 2321, 2322, 2335, 2342, 2355, 2380, 2389, 2393, 2394, 2398, 2404, 2405, 2410, 2411, 2412, 2413, 2414, 2415, 2416, 2419, 2420, 2424, 2427, 2428, 2432, 2448, 2473, 2477, 2479, 2480, 2484, 2485, 2491, 2494, 2504, 2505, 2519, 2525, 2526, 2527, 2528, 2529, 2536, 2539, 2541, 2544, 2545, 2546, 2549, 2550, 2554, 2555, 2556, 2557, 2568, 2571, 2608, 2609, 2613, 2614, 2615, 2616, 2621, 2622, 2626, 2627, 2628, 2629, 2630, 2639, 2640, 2642, 2644, 2647, 2650, 2651, 2659, 2660, 2661, 2663, 2664, 2665, 2666, 2667, 2668, 2669, 2670, 2671, 2672, 2676, 2677, 2678, 2681, 2682, 2684, 2685, 2686, 2691, 2703, 2704, 2705, 2706, 2713, 2714, 2715, 2716, 2720, 2721, 2722, 2723, 2727, 2748, 2749, 2750, 2754, 2755, 2759, 2760, 2761, 2766, 2774, 2775, 2776, 2777, 2778, 2779, 2792, 2793, 2797, 2798, 2799, 2801, 2802, 2803, 2804, 2809, 2813, 2819, 2820, 2821, 2822, 2823, 2824, 2826, 2827, 2828, 2829, 2833, 2836, 2837, 2838, 2839, 2840, 2841, 2842, 2843, 2844, 2846, 2859, 2860, 2861, 2862, 2863, 2864, 2871, 2872, 2873, 2874, 2875, 2880, 2884, 2885, 2886, 2887, 2898, 2899, 2900, 2901, 2902, 2911, 2916, 2917, 2918, 2919, 2923, 2924, 2925, 2940, 2941, 2944, 2948, 2951, 2964, 2966, 2967, 2968, 2969, 2970, 2972, 2974, 2975, 2976, 2987, 2988, 2993, 2994, 2995, 2998, 2999, 3001, 3005, 3006, 3007, 3008, 3020, 3021, 3024, 3025, 3027, 3029, 3030, 3035, 3036, 3037, 3043, 3044, 3045, 3046, 3062, 3064, 3068, 3069, 3070, 3075, 3076, 3077, 3086, 3087, 3088, 3089, 3109, 3126, 3127, 3128, 3129, 3135, 3136, 3140, 3145, 3146, 3148, 3158, 3159, 3161, 3162, 3163, 3164, 3165, 3169, 3195, 3196, 3197, 3198, 3199, 3200, 3201, 3202, 3203, 3204, 3205, 3206, 3207, 3211, 3212, 3213, 3226, 3227, 3230, 3231, 3232, 3233, 3234, 3236, 3237, 3238, 3240, 3241, 3242, 3246, 3247, 3248, 3253, 3260, 3268, 3269, 3271, 3272, 3275, 3276, 3277, 3278, 3279, 3282, 3283, 3284, 3285, 3286, 3287, 3288, 3289, 3295, 3296, 3300, 3301, 3302, 3304, 3305, 3306, 3307, 3310, 3312, 3318, 3323, 3324, 3325, 3333, 3334, 3335, 3342, 3346, 3348, 3349, 3351, 3352, 3353, 3360, 3361, 3368, 3371, 3375, 3384, 3385, 3386, 3387, 3388, 3389, 3390, 3392, 3393, 3394, 3400, 3401, 3402, 3412, 3413, 3415, 3416, 3417, 3423, 3424, 3426, 3439, 3440, 3441, 3442, 3450, 3451, 3454, 3455, 3466, 3467, 3476, 3477, 3479, 3480, 3481, 3482, 3487, 3488, 3495, 3496, 3509, 3510, 3513, 3522, 3531, 3532, 3538, 3539, 3540, 3544, 3545, 3553, 3559, 3575, 3576, 3577, 3578, 3585, 3602, 3624, 3625, 3666, 3667, 3668, 3669, 3670, 3671, 3672, 3673, 3674, 3675, 3676, 3677, 3678, 3680, 3682, 3683, 3703, 3704, 3719, 3720, 3739, 3751, 3752, 3766, 3767, 3780, 3781, 3878, 3881, 3885, 3888, 3893, 3910, 3911, 3912, 3913, 3914, 3940, 3941], "excluded_lines": [], "start_line": 324}, "": {"executed_lines": [35, 37, 38, 39, 40, 41, 42, 43, 44, 45, 46, 55, 63, 65, 80, 93, 100, 107, 114, 120, 131, 139, 145, 149, 151, 157, 160, 161, 162, 163, 164, 165, 166, 167, 168, 169, 170, 171, 172, 176, 181, 246, 324, 328, 402, 444, 649, 724, 773, 804, 814, 999, 1799, 1864, 2283, 2450, 2585, 2730, 3189, 3222, 3573, 3592, 3630, 3659, 3707, 3846, 3895, 3908, 3916, 3971, 3976, 4156, 4159, 4163, 4167, 4186, 4196, 4197, 4220, 4222, 4223, 4225, 4230, 4234, 4235, 4240, 4290, 4291, 4296], "summary": {"covered_lines": 89, "num_statements": 220, "percent_covered": 40.45454545454545, "percent_covered_display": "40", "missing_lines": 131, "excluded_lines": 0, "percent_statements_covered": 40.45454545454545, "percent_statements_covered_display": "40"}, "missing_lines": [202, 203, 204, 212, 213, 214, 227, 234, 238, 239, 240, 241, 267, 268, 269, 270, 277, 278, 279, 280, 281, 282, 283, 284, 285, 296, 297, 298, 299, 300, 301, 307, 308, 309, 310, 314, 315, 319, 3995, 3996, 3998, 3999, 4015, 4016, 4017, 4018, 4019, 4021, 4022, 4023, 4024, 4025, 4029, 4032, 4033, 4039, 4042, 4043, 4044, 4045, 4049, 4050, 4057, 4060, 4061, 4062, 4063, 4064, 4065, 4068, 4069, 4076, 4077, 4081, 4082, 4084, 4099, 4100, 4106, 4107, 4112, 4116, 4118, 4119, 4120, 4121, 4122, 4123, 4124, 4125, 4126, 4127, 4134, 4137, 4139, 4140, 4141, 4150, 4160, 4164, 4168, 4205, 4206, 4207, 4208, 4209, 4210, 4211, 4216, 4217, 4218, 4219, 4221, 4224, 4247, 4248, 4249, 4250, 4256, 4257, 4263, 4273, 4274, 4275, 4276, 4277, 4278, 4279, 4280, 4281, 4286], "excluded_lines": [], "start_line": 1}}}, "services/loop_execute.py": {"executed_lines": [30, 32, 33, 34, 35, 37, 39, 43, 44, 45, 52, 56, 59, 71, 117, 219, 373], "summary": {"covered_lines": 17, "num_statements": 132, "percent_covered": 12.878787878787879, "percent_covered_display": "13", "missing_lines": 115, "excluded_lines": 0, "percent_statements_covered": 12.878787878787879, "percent_statements_covered_display": "13"}, "missing_lines": [46, 47, 61, 62, 63, 64, 65, 66, 67, 68, 90, 91, 93, 94, 95, 106, 107, 111, 112, 113, 114, 140, 141, 143, 146, 155, 156, 159, 166, 167, 172, 173, 174, 175, 176, 177, 179, 180, 181, 182, 183, 184, 185, 186, 187, 188, 189, 190, 191, 192, 193, 195, 196, 197, 200, 209, 225, 226, 227, 228, 229, 230, 231, 237, 241, 242, 243, 259, 260, 261, 262, 270, 271, 277, 278, 281, 288, 289, 290, 295, 296, 297, 302, 303, 305, 335, 336, 337, 338, 339, 340, 341, 344, 345, 348, 359, 360, 365, 366, 367, 368, 369, 370, 392, 393, 394, 395, 397, 403, 406, 407, 417, 419, 420, 421], "excluded_lines": [], "functions": {"_env_int": {"executed_lines": [44, 45], "summary": {"covered_lines": 2, "num_statements": 4, "percent_covered": 50.0, "percent_covered_display": "50", "missing_lines": 2, "excluded_lines": 0, "percent_statements_covered": 50.0, "percent_statements_covered_display": "50"}, "missing_lines": [46, 47], "excluded_lines": [], "start_line": 43}, "_strip_fences": {"executed_lines": [], "summary": {"covered_lines": 0, "num_statements": 8, "percent_covered": 0.0, "percent_covered_display": "0", "missing_lines": 8, "excluded_lines": 0, "percent_statements_covered": 0.0, "percent_statements_covered_display": "0"}, "missing_lines": [61, 62, 63, 64, 65, 66, 67, 68], "excluded_lines": [], "start_line": 59}, "_generate_one": {"executed_lines": [], "summary": {"covered_lines": 0, "num_statements": 11, "percent_covered": 0.0, "percent_covered_display": "0", "missing_lines": 11, "excluded_lines": 0, "percent_statements_covered": 0.0, "percent_statements_covered_display": "0"}, "missing_lines": [90, 91, 93, 94, 95, 106, 107, 111, 112, 113, 114], "excluded_lines": [], "start_line": 71}, "_localize_change_target": {"executed_lines": [], "summary": {"covered_lines": 0, "num_statements": 35, "percent_covered": 0.0, "percent_covered_display": "0", "missing_lines": 35, "excluded_lines": 0, "percent_statements_covered": 0.0, "percent_statements_covered_display": "0"}, "missing_lines": [140, 141, 143, 146, 155, 156, 159, 166, 167, 172, 173, 174, 175, 176, 177, 179, 180, 181, 182, 183, 184, 185, 186, 187, 188, 189, 190, 191, 192, 193, 195, 196, 197, 200, 209], "excluded_lines": [], "start_line": 117}, "_generate_one_inner": {"executed_lines": [], "summary": {"covered_lines": 0, "num_statements": 47, "percent_covered": 0.0, "percent_covered_display": "0", "missing_lines": 47, "excluded_lines": 0, "percent_statements_covered": 0.0, "percent_statements_covered_display": "0"}, "missing_lines": [225, 226, 227, 228, 229, 230, 231, 237, 241, 242, 243, 259, 260, 261, 262, 270, 271, 277, 278, 281, 288, 289, 290, 295, 296, 297, 302, 303, 305, 335, 336, 337, 338, 339, 340, 341, 344, 345, 348, 359, 360, 365, 366, 367, 368, 369, 370], "excluded_lines": [], "start_line": 219}, "generate_files": {"executed_lines": [], "summary": {"covered_lines": 0, "num_statements": 12, "percent_covered": 0.0, "percent_covered_display": "0", "missing_lines": 12, "excluded_lines": 0, "percent_statements_covered": 0.0, "percent_statements_covered_display": "0"}, "missing_lines": [392, 393, 394, 395, 397, 403, 406, 407, 417, 419, 420, 421], "excluded_lines": [], "start_line": 373}, "": {"executed_lines": [30, 32, 33, 34, 35, 37, 39, 43, 52, 56, 59, 71, 117, 219, 373], "summary": {"covered_lines": 15, "num_statements": 15, "percent_covered": 100.0, "percent_covered_display": "100", "missing_lines": 0, "excluded_lines": 0, "percent_statements_covered": 100.0, "percent_statements_covered_display": "100"}, "missing_lines": [], "excluded_lines": [], "start_line": 1}}, "classes": {"": {"executed_lines": [30, 32, 33, 34, 35, 37, 39, 43, 44, 45, 52, 56, 59, 71, 117, 219, 373], "summary": {"covered_lines": 17, "num_statements": 132, "percent_covered": 12.878787878787879, "percent_covered_display": "13", "missing_lines": 115, "excluded_lines": 0, "percent_statements_covered": 12.878787878787879, "percent_statements_covered_display": "13"}, "missing_lines": [46, 47, 61, 62, 63, 64, 65, 66, 67, 68, 90, 91, 93, 94, 95, 106, 107, 111, 112, 113, 114, 140, 141, 143, 146, 155, 156, 159, 166, 167, 172, 173, 174, 175, 176, 177, 179, 180, 181, 182, 183, 184, 185, 186, 187, 188, 189, 190, 191, 192, 193, 195, 196, 197, 200, 209, 225, 226, 227, 228, 229, 230, 231, 237, 241, 242, 243, 259, 260, 261, 262, 270, 271, 277, 278, 281, 288, 289, 290, 295, 296, 297, 302, 303, 305, 335, 336, 337, 338, 339, 340, 341, 344, 345, 348, 359, 360, 365, 366, 367, 368, 369, 370, 392, 393, 394, 395, 397, 403, 406, 407, 417, 419, 420, 421], "excluded_lines": [], "start_line": 1}}}, "services/loop_verify.py": {"executed_lines": [31, 33, 34, 35, 36, 37, 38, 40, 46, 47, 50, 51, 54, 72, 73, 78, 79, 80, 85, 86, 89, 93, 94, 95, 97, 98, 99, 100, 101, 104, 108, 109, 110, 111, 114, 126, 128, 129, 131, 135, 137, 139, 140, 141, 142, 143, 152, 153, 154, 155, 156, 157, 158, 159, 165, 166, 170, 171, 180, 181, 182, 183, 184, 185, 187, 188, 191, 192, 193, 194, 195, 196, 197, 199, 200, 201, 202, 204, 205, 209, 216], "summary": {"covered_lines": 81, "num_statements": 101, "percent_covered": 80.1980198019802, "percent_covered_display": "80", "missing_lines": 20, "excluded_lines": 0, "percent_statements_covered": 80.1980198019802, "percent_statements_covered_display": "80"}, "missing_lines": [160, 161, 206, 207, 223, 224, 231, 239, 240, 245, 247, 248, 249, 250, 251, 252, 253, 254, 255, 256], "excluded_lines": [], "functions": {"_ext": {"executed_lines": [51], "summary": {"covered_lines": 1, "num_statements": 1, "percent_covered": 100.0, "percent_covered_display": "100", "missing_lines": 0, "excluded_lines": 0, "percent_statements_covered": 100.0, "percent_statements_covered_display": "100"}, "missing_lines": [], "excluded_lines": [], "start_line": 50}, "_run": {"executed_lines": [72, 73, 78, 79, 80, 85, 86, 89, 93, 94, 95, 97, 98, 99, 100, 101], "summary": {"covered_lines": 16, "num_statements": 16, "percent_covered": 100.0, "percent_covered_display": "100", "missing_lines": 0, "excluded_lines": 0, "percent_statements_covered": 100.0, "percent_statements_covered_display": "100"}, "missing_lines": [], "excluded_lines": [], "start_line": 54}, "contextlib_suppress": {"executed_lines": [108, 111], "summary": {"covered_lines": 2, "num_statements": 2, "percent_covered": 100.0, "percent_covered_display": "100", "missing_lines": 0, "excluded_lines": 0, "percent_statements_covered": 100.0, "percent_statements_covered_display": "100"}, "missing_lines": [], "excluded_lines": [], "start_line": 104}, "contextlib_suppress._S.__enter__": {"executed_lines": [109], "summary": {"covered_lines": 1, "num_statements": 1, "percent_covered": 100.0, "percent_covered_display": "100", "missing_lines": 0, "excluded_lines": 0, "percent_statements_covered": 100.0, "percent_statements_covered_display": "100"}, "missing_lines": [], "excluded_lines": [], "start_line": 109}, "contextlib_suppress._S.__exit__": {"executed_lines": [110], "summary": {"covered_lines": 1, "num_statements": 1, "percent_covered": 100.0, "percent_covered_display": "100", "missing_lines": 0, "excluded_lines": 0, "percent_statements_covered": 100.0, "percent_statements_covered_display": "100"}, "missing_lines": [], "excluded_lines": [], "start_line": 110}, "verify_files": {"executed_lines": [126, 128, 129, 131, 135, 137, 199, 200, 201, 202, 204, 205, 209], "summary": {"covered_lines": 13, "num_statements": 15, "percent_covered": 86.66666666666667, "percent_covered_display": "87", "missing_lines": 2, "excluded_lines": 0, "percent_statements_covered": 86.66666666666667, "percent_statements_covered_display": "87"}, "missing_lines": [206, 207], "excluded_lines": [], "start_line": 114}, "verify_files._lint_one": {"executed_lines": [139, 140, 141, 142, 143, 152, 153, 154, 155, 156, 157, 158, 159, 165, 166, 170, 171, 180, 181, 182, 183, 184, 185, 187, 188, 191, 192, 193, 194, 195, 196, 197], "summary": {"covered_lines": 32, "num_statements": 34, "percent_covered": 94.11764705882354, "percent_covered_display": "94", "missing_lines": 2, "excluded_lines": 0, "percent_statements_covered": 94.11764705882354, "percent_statements_covered_display": "94"}, "missing_lines": [160, 161], "excluded_lines": [], "start_line": 137}, "self_heal": {"executed_lines": [], "summary": {"covered_lines": 0, "num_statements": 16, "percent_covered": 0.0, "percent_covered_display": "0", "missing_lines": 16, "excluded_lines": 0, "percent_statements_covered": 0.0, "percent_statements_covered_display": "0"}, "missing_lines": [223, 224, 231, 239, 240, 245, 247, 248, 249, 250, 251, 252, 253, 254, 255, 256], "excluded_lines": [], "start_line": 216}, "": {"executed_lines": [31, 33, 34, 35, 36, 37, 38, 40, 46, 47, 50, 54, 104, 114, 216], "summary": {"covered_lines": 15, "num_statements": 15, "percent_covered": 100.0, "percent_covered_display": "100", "missing_lines": 0, "excluded_lines": 0, "percent_statements_covered": 100.0, "percent_statements_covered_display": "100"}, "missing_lines": [], "excluded_lines": [], "start_line": 1}}, "classes": {"contextlib_suppress._S": {"executed_lines": [109, 110], "summary": {"covered_lines": 2, "num_statements": 2, "percent_covered": 100.0, "percent_covered_display": "100", "missing_lines": 0, "excluded_lines": 0, "percent_statements_covered": 100.0, "percent_statements_covered_display": "100"}, "missing_lines": [], "excluded_lines": [], "start_line": 108}, "": {"executed_lines": [31, 33, 34, 35, 36, 37, 38, 40, 46, 47, 50, 51, 54, 72, 73, 78, 79, 80, 85, 86, 89, 93, 94, 95, 97, 98, 99, 100, 101, 104, 108, 111, 114, 126, 128, 129, 131, 135, 137, 139, 140, 141, 142, 143, 152, 153, 154, 155, 156, 157, 158, 159, 165, 166, 170, 171, 180, 181, 182, 183, 184, 185, 187, 188, 191, 192, 193, 194, 195, 196, 197, 199, 200, 201, 202, 204, 205, 209, 216], "summary": {"covered_lines": 79, "num_statements": 99, "percent_covered": 79.79797979797979, "percent_covered_display": "80", "missing_lines": 20, "excluded_lines": 0, "percent_statements_covered": 79.79797979797979, "percent_statements_covered_display": "80"}, "missing_lines": [160, 161, 206, 207, 223, 224, 231, 239, 240, 245, 247, 248, 249, 250, 251, 252, 253, 254, 255, 256], "excluded_lines": [], "start_line": 1}}}}, "totals": {"covered_lines": 751, "num_statements": 1795, "percent_covered": 41.83844011142061, "percent_covered_display": "42", "missing_lines": 1044, "excluded_lines": 0, "percent_statements_covered": 41.83844011142061, "percent_statements_covered_display": "42"}}