<?xml version="1.0" encoding="utf-8"?><testsuites><testsuite name="pytest" errors="0" failures="0" skipped="0" tests="7" time="11.130" timestamp="2026-08-24T05:41:38.518742+00:00" hostname="agent-env-00f4b217-af18-4f22-8897-05bbe431b0a7"><testcase classname="tests.test_admin_surgical_fixes" name="test_agent_performance_returns_real_data" time="0.440" /><testcase classname="tests.test_admin_surgical_fixes" name="test_architecture_still_works" time="0.317" /><testcase classname="tests.test_admin_surgical_fixes" name="test_repair_orphaned_dry_run" time="0.057" /><testcase classname="tests.test_admin_surgical_fixes" name="test_health_score" time="9.903" /><testcase classname="tests.test_admin_surgical_fixes" name="test_admin_endpoints_no_regression[/admin/dashboard]" time="0.062" /><testcase classname="tests.test_admin_surgical_fixes" name="test_admin_endpoints_no_regression[/admin/pulse]" time="0.063" /><testcase classname="tests.test_admin_surgical_fixes" name="test_admin_endpoints_no_regression[/admin/llm-credits]" time="0.144" /></testsuite></testsuites>