<?xml version="1.0" encoding="utf-8"?><testsuites><testsuite name="pytest" errors="0" failures="0" skipped="0" tests="12" time="55.013" timestamp="2026-08-22T03:36:48.476357+00:00" hostname="agent-env-00f4b217-af18-4f22-8897-05bbe431b0a7"><testcase classname="tests.test_audit_2026_01_full_stack.TestData" name="test_oversized_prompt_returns_422_not_500" time="0.582" /><testcase classname="tests.test_audit_2026_01_full_stack.TestData" name="test_null_bytes_and_invalid_utf8_prompt" time="13.369" /><testcase classname="tests.test_audit_2026_01_full_stack.TestData" name="test_findings_dismiss_missing_fields_returns_4xx" time="0.145" /><testcase classname="tests.test_audit_2026_01_full_stack.TestPerformance" name="test_findings_backlog_concurrency" time="0.963" /><testcase classname="tests.test_audit_2026_01_full_stack.TestPerformance" name="test_chat_history_concurrency" time="0.812" /><testcase classname="tests.test_audit_2026_01_full_stack.TestQAReverify" name="test_findings_backlog_matched_shape" time="0.140" /><testcase classname="tests.test_audit_2026_01_full_stack.TestQAReverify" name="test_chat_session_user_scoping" time="0.686" /><testcase classname="tests.test_audit_2026_01_full_stack.TestQAReverify" name="test_cold_start_chat_send_normal_response" time="7.091" /><testcase classname="tests.test_audit_2026_01_full_stack.TestQAReverify" name="test_execute_bash_shell_injection_untestable_from_http" time="0.005" /><testcase classname="tests.test_audit_2026_01_full_stack.TestReliability" name="test_llm_chat_send_completes_or_clean_error" time="14.401" /><testcase classname="tests.test_audit_2026_01_full_stack.TestReliability" name="test_github_write_with_revoked_token_gives_clear_error" time="16.189" /><testcase classname="tests.test_audit_2026_01_full_stack.TestCostBI" name="test_admin_bi_summary_reachable" time="0.472" /></testsuite></testsuites>