<?xml version="1.0" encoding="utf-8"?><testsuites><testsuite name="pytest" errors="0" failures="0" skipped="0" tests="8" time="1.551" timestamp="2026-08-24T05:11:01.217164+00:00" hostname="agent-env-00f4b217-af18-4f22-8897-05bbe431b0a7"><testcase classname="tests.test_admin_audit_and_installation_active_2026_08" name="test_admin_dashboard_pulse_financials_reachable" time="0.603" /><testcase classname="tests.test_admin_audit_and_installation_active_2026_08" name="test_architecture_mongo_status_does_real_ping" time="0.293" /><testcase classname="tests.test_admin_audit_and_installation_active_2026_08" name="test_promo_first50_status_returns_200" time="0.103" /><testcase classname="tests.test_admin_audit_and_installation_active_2026_08" name="test_founder_offer_status_returns_200" time="0.109" /><testcase classname="tests.test_admin_audit_and_installation_active_2026_08" name="test_verify_installation_for_repo_unknown_install" time="0.030" /><testcase classname="tests.test_admin_audit_and_installation_active_2026_08" name="test_update_project_reconnect_rejects_unverified_installation" time="0.057" /><testcase classname="tests.test_admin_audit_and_installation_active_2026_08" name="test_repair_orphaned_installations_dry_run_seeded" time="0.074" /><testcase classname="tests.test_admin_audit_and_installation_active_2026_08" name="test_repair_orphaned_installations_admin_only" time="0.135" /></testsuite></testsuites>