<?xml version="1.0" encoding="utf-8"?><testsuites><testsuite name="pytest" errors="0" failures="0" skipped="0" tests="6" time="0.287" timestamp="2026-08-24T23:11:09.899949+00:00" hostname="agent-env-00f4b217-af18-4f22-8897-05bbe431b0a7"><testcase classname="tests.test_backfill_low_confidence_2026_08_25" name="test_dry_run_is_idempotent_no_new_matches" time="0.051" /><testcase classname="tests.test_backfill_low_confidence_2026_08_25" name="test_dry_run_does_not_write_to_db" time="0.046" /><testcase classname="tests.test_backfill_low_confidence_2026_08_25" name="test_backfilled_rows_have_both_flags_and_are_genuine" time="0.008" /><testcase classname="tests.test_backfill_low_confidence_2026_08_25" name="test_quality_filter_excludes_all_backfilled" time="0.016" /><testcase classname="tests.test_backfill_low_confidence_2026_08_25" name="test_retriever_stats_sane" time="0.015" /><testcase classname="tests.test_backfill_low_confidence_2026_08_25" name="test_backfilled_ids_not_in_retriever_corpus" time="0.013" /></testsuite></testsuites>