<?xml version="1.0" encoding="utf-8"?><testsuites><testsuite name="pytest" errors="0" failures="0" skipped="0" tests="4" time="26.435" timestamp="2026-09-02T20:03:53.283888+00:00" hostname="agent-env-00f4b217-af18-4f22-8897-05bbe431b0a7"><testcase classname="tests.test_before_after_preview_wiring_2026_01_09" name="test_pending_change_returns_before_receipts_when_shipped" time="25.701" /><testcase classname="tests.test_before_after_preview_wiring_2026_01_09" name="test_pending_change_returns_empty_dict_when_no_before_receipts" time="0.203" /><testcase classname="tests.test_before_after_preview_wiring_2026_01_09" name="test_tasks_router_wires_before_capture_bg_task" time="0.350" /><testcase classname="tests.test_before_after_preview_wiring_2026_01_09" name="test_capture_before_snapshot_persists_to_real_mongo" time="0.010" /></testsuite></testsuites>