<?xml version="1.0" encoding="utf-8"?><testsuites><testsuite name="pytest" errors="0" failures="1" skipped="0" tests="92" time="25.726" timestamp="2026-08-31T20:19:48.516077+00:00" hostname="agent-env-00f4b217-af18-4f22-8897-05bbe431b0a7"><testcase classname="tests.test_core_flow_e2e_2026_09_03" name="test_t_core_flow_end_to_end_nontechnical" time="16.901" /><testcase classname="tests.test_core_flow_e2e_2026_09_03" name="test_regression_greeting_alone_still_works" time="2.148" /><testcase classname="tests.test_phase2c_chat_router.TestDraftSupportEmail" name="test_requires_issue" time="0.053" /><testcase classname="tests.test_phase2c_chat_router.TestDraftSupportEmail" name="test_unauthenticated" time="0.014" /><testcase classname="tests.test_phase2c_chat_router.TestDraftSupportEmail" name="test_success_with_tasks_and_projects" time="0.019" /><testcase classname="tests.test_phase2c_chat_router.TestDraftSupportEmail" name="test_llm_empty_falls_back_to_deterministic_template" time="0.020" /><testcase classname="tests.test_phase2c_chat_router.TestDraftSupportEmail" name="test_db_fetch_crash_is_swallowed" time="0.016" /><testcase classname="tests.test_phase2c_chat_router.TestChatTaskFollowup" name="test_task_not_found" time="0.014" /><testcase classname="tests.test_phase2c_chat_router.TestChatTaskFollowup" name="test_task_not_yet_complete" time="0.015" /><testcase classname="tests.test_phase2c_chat_router.TestChatTaskFollowup" name="test_cached_followup_returned_idempotently" time="0.013" /><testcase classname="tests.test_phase2c_chat_router.TestChatTaskFollowup" name="test_failed_status_uses_deterministic_template_no_llm" time="0.014" /><testcase classname="tests.test_phase2c_chat_router.TestChatTaskFollowup" name="test_done_status_generates_via_llm_and_persists" time="3.110" /><testcase classname="tests.test_phase2c_chat_router.TestChatTaskFollowup" name="test_done_llm_crash_falls_back_to_deterministic_template" time="0.017" /><testcase classname="tests.test_phase2c_chat_router.TestChatTaskFollowup" name="test_unauthenticated" time="0.015" /><testcase classname="tests.test_phase2c_chat_router.TestChatTurnShipped" name="test_unauthenticated" time="0.014" /><testcase classname="tests.test_phase2c_chat_router.TestChatTurnShipped" name="test_negative_turn_index_rejected" time="0.013" /><testcase classname="tests.test_phase2c_chat_router.TestChatTurnShipped" name="test_session_not_found" time="0.015" /><testcase classname="tests.test_phase2c_chat_router.TestChatTurnShipped" name="test_success_exact_index" time="0.014" /><testcase classname="tests.test_phase2c_chat_router.TestChatTurnShipped" name="test_out_of_range_index_falls_back_to_last_assistant_turn" time="0.014" /><testcase classname="tests.test_phase2c_chat_router.TestChatTurnShipped" name="test_out_of_range_with_no_assistant_turns_returns_409" time="0.015" /><testcase classname="tests.test_phase2c_chat_router.TestChatTurnShipped" name="test_db_not_connected" time="0.015" /><testcase classname="tests.test_phase2c_chat_router.TestSmallEndpoints" name="test_list_agents_non_founder_no_ora" time="0.016" /><testcase classname="tests.test_phase2c_chat_router.TestSmallEndpoints" name="test_list_agents_founder_with_ora_available" time="0.016" /><testcase classname="tests.test_phase2c_chat_router.TestSmallEndpoints" name="test_available_modes" time="0.015" /><testcase classname="tests.test_phase2c_chat_router.TestSmallEndpoints" name="test_classify_intent_endpoint" time="0.017" /><testcase classname="tests.test_phase2c_chat_router.TestSmallEndpoints" name="test_classify_intent_endpoint_unauthenticated" time="0.014" /><testcase classname="tests.test_phase2c_chat_router.TestChatSend" name="test_unauthenticated" time="0.017" /><testcase classname="tests.test_phase2c_chat_router.TestChatSend" name="test_happy_path_home_no_project" time="2.210"><failure message="assert &quot;Hey! I'm ORA...on your mind?&quot; == 'Hi! How can I help?'&#10;  &#10;  - Hi! How can I help?&#10;  + Hey! I'm ORA, here to help you content smarter - what's on your mind?">E   assert "Hey! I'm ORA...on your mind?" == 'Hi! How can I help?'
      
      - Hi! How can I help?
      + Hey! I'm ORA, here to help you content smarter - what's on your mind?</failure></testcase><testcase classname="tests.test_phase2c_chat_router.TestChatSend" name="test_low_confidence_mismatch_retries_then_falls_back" time="0.042" /><testcase classname="tests.test_phase2c_chat_router.TestChatSend" name="test_maxx_mode_runs_watchdog_and_logs_cost" time="0.042" /><testcase classname="tests.test_phase2c_chat_router.TestChatSend" name="test_with_real_project_builds_ora_context_and_council_recall" time="0.042" /><testcase classname="tests.test_phase2c_chat_router.TestSmallHelpers" name="test_generate_title_success" time="0.005" /><testcase classname="tests.test_phase2c_chat_router.TestSmallHelpers" name="test_generate_title_llm_crash_returns_empty" time="0.005" /><testcase classname="tests.test_phase2c_chat_router.TestSmallHelpers" name="test_generate_title_truncates_long_titles" time="0.004" /><testcase classname="tests.test_phase2c_chat_router.TestSmallHelpers" name="test_maybe_set_title_no_db_noop" time="0.005" /><testcase classname="tests.test_phase2c_chat_router.TestSmallHelpers" name="test_maybe_set_title_skips_when_title_already_set" time="0.004" /><testcase classname="tests.test_phase2c_chat_router.TestSmallHelpers" name="test_maybe_set_title_sets_title_on_second_turn" time="0.004" /><testcase classname="tests.test_phase2c_chat_router.TestSmallHelpers" name="test_strip_council_block_removes_exact_match" time="0.003" /><testcase classname="tests.test_phase2c_chat_router.TestSmallHelpers" name="test_strip_council_block_empty_block_returns_unchanged" time="0.003" /><testcase classname="tests.test_phase2c_chat_router.TestSmallHelpers" name="test_generate_title_empty_llm_content_returns_empty" time="0.004" /><testcase classname="tests.test_phase2c_chat_router.TestSmallHelpers" name="test_maybe_set_title_missing_session_noop" time="0.004" /><testcase classname="tests.test_phase2c_chat_router.TestSmallHelpers" name="test_maybe_set_title_skips_before_second_turn" time="0.003" /><testcase classname="tests.test_phase2c_chat_router.TestSmallHelpers" name="test_maybe_set_title_generated_title_empty_noop" time="0.004" /><testcase classname="tests.test_phase2c_chat_router.TestSmallHelpers" name="test_regenerate_without_recall_success" time="0.004" /><testcase classname="tests.test_phase2c_chat_router.TestSmallHelpers" name="test_regenerate_without_recall_swallows_exception" time="0.004" /><testcase classname="tests.test_phase2c_chat_router.TestSmallHelpers" name="test_persist_turn_no_db_noop" time="0.004" /><testcase classname="tests.test_phase2c_chat_router.TestSmallHelpers" name="test_persist_turn_no_session_id_noop" time="0.004" /><testcase classname="tests.test_phase2c_chat_router.TestSmallHelpers" name="test_persist_turn_pins_shipped_task_id_and_steps" time="0.004" /><testcase classname="tests.test_phase2c_chat_router.TestPureHelpers" name="test_is_fix_confirmation_matches" time="0.003" /><testcase classname="tests.test_phase2c_chat_router.TestPureHelpers" name="test_safe_provenance_returns_dict_on_import_error" time="0.004" /><testcase classname="tests.test_phase2c_chat_router.TestPureHelpers" name="test_f12_has_real_signal_non_dict_payload" time="0.004" /><testcase classname="tests.test_phase2c_chat_router.TestPureHelpers" name="test_f12_has_real_signal_console_error" time="0.003" /><testcase classname="tests.test_phase2c_chat_router.TestPureHelpers" name="test_f12_has_real_signal_ignores_aborted_console_noise" time="0.003" /><testcase classname="tests.test_phase2c_chat_router.TestPureHelpers" name="test_f12_has_real_signal_real_network_error" time="0.004" /><testcase classname="tests.test_phase2c_chat_router.TestPureHelpers" name="test_f12_has_real_signal_ignores_transient_proxy_network_error" time="0.003" /><testcase classname="tests.test_phase2c_chat_router.TestPureHelpers" name="test_f12_has_real_signal_stack_trace" time="0.004" /><testcase classname="tests.test_phase2c_chat_router.TestPureHelpers" name="test_f12_has_real_signal_empty_payload" time="0.003" /><testcase classname="tests.test_phase2c_chat_router.TestPureHelpers" name="test_is_transient_proxy_error_499_always_transient" time="0.003" /><testcase classname="tests.test_phase2c_chat_router.TestPureHelpers" name="test_is_transient_proxy_error_non_proxy_status" time="0.003" /><testcase classname="tests.test_phase2c_chat_router.TestPureHelpers" name="test_is_transient_proxy_error_html_body" time="0.003" /><testcase classname="tests.test_phase2c_chat_router.TestPureHelpers" name="test_is_transient_proxy_error_empty_body" time="0.004" /><testcase classname="tests.test_phase2c_chat_router.TestPureHelpers" name="test_is_transient_proxy_error_bytes_body" time="0.004" /><testcase classname="tests.test_phase2c_chat_router.TestPureHelpers" name="test_is_transient_proxy_error_real_json_body_not_transient" time="0.004" /><testcase classname="tests.test_phase2c_chat_router.TestPureHelpers" name="test_classify_intent_greeting_is_mode_a" time="0.004" /><testcase classname="tests.test_phase2c_chat_router.TestPureHelpers" name="test_classify_intent_f12_signal_is_mode_d" time="0.003" /><testcase classname="tests.test_phase2c_chat_router.TestPureHelpers" name="test_classify_intent_debug_request_is_mode_d" time="0.004" /><testcase classname="tests.test_phase2c_chat_router.TestPureHelpers" name="test_classify_intent_audit_request_is_mode_e" time="0.004" /><testcase classname="tests.test_phase2c_chat_router.TestPureHelpers" name="test_classify_intent_engage_request_is_mode_f" time="0.005" /><testcase classname="tests.test_phase2c_chat_router.TestPureHelpers" name="test_classify_intent_ship_phrase_is_mode_c" time="0.004" /><testcase classname="tests.test_phase2c_chat_router.TestPureHelpers" name="test_classify_intent_should_i_is_mode_b" time="0.004" /><testcase classname="tests.test_phase2c_chat_router.TestPureHelpers" name="test_classify_intent_falls_through_to_mode_a" time="0.004" /><testcase classname="tests.test_phase2c_chat_router.TestPureHelpers" name="test_deduct_tokens_no_db_returns_zero" time="0.004" /><testcase classname="tests.test_phase2c_chat_router.TestPureHelpers" name="test_deduct_tokens_clamps_and_returns_balance" time="0.004" /><testcase classname="tests.test_phase2c_chat_router.TestPureHelpers" name="test_deduct_tokens_db_error_returns_zero" time="0.004" /><testcase classname="tests.test_phase2c_chat_router.TestChatStreamSetup" name="test_setup_phase_founder_bypasses_rate_limit_and_builds_response" time="0.013" /><testcase classname="tests.test_phase2c_chat_router.TestChatStreamSetup" name="test_prompt_injection_blocked_before_any_llm_call" time="0.023" /><testcase classname="tests.test_phase2c_chat_router.TestChatOpened" name="test_first_open_stamps_and_emits_funnel_event" time="0.015" /><testcase classname="tests.test_phase2c_chat_router.TestChatOpened" name="test_second_open_is_idempotent_no_emit" time="0.014" /><testcase classname="tests.test_phase2c_chat_router.TestChatOpened" name="test_db_error_is_swallowed" time="0.015" /><testcase classname="tests.test_phase2c_chat_router.TestChatOpened" name="test_unauthenticated" time="0.051" /><testcase classname="tests.test_phase2c_chat_router.TestHandoffShellCommandGuard" name="test_empty_brief_is_not_shell_command" time="0.004" /><testcase classname="tests.test_phase2c_chat_router.TestHandoffShellCommandGuard" name="test_raw_pip_install_detected" time="0.004" /><testcase classname="tests.test_phase2c_chat_router.TestHandoffShellCommandGuard" name="test_json_envelope_with_empty_files_and_command_key" time="0.004" /><testcase classname="tests.test_phase2c_chat_router.TestHandoffShellCommandGuard" name="test_real_file_edit_brief_is_not_shell_command" time="0.004" /><testcase classname="tests.test_phase2c_chat_router.TestHandoffShellCommandGuard" name="test_git_clone_detected" time="0.004" /><testcase classname="tests.test_phase2c_chat_router.TestMaybeGuardShellHandoffFollowup" name="test_no_db_returns_none" time="0.004" /><testcase classname="tests.test_phase2c_chat_router.TestMaybeGuardShellHandoffFollowup" name="test_long_prompt_returns_none" time="0.004" /><testcase classname="tests.test_phase2c_chat_router.TestMaybeGuardShellHandoffFollowup" name="test_prompt_with_path_returns_none" time="0.005" /><testcase classname="tests.test_phase2c_chat_router.TestMaybeGuardShellHandoffFollowup" name="test_no_session_returns_none" time="0.004" /><testcase classname="tests.test_phase2c_chat_router.TestMaybeGuardShellHandoffFollowup" name="test_shell_handoff_followup_intercepted" time="0.005" /><testcase classname="tests.test_phase2c_chat_router.TestMaybeGuardShellHandoffFollowup" name="test_non_shell_handoff_returns_none" time="0.004" /><testcase classname="tests.test_phase2c_chat_router.TestMaybeGuardShellHandoffFollowup" name="test_no_prior_handoff_returns_none" time="0.004" /></testsuite></testsuites>