<?xml version="1.0" encoding="utf-8"?><testsuites><testsuite name="pytest" errors="0" failures="1" skipped="0" tests="6" time="63.197" timestamp="2026-08-31T05:59:44.909163+00:00" hostname="agent-env-00f4b217-af18-4f22-8897-05bbe431b0a7"><testcase classname="tests.test_business_owner_gates_2026_08_31" name="test_gate1_business_owner_flow" time="52.550"><failure message="AssertionError: Gate 1 failures: [&quot;T1 jargon: ['code', 'file']&quot;]&#10;assert not [&quot;T1 jargon: ['code', 'file']&quot;]">tests/test_business_owner_gates_2026_08_31.py:174: in test_gate1_business_owner_flow
    assert not failures, f"Gate 1 failures: {failures}"
E   AssertionError: Gate 1 failures: ["T1 jargon: ['code', 'file']"]
E   assert not ["T1 jargon: ['code', 'file']"]</failure></testcase><testcase classname="tests.test_business_owner_gates_2026_08_31" name="test_gate2_design_ask[can you redesign our brand identity?]" time="3.070" /><testcase classname="tests.test_business_owner_gates_2026_08_31" name="test_gate2_design_ask[our site looks dated \u2014 can you modernize it?]" time="2.762" /><testcase classname="tests.test_business_owner_gates_2026_08_31" name="test_gate3_self_repair[the approve button isn't showing]" time="2.170" /><testcase classname="tests.test_business_owner_gates_2026_08_31" name="test_gate3_self_repair[I clicked it and nothing happened, and you keep saying try again \u2014 what do I even try?]" time="0.144" /><testcase classname="tests.test_business_owner_gates_2026_08_31" name="test_regression_casual_hello_still_works" time="2.321" /></testsuite></testsuites>