<?xml version="1.0" encoding="utf-8"?><testsuites><testsuite name="pytest" errors="0" failures="0" skipped="0" tests="8" time="9.743" timestamp="2026-08-23T02:25:37.356685+00:00" hostname="agent-env-00f4b217-af18-4f22-8897-05bbe431b0a7"><testcase classname="tests.live.test_phase2c_chat_live_smoke.TestChatSend" name="test_unauthenticated_returns_401" time="0.220" /><testcase classname="tests.live.test_phase2c_chat_live_smoke.TestChatSend" name="test_send_home_returns_reply" time="2.426" /><testcase classname="tests.live.test_phase2c_chat_live_smoke.TestChatStream" name="test_stream_home_returns_sse_frames" time="0.145" /><testcase classname="tests.live.test_phase2c_chat_live_smoke.TestChatStream" name="test_prompt_injection_guard" time="0.221" /><testcase classname="tests.live.test_phase2c_chat_live_smoke.TestDraftSupportEmail" name="test_missing_issue_returns_400" time="0.137" /><testcase classname="tests.live.test_phase2c_chat_live_smoke.TestDraftSupportEmail" name="test_with_issue_returns_body" time="2.064" /><testcase classname="tests.live.test_phase2c_chat_live_smoke.TestTaskFollowup" name="test_task_followup_smoke" time="0.318" /><testcase classname="tests.live.test_phase2c_chat_live_smoke.TestMultiTurnHistory" name="test_history_persists_across_turns" time="4.058" /></testsuite></testsuites>