<?xml version="1.0" encoding="utf-8"?><testsuites><testsuite name="pytest" errors="0" failures="0" skipped="0" tests="19" time="0.564" timestamp="2026-08-31T20:19:25.098446+00:00" hostname="agent-env-00f4b217-af18-4f22-8897-05bbe431b0a7"><testcase classname="tests.test_commit_boundary_2026_09_05" name="test_t_confirm_is_state_transition_not_model_turn" time="0.025" /><testcase classname="tests.test_commit_boundary_2026_09_05" name="test_t_confirm_executes_concretized_payload_not_reproposal" time="0.009" /><testcase classname="tests.test_commit_boundary_2026_09_05" name="test_t_confirm_no_pending_is_honest_actionable" time="0.025" /><testcase classname="tests.test_commit_boundary_2026_09_05" name="test_t_confirm_disambiguates_multiple" time="0.009" /><testcase classname="tests.test_commit_boundary_2026_09_05" name="test_t_prose_cannot_create_action_when_not_concretizable" time="0.007" /><testcase classname="tests.test_commit_boundary_2026_09_05" name="test_t_prose_cannot_create_action_without_repo_validation" time="0.007" /><testcase classname="tests.test_commit_boundary_2026_09_05" name="test_extract_deterministic_edit_from_prose" time="0.003" /><testcase classname="tests.test_commit_boundary_2026_09_05" name="test_extract_deterministic_edit_returns_none_when_unclear" time="0.003" /><testcase classname="tests.test_commit_boundary_2026_09_05" name="test_t_confirm_always_resolves_on_executor_blowup" time="0.008" /><testcase classname="tests.test_commit_boundary_2026_09_05" name="test_t_confirm_always_resolves_on_lookup_failure" time="0.005" /><testcase classname="tests.test_commit_boundary_2026_09_05" name="test_t_confirm_always_resolves_new_request_falls_through" time="0.004" /><testcase classname="tests.test_commit_boundary_2026_09_05" name="test_t_done_only_post_verify_success_path" time="0.008" /><testcase classname="tests.test_commit_boundary_2026_09_05" name="test_t_factual_claim_not_shown_unverified_failure_path" time="0.008" /><testcase classname="tests.test_commit_boundary_2026_09_05" name="test_t_confirm_bounded_to_verified_terminal_status" time="0.008" /><testcase classname="tests.test_commit_boundary_2026_09_05" name="test_t_turn_always_terminates_on_write_exception" time="0.008" /><testcase classname="tests.test_commit_boundary_2026_09_05" name="test_t_pending_persists_across_turns" time="0.009" /><testcase classname="tests.test_commit_boundary_2026_09_05" name="test_t_confirm_idempotent" time="0.008" /><testcase classname="tests.test_commit_boundary_2026_09_05" name="test_t_ttl_expiry_cancels" time="0.008" /><testcase classname="tests.test_commit_boundary_2026_09_05" name="test_cancel_intent_cancels_active_action" time="0.020" /></testsuite></testsuites>