<?xml version="1.0" encoding="utf-8"?><testsuites><testsuite name="pytest" errors="0" failures="0" skipped="0" tests="9" time="17.155" timestamp="2026-08-24T22:36:27.665763+00:00" hostname="agent-env-00f4b217-af18-4f22-8897-05bbe431b0a7"><testcase classname="tests.test_confidence_checks_audit_2026_01.TestAuthGating" name="test_endpoint_requires_auth" time="0.441" /><testcase classname="tests.test_confidence_checks_audit_2026_01.TestAuthGating" name="test_endpoint_rejects_bad_token" time="0.104" /><testcase classname="tests.test_confidence_checks_audit_2026_01.TestEndpointShape" name="test_returns_expected_shape" time="0.452" /><testcase classname="tests.test_confidence_checks_audit_2026_01.TestEndpointShape" name="test_mismatch_only_filter" time="0.084" /><testcase classname="tests.test_confidence_checks_audit_2026_01.TestEndpointShape" name="test_limit_param_clamped" time="0.088" /><testcase classname="tests.test_confidence_checks_audit_2026_01.TestChatSendAuditWrite" name="test_chat_send_returns_real_response_and_writes_audit" time="13.832" /><testcase classname="tests.test_confidence_checks_audit_2026_01.TestChatStreamAuditWrite" name="test_chat_stream_returns_real_response_and_writes_audit" time="1.792" /><testcase classname="tests.test_confidence_checks_audit_2026_01.TestAdjacentInsightsRegression" name="test_slo_endpoint_still_works" time="0.106" /><testcase classname="tests.test_confidence_checks_audit_2026_01.TestAdjacentInsightsRegression" name="test_cost_alert_endpoint_still_works" time="0.100" /></testsuite></testsuites>