<?xml version="1.0" encoding="utf-8"?><testsuites><testsuite name="pytest" errors="0" failures="0" skipped="0" tests="34" time="68.075" timestamp="2026-08-31T15:18:28.672505+00:00" hostname="agent-env-00f4b217-af18-4f22-8897-05bbe431b0a7"><testcase classname="tests.test_connect_flow_refinement_2026_09_02" name="test_t_already_added_shows_open_existing_project" time="0.060" /><testcase classname="tests.test_connect_flow_refinement_2026_09_02" name="test_already_added_check_is_case_insensitive" time="0.024" /><testcase classname="tests.test_connect_flow_refinement_2026_09_02" name="test_different_repo_not_flagged_as_already_connected" time="0.102" /><testcase classname="tests.test_connect_flow_refinement_2026_09_02" name="test_t_repo_picker_project_isolation" time="0.104" /><testcase classname="tests.test_connect_flow_refinement_2026_09_02" name="test_second_repo_creates_a_separate_project_not_merged" time="0.124" /><testcase classname="tests.test_connect_flow_refinement_2026_09_02" name="test_t_no_12s_blocking_interstitial" time="0.004" /><testcase classname="tests.test_connect_bridge_close_delay_2026_09_01" name="test_bridge_close_delay_is_a_short_beat_not_a_12s_hold" time="0.004" /><testcase classname="tests.test_admin_connect_diagnostic_2026_09_01" name="test_diagnostic_returns_all_named_state" time="0.005" /><testcase classname="tests.test_admin_connect_diagnostic_2026_09_01" name="test_diagnostic_is_read_only_and_scoped" time="0.004" /><testcase classname="tests.test_admin_connect_diagnostic_2026_09_01" name="test_diagnostic_flags_wrong_id_vs_real_but_quiet_account" time="0.004" /><testcase classname="tests.test_onboarding_first_task_nudge_2026_09_01" name="test_build_first_task_nudge_names_one_concrete_task_when_clean" time="0.004" /><testcase classname="tests.test_onboarding_first_task_nudge_2026_09_01" name="test_build_first_task_nudge_names_the_findings_when_present" time="0.004" /><testcase classname="tests.test_onboarding_first_task_nudge_2026_09_01" name="test_t_onboarding_completes_with_first_task_nudge" time="0.004" /><testcase classname="tests.test_onboarding_first_task_nudge_2026_09_01" name="test_nudge_fires_only_once_via_trigger_first_scan_gate" time="0.004" /><testcase classname="tests.test_github_app_project_add.TestGateBranches" name="test_missing_both_returns_400" time="0.080" /><testcase classname="tests.test_github_app_project_add.TestGateBranches" name="test_pat_only_now_rejected" time="0.079" /><testcase classname="tests.test_github_app_project_add.TestGateBranches" name="test_installation_id_happy_path" time="0.132" /><testcase classname="tests.test_github_app_project_add.TestGateBranches" name="test_installation_not_owned_by_user" time="0.061" /><testcase classname="tests.test_github_app_project_add.TestGateBranches" name="test_installation_inactive" time="0.078" /><testcase classname="tests.test_github_app_project_add.TestGateBranches" name="test_installation_no_repo_access" time="0.172" /><testcase classname="tests.test_github_app_project_add.TestGateBranches" name="test_both_provided_installation_wins" time="0.092" /><testcase classname="tests.test_github_app_project_add.TestGetRepoToken" name="test_legacy_row_no_auth_method_raises_missing" time="0.036" /><testcase classname="tests.test_github_app_project_add.TestGetRepoToken" name="test_explicit_pat_method_raises_missing" time="0.081" /><testcase classname="tests.test_github_app_project_add.TestGetRepoToken" name="test_github_app_method_mints_fresh" time="0.094" /><testcase classname="tests.test_github_app_project_add.TestGetRepoToken" name="test_github_app_no_installation_id_raises_missing" time="0.119" /><testcase classname="tests.test_github_app_project_add.TestGetRepoToken" name="test_pat_method_no_token_raises_missing" time="0.026" /><testcase classname="tests.test_github_app_project_add.TestGetRepoToken" name="test_empty_project_raises_missing" time="0.047" /><testcase classname="tests.test_github_app_project_add.TestGetRepoToken" name="test_github_app_revoked_installation_raises_revoked" time="0.151" /><testcase classname="tests.test_business_owner_gates_2026_08_31" name="test_gate1_business_owner_flow" time="41.964" /><testcase classname="tests.test_business_owner_gates_2026_08_31" name="test_gate2_design_ask[can you redesign our brand identity?]" time="3.808" /><testcase classname="tests.test_business_owner_gates_2026_08_31" name="test_gate2_design_ask[our site looks dated \u2014 can you modernize it?]" time="7.531" /><testcase classname="tests.test_business_owner_gates_2026_08_31" name="test_gate3_self_repair[the approve button isn't showing]" time="2.474" /><testcase classname="tests.test_business_owner_gates_2026_08_31" name="test_gate3_self_repair[I clicked it and nothing happened, and you keep saying try again \u2014 what do I even try?]" time="0.275" /><testcase classname="tests.test_business_owner_gates_2026_08_31" name="test_regression_casual_hello_still_works" time="9.714" /></testsuite></testsuites>