<?xml version="1.0" encoding="utf-8"?><testsuites><testsuite name="pytest" errors="0" failures="0" skipped="0" tests="3" time="1.441" timestamp="2026-08-24T21:35:53.805152+00:00" hostname="agent-env-00f4b217-af18-4f22-8897-05bbe431b0a7"><testcase classname="tests.test_cost_alert_and_cookie_batch_2026_01.TestCostAlertEndpoint" name="test_requires_auth" time="0.417" /><testcase classname="tests.test_cost_alert_and_cookie_batch_2026_01.TestCostAlertEndpoint" name="test_response_shape" time="0.673" /><testcase classname="tests.test_cost_alert_and_cookie_batch_2026_01.TestSLORegression" name="test_slo_endpoint" time="0.193" /></testsuite></testsuites>