<?xml version="1.0" encoding="utf-8"?><testsuites><testsuite name="pytest" errors="0" failures="2" skipped="0" tests="295" time="53.825" timestamp="2026-09-01T03:38:12.868059+00:00" hostname="agent-env-00f4b217-af18-4f22-8897-05bbe431b0a7"><testcase classname="tests.test_phase2c_cto_projects_router.TestPureHelpers" name="test_parse_repo_valid_url" time="0.006" /><testcase classname="tests.test_phase2c_cto_projects_router.TestPureHelpers" name="test_parse_repo_trailing_slash_and_git_suffix" time="0.004" /><testcase classname="tests.test_phase2c_cto_projects_router.TestPureHelpers" name="test_parse_repo_bad_url_raises_400" time="0.004" /><testcase classname="tests.test_phase2c_cto_projects_router.TestPureHelpers" name="test_frontend_subset_keeps_allowed_extensions" time="0.003" /><testcase classname="tests.test_phase2c_cto_projects_router.TestPureHelpers" name="test_frontend_subset_keeps_env_example_special_case" time="0.003" /><testcase classname="tests.test_phase2c_cto_projects_router.TestPureHelpers" name="test_frontend_subset_drops_oversized_body" time="0.003" /><testcase classname="tests.test_phase2c_cto_projects_router.TestPureHelpers" name="test_frontend_subset_caps_at_12_files" time="0.003" /><testcase classname="tests.test_phase2c_cto_projects_router.TestPureHelpers" name="test_frontend_subset_skips_non_string_body" time="0.003" /><testcase classname="tests.test_phase2c_cto_projects_router.TestPureHelpers" name="test_browse_keep_path_empty_path_false" time="0.003" /><testcase classname="tests.test_phase2c_cto_projects_router.TestPureHelpers" name="test_browse_keep_path_skips_skip_dirs" time="0.003" /><testcase classname="tests.test_phase2c_cto_projects_router.TestPureHelpers" name="test_browse_keep_path_skips_binary_ext" time="0.003" /><testcase classname="tests.test_phase2c_cto_projects_router.TestPureHelpers" name="test_browse_keep_path_skips_oversized" time="0.003" /><testcase classname="tests.test_phase2c_cto_projects_router.TestPureHelpers" name="test_browse_keep_path_normal_file_true" time="0.003" /><testcase classname="tests.test_phase2c_cto_projects_router.TestPureHelpers" name="test_classify_phase_read" time="0.004" /><testcase classname="tests.test_phase2c_cto_projects_router.TestPureHelpers" name="test_classify_phase_think" time="0.003" /><testcase classname="tests.test_phase2c_cto_projects_router.TestPureHelpers" name="test_classify_phase_write" time="0.004" /><testcase classname="tests.test_phase2c_cto_projects_router.TestPureHelpers" name="test_classify_phase_verify" time="0.003" /><testcase classname="tests.test_phase2c_cto_projects_router.TestPureHelpers" name="test_classify_phase_commit" time="0.003" /><testcase classname="tests.test_phase2c_cto_projects_router.TestPureHelpers" name="test_classify_phase_none_for_unrecognized" time="0.004" /><testcase classname="tests.test_phase2c_cto_projects_router.TestPureHelpers" name="test_looks_truncated_empty_body" time="0.004" /><testcase classname="tests.test_phase2c_cto_projects_router.TestPureHelpers" name="test_looks_truncated_placeholder_pattern" time="0.003" /><testcase classname="tests.test_phase2c_cto_projects_router.TestPureHelpers" name="test_looks_truncated_short_codey_file" time="0.003" /><testcase classname="tests.test_phase2c_cto_projects_router.TestPureHelpers" name="test_looks_truncated_normal_file_returns_none" time="0.003" /><testcase classname="tests.test_phase2c_cto_projects_router.TestPureHelpers" name="test_hallucination_reasons_new_file_allowed" time="0.003" /><testcase classname="tests.test_phase2c_cto_projects_router.TestPureHelpers" name="test_hallucination_reasons_short_original_skipped" time="0.003" /><testcase classname="tests.test_phase2c_cto_projects_router.TestPureHelpers" name="test_hallucination_reasons_high_keep_ratio_no_flag" time="0.003" /><testcase classname="tests.test_phase2c_cto_projects_router.TestPureHelpers" name="test_hallucination_reasons_low_keep_ratio_flags" time="0.003" /><testcase classname="tests.test_phase2c_cto_projects_router.TestRetryHelper" name="test_retry_succeeds_first_try" time="0.004" /><testcase classname="tests.test_phase2c_cto_projects_router.TestRetryHelper" name="test_retry_exhausts_and_raises_last_exception" time="0.008" /><testcase classname="tests.test_phase2c_cto_projects_router.TestRetryHelper" name="test_retry_succeeds_on_second_attempt" time="0.005" /><testcase classname="tests.test_phase2c_cto_projects_router.TestLogAndSetStatus" name="test_log_no_db_still_emits" time="0.004" /><testcase classname="tests.test_phase2c_cto_projects_router.TestLogAndSetStatus" name="test_log_persists_step_and_phase" time="0.004" /><testcase classname="tests.test_phase2c_cto_projects_router.TestLogAndSetStatus" name="test_set_status_no_db_noop" time="0.004" /><testcase classname="tests.test_phase2c_cto_projects_router.TestLogAndSetStatus" name="test_set_status_failed_runs_translator" time="0.006" /><testcase classname="tests.test_phase2c_cto_projects_router.TestLogAndSetStatus" name="test_set_status_translator_crash_swallowed" time="0.005" /><testcase classname="tests.test_phase2c_cto_projects_router.TestListRemoveIndexingVerifyPat" name="test_list_projects_hides_token_adds_has_pat" time="0.028" /><testcase classname="tests.test_phase2c_cto_projects_router.TestListRemoveIndexingVerifyPat" name="test_list_projects_unauthenticated" time="0.023" /><testcase classname="tests.test_phase2c_cto_projects_router.TestListRemoveIndexingVerifyPat" name="test_remove_project_deletes_owned_row" time="0.022" /><testcase classname="tests.test_phase2c_cto_projects_router.TestListRemoveIndexingVerifyPat" name="test_indexing_status_not_found" time="0.022" /><testcase classname="tests.test_phase2c_cto_projects_router.TestListRemoveIndexingVerifyPat" name="test_indexing_status_found" time="0.023" /><testcase classname="tests.test_phase2c_cto_projects_router.TestListRemoveIndexingVerifyPat" name="test_verify_pat_always_rejects" time="0.023" /><testcase classname="tests.test_phase2c_cto_projects_router.TestCheckProjectPat" name="test_project_not_found" time="0.022" /><testcase classname="tests.test_phase2c_cto_projects_router.TestCheckProjectPat" name="test_missing_token_returns_missing_state" time="0.025" /><testcase classname="tests.test_phase2c_cto_projects_router.TestCheckProjectPat" name="test_valid_token_200" time="0.046" /><testcase classname="tests.test_phase2c_cto_projects_router.TestCheckProjectPat" name="test_expired_token_403" time="0.044" /><testcase classname="tests.test_phase2c_cto_projects_router.TestCheckProjectPat" name="test_network_error_returns_unknown" time="0.044" /><testcase classname="tests.test_phase2c_cto_projects_router.TestCheckProjectPat" name="test_other_status_returns_unknown" time="0.073" /><testcase classname="tests.test_phase2c_cto_projects_router.TestBrainEndpoints" name="test_build_brain_project_not_found" time="0.024" /><testcase classname="tests.test_phase2c_cto_projects_router.TestBrainEndpoints" name="test_build_brain_auth_error" time="0.025" /><testcase classname="tests.test_phase2c_cto_projects_router.TestBrainEndpoints" name="test_build_brain_success" time="0.038" /><testcase classname="tests.test_phase2c_cto_projects_router.TestBrainEndpoints" name="test_get_brain_not_found" time="0.024" /><testcase classname="tests.test_phase2c_cto_projects_router.TestBrainEndpoints" name="test_get_brain_exists_false_when_no_brain" time="0.023" /><testcase classname="tests.test_phase2c_cto_projects_router.TestBrainEndpoints" name="test_get_brain_exists_true_with_summary" time="0.024" /><testcase classname="tests.test_phase2c_cto_projects_router.TestBrainEndpoints" name="test_build_brain_missing_repo_config" time="0.023" /><testcase classname="tests.test_phase2c_cto_projects_router.TestTestProjectPat" name="test_not_found" time="0.021" /><testcase classname="tests.test_phase2c_cto_projects_router.TestTestProjectPat" name="test_no_repo_configured" time="0.023" /><testcase classname="tests.test_phase2c_cto_projects_router.TestTestProjectPat" name="test_auth_error_raises_403" time="0.024" /><testcase classname="tests.test_phase2c_cto_projects_router.TestTestProjectPat" name="test_success_200" time="0.044" /><testcase classname="tests.test_phase2c_cto_projects_router.TestTestProjectPat" name="test_rejected_credentials_401" time="0.045" /><testcase classname="tests.test_phase2c_cto_projects_router.TestTestProjectPat" name="test_repo_not_found_404_status" time="0.045" /><testcase classname="tests.test_phase2c_cto_projects_router.TestTestProjectPat" name="test_network_error" time="0.044" /><testcase classname="tests.test_phase2c_cto_projects_router.TestTestProjectPat" name="test_no_token_no_auth_error" time="0.023" /><testcase classname="tests.test_phase2c_cto_projects_router.TestTestProjectPat" name="test_bad_json_response_still_ok" time="0.080" /><testcase classname="tests.test_phase2c_cto_projects_router.TestTestProjectPat" name="test_other_status_code" time="0.046" /><testcase classname="tests.test_phase2c_cto_projects_router.TestTreeAndFile" name="test_tree_not_found" time="0.023" /><testcase classname="tests.test_phase2c_cto_projects_router.TestTreeAndFile" name="test_tree_auth_error_403" time="0.027" /><testcase classname="tests.test_phase2c_cto_projects_router.TestTreeAndFile" name="test_tree_not_connected_400" time="0.024" /><testcase classname="tests.test_phase2c_cto_projects_router.TestTreeAndFile" name="test_tree_success_sorted_and_filtered" time="0.043" /><testcase classname="tests.test_phase2c_cto_projects_router.TestTreeAndFile" name="test_tree_github_404_branch" time="0.047" /><testcase classname="tests.test_phase2c_cto_projects_router.TestTreeAndFile" name="test_tree_401_invalid_pat" time="0.052" /><testcase classname="tests.test_phase2c_cto_projects_router.TestTreeAndFile" name="test_tree_network_error_502" time="0.045" /><testcase classname="tests.test_phase2c_cto_projects_router.TestTreeAndFile" name="test_file_not_found" time="0.022" /><testcase classname="tests.test_phase2c_cto_projects_router.TestTreeAndFile" name="test_file_auth_error_403" time="0.025" /><testcase classname="tests.test_phase2c_cto_projects_router.TestTreeAndFile" name="test_file_not_connected_400" time="0.024" /><testcase classname="tests.test_phase2c_cto_projects_router.TestTreeAndFile" name="test_file_invalid_path_traversal" time="0.023" /><testcase classname="tests.test_phase2c_cto_projects_router.TestTreeAndFile" name="test_file_success" time="0.024" /><testcase classname="tests.test_phase2c_cto_projects_router.TestTreeAndFile" name="test_file_not_found_on_github" time="0.024" /><testcase classname="tests.test_phase2c_cto_projects_router.TestTreeAndFile" name="test_file_fetch_exception_502" time="0.026" /><testcase classname="tests.test_phase2c_cto_projects_router.TestTreeAndFile" name="test_file_truncated_when_oversized" time="0.064" /><testcase classname="tests.test_phase2c_cto_projects_router.TestUpdateProject" name="test_nothing_to_update" time="0.025" /><testcase classname="tests.test_phase2c_cto_projects_router.TestUpdateProject" name="test_pat_rejected" time="0.024" /><testcase classname="tests.test_phase2c_cto_projects_router.TestUpdateProject" name="test_not_found" time="0.023" /><testcase classname="tests.test_phase2c_cto_projects_router.TestUpdateProject" name="test_success_updates_branch" time="0.029" /><testcase classname="tests.test_phase2c_cto_projects_router.TestUpdateProject" name="test_installation_id_sets_auth_method" time="0.028" /><testcase classname="tests.test_phase2c_cto_projects_router.TestUpdateProject" name="test_success_swallows_cache_invalidation_errors" time="0.024" /><testcase classname="tests.test_phase2c_cto_projects_router.TestAddProject" name="test_bad_github_url" time="0.024" /><testcase classname="tests.test_phase2c_cto_projects_router.TestAddProject" name="test_neither_pat_nor_installation_id" time="0.028" /><testcase classname="tests.test_phase2c_cto_projects_router.TestAddProject" name="test_pat_provided_rejected" time="0.024" /><testcase classname="tests.test_phase2c_cto_projects_router.TestAddProject" name="test_installation_not_linked_to_account" time="0.023" /><testcase classname="tests.test_phase2c_cto_projects_router.TestAddProject" name="test_installation_no_repo_access" time="0.026" /><testcase classname="tests.test_phase2c_cto_projects_router.TestAddProject" name="test_installation_token_rejected" time="0.024" /><testcase classname="tests.test_phase2c_cto_projects_router.TestAddProject" name="test_installation_probe_other_status_502" time="0.024" /><testcase classname="tests.test_phase2c_cto_projects_router.TestAddProject" name="test_installation_probe_network_error" time="0.024" /><testcase classname="tests.test_phase2c_cto_projects_router.TestAddProject" name="test_success_via_installation" time="0.406" /><testcase classname="tests.test_phase2c_cto_projects_router.TestAddProject" name="test_indexing_scheduler_exception_swallowed" time="0.028" /><testcase classname="tests.test_phase2c_cto_projects_router.TestSubmitTask" name="test_rate_limited" time="0.026" /><testcase classname="tests.test_phase2c_cto_projects_router.TestSubmitTask" name="test_maxx_mode_locked_for_free_tier" time="0.024" /><testcase classname="tests.test_phase2c_cto_projects_router.TestSubmitTask" name="test_success_queues_task" time="0.038" /><testcase classname="tests.test_phase2c_cto_projects_router.TestSubmitTask" name="test_project_not_found_defense_in_depth" time="0.025" /><testcase classname="tests.test_phase2c_cto_projects_router.TestSubmitTask" name="test_founder_bypasses_rate_limit" time="0.025" /><testcase classname="tests.test_phase2c_cto_projects_router.TestRollbackTask" name="test_bad_confirm_string" time="0.023" /><testcase classname="tests.test_phase2c_cto_projects_router.TestRollbackTask" name="test_task_not_found" time="0.022" /><testcase classname="tests.test_phase2c_cto_projects_router.TestRollbackTask" name="test_wrong_status" time="0.023" /><testcase classname="tests.test_phase2c_cto_projects_router.TestRollbackTask" name="test_no_commit_sha" time="0.055" /><testcase classname="tests.test_phase2c_cto_projects_router.TestRollbackTask" name="test_already_rolled_back" time="0.022" /><testcase classname="tests.test_phase2c_cto_projects_router.TestRollbackTask" name="test_rollback_in_progress" time="0.023" /><testcase classname="tests.test_phase2c_cto_projects_router.TestRollbackTask" name="test_previous_rollback_failed" time="0.023" /><testcase classname="tests.test_phase2c_cto_projects_router.TestRollbackTask" name="test_parent_project_not_found" time="0.022" /><testcase classname="tests.test_phase2c_cto_projects_router.TestRollbackTask" name="test_auth_error_403" time="0.024" /><testcase classname="tests.test_phase2c_cto_projects_router.TestRollbackTask" name="test_success_queues_rollback" time="0.025" /><testcase classname="tests.test_phase2c_cto_projects_router.TestGetTaskAndScanAndProjectTasks" name="test_get_task_not_found" time="0.023" /><testcase classname="tests.test_phase2c_cto_projects_router.TestGetTaskAndScanAndProjectTasks" name="test_get_task_found" time="0.022" /><testcase classname="tests.test_phase2c_cto_projects_router.TestGetTaskAndScanAndProjectTasks" name="test_get_task_personal_track_strips_diff" time="0.024" /><testcase classname="tests.test_phase2c_cto_projects_router.TestGetTaskAndScanAndProjectTasks" name="test_get_task_scan_not_found" time="0.023" /><testcase classname="tests.test_phase2c_cto_projects_router.TestGetTaskAndScanAndProjectTasks" name="test_get_task_scan_found_no_scan" time="0.022" /><testcase classname="tests.test_phase2c_cto_projects_router.TestGetTaskAndScanAndProjectTasks" name="test_project_tasks_empty" time="0.023" /><testcase classname="tests.test_phase2c_cto_projects_router.TestGetTaskAndScanAndProjectTasks" name="test_project_tasks_returns_rows" time="0.023" /><testcase classname="tests.test_phase2c_cto_projects_router.TestTaskStream" name="test_not_found" time="0.023" /><testcase classname="tests.test_phase2c_cto_projects_router.TestTaskStream" name="test_already_done_emits_synthetic_handoff_and_done" time="0.022" /><testcase classname="tests.test_phase2c_cto_projects_router.TestTaskStream" name="test_already_failed_emits_fail_frame" time="0.060" /><testcase classname="tests.test_phase2c_cto_projects_router.TestTaskStream" name="test_live_queue_frame_forwarded_immediately" time="0.023" /><testcase classname="tests.test_phase2c_cto_projects_router.TestRetryTask" name="test_not_found" time="0.023" /><testcase classname="tests.test_phase2c_cto_projects_router.TestRetryTask" name="test_wrong_status" time="0.024" /><testcase classname="tests.test_phase2c_cto_projects_router.TestRetryTask" name="test_parent_project_not_found" time="0.024" /><testcase classname="tests.test_phase2c_cto_projects_router.TestRetryTask" name="test_auth_error_403" time="0.023" /><testcase classname="tests.test_phase2c_cto_projects_router.TestRetryTask" name="test_success_carries_failure_context" time="0.025" /><testcase classname="tests.test_phase2c_cto_projects_router.TestWarmStart" name="test_project_not_found" time="0.023" /><testcase classname="tests.test_phase2c_cto_projects_router.TestWarmStart" name="test_auth_error_403" time="0.023" /><testcase classname="tests.test_phase2c_cto_projects_router.TestWarmStart" name="test_no_token_skips_warm_start" time="0.023" /><testcase classname="tests.test_phase2c_cto_projects_router.TestWarmStart" name="test_success_creates_job" time="0.024" /><testcase classname="tests.test_phase2c_cto_projects_router.TestWarmStart" name="test_run_warm_agents_all_succeed" time="0.029" /><testcase classname="tests.test_phase2c_cto_projects_router.TestWarmStart" name="test_run_warm_agents_agent_exception_still_marks_done" time="0.027" /><testcase classname="tests.test_phase2c_cto_projects_router.TestWarmStart" name="test_run_warm_agents_timeout_still_marks_done" time="0.007" /><testcase classname="tests.test_phase2c_cto_projects_router.TestWarmStart" name="test_run_warm_agents_outer_crash_marks_job_failed" time="0.006" /><testcase classname="tests.test_phase2c_cto_projects_router.TestWarmStart" name="test_run_warm_agents_mark_done_db_error_swallowed" time="0.030" /><testcase classname="tests.test_phase2c_cto_projects_router.TestGraphEndpoints" name="test_build_graph_not_found" time="0.024" /><testcase classname="tests.test_phase2c_cto_projects_router.TestGraphEndpoints" name="test_build_graph_auth_error" time="0.024" /><testcase classname="tests.test_phase2c_cto_projects_router.TestGraphEndpoints" name="test_build_graph_not_connected" time="0.024" /><testcase classname="tests.test_phase2c_cto_projects_router.TestGraphEndpoints" name="test_build_graph_success" time="0.023" /><testcase classname="tests.test_phase2c_cto_projects_router.TestGraphEndpoints" name="test_get_graph_not_built" time="0.064" /><testcase classname="tests.test_phase2c_cto_projects_router.TestGraphEndpoints" name="test_get_graph_ready" time="0.024" /><testcase classname="tests.test_phase2c_cto_projects_router.TestGraphEndpoints" name="test_get_graph_full" time="0.023" /><testcase classname="tests.test_phase2c_cto_projects_router.TestGraphEndpoints" name="test_build_mermaid_failure" time="0.025" /><testcase classname="tests.test_phase2c_cto_projects_router.TestGraphEndpoints" name="test_build_mermaid_success" time="0.024" /><testcase classname="tests.test_phase2c_cto_projects_router.TestGraphEndpoints" name="test_graph_tour_not_built" time="0.023" /><testcase classname="tests.test_phase2c_cto_projects_router.TestGraphEndpoints" name="test_graph_tour_success" time="0.024" /><testcase classname="tests.test_phase2c_cto_projects_router.TestGraphEndpoints" name="test_graph_tour_caps_at_12_steps" time="0.024" /><testcase classname="tests.test_phase2c_cto_projects_router.TestGraphEndpoints" name="test_search_graph_not_built" time="0.024" /><testcase classname="tests.test_phase2c_cto_projects_router.TestGraphEndpoints" name="test_search_graph_empty_query" time="0.023" /><testcase classname="tests.test_phase2c_cto_projects_router.TestGraphEndpoints" name="test_search_graph_scores_and_sorts" time="0.024" /><testcase classname="tests.test_phase2c_cto_projects_router.TestGraphEndpoints" name="test_search_graph_endswith_and_symbol_matches" time="0.023" /><testcase classname="tests.test_phase2c_cto_projects_router.TestGraphEndpoints" name="test_search_graph_endswith_query_matches" time="0.023" /><testcase classname="tests.test_phase2c_cto_projects_router.TestGraphEndpoints" name="test_graph_impact_no_files" time="0.024" /><testcase classname="tests.test_phase2c_cto_projects_router.TestGraphEndpoints" name="test_graph_impact_not_built" time="0.024" /><testcase classname="tests.test_phase2c_cto_projects_router.TestGraphEndpoints" name="test_graph_impact_success" time="0.023" /><testcase classname="tests.test_phase2c_cto_projects_router.TestGraphEndpoints" name="test_graph_impact_caps_at_50" time="0.063" /><testcase classname="tests.test_phase2c_cto_projects_router.TestGraphEndpoints" name="test_warm_start_status_not_found" time="0.023" /><testcase classname="tests.test_phase2c_cto_projects_router.TestGraphEndpoints" name="test_warm_start_status_success" time="0.022" /><testcase classname="tests.test_phase2c_cto_projects_router.TestEnqueueCtoTask" name="test_no_db_returns_reason" time="0.004" /><testcase classname="tests.test_phase2c_cto_projects_router.TestEnqueueCtoTask" name="test_no_project_returns_reason" time="0.004" /><testcase classname="tests.test_phase2c_cto_projects_router.TestEnqueueCtoTask" name="test_no_pat_marks_task_failed" time="0.004" /><testcase classname="tests.test_phase2c_cto_projects_router.TestEnqueueCtoTask" name="test_success_enqueues_task" time="0.004" /><testcase classname="tests.test_phase2c_cto_projects_router.TestEnqueueCtoTask" name="test_success_with_background_tasks_arg" time="0.006" /><testcase classname="tests.test_phase2c_cto_projects_router.TestEnqueueCtoTask" name="test_falls_back_to_most_recent_project" time="0.005" /><testcase classname="tests.test_phase2c_cto_projects_router.TestRollbackWorkers" name="test_rollback_log_no_db_noop" time="0.004" /><testcase classname="tests.test_phase2c_cto_projects_router.TestRollbackWorkers" name="test_rollback_via_api_success" time="0.006" /><testcase classname="tests.test_phase2c_cto_projects_router.TestRollbackWorkers" name="test_rollback_via_api_failure_scrubs_token" time="0.006" /><testcase classname="tests.test_phase2c_cto_projects_router.TestRollbackWorkers" name="test_rollback_with_git_success" time="0.006" /><testcase classname="tests.test_phase2c_cto_projects_router.TestRollbackWorkers" name="test_rollback_with_git_clone_failure" time="0.005" /><testcase classname="tests.test_phase2c_cto_projects_router.TestRollbackWorkers" name="test_rollback_with_git_retries_without_merge_flag" time="0.004" /><testcase classname="tests.test_phase2c_cto_projects_router.TestRollbackWorkers" name="test_rollback_with_git_revert_fails_both_attempts" time="0.004" /><testcase classname="tests.test_phase2c_cto_projects_router.TestRollbackWorkers" name="test_rollback_with_git_push_fails" time="0.005" /><testcase classname="tests.test_phase2c_cto_projects_router.TestRollbackWorkers" name="test_rollback_with_git_no_token_scrub_returns_empty" time="0.004" /><testcase classname="tests.test_phase2c_cto_projects_router.TestRollbackWorkers" name="test_run_rollback_dispatches_to_git_path" time="0.005" /><testcase classname="tests.test_phase2c_cto_projects_router.TestRollbackWorkers" name="test_run_rollback_dispatches_to_api_path" time="0.005" /><testcase classname="tests.test_phase2c_cto_projects_router.TestMiscHelpers" name="test_sh_runs_real_subprocess" time="0.010" /><testcase classname="tests.test_phase2c_cto_projects_router.TestMiscHelpers" name="test_load_design_system_missing_file_degrades_gracefully" time="0.005" /><testcase classname="tests.test_phase2c_cto_projects_router.TestMiscHelpers" name="test_run_task_dispatches_to_git_path" time="0.005" /><testcase classname="tests.test_phase2c_cto_projects_router.TestMiscHelpers" name="test_run_task_dispatches_to_api_path" time="0.005" /><testcase classname="tests.test_phase2c_cto_projects_router.TestMiscHelpers" name="test_get_repo_token_delegates_to_pat_vault" time="0.004" /><testcase classname="tests.test_phase2c_cto_projects_router.TestMiscHelpers" name="test_run_project_indexing_success" time="0.005" /><testcase classname="tests.test_phase2c_cto_projects_router.TestMiscHelpers" name="test_run_project_indexing_failure" time="0.005" /><testcase classname="tests.test_phase2c_cto_projects_router.TestMiscHelpers" name="test_emit_no_task_id_noop" time="0.004" /><testcase classname="tests.test_phase2c_cto_projects_router.TestMiscHelpers" name="test_emit_pushes_frame" time="0.004" /><testcase classname="tests.test_phase2c_cto_projects_router.TestMiscHelpers" name="test_emit_drops_oldest_when_full" time="0.004" /><testcase classname="tests.test_iter_vanguard_autofix_and_admin_chat" name="test_vanguard_autofix_present_in_run_task_via_api" time="0.006" /><testcase classname="tests.test_iter_vanguard_autofix_and_admin_chat" name="test_vanguard_autofix_uses_classify_error_upstream_regression" time="0.006" /><testcase classname="tests.test_iter_vanguard_autofix_and_admin_chat" name="test_run_task_with_git_verify_patch_parity" time="0.007" /><testcase classname="tests.test_iter_vanguard_autofix_and_admin_chat" name="test_run_task_with_git_autofix_full_parity_shape" time="0.006" /><testcase classname="tests.test_iter_vanguard_autofix_and_admin_chat" name="test_shape_vanguard_findings_uses_real_findings_on_git_path" time="0.006" /><testcase classname="tests.test_iter_vanguard_autofix_and_admin_chat" name="test_iter378_regressions_intact" time="0.004" /><testcase classname="tests.test_iter_vanguard_autofix_and_admin_chat" name="test_git_available_in_this_environment" time="0.003" /><testcase classname="tests.test_iter_vanguard_autofix_and_admin_chat" name="test_chat_mode_d_exception_uses_classify_error" time="0.004" /><testcase classname="tests.test_iter_vanguard_autofix_and_admin_chat" name="test_admin_list_chat_sessions_requires_auth" time="0.029" /><testcase classname="tests.test_iter_vanguard_autofix_and_admin_chat" name="test_admin_get_chat_session_requires_auth" time="0.030" /><testcase classname="tests.test_iter_vanguard_autofix_and_admin_chat" name="test_admin_list_chat_sessions_shape" time="0.299" /><testcase classname="tests.test_iter_vanguard_autofix_and_admin_chat" name="test_admin_get_chat_session_404_for_unknown" time="0.036" /><testcase classname="tests.test_iter_vanguard_autofix_and_admin_chat" name="test_admin_get_chat_session_shape_when_present" time="0.065" /><testcase classname="tests.test_iter_vanguard_autofix_and_admin_chat" name="test_admin_endpoints_registered_at_public_url" time="0.338" /><testcase classname="tests.test_iter57_repo_context_and_brain_memory" name="test_repo_context_wrap_mandates_tool_use_for_non_inlined_files" time="0.004" /><testcase classname="tests.test_iter57_repo_context_and_brain_memory" name="test_repo_context_wrap_still_includes_tree_and_inlined" time="0.004" /><testcase classname="tests.test_iter57_repo_context_and_brain_memory" name="test_brain_context_includes_recent_commits" time="0.008" /><testcase classname="tests.test_iter57_repo_context_and_brain_memory" name="test_brain_context_clamps_long_commit_lists" time="0.004" /><testcase classname="tests.test_iter57_repo_context_and_brain_memory" name="test_brain_context_handles_no_events" time="0.003" /><testcase classname="tests.test_iter57_repo_context_and_brain_memory" name="test_chat_router_injects_brain_context" time="0.005" /><testcase classname="tests.test_iter57_repo_context_and_brain_memory" name="test_git_path_worker_updates_brain" time="0.005" /><testcase classname="tests.resilience.test_cto_task_lock_regression.TestSourceNoLongerHasTheContractViolation" name="test_no_dict_shaped_get_on_iterated_edits_key" time="0.004" /><testcase classname="tests.resilience.test_cto_task_lock_regression.TestTestFileLockBehaviorAfterFix" name="test_no_test_files_touched_when_edits_are_all_source_files" time="0.004" /><testcase classname="tests.resilience.test_cto_task_lock_regression.TestTestFileLockBehaviorAfterFix" name="test_test_file_touched_is_detected_without_crashing" time="0.004" /><testcase classname="tests.resilience.test_cto_task_lock_regression.TestTestFileLockBehaviorAfterFix" name="test_paths_list_built_from_touched_needs_no_get_call" time="0.003" /><testcase classname="tests.resilience.test_cto_task_lock_regression.TestTestFileLockBehaviorAfterFix" name="test_is_test_or_fixture_rejects_empty_string_safely" time="0.004" /><testcase classname="tests.test_h3_b1_direct_task_pin_2026_08_30" name="test_t_direct_ship_pin_mismatch_aborts" time="4.668" /><testcase classname="tests.test_h3_b1_direct_task_pin_2026_08_30" name="test_t_direct_ship_pin_matches_context" time="0.009" /><testcase classname="tests.test_h3_b1_direct_task_pin_2026_08_30" name="test_t_direct_ship_clears_not_connected" time="0.007" /><testcase classname="tests.test_sensitive_path_guard_2026_08_27.TestSensitivePathMatchingSpotCheck" name="test_exact_sensitive_basenames_matched" time="0.004" /><testcase classname="tests.test_sensitive_path_guard_2026_08_27.TestSensitivePathMatchingSpotCheck" name="test_github_workflows_prefix_matched" time="0.004" /><testcase classname="tests.test_sensitive_path_guard_2026_08_27.TestSensitivePathMatchingSpotCheck" name="test_admin_segment_matched" time="0.004" /><testcase classname="tests.test_sensitive_path_guard_2026_08_27.TestSensitivePathMatchingSpotCheck" name="test_no_false_positive_on_lookalikes" time="0.004" /><testcase classname="tests.test_sensitive_path_guard_2026_08_27.TestSensitivePathMatchingSpotCheck" name="test_find_returns_only_sensitive" time="0.003" /><testcase classname="tests.test_sensitive_path_guard_2026_08_27.TestRunTaskViaApiSensitiveBlocked" name="test_edit_targeting_auth_py_is_blocked_with_security_sensitive_error" time="4.916" /><testcase classname="tests.test_sensitive_path_guard_2026_08_27.TestRunTaskViaApiSensitiveBlocked" name="test_edit_targeting_github_workflows_is_blocked" time="4.590" /><testcase classname="tests.test_sensitive_path_guard_2026_08_27.TestRunTaskViaApiSensitiveBlocked" name="test_allow_flag_overrides_block" time="8.152" /><testcase classname="tests.test_sensitive_path_guard_2026_08_27.TestRunTaskViaApiNormalFileUnaffected" name="test_edit_targeting_readme_is_not_blocked_by_guard" time="12.768" /><testcase classname="tests.test_sensitive_path_guard_2026_08_27.TestRunTaskWithGitSensitiveBlocked" name="test_git_path_blocks_payments_py_edit" time="3.901" /><testcase classname="tests.test_checkpoint_resume_2026_08_27.TestRetryResumeCheckpoint" name="test_fresh_pending_edits_triggers_resume" time="0.030" /><testcase classname="tests.test_checkpoint_resume_2026_08_27.TestRetryResumeCheckpoint" name="test_stale_pending_edits_falls_through_to_fresh_regen" time="0.026" /><testcase classname="tests.test_checkpoint_resume_2026_08_27.TestRetryResumeCheckpoint" name="test_no_pending_edits_falls_through_normally" time="0.026" /><testcase classname="tests.test_checkpoint_resume_2026_08_27.TestRetryResumeCheckpoint" name="test_pending_edits_missing_saved_at_is_ignored" time="0.025" /><testcase classname="tests.test_checkpoint_resume_2026_08_27.TestRetryResumeCheckpoint" name="test_pending_edits_empty_edits_dict_is_ignored" time="0.024" /><testcase classname="tests.test_checkpoint_resume_2026_08_27.TestRetryResumeCheckpoint" name="test_boundary_at_ttl_seconds_still_resumes" time="0.025" /><testcase classname="tests.test_checkpoint_resume_2026_08_27.TestRunTaskDispatcherForwardsResumeEdits" name="test_dispatcher_forwards_to_git_worker_when_available" time="0.005" /><testcase classname="tests.test_checkpoint_resume_2026_08_27.TestRunTaskDispatcherForwardsResumeEdits" name="test_dispatcher_forwards_to_api_worker_when_git_missing" time="0.005" /><testcase classname="tests.test_checkpoint_resume_2026_08_27.TestResumedEditsStillPassThroughVanguard" name="test_ttl_constant_is_15_minutes" time="0.004" /><testcase classname="tests.test_checkpoint_resume_2026_08_27.TestResumedEditsStillPassThroughVanguard" name="test_git_worker_persist_is_after_vanguard_block" time="0.010" /><testcase classname="tests.test_checkpoint_resume_2026_08_27.TestResumedEditsStillPassThroughVanguard" name="test_api_worker_persist_is_after_hallucination_and_vanguard" time="0.016" /><testcase classname="tests.test_checkpoint_resume_2026_08_27.TestResumedEditsStillPassThroughVanguard" name="test_resume_branch_does_not_short_circuit_vanguard" time="0.021" /><testcase classname="tests.test_iter_cto_projects_worker_coverage_2026_08.TestRunTaskViaApiNoPat" name="test_no_user_token_fails_fast_no_codegen_attempted" time="0.005" /><testcase classname="tests.test_iter_cto_projects_worker_coverage_2026_08.TestRunTaskViaApiCodegenFailure" name="test_call_llm_crash_is_caught_and_recorded_as_failed" time="4.463" /><testcase classname="tests.test_iter_cto_projects_worker_coverage_2026_08.TestRunTaskWithGitCloneFailure" name="test_git_clone_failure_is_caught_and_recorded_as_failed" time="0.008" /><testcase classname="tests.test_iter388h_bug1_bug2_fixes" name="test_git_path_edited_files_shape_matches_frontend_contract" time="0.004" /><testcase classname="tests.test_iter388h_bug1_bug2_fixes" name="test_git_path_empty_edits_yields_no_files" time="0.004" /><testcase classname="tests.test_iter388h_bug1_bug2_fixes" name="test_longcat_paired_tool_call_stripped" time="0.003" /><testcase classname="tests.test_iter388h_bug1_bug2_fixes" name="test_longcat_orphan_open_stripped_when_stream_truncated" time="0.004" /><testcase classname="tests.test_iter388h_bug1_bug2_fixes" name="test_other_vendor_prefixes_also_stripped" time="0.004" /><testcase classname="tests.test_iter388h_bug1_bug2_fixes" name="test_plain_prose_untouched" time="0.003" /><testcase classname="tests.test_iter388h_bug1_bug2_fixes" name="test_unprefixed_tool_call_still_stripped" time="0.003" /><testcase classname="tests.test_p0_2026_08_28_commit_files_missing_author_fix.TestCommitFilesAuthorIdentityFix" name="test_resume_edits_ship_resolves_identity_and_commits_clean" time="0.006" /><testcase classname="tests.test_p0_2026_08_28_commit_files_missing_author_fix.TestCommitFilesAuthorIdentityFix" name="test_missing_identity_never_reaches_bare_typeerror" time="3.580" /><testcase classname="tests.test_p0_2026_08_28_commit_files_missing_author_fix.TestInternalCallErrorNeverGoesToLlmTranslator" name="test_internal_call_error_bypasses_llm_rewrite" time="0.005" /><testcase classname="tests.test_p0_2026_08_28_commit_files_missing_author_fix.TestInternalCallErrorNeverGoesToLlmTranslator" name="test_non_internal_error_still_uses_llm_translator" time="0.004" /><testcase classname="tests.test_p0_2026_08_28_commit_files_missing_author_fix.TestRollbackPersonaRecognizesRevertIntent" name="test_revert_rollback_undo_are_recognized_mutation_verbs" time="0.019" /><testcase classname="tests.test_p0_2026_08_28_commit_files_missing_author_fix.TestRollbackPersonaRecognizesRevertIntent" name="test_dedicated_rollback_guidance_section_present" time="0.004" /><testcase classname="tests.test_iter165_brain_v2" name="test_brain_module_exports_v2_contract" time="0.004" /><testcase classname="tests.test_iter165_brain_v2" name="test_brain_version_is_2" time="0.003" /><testcase classname="tests.test_iter165_brain_v2" name="test_full_refresh_default_is_10" time="0.004" /><testcase classname="tests.test_iter165_brain_v2" name="test_format_brain_empty_input_returns_empty_string" time="0.004" /><testcase classname="tests.test_iter165_brain_v2" name="test_format_brain_is_compact_token_budget" time="0.004" /><testcase classname="tests.test_iter165_brain_v2" name="test_update_brain_after_task_handles_missing_db_gracefully" time="0.004" /><testcase classname="tests.test_iter165_brain_v2" name="test_orchestrator_imports_brain_v2_helpers" time="0.004" /><testcase classname="tests.test_iter165_brain_v2" name="test_cto_projects_has_build_brain_endpoint" time="0.004" /><testcase classname="tests.test_iter165_brain_v2" name="test_cto_projects_has_get_brain_endpoint" time="0.005" /><testcase classname="tests.test_iter165_brain_v2" name="test_cto_projects_auto_triggers_brain_build_on_connect" time="0.004" /><testcase classname="tests.test_iter165_brain_v2" name="test_cto_projects_updates_brain_v2_on_api_task_completion" time="0.004" /><testcase classname="tests.test_iter165_brain_v2" name="test_brain_v2_update_uses_correct_user_id_source[async def _run_task_via_api(]" time="0.014" /><testcase classname="tests.test_iter165_brain_v2" name="test_brain_v2_update_uses_correct_user_id_source[async def _run_task_with_git(]" time="0.052" /><testcase classname="tests.test_iter165_brain_v2" name="test_brain_v2_update_actually_proceeds_with_the_real_project_user_id" time="0.005" /><testcase classname="tests.test_iter165_brain_v2" name="test_files_parse_clean[services/project_brain.py]" time="0.009" /><testcase classname="tests.test_iter165_brain_v2" name="test_files_parse_clean[services/orchestrator.py]" time="0.014" /><testcase classname="tests.test_iter165_brain_v2" name="test_files_parse_clean[routers/cto_projects.py]" time="0.029" /><testcase classname="tests.test_iter73_wizard_and_parallel" name="test_new_user_wizard_component_exists" time="0.008"><failure message="assert 'wizard-task-input' in '/**\n * NewUserWizard.jsx — Onboarding wizard for fresh signups (0 projects).\n *\n *   Connect repo → POST /cto/proj...ustifyContent: &quot;center&quot;,\n  gap: 10, marginBottom: 4, transition: &quot;all .2s&quot;,\n  position: &quot;relative&quot;, zIndex: 1,\n};\n'">E   assert 'wizard-task-input' in '/**\n * NewUserWizard.jsx — Onboarding wizard for fresh signups (0 projects).\n *\n *   Connect repo → POST /cto/proj...ustifyContent: "center",\n  gap: 10, marginBottom: 4, transition: "all .2s",\n  position: "relative", zIndex: 1,\n};\n'</failure></testcase><testcase classname="tests.test_iter73_wizard_and_parallel" name="test_wizard_has_inline_github_oauth" time="0.004" /><testcase classname="tests.test_iter73_wizard_and_parallel" name="test_wizard_wired_into_dashboard" time="0.004"><failure message="assert 'isWizardDismissed' in '/**\n * Dashboard.jsx — Iter 212m-82\n *\n * Real /dashboard route — REWRAPPED with the v0 design shell\n * (sidebar-...h { /* ignore */ }\n        _go(&quot;/login&quot;);\n      }}\n      onSettings={() =&gt;     _go(&quot;/settings&quot;)}\n    /&gt;\n  );\n}\n'">E   assert 'isWizardDismissed' in '/**\n * Dashboard.jsx — Iter 212m-82\n *\n * Real /dashboard route — REWRAPPED with the v0 design shell\n * (sidebar-...h { /* ignore */ }\n        _go("/login");\n      }}\n      onSettings={() =&gt;     _go("/settings")}\n    /&gt;\n  );\n}\n'</failure></testcase><testcase classname="tests.test_iter73_wizard_and_parallel" name="test_emit_passes_extra_fields_into_frame" time="0.004" /><testcase classname="tests.test_iter73_wizard_and_parallel" name="test_emit_extra_cannot_overwrite_canonical_fields" time="0.004" /><testcase classname="tests.test_iter73_wizard_and_parallel" name="test_parallel_emit_wired_in_run_task_via_api" time="0.004" /><testcase classname="tests.test_iter73_wizard_and_parallel" name="test_should_parallelize_triggers_for_multi_domain_task" time="0.004" /><testcase classname="tests.test_iter73_wizard_and_parallel" name="test_task_live_tape_handles_parallel_frames" time="0.004" /><testcase classname="tests.test_iter73_wizard_and_parallel" name="test_mini_slide_keyframe_in_index_css" time="0.004" /><testcase classname="tests.test_subscription_tiers" name="test_free_tier_limits" time="0.004" /><testcase classname="tests.test_subscription_tiers" name="test_starter_tier" time="0.004" /><testcase classname="tests.test_subscription_tiers" name="test_pro_tier_capped_at_300" time="0.004" /><testcase classname="tests.test_subscription_tiers" name="test_team_tier_priority" time="0.004" /><testcase classname="tests.test_subscription_tiers" name="test_founder_mirrors_pro" time="0.004" /><testcase classname="tests.test_subscription_tiers" name="test_unknown_tier_defaults_to_free" time="0.004" /><testcase classname="tests.test_subscription_tiers" name="test_usage_module_uses_subscription_tiers" time="0.004" /><testcase classname="tests.test_subscription_tiers" name="test_payment_endpoints_registered" time="0.026" /><testcase classname="tests.test_subscription_tiers" name="test_payments_loads_subscription_tiers" time="0.004" /><testcase classname="tests.test_subscription_tiers" name="test_maxx_mode_gated_in_submit_task" time="0.004" /><testcase classname="tests.test_iter388n_bug67_task_tracking" name="test_usage_module_counts_loop_sessions" time="0.004" /><testcase classname="tests.test_iter388n_bug67_task_tracking" name="test_analytics_module_counts_loop_sessions" time="0.004" /><testcase classname="tests.test_iter388n_bug67_task_tracking" name="test_analytics_success_rate_uses_combined_totals" time="0.003" /><testcase classname="tests.test_iter388n_bug67_task_tracking" name="test_usage_module_still_excludes_failed_tasks_from_meter" time="0.004" /><testcase classname="tests.test_phase2c_cto_projects_router_wave2.TestWarmStartRemainingBranches" name="test_structure_and_stack_post_gather_write_crash_still_marks_done" time="0.029" /><testcase classname="tests.test_phase2c_cto_projects_router_wave2.TestWarmStartRemainingBranches" name="test_bounded_generic_exception_branch_still_marks_done" time="0.005" /><testcase classname="tests.test_phase2c_cto_projects_router_wave2.TestGetTaskTrackCheckCrash" name="test_track_check_crash_is_swallowed_and_task_still_returned" time="0.024" /></testsuite></testsuites>