<?xml version="1.0" encoding="utf-8"?><testsuites><testsuite name="pytest" errors="0" failures="0" skipped="0" tests="14" time="0.434" timestamp="2026-08-23T23:33:55.908265+00:00" hostname="agent-env-00f4b217-af18-4f22-8897-05bbe431b0a7"><testcase classname="tests.test_iter_customer_raw_error_leak_fix" name="test_call_deepseek_non_dict_message_raises_runtime_error" time="0.011" /><testcase classname="tests.test_iter_customer_raw_error_leak_fix" name="test_call_deepseek_direct_non_dict_message_raises_typeerror" time="0.005" /><testcase classname="tests.test_iter_customer_raw_error_leak_fix" name="test_call_deepseek_normal_dict_message_still_works" time="0.004" /><testcase classname="tests.test_iter_customer_raw_error_leak_fix" name="test_failure_signature_stable_across_noise" time="0.004" /><testcase classname="tests.test_iter_customer_raw_error_leak_fix" name="test_failure_signature_hex_normalization" time="0.003" /><testcase classname="tests.test_iter_customer_raw_error_leak_fix" name="test_record_and_check_increments" time="0.004" /><testcase classname="tests.test_iter_customer_raw_error_leak_fix" name="test_record_and_check_never_raises_on_db_error" time="0.004" /><testcase classname="tests.test_iter_customer_raw_error_leak_fix" name="test_classify_error_no_raw_text" time="0.004" /><testcase classname="tests.test_iter_customer_raw_error_leak_fix" name="test_classify_error_returns_human_message_for_malformed" time="0.003" /><testcase classname="tests.test_iter_customer_raw_error_leak_fix" name="test_error_translator_matches_openrouter_malformed" time="0.005" /><testcase classname="tests.test_iter_customer_raw_error_leak_fix" name="test_error_translator_matches_deepseek_direct_malformed" time="0.003" /><testcase classname="tests.test_iter_customer_raw_error_leak_fix" name="test_error_translator_matches_message_shape_msg" time="0.003" /><testcase classname="tests.test_iter_customer_raw_error_leak_fix" name="test_error_translator_existing_rules_still_match" time="0.003" /><testcase classname="tests.test_iter_customer_raw_error_leak_fix" name="test_backend_health" time="0.262" /></testsuite></testsuites>