<?xml version="1.0" encoding="utf-8"?><testsuites><testsuite name="pytest" errors="0" failures="0" skipped="0" tests="46" time="59.758" timestamp="2026-08-31T17:18:47.027440+00:00" hostname="agent-env-00f4b217-af18-4f22-8897-05bbe431b0a7"><testcase classname="tests.test_deploy_readiness_offload_2026_09_02" name="test_get_deploy_readiness_offloads_workspace_state_to_a_thread" time="0.008" /><testcase classname="tests.test_event_loop_not_starved_2026_09_02" name="test_t_event_loop_not_blocked_during_write" time="0.322" /><testcase classname="tests.test_event_loop_not_starved_2026_09_02" name="test_t_multifile_write_does_not_starve_poll" time="1.010" /><testcase classname="tests.test_timeout_diagnosis_2026_09_02" name="test_t_timeout_diagnosed_syntax_gate_blocks_event_loop" time="0.317" /><testcase classname="tests.test_timeout_diagnosis_2026_09_02" name="test_write_repo_file_offloads_syntax_gate_to_a_thread" time="0.007" /><testcase classname="tests.test_no_edit_deadend_guard_2026_09_02" name="test_t_no_edit_codeblock_dead_end" time="0.004" /><testcase classname="tests.test_no_edit_deadend_guard_2026_09_02" name="test_t_general_guard_not_swift_specific" time="0.004" /><testcase classname="tests.test_no_edit_deadend_guard_2026_09_02" name="test_valid_aurem_handoff_fence_is_never_touched" time="0.003" /><testcase classname="tests.test_no_edit_deadend_guard_2026_09_02" name="test_code_block_without_confirm_question_is_untouched" time="0.003" /><testcase classname="tests.test_no_edit_deadend_guard_2026_09_02" name="test_confirm_question_without_codeblock_is_untouched" time="0.003" /><testcase classname="tests.test_mode_auto_escalation_2026_09_02" name="test_t_code_edit_uses_reliable_model" time="0.003" /><testcase classname="tests.test_mode_auto_escalation_2026_09_02" name="test_quick_chat_stays_on_fast_cheap_swift" time="0.003" /><testcase classname="tests.test_mode_auto_escalation_2026_09_02" name="test_pro_and_maxx_users_are_never_touched" time="0.003" /><testcase classname="tests.test_narration_leak_strip_2026_09_02" name="test_t_narration_stripped_parenthetical" time="0.003" /><testcase classname="tests.test_narration_leak_strip_2026_09_02" name="test_t_narration_stripped_asterisk" time="0.004" /><testcase classname="tests.test_narration_leak_strip_2026_09_02" name="test_narration_strip_does_not_eat_normal_prose_about_the_page" time="0.003" /><testcase classname="tests.test_connect_flow_refinement_2026_09_02" name="test_t_already_added_shows_open_existing_project" time="0.077" /><testcase classname="tests.test_connect_flow_refinement_2026_09_02" name="test_already_added_check_is_case_insensitive" time="0.023" /><testcase classname="tests.test_connect_flow_refinement_2026_09_02" name="test_different_repo_not_flagged_as_already_connected" time="0.134" /><testcase classname="tests.test_connect_flow_refinement_2026_09_02" name="test_t_repo_picker_project_isolation" time="0.121" /><testcase classname="tests.test_connect_flow_refinement_2026_09_02" name="test_second_repo_creates_a_separate_project_not_merged" time="0.130" /><testcase classname="tests.test_connect_flow_refinement_2026_09_02" name="test_t_no_12s_blocking_interstitial" time="0.004" /><testcase classname="tests.test_connect_bridge_close_delay_2026_09_01" name="test_bridge_close_delay_is_a_short_beat_not_a_12s_hold" time="0.003" /><testcase classname="tests.test_github_app_project_add.TestGateBranches" name="test_missing_both_returns_400" time="0.078" /><testcase classname="tests.test_github_app_project_add.TestGateBranches" name="test_pat_only_now_rejected" time="0.054" /><testcase classname="tests.test_github_app_project_add.TestGateBranches" name="test_installation_id_happy_path" time="0.139" /><testcase classname="tests.test_github_app_project_add.TestGateBranches" name="test_installation_not_owned_by_user" time="0.065" /><testcase classname="tests.test_github_app_project_add.TestGateBranches" name="test_installation_inactive" time="0.061" /><testcase classname="tests.test_github_app_project_add.TestGateBranches" name="test_installation_no_repo_access" time="0.146" /><testcase classname="tests.test_github_app_project_add.TestGateBranches" name="test_both_provided_installation_wins" time="0.128" /><testcase classname="tests.test_github_app_project_add.TestGetRepoToken" name="test_legacy_row_no_auth_method_raises_missing" time="0.044" /><testcase classname="tests.test_github_app_project_add.TestGetRepoToken" name="test_explicit_pat_method_raises_missing" time="0.066" /><testcase classname="tests.test_github_app_project_add.TestGetRepoToken" name="test_github_app_method_mints_fresh" time="0.102" /><testcase classname="tests.test_github_app_project_add.TestGetRepoToken" name="test_github_app_no_installation_id_raises_missing" time="0.041" /><testcase classname="tests.test_github_app_project_add.TestGetRepoToken" name="test_pat_method_no_token_raises_missing" time="0.018" /><testcase classname="tests.test_github_app_project_add.TestGetRepoToken" name="test_empty_project_raises_missing" time="0.050" /><testcase classname="tests.test_github_app_project_add.TestGetRepoToken" name="test_github_app_revoked_installation_raises_revoked" time="0.111" /><testcase classname="tests.test_business_owner_gates_2026_08_31" name="test_gate1_business_owner_flow" time="29.391" /><testcase classname="tests.test_business_owner_gates_2026_08_31" name="test_gate2_design_ask[can you redesign our brand identity?]" time="8.206" /><testcase classname="tests.test_business_owner_gates_2026_08_31" name="test_gate2_design_ask[our site looks dated \u2014 can you modernize it?]" time="13.406" /><testcase classname="tests.test_business_owner_gates_2026_08_31" name="test_gate3_self_repair[the approve button isn't showing]" time="2.157" /><testcase classname="tests.test_business_owner_gates_2026_08_31" name="test_gate3_self_repair[I clicked it and nothing happened, and you keep saying try again \u2014 what do I even try?]" time="0.211" /><testcase classname="tests.test_business_owner_gates_2026_08_31" name="test_regression_casual_hello_still_works" time="2.219" /><testcase classname="tests.test_admin_connect_diagnostic_2026_09_01" name="test_diagnostic_returns_all_named_state" time="0.005" /><testcase classname="tests.test_admin_connect_diagnostic_2026_09_01" name="test_diagnostic_is_read_only_and_scoped" time="0.004" /><testcase classname="tests.test_admin_connect_diagnostic_2026_09_01" name="test_diagnostic_flags_wrong_id_vs_real_but_quiet_account" time="0.005" /></testsuite></testsuites>