<?xml version="1.0" encoding="utf-8"?><testsuites><testsuite name="pytest" errors="0" failures="0" skipped="0" tests="4" time="0.445" timestamp="2026-08-22T02:26:57.302525+00:00" hostname="agent-env-00f4b217-af18-4f22-8897-05bbe431b0a7"><testcase classname="tests.test_findings_teaser_bridge_2026_08_23" name="test_backlog_matched_returns_rule_id_for_teaser" time="0.047" /><testcase classname="tests.test_findings_teaser_bridge_2026_08_23" name="test_backlog_idor_wrong_owner_gets_403" time="0.009" /><testcase classname="tests.test_findings_teaser_bridge_2026_08_23" name="test_backlog_idor_nonexistent_project_gets_404" time="0.008" /><testcase classname="tests.test_findings_teaser_bridge_2026_08_23" name="test_backlog_matched_excludes_resolved_findings" time="0.028" /></testsuite></testsuites>