<?xml version="1.0" encoding="utf-8"?><testsuites><testsuite name="pytest" errors="0" failures="0" skipped="0" tests="4" time="1.470" timestamp="2026-08-22T02:03:27.164025+00:00" hostname="agent-env-00f4b217-af18-4f22-8897-05bbe431b0a7"><testcase classname="tests.test_findings_teaser_bridge_live_http" name="test_backlog_matched_live_http" time="0.821" /><testcase classname="tests.test_findings_teaser_bridge_live_http" name="test_backlog_idor_404_live_http" time="0.138" /><testcase classname="tests.test_findings_teaser_bridge_live_http" name="test_backlog_idor_403_live_http" time="0.146" /><testcase classname="tests.test_findings_teaser_bridge_live_http" name="test_dismiss_endpoint_live_http" time="0.225" /></testsuite></testsuites>