<?xml version="1.0" encoding="utf-8"?><testsuites><testsuite name="pytest" errors="0" failures="0" skipped="0" tests="9" time="7.362" timestamp="2026-08-24T01:11:10.791945+00:00" hostname="agent-env-00f4b217-af18-4f22-8897-05bbe431b0a7"><testcase classname="tests.test_loop_gate_parity_and_mode_d_2026_01.TestModeDRepoAuthReachability" name="test_file_refs_present_no_pat_returns_clarify" time="0.026" /><testcase classname="tests.test_loop_gate_parity_and_mode_d_2026_01.TestModeDRepoAuthReachability" name="test_file_refs_present_with_pat_but_no_file_contents" time="0.004" /><testcase classname="tests.test_loop_gate_parity_and_mode_d_2026_01.TestModeDRepoAuthReachability" name="test_generic_message_no_file_refs_reaches_llm" time="0.004" /><testcase classname="tests.test_loop_gate_parity_and_mode_d_2026_01.TestGateTelemetryLoopStart" name="test_free_user_loop_start_logs_tier_locked" time="1.189" /><testcase classname="tests.test_loop_gate_parity_and_mode_d_2026_01.TestGateTelemetryLoopStart" name="test_pro_user_loop_start_logs_allowed" time="1.129" /><testcase classname="tests.test_loop_gate_parity_and_mode_d_2026_01.TestGateTelemetryChatStream" name="test_pro_chat_stream_loop_logs_allowed" time="0.779" /><testcase classname="tests.test_loop_gate_parity_and_mode_d_2026_01.TestGateTelemetryChatStream" name="test_free_chat_stream_loop_logs_denied_tier_locked" time="3.358" /><testcase classname="tests.test_loop_gate_parity_and_mode_d_2026_01.TestGateParityDashboard" name="test_status_returns_gate_parity_with_mismatch_flagged" time="0.529" /><testcase classname="tests.test_loop_gate_parity_and_mode_d_2026_01.TestGateParityDashboard" name="test_status_forbidden_for_non_admin" time="0.184" /></testsuite></testsuites>