<?xml version="1.0" encoding="utf-8"?><testsuites><testsuite name="pytest" errors="0" failures="0" skipped="0" tests="10" time="2.670" timestamp="2026-08-23T19:09:25.917681+00:00" hostname="agent-env-00f4b217-af18-4f22-8897-05bbe431b0a7"><testcase classname="tests.test_direct_google_oauth_2026_01.TestStart" name="test_start_redirects_to_google" time="0.290" /><testcase classname="tests.test_direct_google_oauth_2026_01.TestStart" name="test_start_intent_login_sets_mode_login" time="0.061" /><testcase classname="tests.test_direct_google_oauth_2026_01.TestCallbackErrors" name="test_missing_code_redirects_gracefully" time="0.057" /><testcase classname="tests.test_direct_google_oauth_2026_01.TestCallbackErrors" name="test_user_denied_error_redirects" time="0.061" /><testcase classname="tests.test_direct_google_oauth_2026_01.TestCallbackErrors" name="test_unknown_state_returns_400" time="0.060" /><testcase classname="tests.test_direct_google_oauth_2026_01.TestCallbackErrors" name="test_invalid_state_format_returns_400" time="0.060" /><testcase classname="tests.test_direct_google_oauth_2026_01.TestCallbackErrors" name="test_expired_state_returns_400" time="0.061" /><testcase classname="tests.test_direct_google_oauth_2026_01.TestCallbackFullFlowMocked" name="test_new_email_creates_user_and_redirects_with_new_1" time="1.606" /><testcase classname="tests.test_direct_google_oauth_2026_01.TestCallbackFullFlowMocked" name="test_existing_email_matches_same_user_and_new_0" time="0.051" /><testcase classname="tests.test_direct_google_oauth_2026_01.TestEmergentBrokerRegression" name="test_broker_route_still_mounted" time="0.204" /></testsuite></testsuites>