<?xml version="1.0" encoding="utf-8"?><testsuites><testsuite name="pytest" errors="0" failures="0" skipped="0" tests="12" time="96.034" timestamp="2026-08-22T06:08:07.656690+00:00" hostname="agent-env-00f4b217-af18-4f22-8897-05bbe431b0a7"><testcase classname="tests.test_codebase_health_score" name="test_health_score_requires_admin" time="0.318" /><testcase classname="tests.test_codebase_health_score" name="test_health_score_get_shape_and_categories" time="8.746" /><testcase classname="tests.test_codebase_health_score" name="test_code_quality_and_architecture_are_scored_and_live" time="8.522" /><testcase classname="tests.test_codebase_health_score" name="test_two_calls_deterministic_code_quality" time="22.053" /><testcase classname="tests.test_codebase_health_score" name="test_devops_infra_live_github" time="8.654" /><testcase classname="tests.test_codebase_health_score" name="test_data_handling_shape" time="10.316" /><testcase classname="tests.test_codebase_health_score" name="test_performance_middleware_writes_samples" time="36.349" /><testcase classname="tests.test_codebase_health_score" name="test_architecture_review_reject_empty_rubric" time="0.178" /><testcase classname="tests.test_codebase_health_score" name="test_architecture_review_create_and_list" time="0.250" /><testcase classname="tests.test_codebase_health_score" name="test_coverage_run_trigger_returns_started" time="0.124" /><testcase classname="tests.test_codebase_health_score" name="test_coverage_run_requires_admin" time="0.130" /><testcase classname="tests.test_codebase_health_score" name="test_architecture_review_requires_admin" time="0.252" /></testsuite></testsuites>