<?xml version="1.0" encoding="utf-8"?><testsuites><testsuite name="pytest" errors="0" failures="0" skipped="0" tests="4" time="2.615" timestamp="2026-08-21T00:59:39.809236+00:00" hostname="agent-env-b532beb8-418a-4207-951d-6457576d5e1f"><testcase classname="tests.test_installation_health" name="test_health_endpoint_returns_all_installations" time="0.914" /><testcase classname="tests.test_installation_health" name="test_health_endpoint_requires_auth" time="0.204" /><testcase classname="tests.test_installation_health" name="test_list_installations_is_still_active_only" time="0.261" /><testcase classname="tests.test_installation_health" name="test_connection_status_marks_suspended_and_deleted" time="0.961" /></testsuite></testsuites>