<?xml version="1.0" encoding="utf-8"?><testsuites><testsuite name="pytest" errors="0" failures="0" skipped="0" tests="21" time="66.828" timestamp="2026-08-24T22:51:08.410440+00:00" hostname="agent-env-00f4b217-af18-4f22-8897-05bbe431b0a7"><testcase classname="tests.test_intent_gateway_casual_boundary_2026_01.TestResponseConfidenceProseRegex" name="test_prose_ship_via_cto_flagged_as_mismatch" time="0.007" /><testcase classname="tests.test_intent_gateway_casual_boundary_2026_01.TestResponseConfidenceProseRegex" name="test_prose_commit_fix_flagged" time="0.004" /><testcase classname="tests.test_intent_gateway_casual_boundary_2026_01.TestResponseConfidenceProseRegex" name="test_fix_intent_user_gets_response_through" time="0.004" /><testcase classname="tests.test_intent_gateway_casual_boundary_2026_01.TestResponseConfidenceProseRegex" name="test_clean_casual_response_not_flagged" time="0.004" /><testcase classname="tests.test_intent_gateway_casual_boundary_2026_01.TestIntentGatewayHeuristic" name="test_founder_message_is_casual" time="0.006" /><testcase classname="tests.test_intent_gateway_casual_boundary_2026_01.TestIntentGatewayHeuristic" name="test_plain_greeting_casual" time="0.005" /><testcase classname="tests.test_intent_gateway_casual_boundary_2026_01.TestIntentGatewayHeuristic" name="test_how_does_this_work_casual" time="0.015" /><testcase classname="tests.test_intent_gateway_casual_boundary_2026_01.TestIntentGatewayHeuristic" name="test_resource_noun_lookup_is_query" time="0.005" /><testcase classname="tests.test_intent_gateway_casual_boundary_2026_01.TestIntentGatewayHeuristic" name="test_file_reference_is_query" time="0.004" /><testcase classname="tests.test_intent_gateway_casual_boundary_2026_01.TestIntentGatewayHeuristic" name="test_agentic_verb_is_agentic" time="0.005" /><testcase classname="tests.test_intent_gateway_casual_boundary_2026_01.TestChatSendCasualBoundary" name="test_send_founder_message_fresh_session_is_casual" time="6.035" /><testcase classname="tests.test_intent_gateway_casual_boundary_2026_01.TestChatSendCasualBoundary" name="test_send_contaminated_session_still_casual" time="15.357" /><testcase classname="tests.test_intent_gateway_casual_boundary_2026_01.TestChatSendCasualBoundary" name="test_send_tool_request_still_routes_through_orchestrator" time="17.906" /><testcase classname="tests.test_intent_gateway_casual_boundary_2026_01.TestChatSendCasualBoundary" name="test_send_agentic_verb_routes_to_orchestrator" time="11.916" /><testcase classname="tests.test_intent_gateway_casual_boundary_2026_01.TestChatSendCasualBoundary" name="test_send_informational_variants[hi-allow_tiers0]" time="1.997" /><testcase classname="tests.test_intent_gateway_casual_boundary_2026_01.TestChatSendCasualBoundary" name="test_send_informational_variants[how does this work-allow_tiers1]" time="1.787" /><testcase classname="tests.test_intent_gateway_casual_boundary_2026_01.TestChatSendCasualBoundary" name="test_send_informational_variants[is everything ok?-allow_tiers2]" time="1.927" /><testcase classname="tests.test_intent_gateway_casual_boundary_2026_01.TestChatSendCasualBoundary" name="test_send_informational_variants[what does the payment api do?-allow_tiers3]" time="4.541" /><testcase classname="tests.test_intent_gateway_casual_boundary_2026_01.TestChatStreamCasualBoundary" name="test_stream_founder_message_is_casual" time="2.308" /><testcase classname="tests.test_intent_gateway_casual_boundary_2026_01.TestChatStreamCasualBoundary" name="test_stream_contaminated_session_still_casual" time="2.659" /><testcase classname="tests.test_intent_gateway_casual_boundary_2026_01.TestConfidenceChecksInsights" name="test_confidence_checks_endpoint_works" time="0.168" /></testsuite></testsuites>