<?xml version="1.0" encoding="utf-8"?><testsuites><testsuite name="pytest" errors="0" failures="0" skipped="0" tests="11" time="12.499" timestamp="2026-08-30T21:18:04.276980+00:00" hostname="agent-env-00f4b217-af18-4f22-8897-05bbe431b0a7"><testcase classname="tests.test_issue_c_memory_2026_08_30.TestHistoryDynamicNotFixed" name="test_t_history_dynamic_not_fixed_short_convo_sends_all" time="0.298" /><testcase classname="tests.test_issue_c_memory_2026_08_30.TestHistoryDynamicNotFixed" name="test_t_history_dynamic_not_fixed_tiny_budget_sends_fewer_than_20" time="0.005" /><testcase classname="tests.test_issue_c_memory_2026_08_30.TestHistoryDynamicNotFixed" name="test_t_history_dynamic_not_fixed_big_budget_sends_more_than_20" time="0.004" /><testcase classname="tests.test_issue_c_memory_2026_08_30.TestHistoryDynamicNotFixed" name="test_t_history_dynamic_not_fixed_preserves_chronological_order" time="0.004" /><testcase classname="tests.test_issue_c_memory_2026_08_30.TestTokenBudgetRespected" name="test_t_token_budget_respected_components_are_consistent" time="0.004" /><testcase classname="tests.test_issue_c_memory_2026_08_30.TestTokenBudgetRespected" name="test_t_token_budget_respected_real_persona_leaves_room_for_8_to_15_turns" time="0.010" /><testcase classname="tests.test_issue_c_memory_2026_08_30.TestConversationSummaryPopulated" name="test_t_conversation_summary_populated_after_threshold" time="0.005" /><testcase classname="tests.test_issue_c_memory_2026_08_30.TestConversationSummaryPopulated" name="test_t_conversation_summary_skipped_below_threshold" time="0.004" /><testcase classname="tests.test_issue_c_memory_2026_08_30.TestSessionContextLoaded" name="test_t_session_context_loaded_get_session_summary" time="0.007" /><testcase classname="tests.test_issue_c_memory_2026_08_30.TestSessionContextLoaded" name="test_t_session_context_loaded_casual_reply_uses_summary" time="0.006" /><testcase classname="tests.test_issue_c_memory_2026_08_30.TestLiveMultiTurnRecall" name="test_t_ora_references_past_across_multiple_turns" time="11.996" /></testsuite></testsuites>