<?xml version="1.0" encoding="utf-8"?><testsuites><testsuite name="pytest" errors="0" failures="0" skipped="0" tests="13" time="10.732" timestamp="2026-08-30T20:52:45.682070+00:00" hostname="agent-env-00f4b217-af18-4f22-8897-05bbe431b0a7"><testcase classname="tests.test_first_scan_ack_2026_08_30" name="test_t_status_exposes_fix_acknowledged_field" time="0.675" /><testcase classname="tests.test_first_scan_ack_2026_08_30" name="test_t_acknowledge_fix_sets_flag_server_side" time="0.406" /><testcase classname="tests.test_first_scan_ack_2026_08_30" name="test_t_acknowledge_ownership_enforced" time="0.158" /><testcase classname="tests.test_first_scan_ack_2026_08_30" name="test_t_acknowledge_noop_when_no_commit_yet" time="0.142" /><testcase classname="tests.test_issue_b_context_anchor_2026_08_30.TestPriorTurnContextText" name="test_returns_none_without_db" time="0.007" /><testcase classname="tests.test_issue_b_context_anchor_2026_08_30.TestPriorTurnContextText" name="test_returns_none_when_no_turns" time="0.004" /><testcase classname="tests.test_issue_b_context_anchor_2026_08_30.TestPriorTurnContextText" name="test_returns_none_when_last_turn_is_user" time="0.004" /><testcase classname="tests.test_issue_b_context_anchor_2026_08_30.TestPriorTurnContextText" name="test_returns_text_when_last_turn_is_assistant" time="0.005" /><testcase classname="tests.test_issue_b_context_anchor_2026_08_30.TestPriorTurnContextText" name="test_fails_open_on_exception" time="0.004" /><testcase classname="tests.test_issue_b_context_anchor_2026_08_30.TestCasualReplyContextAnchor" name="test_signature_accepts_prior_assistant_text" time="0.004" /><testcase classname="tests.test_issue_b_context_anchor_2026_08_30.TestCasualReplyContextAnchor" name="test_t_followup_anchored_to_intent_no_context_unchanged" time="0.286" /><testcase classname="tests.test_issue_b_context_anchor_2026_08_30.TestCasualReplyContextAnchor" name="test_t_followup_anchored_to_intent_context_injected" time="0.005" /><testcase classname="tests.test_issue_b_context_anchor_2026_08_30.TestLiveFollowupSequence" name="test_t_followup_answers_in_thread_not_reclarify" time="8.830" /></testsuite></testsuites>