<?xml version="1.0" encoding="utf-8"?><testsuites><testsuite name="pytest" errors="0" failures="0" skipped="0" tests="8" time="1.500" timestamp="2026-08-21T15:42:17.894613+00:00" hostname="agent-env-b532beb8-418a-4207-951d-6457576d5e1f"><testcase classname="tests.test_stripe_invoice_payment_failed" name="test_invoice_payment_failed_flags_user" time="0.054" /><testcase classname="tests.test_stripe_invoice_payment_failed" name="test_invoice_paid_clears_flag" time="0.023" /><testcase classname="tests.test_stripe_invoice_payment_failed" name="test_invoice_paid_sends_recovery_confirmation_when_previously_failed" time="0.020" /><testcase classname="tests.test_stripe_invoice_payment_failed" name="test_invoice_paid_no_confirmation_email_for_normal_renewal" time="0.019" /><testcase classname="tests.test_stripe_invoice_payment_failed" name="test_invoice_payment_failed_missing_subscription_does_not_crash" time="0.015" /><testcase classname="tests.test_stripe_invoice_payment_failed" name="test_my_plan_surfaces_payment_failed" time="0.013" /><testcase classname="tests.test_stripe_invoice_payment_failed" name="test_payment_recovery_email_dedups_per_invoice" time="0.011" /><testcase classname="tests.test_stripe_invoice_payment_failed" name="test_payment_recovered_email_dedups_per_invoice" time="0.011" /></testsuite></testsuites>