<?xml version="1.0" encoding="utf-8"?><testsuites><testsuite name="pytest" errors="0" failures="0" skipped="0" tests="30" time="3.017" timestamp="2026-08-21T22:12:53.461783+00:00" hostname="agent-env-00f4b217-af18-4f22-8897-05bbe431b0a7"><testcase classname="tests.test_citation_guard_bin_ctx_wiring_2026_08_23" name="test_repo_ctx_from_none_without_bin_ctx" time="0.006" /><testcase classname="tests.test_citation_guard_bin_ctx_wiring_2026_08_23" name="test_repo_ctx_from_resolves_with_bin_ctx" time="0.005" /><testcase classname="tests.test_citation_guard_bin_ctx_wiring_2026_08_23" name="test_read_repo_file_short_circuits_without_bin_ctx" time="0.006" /><testcase classname="tests.test_citation_guard_bin_ctx_wiring_2026_08_23" name="test_read_repo_file_passes_bin_ctx_gate_when_present" time="0.174" /><testcase classname="tests.test_citation_guard_bin_ctx_wiring_2026_08_23" name="test_enforce_does_not_blanket_deny_when_bin_ctx_present" time="0.008" /><testcase classname="tests.test_citation_guard_bin_ctx_wiring_2026_08_23" name="test_enforce_strips_tool_call_fence_from_rewrite" time="0.005" /><testcase classname="tests.test_iter209_citation_guard_and_tool_executor" name="test_extract_claims_picks_up_file_paths_and_versions" time="0.005" /><testcase classname="tests.test_iter209_citation_guard_and_tool_executor" name="test_read_paths_this_turn_handles_both_tool_names" time="0.004" /><testcase classname="tests.test_iter209_citation_guard_and_tool_executor" name="test_verify_passes_when_all_paths_were_read" time="0.004" /><testcase classname="tests.test_iter209_citation_guard_and_tool_executor" name="test_verify_fails_when_paths_are_unsourced" time="0.004" /><testcase classname="tests.test_iter209_citation_guard_and_tool_executor" name="test_enforce_auto_fetches_and_retries_when_unverified" time="0.005" /><testcase classname="tests.test_iter209_citation_guard_and_tool_executor" name="test_enforce_passes_clean_response_through_untouched" time="0.006" /><testcase classname="tests.test_iter209_citation_guard_and_tool_executor" name="test_executor_returns_ok_on_success" time="0.006" /><testcase classname="tests.test_iter209_citation_guard_and_tool_executor" name="test_executor_maps_401_to_github_auth_failed" time="0.005" /><testcase classname="tests.test_iter209_citation_guard_and_tool_executor" name="test_executor_maps_403_404_and_rate_limit" time="0.057" /><testcase classname="tests.test_iter209_citation_guard_and_tool_executor" name="test_collect_signals_dedupes_and_drops_successes" time="0.005" /><testcase classname="tests.test_iter209_citation_guard_and_tool_executor" name="test_tool_error_map_covers_required_status_codes" time="0.004" /><testcase classname="tests.test_citation_guard_persist_ordering" name="test_persisted_turn_reflects_citation_guard_correction" time="1.026" /><testcase classname="tests.test_iter212g_orchestrator_local_ctx_and_openrouter_model" name="test_local_ctx_initialised_before_function_body" time="0.005" /><testcase classname="tests.test_iter212g_orchestrator_local_ctx_and_openrouter_model" name="test_local_ctx_seeded_with_required_keys" time="0.005" /><testcase classname="tests.test_iter212g_orchestrator_local_ctx_and_openrouter_model" name="test_chat_with_tools_handles_no_tool_calls_path" time="0.005" /><testcase classname="tests.test_iter212g_orchestrator_local_ctx_and_openrouter_model" name="test_llm_default_claude_model_uses_openrouter_format" time="0.014" /><testcase classname="tests.test_iter212g_orchestrator_local_ctx_and_openrouter_model" name="test_smart_router_uses_openrouter_format" time="0.004" /><testcase classname="tests.test_iter212g_orchestrator_local_ctx_and_openrouter_model" name="test_vanguard_verify_uses_openrouter_format" time="0.005" /><testcase classname="tests.test_iter212g_orchestrator_local_ctx_and_openrouter_model" name="test_no_remaining_dashdate_anthropic_ids_in_runtime_code" time="0.005" /><testcase classname="tests.test_session5_item2_orchestrator_silent_catch_lock" name="test_orchestrator_silent_catch_count_is_bounded" time="0.023" /><testcase classname="tests.test_session5_item2_orchestrator_silent_catch_lock" name="test_every_orchestrator_silent_catch_is_ui_hook" time="0.020" /><testcase classname="tests.test_session5_item2_orchestrator_silent_catch_lock" name="test_orchestrator_silent_catch_lines_are_locked" time="0.019" /><testcase classname="tests.test_session5_item2_orchestrator_silent_catch_lock" name="test_locked_sites_still_call_hooks" time="0.032" /><testcase classname="tests.test_session5_item2_orchestrator_silent_catch_lock" name="test_this_test_file_documents_the_no_op_rationale" time="0.005" /></testsuite></testsuites>