<?xml version="1.0" encoding="utf-8"?><testsuites><testsuite name="pytest" errors="0" failures="0" skipped="0" tests="10" time="65.657" timestamp="2026-08-31T19:05:46.557989+00:00" hostname="agent-env-00f4b217-af18-4f22-8897-05bbe431b0a7"><testcase classname="tests.test_iter2026_09_03_live_verification" name="test_greeting_prefixed_edit_is_not_casual" time="0.779" /><testcase classname="tests.test_iter2026_09_03_live_verification" name="test_plain_content_edit_is_not_casual" time="0.189" /><testcase classname="tests.test_iter2026_09_03_live_verification" name="test_regression_plain_greetings_are_casual" time="0.512" /><testcase classname="tests.test_iter2026_09_03_live_verification" name="test_free_tier_edit_request_shows_honest_upgrade_offer[update my opening hours]" time="5.879" /><testcase classname="tests.test_iter2026_09_03_live_verification" name="test_free_tier_edit_request_shows_honest_upgrade_offer[change our phone number]" time="0.236" /><testcase classname="tests.test_iter2026_09_03_live_verification" name="test_free_tier_edit_request_shows_honest_upgrade_offer[correct our address]" time="0.167" /><testcase classname="tests.test_iter2026_09_03_live_verification" name="test_pro_founder_tier_never_gets_upgrade_offer" time="10.253" /><testcase classname="tests.test_iter2026_09_03_live_verification" name="test_founder_repro_3x_never_fabricates_never_dead_ends[1]" time="8.973" /><testcase classname="tests.test_iter2026_09_03_live_verification" name="test_founder_repro_3x_never_fabricates_never_dead_ends[2]" time="10.030" /><testcase classname="tests.test_iter2026_09_03_live_verification" name="test_founder_repro_3x_never_fabricates_never_dead_ends[3]" time="28.209" /></testsuite></testsuites>