<?xml version="1.0" encoding="utf-8"?><testsuites><testsuite name="pytest" errors="0" failures="0" skipped="0" tests="62" time="5.493" timestamp="2026-08-21T16:45:35.725325+00:00" hostname="agent-env-b532beb8-418a-4207-951d-6457576d5e1f"><testcase classname="tests.test_iter170_codebase_browse.TestTreeEndpoint" name="test_tree_filters_and_sorts" time="0.058" /><testcase classname="tests.test_iter170_codebase_browse.TestFileEndpoint" name="test_file_happy_path" time="0.059" /><testcase classname="tests.test_iter170_codebase_browse.TestFileEndpoint" name="test_file_happy_path_exercises_real_fetch_file" time="0.031" /><testcase classname="tests.test_iter170_codebase_browse.TestFileEndpoint" name="test_file_missing_returns_404" time="0.010" /><testcase classname="tests.test_iter170_codebase_browse.TestFileEndpoint" name="test_file_path_traversal_rejected" time="0.015" /><testcase classname="tests.test_iter170_codebase_browse.TestFileEndpoint" name="test_file_truncation_marker" time="0.014" /><testcase classname="tests.test_iter334_auto_qa_agent.TestDecideScope" name="test_todays_real_ship_gate_fix_commit" time="0.004" /><testcase classname="tests.test_iter334_auto_qa_agent.TestDecideScope" name="test_empty_diff_falls_back_to_smoke" time="0.004" /><testcase classname="tests.test_iter334_auto_qa_agent.TestDecideScope" name="test_keyword_rollback" time="0.003" /><testcase classname="tests.test_iter334_auto_qa_agent.TestDecideScope" name="test_reasoning_is_populated" time="0.003" /><testcase classname="tests.test_iter334_auto_qa_agent.TestStallDetection" name="test_synthetic_3x_repeat_returns_true" time="0.003" /><testcase classname="tests.test_iter334_auto_qa_agent.TestStallDetection" name="test_non_repeating_returns_false" time="0.003" /><testcase classname="tests.test_iter334_auto_qa_agent.TestStallDetection" name="test_too_few_events_returns_false" time="0.004" /><testcase classname="tests.test_iter334_auto_qa_agent.TestStallDetection" name="test_unknown_loop_returns_false" time="0.003" /><testcase classname="tests.test_iter334_auto_qa_agent.TestVerifyPassIsReal" name="test_shipped_negative_case_no_new_commit" time="0.004" /><testcase classname="tests.test_iter334_auto_qa_agent.TestVerifyPassIsReal" name="test_shipped_positive_case_new_commit" time="0.004" /><testcase classname="tests.test_iter334_auto_qa_agent.TestVerifyPassIsReal" name="test_unknown_state_returns_null_not_verified" time="0.004" /><testcase classname="tests.test_iter334_auto_qa_agent.TestChatToolCallAdversarial" name="test_very_long_and_empty_inputs_no_crash" time="0.161" /><testcase classname="tests.test_iter334_auto_qa_agent.TestReportWriter" name="test_report_written_with_regressions_and_overall" time="0.007" /><testcase classname="tests.test_iter334_auto_qa_agent.TestReportWriter" name="test_overall_precedence" time="0.004" /><testcase classname="tests.test_iter334_auto_qa_agent.TestRegressionLibrary" name="test_library_exists_with_todays_bug" time="0.004" /><testcase classname="tests.test_iter334_auto_qa_agent.TestNoPlaywrightInBackendPath" name="test_backend_scenario_code_has_no_playwright" time="0.004" /><testcase classname="tests.test_iter334_auto_qa_agent.TestSecretLeakScanner" name="test_catches_the_exact_iter337_leak_shape" time="0.003" /><testcase classname="tests.test_iter334_auto_qa_agent.TestSecretLeakScanner" name="test_clean_response_no_hits" time="0.003" /><testcase classname="tests.test_iter334_auto_qa_agent.TestSecretLeakScanner" name="test_toplevel_session_token_not_flagged" time="0.003" /><testcase classname="tests.test_iter334_auto_qa_agent.TestSecretLeakScanner" name="test_nested_access_token_still_flagged" time="0.003" /><testcase classname="tests.test_iter334_auto_qa_agent.TestSecretLeakScanner" name="test_empty_secret_value_not_flagged" time="0.003" /><testcase classname="tests.test_iter334_auto_qa_agent.TestSecretLeakScanner" name="test_verify_pass_flags_leak_and_logs_regression" time="0.005" /><testcase classname="tests.test_iter334_auto_qa_agent.TestSecretLeakScanner" name="test_verify_pass_clean_response_passes" time="0.005" /><testcase classname="tests.test_iter334_auto_qa_agent.TestSecretLeakScanner" name="test_live_auth_me_is_clean_on_this_backend" time="0.277" /><testcase classname="tests.test_iter334_auto_qa_agent.TestSecretLeakScanner" name="test_regression_dedup" time="0.005" /><testcase classname="tests.test_iter334_auto_qa_agent.TestSecretLeakScanner" name="test_decide_scope_triggers_secret_scan_on_auth_change" time="0.004" /><testcase classname="tests.test_response_confidence_mismatch_gate" name="test_mismatched_response_swapped_for_fallback_in_stream" time="0.182" /><testcase classname="tests.test_response_confidence_mismatch_gate" name="test_mismatched_response_swapped_for_fallback_in_send" time="0.009" /><testcase classname="tests.test_response_confidence_mismatch_gate" name="test_legit_fix_request_keeps_handoff_fence" time="1.140" /><testcase classname="tests.test_response_confidence_mismatch_gate" name="test_mismatch_auto_retry_resolves_silently" time="0.009" /><testcase classname="tests.test_response_confidence_mismatch_gate" name="test_normal_qa_never_shows_ship_suppressed_note" time="0.008" /><testcase classname="tests.test_response_confidence_mismatch_gate" name="test_mismatch_with_handoff_fence_flags_ship_suppressed_send" time="0.009" /><testcase classname="tests.test_response_confidence_mismatch_gate" name="test_mismatch_with_handoff_fence_flags_ship_suppressed_stream" time="0.170" /><testcase classname="tests.test_response_confidence_mismatch_gate" name="test_mismatch_without_handoff_fence_does_not_flag_ship_suppressed" time="0.009" /><testcase classname="tests.test_response_confidence_mismatch_gate" name="test_legit_fix_request_no_ship_suppressed" time="1.749" /><testcase classname="tests.test_response_confidence_mismatch_gate" name="test_descriptive_question_mentioning_file_or_api_still_gets_caught" time="0.004" /><testcase classname="tests.test_response_confidence_mismatch_gate" name="test_legit_fix_request_with_real_action_verb_still_passes_through" time="0.005" /><testcase classname="tests.test_iter212m6_tool_reliability_full" name="test_write_repo_file_registered_in_local_tools" time="0.003" /><testcase classname="tests.test_iter212m6_tool_reliability_full" name="test_write_repo_file_in_write_tool_names" time="0.003" /><testcase classname="tests.test_iter212m6_tool_reliability_full" name="test_write_repo_file_rejects_bad_path" time="0.004" /><testcase classname="tests.test_iter212m6_tool_reliability_full" name="test_write_repo_file_rejects_path_traversal" time="0.004" /><testcase classname="tests.test_iter212m6_tool_reliability_full" name="test_write_repo_file_requires_string_content" time="0.004" /><testcase classname="tests.test_iter212m6_tool_reliability_full" name="test_write_repo_file_rejects_oversize" time="0.004" /><testcase classname="tests.test_iter212m6_tool_reliability_full" name="test_write_repo_file_needs_project" time="0.005" /><testcase classname="tests.test_iter212m6_tool_reliability_full" name="test_invoke_local_tool_surfaces_auth_class" time="0.004" /><testcase classname="tests.test_iter212m6_tool_reliability_full" name="test_invoke_local_tool_surfaces_not_found_class" time="0.004" /><testcase classname="tests.test_iter212m6_tool_reliability_full" name="test_invoke_local_tool_unknown_class_falls_back" time="0.004" /><testcase classname="tests.test_iter212m6_tool_reliability_full" name="test_safe_demo_path_recognises_envexample" time="0.003" /><testcase classname="tests.test_iter212m6_tool_reliability_full" name="test_safe_demo_path_recognises_test_files" time="0.003" /><testcase classname="tests.test_iter212m6_tool_reliability_full" name="test_safe_demo_path_recognises_docs" time="0.003" /><testcase classname="tests.test_iter212m6_tool_reliability_full" name="test_safe_demo_path_rejects_real_source" time="0.003" /><testcase classname="tests.test_iter212m6_tool_reliability_full" name="test_vanguard_keeps_critical_on_real_source" time="0.003" /><testcase classname="tests.test_iter212m6_tool_reliability_full" name="test_apply_chunking_adds_next_call_required_on_truncate" time="0.004" /><testcase classname="tests.test_iter212m6_tool_reliability_full" name="test_apply_chunking_no_hint_on_small_file" time="0.004" /><testcase classname="tests.test_iter212m6_tool_reliability_full" name="test_apply_chunking_no_hint_when_lines_arg_supplied" time="0.004" /><testcase classname="tests.test_iter212m6_tool_reliability_full" name="test_postpush_norm_handles_crlf_and_trailing_ws" time="0.004" /></testsuite></testsuites>