<?xml version="1.0" encoding="utf-8"?><testsuites><testsuite name="pytest" errors="0" failures="0" skipped="0" tests="16" time="4.126" timestamp="2026-08-27T21:50:13.311962+00:00" hostname="agent-env-00f4b217-af18-4f22-8897-05bbe431b0a7"><testcase classname="tests.test_iter2026_08_28_ora_chat_v2_e2e.TestAuthGate" name="test_message_requires_auth" time="0.375" /><testcase classname="tests.test_iter2026_08_28_ora_chat_v2_e2e.TestAuthGate" name="test_action_approve_requires_auth" time="0.199" /><testcase classname="tests.test_iter2026_08_28_ora_chat_v2_e2e.TestAuthGate" name="test_action_reject_requires_auth" time="0.140" /><testcase classname="tests.test_iter2026_08_28_ora_chat_v2_e2e.TestAuthGate" name="test_actions_recent_requires_auth" time="0.133" /><testcase classname="tests.test_iter2026_08_28_ora_chat_v2_e2e.TestSessions" name="test_create_and_list_session" time="0.852" /><testcase classname="tests.test_iter2026_08_28_ora_chat_v2_e2e.TestSessions" name="test_get_session_transcript" time="0.169" /><testcase classname="tests.test_iter2026_08_28_ora_chat_v2_e2e.TestMockLLMTurn" name="test_mock_llm_stream_delivers_final" time="0.172" /><testcase classname="tests.test_iter2026_08_28_ora_chat_v2_e2e.TestMockLLMTurn" name="test_final_carries_tokens" time="0.159" /><testcase classname="tests.test_iter2026_08_28_ora_chat_v2_e2e.TestMockLLMTurn" name="test_tokens_persisted_on_transcript" time="0.186" /><testcase classname="tests.test_iter2026_08_28_ora_chat_v2_e2e.TestMockLLMTurn" name="test_think_and_advise_only_flags_accepted" time="0.241" /><testcase classname="tests.test_iter2026_08_28_ora_chat_v2_e2e.TestRateLimit" name="test_rate_limit_seeded_returns_error" time="0.183" /><testcase classname="tests.test_iter2026_08_28_ora_chat_v2_e2e.TestActionFlow" name="test_approve_reversible_action" time="0.302" /><testcase classname="tests.test_iter2026_08_28_ora_chat_v2_e2e.TestActionFlow" name="test_reject_reversible_action" time="0.357" /><testcase classname="tests.test_iter2026_08_28_ora_chat_v2_e2e.TestActionFlow" name="test_approve_sensitive_action_gated_off" time="0.155" /><testcase classname="tests.test_iter2026_08_28_ora_chat_v2_e2e.TestActionFlow" name="test_approve_unknown_proposal_returns_404" time="0.168" /><testcase classname="tests.test_iter2026_08_28_ora_chat_v2_e2e.TestFounderOfferSmoke" name="test_status_endpoint_returns_sane_counts" time="0.185" /></testsuite></testsuites>