<?xml version="1.0" encoding="utf-8"?><testsuites><testsuite name="pytest" errors="0" failures="0" skipped="0" tests="11" time="23.845" timestamp="2026-08-20T18:09:32.368133+00:00" hostname="agent-env-b532beb8-418a-4207-951d-6457576d5e1f"><testcase classname="tests.test_iter369_restore_drill_and_ad_attribution.TestRestoreDrill" name="test_drill_history_shape" time="0.826" /><testcase classname="tests.test_iter369_restore_drill_and_ad_attribution.TestRestoreDrill" name="test_drill_now_full_restore" time="5.442" /><testcase classname="tests.test_iter369_restore_drill_and_ad_attribution.TestRestoreDrill" name="test_drill_now_writes_history_row" time="6.857" /><testcase classname="tests.test_iter369_restore_drill_and_ad_attribution.TestRestoreDrill" name="test_backup_run_regression" time="1.562" /><testcase classname="tests.test_iter369_restore_drill_and_ad_attribution.TestRestoreDrill" name="test_backup_test_restore_regression" time="1.542" /><testcase classname="tests.test_iter369_restore_drill_and_ad_attribution.TestAdAttribution" name="test_attribute_click_first_touch" time="6.538" /><testcase classname="tests.test_iter369_restore_drill_and_ad_attribution.TestAdAttribution" name="test_attribute_click_idempotent" time="0.159" /><testcase classname="tests.test_iter369_restore_drill_and_ad_attribution.TestAdAttribution" name="test_admin_user_detail_shows_ad_attribution" time="0.228" /><testcase classname="tests.test_iter369_restore_drill_and_ad_attribution.TestAdAttribution" name="test_funnel_stage_users_shows_ad_source_google_ads" time="0.212" /><testcase classname="tests.test_iter369_restore_drill_and_ad_attribution.TestActivationFunnelRegression" name="test_bottleneck_summary_fields" time="0.151" /><testcase classname="tests.test_iter369_restore_drill_and_ad_attribution" name="test_zzz_cleanup_new_user" time="0.191" /></testsuite></testsuites>