<?xml version="1.0" encoding="utf-8"?><testsuites><testsuite name="pytest" errors="0" failures="0" skipped="0" tests="12" time="4.243" timestamp="2026-08-20T17:14:27.808094+00:00" hostname="agent-env-b532beb8-418a-4207-951d-6457576d5e1f"><testcase classname="tests.test_activation_funnel_drilldown.TestActivationFunnelCore" name="test_returns_200_with_existing_and_new_fields" time="0.709" /><testcase classname="tests.test_activation_funnel_drilldown.TestActivationFunnelCore" name="test_stuck_counts_reconcile_with_signed_up_total" time="0.173" /><testcase classname="tests.test_activation_funnel_drilldown.TestActivationFunnelCore" name="test_biggest_bottleneck_matches_max_bucket" time="0.154" /><testcase classname="tests.test_activation_funnel_drilldown.TestStageUsersEndpoint" name="test_valid_stage_returns_200[signed_up]" time="0.397" /><testcase classname="tests.test_activation_funnel_drilldown.TestStageUsersEndpoint" name="test_valid_stage_returns_200[connected_github]" time="0.244" /><testcase classname="tests.test_activation_funnel_drilldown.TestStageUsersEndpoint" name="test_valid_stage_returns_200[added_project]" time="0.270" /><testcase classname="tests.test_activation_funnel_drilldown.TestStageUsersEndpoint" name="test_valid_stage_returns_200[sent_message]" time="0.299" /><testcase classname="tests.test_activation_funnel_drilldown.TestStageUsersEndpoint" name="test_valid_stage_returns_200[shipped_code]" time="0.255" /><testcase classname="tests.test_activation_funnel_drilldown.TestStageUsersEndpoint" name="test_users_sorted_longest_stuck_first" time="0.515" /><testcase classname="tests.test_activation_funnel_drilldown.TestStageUsersEndpoint" name="test_invalid_stage_returns_400" time="0.223" /><testcase classname="tests.test_activation_funnel_drilldown.TestStageUsersEndpoint" name="test_missing_auth_rejected" time="0.201" /><testcase classname="tests.test_activation_funnel_drilldown.TestAdminUserDetailEmailsSent" name="test_user_detail_includes_emails_sent" time="0.650" /></testsuite></testsuites>