<?xml version="1.0" encoding="utf-8"?><testsuites><testsuite name="pytest" errors="0" failures="0" skipped="0" tests="15" time="3.189" timestamp="2026-08-11T03:02:00.337852+00:00" hostname="agent-env-b532beb8-418a-4207-951d-6457576d5e1f"><testcase classname="tests.test_iter363_phase3b_github_app_dispatch" name="test_get_repo_token_dispatch_github_app" time="0.076" /><testcase classname="tests.test_iter363_phase3b_github_app_dispatch" name="test_get_repo_token_dispatch_pat" time="0.006" /><testcase classname="tests.test_iter363_phase3b_github_app_dispatch" name="test_get_repo_token_dispatch_legacy_missing_auth_method" time="0.005" /><testcase classname="tests.test_iter363_phase3b_github_app_dispatch" name="test_get_repo_token_app_missing_installation_id_returns_none" time="0.004" /><testcase classname="tests.test_iter363_phase3b_github_app_dispatch" name="test_repo_status_app_installed" time="1.444" /><testcase classname="tests.test_iter363_phase3b_github_app_dispatch" name="test_codebase_health_scan_app_installed" time="0.172" /><testcase classname="tests.test_iter363_phase3b_github_app_dispatch" name="test_security_scan_app_installed" time="0.148" /><testcase classname="tests.test_iter363_phase3b_github_app_dispatch" name="test_user_rollback_app_installed" time="0.122" /><testcase classname="tests.test_iter363_phase3b_github_app_dispatch" name="test_loop_rollback_app_installed" time="0.126" /><testcase classname="tests.test_iter363_phase3b_github_app_dispatch" name="test_mcp_projects_connected_flag_app_installed" time="0.120" /><testcase classname="tests.test_iter363_phase3b_github_app_dispatch" name="test_admin_brain_replay_app_installed" time="0.114" /><testcase classname="tests.test_iter363_phase3b_github_app_dispatch" name="test_repo_status_pat" time="0.113" /><testcase classname="tests.test_iter363_phase3b_github_app_dispatch" name="test_codebase_health_scan_pat" time="0.257" /><testcase classname="tests.test_iter363_phase3b_github_app_dispatch" name="test_security_scan_pat" time="0.148" /><testcase classname="tests.test_iter363_phase3b_github_app_dispatch" name="test_mcp_projects_connected_flag_pat" time="0.172" /></testsuite></testsuites>