<?xml version="1.0" encoding="utf-8"?><testsuites><testsuite name="pytest" errors="0" failures="0" skipped="0" tests="22" time="0.609" timestamp="2026-08-27T20:43:00.172061+00:00" hostname="agent-env-00f4b217-af18-4f22-8897-05bbe431b0a7"><testcase classname="tests.test_iter2026_08_27_p5_engine_leak_cleanup" name="test_iter_counter_stripped" time="0.010" /><testcase classname="tests.test_iter2026_08_27_p5_engine_leak_cleanup" name="test_mode_letter_stripped" time="0.005" /><testcase classname="tests.test_iter2026_08_27_p5_engine_leak_cleanup" name="test_mode_letter_does_not_over_match_normal_words" time="0.004" /><testcase classname="tests.test_iter2026_08_27_p5_engine_leak_cleanup" name="test_aurem_handoff_fence_never_touched_by_output_guard_at_all" time="0.006" /><testcase classname="tests.test_iter2026_08_27_p5_engine_leak_cleanup" name="test_verify_agent_and_e2b_stripped" time="0.004" /><testcase classname="tests.test_iter2026_08_27_p5_engine_leak_cleanup" name="test_raw_traceback_and_exception_stripped" time="0.004" /><testcase classname="tests.test_iter2026_08_27_p5_engine_leak_cleanup" name="test_raw_boolean_status_stripped" time="0.004" /><testcase classname="tests.test_iter2026_08_27_p5_engine_leak_cleanup" name="test_council_field_is_a_real_label_not_a_boolean" time="0.005" /><testcase classname="tests.test_iter2026_08_27_p5_engine_leak_cleanup" name="test_injected_vanguard_skills_phrasing_fixed" time="0.005" /><testcase classname="tests.test_iter2026_08_27_p5_engine_leak_cleanup" name="test_truncation_check_pluralization_fixed" time="0.007" /><testcase classname="tests.test_iter2026_08_27_p5_engine_leak_cleanup" name="test_hardcoded_pattern_count_removed_from_live_task_popup" time="0.004" /><testcase classname="tests.test_iter2026_08_27_p5_engine_leak_cleanup" name="test_test_file_lock_blocked_message_is_plain_english" time="0.005" /><testcase classname="tests.test_iter2026_08_27_p5_engine_leak_cleanup" name="test_engine_leak_stripping_is_universal_not_flag_gated" time="0.026" /><testcase classname="tests.test_iter2026_08_27_p5_engine_leak_cleanup" name="test_before_fix_default_call_over_strips_real_scan_content" time="0.003" /><testcase classname="tests.test_iter2026_08_27_p5_engine_leak_cleanup" name="test_after_fix_universal_only_preserves_real_scan_content" time="0.004" /><testcase classname="tests.test_iter2026_08_27_p5_engine_leak_cleanup" name="test_after_fix_universal_only_still_catches_real_leaks" time="0.005" /><testcase classname="tests.test_iter2026_08_27_p5_engine_leak_cleanup" name="test_chat_py_call_sites_pass_universal_only_flag" time="0.008" /><testcase classname="tests.test_iter2026_08_27_github_connect_state_recovery" name="test_expired_state_recovers_user_id_from_embedded_string" time="0.064" /><testcase classname="tests.test_iter2026_08_27_github_connect_state_recovery" name="test_status_now_finds_the_recovered_installation" time="0.014" /><testcase classname="tests.test_iter2026_08_27_github_connect_state_recovery" name="test_malformed_state_without_gha_prefix_still_fails_closed" time="0.010" /><testcase classname="tests.test_iter2026_08_27_github_connect_state_recovery" name="test_valid_unexpired_state_row_still_takes_priority_over_recovery" time="0.011" /><testcase classname="tests.test_iter2026_08_27_github_connect_state_recovery" name="test_missing_state_param_entirely_still_fails_closed_unchanged" time="0.010" /></testsuite></testsuites>