<?xml version="1.0" encoding="utf-8"?><testsuites><testsuite name="pytest" errors="0" failures="0" skipped="0" tests="12" time="2.110" timestamp="2026-08-24T00:39:31.035932+00:00" hostname="agent-env-00f4b217-af18-4f22-8897-05bbe431b0a7"><testcase classname="tests.test_iter_ambiguity_and_mode_d_gates.TestAmbiguityGateVague" name="test_vague_task_returns_needs_clarification[fix it]" time="0.679" /><testcase classname="tests.test_iter_ambiguity_and_mode_d_gates.TestAmbiguityGateVague" name="test_vague_task_returns_needs_clarification[fix the bugs]" time="0.166" /><testcase classname="tests.test_iter_ambiguity_and_mode_d_gates.TestAmbiguityGateVague" name="test_vague_task_returns_needs_clarification[make it better]" time="0.122" /><testcase classname="tests.test_iter_ambiguity_and_mode_d_gates.TestAmbiguityGateVague" name="test_vague_task_returns_needs_clarification[improve the site]" time="0.177" /><testcase classname="tests.test_iter_ambiguity_and_mode_d_gates.TestAmbiguityGateVague" name="test_vague_task_returns_needs_clarification[help]" time="0.121" /><testcase classname="tests.test_iter_ambiguity_and_mode_d_gates.TestAmbiguityGateVague" name="test_vague_task_returns_needs_clarification[do stuff]" time="0.146" /><testcase classname="tests.test_iter_ambiguity_and_mode_d_gates.TestAmbiguityGateConcrete" name="test_concrete_task_passes_gate[fix the signup form validation in Signup.jsx]" time="0.168" /><testcase classname="tests.test_iter_ambiguity_and_mode_d_gates.TestAmbiguityGateConcrete" name="test_concrete_task_passes_gate[update the header colors in App.css to dark mode]" time="0.182" /><testcase classname="tests.test_iter_ambiguity_and_mode_d_gates.TestAmbiguityGateConcrete" name="test_concrete_task_passes_gate[add validation for &quot;email&quot; field on register endpoint]" time="0.140" /><testcase classname="tests.test_iter_ambiguity_and_mode_d_gates.TestModeDReachabilityGate" name="test_nonexistent_file_ref_returns_clarify" time="0.028" /><testcase classname="tests.test_iter_ambiguity_and_mode_d_gates.TestGoogleOAuthProviderTag" name="test_source_has_provider_google_tag" time="0.004" /><testcase classname="tests.test_iter_ambiguity_and_mode_d_gates.TestGoogleOAuthProviderTag" name="test_oauth_finish_reads_provider" time="0.004" /></testsuite></testsuites>