<?xml version="1.0" encoding="utf-8"?><testsuites><testsuite name="pytest" errors="0" failures="0" skipped="0" tests="7" time="17.192" timestamp="2026-08-20T18:52:37.609055+00:00" hostname="agent-env-b532beb8-418a-4207-951d-6457576d5e1f"><testcase classname="tests.test_iter370_sandbox_health_restore.TestHealthEndpoint" name="test_get_health_200" time="0.532" /><testcase classname="tests.test_iter370_sandbox_health_restore.TestHealthEndpoint" name="test_head_health_200" time="0.212" /><testcase classname="tests.test_iter370_sandbox_health_restore.TestSandboxRunner" name="test_run_python_check_shape" time="0.601" /><testcase classname="tests.test_iter370_sandbox_health_restore.TestSandboxRunner" name="test_run_python_check_syntax_error" time="0.371" /><testcase classname="tests.test_iter370_sandbox_health_restore.TestSandboxRunner" name="test_event_loop_not_blocked_by_sandbox" time="8.178" /><testcase classname="tests.test_iter370_sandbox_health_restore.TestRestoreDrill" name="test_drill_now_same_db_no_leftovers" time="6.927" /><testcase classname="tests.test_iter370_sandbox_health_restore.TestRestoreDrill" name="test_drill_history_shape" time="0.186" /></testsuite></testsuites>