<?xml version="1.0" encoding="utf-8"?><testsuites><testsuite name="pytest" errors="0" failures="0" skipped="0" tests="5" time="45.180" timestamp="2026-08-27T02:41:57.577329+00:00" hostname="agent-env-00f4b217-af18-4f22-8897-05bbe431b0a7"><testcase classname="tests.test_iter2026_08_27_backend_verification" name="test_login_and_me" time="0.705" /><testcase classname="tests.test_iter2026_08_27_backend_verification" name="test_council_recall_taxonomy_fix" time="1.683" /><testcase classname="tests.test_iter2026_08_27_backend_verification" name="test_plain_english_contract_active_on_explain" time="20.054" /><testcase classname="tests.test_iter2026_08_27_backend_verification" name="test_plain_english_contract_inactive_on_mutation" time="21.184" /><testcase classname="tests.test_iter2026_08_27_backend_verification" name="test_regression_smoke_simple_greeting" time="1.410" /></testsuite></testsuites>