<?xml version="1.0" encoding="utf-8"?><testsuites><testsuite name="pytest" errors="0" failures="0" skipped="0" tests="5" time="2.008" timestamp="2026-08-27T17:27:44.025019+00:00" hostname="agent-env-00f4b217-af18-4f22-8897-05bbe431b0a7"><testcase classname="tests.test_journey_watch_phase3.TestGraphStatus" name="test_graph_status_returns_rows_with_has_graph" time="0.805" /><testcase classname="tests.test_journey_watch_phase3.TestGraphStatus" name="test_seeded_projects_show_has_graph_true" time="0.188" /><testcase classname="tests.test_journey_watch_phase3.TestNotificationsEndpoint" name="test_notifications_shape" time="0.206" /><testcase classname="tests.test_journey_watch_phase3.TestNotificationsEndpoint" name="test_notifications_items_have_expected_fields" time="0.261" /><testcase classname="tests.test_journey_watch_phase3.TestAuthEndpoint" name="test_invalid_login" time="0.399" /></testsuite></testsuites>