<?xml version="1.0" encoding="utf-8"?><testsuites><testsuite name="pytest" errors="0" failures="0" skipped="0" tests="46" time="0.710" timestamp="2026-08-23T03:18:27.667472+00:00" hostname="agent-env-00f4b217-af18-4f22-8897-05bbe431b0a7"><testcase classname="tests.test_phase2c_local_tools.TestIsSafeRepoPath" name="test_empty_path_unsafe" time="0.287" /><testcase classname="tests.test_phase2c_local_tools.TestIsSafeRepoPath" name="test_non_string_unsafe" time="0.005" /><testcase classname="tests.test_phase2c_local_tools.TestIsSafeRepoPath" name="test_normal_path_safe" time="0.004" /><testcase classname="tests.test_phase2c_local_tools.TestIsSafeRepoPath" name="test_shell_metachar_unsafe" time="0.003" /><testcase classname="tests.test_phase2c_local_tools.TestIsSafeRepoPath" name="test_backtick_unsafe" time="0.004" /><testcase classname="tests.test_phase2c_local_tools.TestRunSyntaxCheck" name="test_empty_content_skipped" time="0.004" /><testcase classname="tests.test_phase2c_local_tools.TestRunSyntaxCheck" name="test_valid_python_no_errors" time="0.033" /><testcase classname="tests.test_phase2c_local_tools.TestRunSyntaxCheck" name="test_invalid_python_has_errors" time="0.034" /><testcase classname="tests.test_phase2c_local_tools.TestRunSyntaxCheck" name="test_valid_js_no_errors" time="0.025" /><testcase classname="tests.test_phase2c_local_tools.TestRunSyntaxCheck" name="test_invalid_js_has_errors" time="0.030" /><testcase classname="tests.test_phase2c_local_tools.TestRunSyntaxCheck" name="test_ts_parse_error_flagged" time="0.005" /><testcase classname="tests.test_phase2c_local_tools.TestRunSyntaxCheck" name="test_ts_type_error_only_not_blocked" time="0.004" /><testcase classname="tests.test_phase2c_local_tools.TestRunSyntaxCheck" name="test_unknown_ext_no_check" time="0.004" /><testcase classname="tests.test_phase2c_local_tools.TestRunSyntaxCheck" name="test_tool_missing_falls_open" time="0.004" /><testcase classname="tests.test_phase2c_local_tools.TestRunSyntaxCheck" name="test_tool_timeout_falls_open" time="0.004" /><testcase classname="tests.test_phase2c_local_tools.TestRunSyntaxCheck" name="test_tmp_write_failure_falls_open" time="0.004" /><testcase classname="tests.test_phase2c_local_tools.TestResolveProject" name="test_no_user_id_returns_none" time="0.004" /><testcase classname="tests.test_phase2c_local_tools.TestResolveProject" name="test_no_db_returns_none" time="0.004" /><testcase classname="tests.test_phase2c_local_tools.TestResolveProject" name="test_empty_project_id_returns_none" time="0.003" /><testcase classname="tests.test_phase2c_local_tools.TestResolveProject" name="test_home_project_id_returns_none" time="0.003" /><testcase classname="tests.test_phase2c_local_tools.TestResolveProject" name="test_project_not_found_returns_none" time="0.004" /><testcase classname="tests.test_phase2c_local_tools.TestResolveProject" name="test_found_attaches_decrypted_token" time="0.006" /><testcase classname="tests.test_phase2c_local_tools.TestResolveProject" name="test_found_auth_error_logs_and_returns_none_token" time="0.005" /><testcase classname="tests.test_phase2c_local_tools.TestRepoCtxFrom" name="test_no_bin_ctx_returns_none" time="0.003" /><testcase classname="tests.test_phase2c_local_tools.TestRepoCtxFrom" name="test_cross_user_mismatch_returns_none" time="0.003" /><testcase classname="tests.test_phase2c_local_tools.TestRepoCtxFrom" name="test_missing_owner_or_repo_returns_none" time="0.003" /><testcase classname="tests.test_phase2c_local_tools.TestRepoCtxFrom" name="test_valid_ctx_returns_normalised_dict" time="0.003" /><testcase classname="tests.test_phase2c_local_tools.TestRepoCtxFrom" name="test_no_branch_defaults_to_main" time="0.003" /><testcase classname="tests.test_phase2c_local_tools.TestVerifyCtx" name="test_no_bin_ctx_returns_none" time="0.003" /><testcase classname="tests.test_phase2c_local_tools.TestVerifyCtx" name="test_cross_user_mismatch_returns_none" time="0.003" /><testcase classname="tests.test_phase2c_local_tools.TestVerifyCtx" name="test_boundary_off_non_founder_refused" time="0.004" /><testcase classname="tests.test_phase2c_local_tools.TestVerifyCtx" name="test_boundary_off_founder_allowed" time="0.004" /><testcase classname="tests.test_phase2c_local_tools.TestVerifyCtx" name="test_normal_boundary_on_allowed" time="0.003" /><testcase classname="tests.test_phase2c_local_tools.TestGetCommitDiff" name="test_missing_sha" time="0.003" /><testcase classname="tests.test_phase2c_local_tools.TestGetCommitDiff" name="test_no_bin_ctx" time="0.023" /><testcase classname="tests.test_phase2c_local_tools.TestGetCommitDiff" name="test_missing_owner_or_repo" time="0.004" /><testcase classname="tests.test_phase2c_local_tools.TestGetCommitDiff" name="test_commit_not_found_404" time="0.005" /><testcase classname="tests.test_phase2c_local_tools.TestGetCommitDiff" name="test_network_error" time="0.004" /><testcase classname="tests.test_phase2c_local_tools.TestGetCommitDiff" name="test_success" time="0.005" /><testcase classname="tests.test_phase2c_local_tools.TestGetRepoInfo" name="test_no_bin_ctx" time="0.004" /><testcase classname="tests.test_phase2c_local_tools.TestGetRepoInfo" name="test_no_db_returns_basic_info" time="0.004" /><testcase classname="tests.test_phase2c_local_tools.TestGetRepoInfo" name="test_db_lookup_adds_extra_metadata" time="0.003" /><testcase classname="tests.test_phase2c_local_tools.TestGetRepoInfo" name="test_db_lookup_exception_swallowed" time="0.003" /><testcase classname="tests.test_phase2c_local_tools.TestGetRepoInfo" name="test_has_pat_reflects_token_presence" time="0.003" /><testcase classname="tests.test_phase2c_local_tools.TestSaveFindingGuards" name="test_no_bin_ctx_rejected" time="0.003" /><testcase classname="tests.test_phase2c_local_tools.TestSaveFindingGuards" name="test_missing_required_fields_rejected" time="0.003" /></testsuite></testsuites>