<?xml version="1.0" encoding="utf-8"?><testsuites><testsuite name="pytest" errors="0" failures="0" skipped="0" tests="34" time="0.509" timestamp="2026-08-23T03:19:59.903011+00:00" hostname="agent-env-00f4b217-af18-4f22-8897-05bbe431b0a7"><testcase classname="tests.live.test_phase2c_local_tools_live_behavior.TestSafeRepoPathSEC005" name="test_unsafe_paths_rejected[src/app;rm -rf /.py]" time="0.005" /><testcase classname="tests.live.test_phase2c_local_tools_live_behavior.TestSafeRepoPathSEC005" name="test_unsafe_paths_rejected[src/`whoami`.py]" time="0.004" /><testcase classname="tests.live.test_phase2c_local_tools_live_behavior.TestSafeRepoPathSEC005" name="test_unsafe_paths_rejected[src/app|nc evil 80.py]" time="0.004" /><testcase classname="tests.live.test_phase2c_local_tools_live_behavior.TestSafeRepoPathSEC005" name="test_unsafe_paths_rejected[src/app&amp;&amp;ls.py]" time="0.003" /><testcase classname="tests.live.test_phase2c_local_tools_live_behavior.TestSafeRepoPathSEC005" name="test_unsafe_paths_rejected[src/$IFS/app.py]" time="0.003" /><testcase classname="tests.live.test_phase2c_local_tools_live_behavior.TestSafeRepoPathSEC005" name="test_unsafe_paths_rejected[src/app'.py]" time="0.003" /><testcase classname="tests.live.test_phase2c_local_tools_live_behavior.TestSafeRepoPathSEC005" name="test_unsafe_paths_rejected[src/app&quot;.py]" time="0.003" /><testcase classname="tests.live.test_phase2c_local_tools_live_behavior.TestSafeRepoPathSEC005" name="test_unsafe_paths_rejected[src/app\n.py]" time="0.003" /><testcase classname="tests.live.test_phase2c_local_tools_live_behavior.TestSafeRepoPathSEC005" name="test_unsafe_paths_rejected[src/app$(id).py]" time="0.005" /><testcase classname="tests.live.test_phase2c_local_tools_live_behavior.TestSafeRepoPathSEC005" name="test_unsafe_paths_rejected[]" time="0.003" /><testcase classname="tests.live.test_phase2c_local_tools_live_behavior.TestSafeRepoPathSEC005" name="test_unsafe_paths_rejected[None]" time="0.003" /><testcase classname="tests.live.test_phase2c_local_tools_live_behavior.TestSafeRepoPathSEC005" name="test_safe_paths_allowed[src/app.py]" time="0.021" /><testcase classname="tests.live.test_phase2c_local_tools_live_behavior.TestSafeRepoPathSEC005" name="test_safe_paths_allowed[path/to/some_file.jsx]" time="0.003" /><testcase classname="tests.live.test_phase2c_local_tools_live_behavior.TestSafeRepoPathSEC005" name="test_safe_paths_allowed[a/b/c/d.ts]" time="0.003" /><testcase classname="tests.live.test_phase2c_local_tools_live_behavior.TestSafeRepoPathSEC005" name="test_safe_paths_allowed[docs/README.md]" time="0.003" /><testcase classname="tests.live.test_phase2c_local_tools_live_behavior.TestSafeRepoPathSEC005" name="test_safe_paths_allowed[with space/file.py]" time="0.003" /><testcase classname="tests.live.test_phase2c_local_tools_live_behavior.TestSafeRepoPathSEC005" name="test_safe_paths_allowed[src-1/app_2.py]" time="0.003" /><testcase classname="tests.live.test_phase2c_local_tools_live_behavior.TestExecuteBashRefusal" name="test_non_founder_refused" time="0.004" /><testcase classname="tests.live.test_phase2c_local_tools_live_behavior.TestExecuteBashRefusal" name="test_missing_is_founder_refused" time="0.004" /><testcase classname="tests.live.test_phase2c_local_tools_live_behavior.TestExecuteBashRefusal" name="test_founder_with_empty_command_clean_error" time="0.003" /><testcase classname="tests.live.test_phase2c_local_tools_live_behavior.TestRepoToolsNoBinCtx" name="test_read_repo_file_no_bin_ctx" time="0.004" /><testcase classname="tests.live.test_phase2c_local_tools_live_behavior.TestRepoToolsNoBinCtx" name="test_read_repo_file_missing_path_arg" time="0.003" /><testcase classname="tests.live.test_phase2c_local_tools_live_behavior.TestRepoToolsNoBinCtx" name="test_read_repo_file_traversal_rejected" time="0.003" /><testcase classname="tests.live.test_phase2c_local_tools_live_behavior.TestRepoToolsNoBinCtx" name="test_read_repo_file_absolute_path_rejected" time="0.003" /><testcase classname="tests.live.test_phase2c_local_tools_live_behavior.TestRepoToolsNoBinCtx" name="test_list_repo_files_no_bin_ctx" time="0.003" /><testcase classname="tests.live.test_phase2c_local_tools_live_behavior.TestRepoToolsNoBinCtx" name="test_search_repo_no_bin_ctx" time="0.003" /><testcase classname="tests.live.test_phase2c_local_tools_live_behavior.TestRepoMetaToolsNoBinCtx" name="test_get_repo_info_no_bin_ctx" time="0.003" /><testcase classname="tests.live.test_phase2c_local_tools_live_behavior.TestRepoMetaToolsNoBinCtx" name="test_get_commit_diff_no_bin_ctx" time="0.003" /><testcase classname="tests.live.test_phase2c_local_tools_live_behavior.TestRepoMetaToolsNoBinCtx" name="test_get_commit_diff_missing_sha" time="0.003" /><testcase classname="tests.live.test_phase2c_local_tools_live_behavior.TestSaveFindingRefusalPath" name="test_no_bin_ctx_refused" time="0.004" /><testcase classname="tests.live.test_phase2c_local_tools_live_behavior.TestSaveFindingRefusalPath" name="test_missing_required_fields_refused" time="0.003" /><testcase classname="tests.live.test_phase2c_local_tools_live_behavior.TestInvokeLocalToolDispatcher" name="test_unknown_tool_returns_none_or_clean" time="0.003" /><testcase classname="tests.live.test_phase2c_local_tools_live_behavior.TestInvokeLocalToolDispatcher" name="test_known_tool_no_bin_ctx_clean" time="0.004" /><testcase classname="tests.live.test_phase2c_local_tools_live_behavior.TestWriteRepoFileSEC005Gate" name="test_unsafe_path_rejected_pre_subprocess" time="0.004" /></testsuite></testsuites>