<?xml version="1.0" encoding="utf-8"?><testsuites><testsuite name="pytest" errors="0" failures="0" skipped="0" tests="20" time="4.770" timestamp="2026-08-24T00:55:35.004914+00:00" hostname="agent-env-00f4b217-af18-4f22-8897-05bbe431b0a7"><testcase classname="tests.test_loop_gate_chat_stream_2026_01.TestIsUserAllowedUnit" name="test_none_user" time="0.005" /><testcase classname="tests.test_loop_gate_chat_stream_2026_01.TestIsUserAllowedUnit" name="test_free_locked" time="0.005" /><testcase classname="tests.test_loop_gate_chat_stream_2026_01.TestIsUserAllowedUnit" name="test_starter_locked" time="0.003" /><testcase classname="tests.test_loop_gate_chat_stream_2026_01.TestIsUserAllowedUnit" name="test_pro_allowed" time="0.003" /><testcase classname="tests.test_loop_gate_chat_stream_2026_01.TestIsUserAllowedUnit" name="test_team_allowed" time="0.003" /><testcase classname="tests.test_loop_gate_chat_stream_2026_01.TestIsUserAllowedUnit" name="test_founder_tier_allowed" time="0.003" /><testcase classname="tests.test_loop_gate_chat_stream_2026_01.TestIsUserAllowedUnit" name="test_admin_flag_bypasses" time="0.003" /><testcase classname="tests.test_loop_gate_chat_stream_2026_01.TestIsUserAllowedUnit" name="test_unlimited_flag_bypasses" time="0.003" /><testcase classname="tests.test_loop_gate_chat_stream_2026_01.TestIsUserAllowedUnit" name="test_pro_case_insensitive" time="0.003" /><testcase classname="tests.test_loop_gate_chat_stream_2026_01.TestChatRouterGateWired" name="test_chat_router_uses_loop_beta_gate" time="0.005" /><testcase classname="tests.test_loop_gate_chat_stream_2026_01.TestChatRouterGateWired" name="test_chat_router_downgrade_still_happens_for_disallowed" time="0.004" /><testcase classname="tests.test_loop_gate_chat_stream_2026_01.TestLoopStartRegression" name="test_pro_not_tier_locked" time="1.712" /><testcase classname="tests.test_loop_gate_chat_stream_2026_01.TestLoopStartRegression" name="test_team_not_tier_locked" time="0.665" /><testcase classname="tests.test_loop_gate_chat_stream_2026_01.TestLoopStartRegression" name="test_free_locked" time="0.680" /><testcase classname="tests.test_loop_gate_chat_stream_2026_01.TestLoopStartRegression" name="test_founder_allowed" time="0.599" /><testcase classname="tests.test_loop_gate_chat_stream_2026_01.TestChatStreamLoopGate" name="test_pro_stream_opens" time="0.148" /><testcase classname="tests.test_loop_gate_chat_stream_2026_01.TestChatStreamLoopGate" name="test_team_stream_opens" time="0.139" /><testcase classname="tests.test_loop_gate_chat_stream_2026_01.TestChatStreamLoopGate" name="test_free_stream_opens_but_downgraded" time="0.196" /><testcase classname="tests.test_loop_gate_chat_stream_2026_01.TestChatStreamLoopGate" name="test_founder_stream_opens" time="0.162" /><testcase classname="tests.test_loop_gate_chat_stream_2026_01.TestKillSwitchScopeFinding" name="test_kill_switch_not_consulted_by_is_user_allowed" time="0.006" /></testsuite></testsuites>