<?xml version="1.0" encoding="utf-8"?><testsuites><testsuite name="pytest" errors="0" failures="0" skipped="0" tests="10" time="2.447" timestamp="2026-08-24T00:59:00.420995+00:00" hostname="agent-env-00f4b217-af18-4f22-8897-05bbe431b0a7"><testcase classname="tests.test_loop_gate_killswitch_2026_01b.TestChatRouterKillSwitchWired" name="test_chat_stream_calls_kill_switch" time="0.012" /><testcase classname="tests.test_loop_gate_killswitch_2026_01b.TestChatRouterKillSwitchWired" name="test_kill_switch_downgrades_not_403s" time="0.004" /><testcase classname="tests.test_loop_gate_killswitch_2026_01b.TestKillSwitchAsyncUnit" name="test_reads_true_when_flag_true" time="0.304" /><testcase classname="tests.test_loop_gate_killswitch_2026_01b.TestKillSwitchAsyncUnit" name="test_reads_false_when_flag_absent" time="0.007" /><testcase classname="tests.test_loop_gate_killswitch_2026_01b.TestKillSwitchE2E" name="test_pro_loop_stream_ok_when_flag_off" time="0.751" /><testcase classname="tests.test_loop_gate_killswitch_2026_01b.TestKillSwitchE2E" name="test_pro_loop_stream_still_200_when_flag_on" time="0.144" /><testcase classname="tests.test_loop_gate_killswitch_2026_01b.TestKillSwitchE2E" name="test_pro_prompt_stream_unaffected_when_flag_on" time="0.124" /><testcase classname="tests.test_loop_gate_killswitch_2026_01b.TestKillSwitchE2E" name="test_pro_loop_start_403_kill_switch_when_flag_on" time="0.409" /><testcase classname="tests.test_loop_gate_killswitch_2026_01b.TestKillSwitchE2E" name="test_founder_loop_start_403_kill_switch_when_flag_on" time="0.541" /><testcase classname="tests.test_loop_gate_killswitch_2026_01b.TestFlagCleanup" name="test_flag_removed_at_end" time="0.005" /></testsuite></testsuites>