<?xml version="1.0" encoding="utf-8"?><testsuites><testsuite name="pytest" errors="0" failures="0" skipped="0" tests="10" time="3.678" timestamp="2026-08-20T20:47:06.913826+00:00" hostname="agent-env-b532beb8-418a-4207-951d-6457576d5e1f"><testcase classname="tests.test_magic_login_2026_08_20.TestExchangeValid" name="test_stage1_exchange_success" time="0.369" /><testcase classname="tests.test_magic_login_2026_08_20.TestExchangeValid" name="test_stage2_exchange_success" time="0.150" /><testcase classname="tests.test_magic_login_2026_08_20.TestExchangeErrors" name="test_replay_returns_410" time="0.413" /><testcase classname="tests.test_magic_login_2026_08_20.TestExchangeErrors" name="test_bogus_token_returns_404" time="0.171" /><testcase classname="tests.test_magic_login_2026_08_20.TestExchangeErrors" name="test_expired_unused_returns_410" time="0.232" /><testcase classname="tests.test_magic_login_2026_08_20.TestRefresh" name="test_refresh_expired_mints_and_consumes" time="0.366" /><testcase classname="tests.test_magic_login_2026_08_20.TestRefresh" name="test_refresh_after_use_permanently_dead" time="0.745" /><testcase classname="tests.test_magic_login_2026_08_20.TestRefresh" name="test_refresh_bogus_returns_404" time="0.273" /><testcase classname="tests.test_magic_login_2026_08_20.TestClickTracking" name="test_exchange_increments_onboarding_email_click" time="0.402" /><testcase classname="tests.test_magic_login_2026_08_20.TestDryRunNudge" name="test_preview_does_not_mint_token" time="0.361" /></testsuite></testsuites>