<?xml version="1.0" encoding="utf-8"?><testsuites><testsuite name="pytest" errors="0" failures="0" skipped="0" tests="11" time="3.196" timestamp="2026-08-21T04:34:42.017589+00:00" hostname="agent-env-b532beb8-418a-4207-951d-6457576d5e1f"><testcase classname="tests.test_maintenance.TestPublicStatus" name="test_public_no_auth" time="0.167" /><testcase classname="tests.test_maintenance.TestAdminAuthGating" name="test_get_settings_no_auth" time="0.112" /><testcase classname="tests.test_maintenance.TestAdminAuthGating" name="test_incidents_no_auth" time="0.135" /><testcase classname="tests.test_maintenance.TestAdminAuthGating" name="test_post_settings_no_auth" time="0.143" /><testcase classname="tests.test_maintenance.TestAdminSettings" name="test_get_settings_with_auth" time="0.435" /><testcase classname="tests.test_maintenance.TestAdminSettings" name="test_partial_update_preserves_other_fields" time="0.376" /><testcase classname="tests.test_maintenance.TestAdminSettings" name="test_outage_threshold_clamped_low" time="0.120" /><testcase classname="tests.test_maintenance.TestAdminSettings" name="test_outage_threshold_clamped_high" time="0.130" /><testcase classname="tests.test_maintenance.TestAdminSettings" name="test_manual_toggle_reflects_publicly" time="1.064" /><testcase classname="tests.test_maintenance.TestIncidents" name="test_incidents_shape" time="0.111" /><testcase classname="tests.test_maintenance" name="test_zzz_final_ensure_manual_off" time="0.234" /></testsuite></testsuites>