<?xml version="1.0" encoding="utf-8"?><testsuites><testsuite name="pytest" errors="0" failures="0" skipped="1" tests="12" time="9.638" timestamp="2026-08-24T03:27:10.321968+00:00" hostname="agent-env-00f4b217-af18-4f22-8897-05bbe431b0a7"><testcase classname="tests.test_medium_batch_2026_01" name="test_intent_gateway_agentic_verb_anywhere" time="2.006" /><testcase classname="tests.test_medium_batch_2026_01" name="test_intent_gateway_regression_ship_next" time="1.508" /><testcase classname="tests.test_medium_batch_2026_01" name="test_intent_gateway_regression_how_do_i_ship" time="0.004" /><testcase classname="tests.test_medium_batch_2026_01" name="test_intent_gateway_regression_show_leads" time="0.004" /><testcase classname="tests.test_medium_batch_2026_01" name="test_chat_strips_loop_phase_prefix_source" time="0.005" /><testcase classname="tests.test_medium_batch_2026_01" name="test_chat_strip_regex_behavior" time="0.004" /><testcase classname="tests.test_medium_batch_2026_01" name="test_raw_exception_leak_lint_clean" time="0.726" /><testcase classname="tests.test_medium_batch_2026_01" name="test_raw_exception_leak_lint_flags_synthetic" time="0.711" /><testcase classname="tests.test_medium_batch_2026_01" name="test_raw_exception_leak_lint_ignores_founder_alert" time="0.005" /><testcase classname="tests.test_medium_batch_2026_01" name="test_coverage_ratchet_prints_tiered_floor_and_diff_coverage" time="0.098" /><testcase classname="tests.test_medium_batch_2026_01" name="test_dora_metrics_endpoint" time="2.996"><skipped type="pytest.skip" message="admin login failed 404: {&quot;detail&quot;:&quot;Not Found&quot;}">/app/backend/tests/test_medium_batch_2026_01.py:180: admin login failed 404: {"detail":"Not Found"}</skipped></testcase><testcase classname="tests.test_medium_batch_2026_01" name="test_dora_metrics_admin_only" time="0.143" /></testsuite></testsuites>