<?xml version="1.0" encoding="utf-8"?><testsuites><testsuite name="pytest" errors="0" failures="0" skipped="0" tests="13" time="1.136" timestamp="2026-08-31T16:35:48.914249+00:00" hostname="agent-env-00f4b217-af18-4f22-8897-05bbe431b0a7"><testcase classname="tests.test_no_edit_deadend_guard_2026_09_02" name="test_t_no_edit_codeblock_dead_end" time="0.006" /><testcase classname="tests.test_no_edit_deadend_guard_2026_09_02" name="test_t_general_guard_not_swift_specific" time="0.004" /><testcase classname="tests.test_no_edit_deadend_guard_2026_09_02" name="test_valid_aurem_handoff_fence_is_never_touched" time="0.004" /><testcase classname="tests.test_no_edit_deadend_guard_2026_09_02" name="test_code_block_without_confirm_question_is_untouched" time="0.003" /><testcase classname="tests.test_no_edit_deadend_guard_2026_09_02" name="test_confirm_question_without_codeblock_is_untouched" time="0.003" /><testcase classname="tests.test_mode_auto_escalation_2026_09_02" name="test_t_code_edit_uses_reliable_model" time="0.003" /><testcase classname="tests.test_mode_auto_escalation_2026_09_02" name="test_quick_chat_stays_on_fast_cheap_swift" time="0.003" /><testcase classname="tests.test_mode_auto_escalation_2026_09_02" name="test_pro_and_maxx_users_are_never_touched" time="0.003" /><testcase classname="tests.test_narration_leak_strip_2026_09_02" name="test_t_narration_stripped_parenthetical" time="0.003" /><testcase classname="tests.test_narration_leak_strip_2026_09_02" name="test_t_narration_stripped_asterisk" time="0.003" /><testcase classname="tests.test_narration_leak_strip_2026_09_02" name="test_narration_strip_does_not_eat_normal_prose_about_the_page" time="0.003" /><testcase classname="tests.test_timeout_diagnosis_2026_09_02" name="test_t_timeout_diagnosed_syntax_gate_blocks_event_loop" time="0.868" /><testcase classname="tests.test_timeout_diagnosis_2026_09_02" name="test_syntax_gate_still_uses_bare_subprocess_run_not_to_thread" time="0.010" /></testsuite></testsuites>