<?xml version="1.0" encoding="utf-8"?><testsuites><testsuite name="pytest" errors="0" failures="0" skipped="0" tests="9" time="1.598" timestamp="2026-08-24T19:16:24.226999+00:00" hostname="agent-env-00f4b217-af18-4f22-8897-05bbe431b0a7"><testcase classname="tests.test_iter182_oauth_pkce" name="test_1_discovery_doc" time="0.033" /><testcase classname="tests.test_iter182_oauth_pkce" name="test_2_consent_page_renders" time="0.011" /><testcase classname="tests.test_iter182_oauth_pkce" name="test_3_consent_page_rejects_missing_pkce" time="0.010" /><testcase classname="tests.test_iter182_oauth_pkce" name="test_4_consent_page_rejects_plain_pkce_method" time="0.011" /><testcase classname="tests.test_iter182_oauth_pkce" name="test_5_full_flow_happy_path" time="0.646" /><testcase classname="tests.test_iter182_oauth_pkce" name="test_6_pkce_failure_wrong_verifier" time="0.510" /><testcase classname="tests.test_iter182_oauth_pkce" name="test_7_invalid_credentials_redirect_back_to_form" time="0.015" /><testcase classname="tests.test_iter182_oauth_pkce" name="test_8_deny_returns_access_denied" time="0.010" /><testcase classname="tests.test_iter182_oauth_pkce" name="test_9_mcp_manifest_exposes_oauth_block" time="0.010" /></testsuite></testsuites>