<?xml version="1.0" encoding="utf-8"?><testsuites><testsuite name="pytest" errors="0" failures="0" skipped="0" tests="11" time="4.721" timestamp="2026-08-23T15:18:50.811333+00:00" hostname="agent-env-00f4b217-af18-4f22-8897-05bbe431b0a7"><testcase classname="tests.test_optional_phone_signup_2026_01" name="test_signup_no_phone_field_regression" time="2.051" /><testcase classname="tests.test_optional_phone_signup_2026_01" name="test_signup_blank_phone_succeeds" time="0.386" /><testcase classname="tests.test_optional_phone_signup_2026_01" name="test_signup_valid_phone_normalizes_to_e164" time="0.426" /><testcase classname="tests.test_optional_phone_signup_2026_01" name="test_signup_invalid_phone_rejected" time="0.151" /><testcase classname="tests.test_optional_phone_signup_2026_01" name="test_login_seeded_user_regression" time="0.308" /><testcase classname="tests.test_optional_phone_signup_2026_01" name="test_update_phone_set_valid" time="0.487" /><testcase classname="tests.test_optional_phone_signup_2026_01" name="test_update_phone_change_to_another_valid" time="0.121" /><testcase classname="tests.test_optional_phone_signup_2026_01" name="test_update_phone_invalid_rejected_and_previous_preserved" time="0.258" /><testcase classname="tests.test_optional_phone_signup_2026_01" name="test_update_phone_clear_with_null" time="0.152" /><testcase classname="tests.test_optional_phone_signup_2026_01" name="test_update_phone_clear_with_empty_string" time="0.162" /><testcase classname="tests.test_optional_phone_signup_2026_01" name="test_update_phone_requires_auth" time="0.074" /></testsuite></testsuites>