<?xml version="1.0" encoding="utf-8"?><testsuites><testsuite name="pytest" errors="0" failures="0" skipped="0" tests="6" time="0.472" timestamp="2026-08-28T21:50:56.577792+00:00" hostname="agent-env-00f4b217-af18-4f22-8897-05bbe431b0a7"><testcase classname="tests.test_p0_2026_08_28_commit_files_missing_author_fix.TestCommitFilesAuthorIdentityFix" name="test_resume_edits_ship_resolves_identity_and_commits_clean" time="0.031" /><testcase classname="tests.test_p0_2026_08_28_commit_files_missing_author_fix.TestCommitFilesAuthorIdentityFix" name="test_missing_identity_never_reaches_bare_typeerror" time="0.007" /><testcase classname="tests.test_p0_2026_08_28_commit_files_missing_author_fix.TestInternalCallErrorNeverGoesToLlmTranslator" name="test_internal_call_error_bypasses_llm_rewrite" time="0.006" /><testcase classname="tests.test_p0_2026_08_28_commit_files_missing_author_fix.TestInternalCallErrorNeverGoesToLlmTranslator" name="test_non_internal_error_still_uses_llm_translator" time="0.004" /><testcase classname="tests.test_p0_2026_08_28_commit_files_missing_author_fix.TestRollbackPersonaRecognizesRevertIntent" name="test_revert_rollback_undo_are_recognized_mutation_verbs" time="0.009" /><testcase classname="tests.test_p0_2026_08_28_commit_files_missing_author_fix.TestRollbackPersonaRecognizesRevertIntent" name="test_dedicated_rollback_guidance_section_present" time="0.003" /></testsuite></testsuites>