<?xml version="1.0" encoding="utf-8"?><testsuites><testsuite name="pytest" errors="0" failures="4" skipped="0" tests="160" time="10.436" timestamp="2026-09-01T04:29:33.183618+00:00" hostname="agent-env-00f4b217-af18-4f22-8897-05bbe431b0a7"><testcase classname="tests.test_iter212m109_loop_execute_and_history" name="test_loop_execute_generates_real_file_content_via_llm" time="0.009" /><testcase classname="tests.test_iter212m109_loop_execute_and_history" name="test_loop_execute_helper_module_exists" time="0.006" /><testcase classname="tests.test_iter212m109_loop_execute_and_history" name="test_loop_ship_has_attempt_and_result_logs" time="0.005" /><testcase classname="tests.test_iter212m109_loop_execute_and_history" name="test_chat_history_returns_last_200_not_100_or_20" time="0.005" /><testcase classname="tests.test_iter212m109_loop_execute_and_history" name="test_console_error_badge_requires_confirmation" time="0.007" /><testcase classname="tests.test_iter212m109_loop_execute_and_history" name="test_send_button_is_type_button_with_explicit_handlers" time="0.005" /><testcase classname="tests.test_iter212m150_parliament" name="test_parliament_module_exports" time="0.004" /><testcase classname="tests.test_iter212m150_parliament" name="test_council_a_has_three_members_at_correct_temps" time="0.003" /><testcase classname="tests.test_iter212m150_parliament" name="test_council_b_and_c_are_three_member" time="0.004" /><testcase classname="tests.test_iter212m150_parliament" name="test_router_respects_forced_council" time="0.003" /><testcase classname="tests.test_iter212m150_parliament" name="test_router_keywords_map_to_council_a" time="0.004" /><testcase classname="tests.test_iter212m150_parliament" name="test_router_task_type_maps_to_council_a" time="0.004" /><testcase classname="tests.test_iter212m150_parliament" name="test_score_refusal_returns_zero" time="0.003" /><testcase classname="tests.test_iter212m150_parliament" name="test_score_empty_returns_zero" time="0.003" /><testcase classname="tests.test_iter212m150_parliament" name="test_score_code_returns_high" time="0.004" /><testcase classname="tests.test_iter212m150_parliament" name="test_score_prose_returns_low_for_code_task" time="0.003" /><testcase classname="tests.test_iter212m150_parliament" name="test_strip_fences" time="0.004" /><testcase classname="tests.test_iter212m150_parliament" name="test_ceo_picks_highest_scoring_vote" time="0.004" /><testcase classname="tests.test_iter212m150_parliament" name="test_ceo_returns_manual_review_when_all_refused" time="0.004" /><testcase classname="tests.test_iter212m150_parliament" name="test_ceo_empty_votes_manual_review" time="0.004" /><testcase classname="tests.test_iter212m150_parliament" name="test_parliament_run_returns_success_on_good_votes" time="0.301" /><testcase classname="tests.test_iter212m150_parliament" name="test_parliament_run_returns_manual_review_on_all_refusal" time="0.005" /><testcase classname="tests.test_iter212m150_parliament" name="test_parliament_logs_to_mongo" time="0.056" /><testcase classname="tests.test_iter212m150_parliament" name="test_parliament_log_failure_does_not_raise" time="0.007" /><testcase classname="tests.test_iter212m150_parliament" name="test_healer_escalates_temperature_across_rounds" time="0.004" /><testcase classname="tests.test_iter212m150_parliament" name="test_healer_threads_prior_attempts_into_prompt" time="0.004" /><testcase classname="tests.test_iter212m150_parliament" name="test_healer_returns_retry_with_output" time="0.005" /><testcase classname="tests.test_iter212m150_parliament" name="test_healer_returns_escalate_on_empty_output" time="0.004" /><testcase classname="tests.test_iter212m150_parliament" name="test_parliament_wired_only_in_loop_engine" time="0.727" /><testcase classname="tests.test_iter212m150_parliament" name="test_loop_engine_wires_parliament_in_execute" time="0.005" /><testcase classname="tests.test_iter212m150_parliament" name="test_loop_engine_wires_parliament_in_verify_heal" time="0.004" /><testcase classname="tests.test_iter212m150_parliament" name="test_loop_engine_preserves_phase_budgets" time="0.004" /><testcase classname="tests.test_iter212m151_parliament_production" name="test_module_exposes_max_concurrent_six" time="0.004" /><testcase classname="tests.test_iter212m151_parliament_production" name="test_circuit_breaker_state_machine" time="0.004" /><testcase classname="tests.test_iter212m151_parliament_production" name="test_circuit_breaker_half_open_failure_reopens" time="0.004" /><testcase classname="tests.test_iter212m151_parliament_production" name="test_circuit_breaker_stats_shape" time="0.004" /><testcase classname="tests.test_iter212m151_parliament_production" name="test_parliament_falls_back_when_circuit_open" time="0.005" /><testcase classname="tests.test_iter212m151_parliament_production" name="test_parliament_records_failures_into_breaker" time="0.008" /><testcase classname="tests.test_iter212m151_parliament_production" name="test_healer_respects_caller_max_rounds_exactly" time="0.004" /><testcase classname="tests.test_iter212m151_parliament_production" name="test_healer_never_increments_round_internally" time="0.004" /><testcase classname="tests.test_iter212m151_parliament_production" name="test_loop_engine_passes_max_rounds_to_healer" time="0.004" /><testcase classname="tests.test_iter212m151_parliament_production" name="test_ceo_temps_constants_match_spec" time="0.003" /><testcase classname="tests.test_iter212m151_parliament_production" name="test_detect_output_type_routes_correctly[fix the bug in auth.py and refactor login()-code_output]" time="0.004" /><testcase classname="tests.test_iter212m151_parliament_production" name="test_detect_output_type_routes_correctly[implement parameterized SQL for the user table-code_output]" time="0.004" /><testcase classname="tests.test_iter212m151_parliament_production" name="test_detect_output_type_routes_correctly[summarize last week performance-analysis_output]" time="0.004" /><testcase classname="tests.test_iter212m151_parliament_production" name="test_detect_output_type_routes_correctly[how many leads converted yesterday \u2014 show me a report-analysis_output]" time="0.005" /><testcase classname="tests.test_iter212m151_parliament_production" name="test_detect_output_type_routes_correctly[draft a follow-up email to the lead-writing_output]" time="0.004" /><testcase classname="tests.test_iter212m151_parliament_production" name="test_detect_output_type_routes_correctly[format the response as json schema-json_output]" time="0.004" /><testcase classname="tests.test_iter212m151_parliament_production" name="test_detect_output_type_empty_defaults_to_council_a" time="0.004" /><testcase classname="tests.test_iter212m151_parliament_production" name="test_detect_output_type_tie_defaults_to_code_when_council_a" time="0.004" /><testcase classname="tests.test_iter212m151_parliament_production" name="test_ceo_uses_detected_temperature_in_result" time="0.005" /><testcase classname="tests.test_iter212m151_parliament_production" name="test_parliament_run_returns_trace_id" time="0.005" /><testcase classname="tests.test_iter212m151_parliament_production" name="test_parliament_logs_trace_events_sequence" time="0.055" /><testcase classname="tests.test_iter212m151_parliament_production" name="test_parliament_trace_isolation_between_runs" time="0.056" /><testcase classname="tests.test_iter212m151_parliament_production" name="test_parliament_wired_only_in_loop_engine_iter151" time="0.061" /><testcase classname="tests.test_iter212m151_parliament_production" name="test_phase_budgets_preserved" time="0.005" /><testcase classname="tests.test_iter212m159_parliament_v2_routing" name="test_v2_flags_exist" time="0.004" /><testcase classname="tests.test_iter212m159_parliament_v2_routing" name="test_longcat_model_string_is_meituan" time="0.005" /><testcase classname="tests.test_iter212m159_parliament_v2_routing" name="test_council_a_primary_swaps_to_longcat_when_enabled" time="0.004" /><testcase classname="tests.test_iter212m159_parliament_v2_routing" name="test_council_a_primary_stays_glm_when_flag_off" time="0.004" /><testcase classname="tests.test_iter212m159_parliament_v2_routing" name="test_council_b_primary_swaps_to_glm_when_enabled" time="0.004" /><testcase classname="tests.test_iter212m159_parliament_v2_routing" name="test_council_b_primary_stays_deepseek_when_flag_off" time="0.004" /><testcase classname="tests.test_iter212m159_parliament_v2_routing" name="test_council_b_members_use_analysis_mode" time="0.003" /><testcase classname="tests.test_iter212m159_parliament_v2_routing" name="test_council_c_members_unchanged" time="0.003" /><testcase classname="tests.test_iter212m159_parliament_v2_routing" name="test_council_a_members_unchanged" time="0.003" /><testcase classname="tests.test_iter212m159_parliament_v2_routing" name="test_analysis_mode_has_token_and_temperature_settings" time="0.004" /><testcase classname="tests.test_iter212m159_parliament_v2_routing" name="test_ceo_rescue_wrapper_exists" time="0.003" /><testcase classname="tests.test_iter212m159_parliament_v2_routing" name="test_ceo_judge_uses_rescue_wrapper" time="0.003" /><testcase classname="tests.test_iter212m159_parliament_v2_routing" name="test_ceo_rescue_disabled_uses_single_call" time="0.004" /><testcase classname="tests.test_iter212m159_parliament_v2_routing" name="test_ceo_rescue_fires_on_timeout" time="0.055" /><testcase classname="tests.test_iter212m159_parliament_v2_routing" name="test_ceo_rescue_fires_on_empty_primary" time="0.005" /><testcase classname="tests.test_iter212m159_parliament_v2_routing" name="test_council_vote_trace_metadata_includes_primary_model" time="0.004" /><testcase classname="tests.test_iter212m159_parliament_v2_routing" name="test_council_a_review_mode_pro_still_falls_back_to_claude" time="0.004" /><testcase classname="tests.test_iter212m159_parliament_v2_routing" name="test_no_hardcoded_longcat_string_outside_llm_py" time="0.264" /><testcase classname="tests.test_iter212m159_parliament_v2_routing" name="test_analysis_mode_routing_block_in_llm_py" time="0.005" /><testcase classname="tests.test_iter212m159_parliament_v2_routing" name="test_ceo_rescue_trace_name_distinct" time="0.004" /><testcase classname="tests.test_iter212m159_parliament_v2_routing" name="test_v2_flags_in_env_file" time="0.004" /><testcase classname="tests.test_iter212m160_pre_launch_p0" name="test_task_router_analysis_routes_to_b" time="0.004" /><testcase classname="tests.test_iter212m160_pre_launch_p0" name="test_task_router_creative_routes_to_c" time="0.003" /><testcase classname="tests.test_iter212m160_pre_launch_p0" name="test_task_router_code_routes_to_a" time="0.004" /><testcase classname="tests.test_iter212m160_pre_launch_p0" name="test_task_router_unknown_task_type_keyword_fallback" time="0.004" /><testcase classname="tests.test_iter212m160_pre_launch_p0" name="test_task_router_explicit_council_override_wins" time="0.003" /><testcase classname="tests.test_iter212m160_pre_launch_p0" name="test_task_router_map_covers_all_documented_types" time="0.004" /><testcase classname="tests.test_iter212m160_pre_launch_p0" name="test_loop_engine_no_longer_hardcodes_council_a" time="0.004" /><testcase classname="tests.test_iter212m160_pre_launch_p0" name="test_longcat_live_flag_exists" time="0.004" /><testcase classname="tests.test_iter212m160_pre_launch_p0" name="test_probe_longcat_availability_skips_when_flag_off" time="0.338" /><testcase classname="tests.test_iter212m160_pre_launch_p0" name="test_probe_longcat_flips_live_false_on_400" time="0.006" /><testcase classname="tests.test_iter212m160_pre_launch_p0" name="test_probe_longcat_keeps_live_true_on_200" time="0.013" /><testcase classname="tests.test_iter212m160_pre_launch_p0" name="test_council_a_primary_falls_back_to_glm_when_live_false" time="0.006" /><testcase classname="tests.test_iter212m160_pre_launch_p0" name="test_call_longcat_fast_paths_to_glm_when_dead" time="0.005" /><testcase classname="tests.test_iter212m160_pre_launch_p0" name="test_call_longcat_flips_live_false_on_mid_session_empty" time="0.004" /><testcase classname="tests.test_iter212m163_aggression_chat" name="test_block_2_1_casual_hi" time="4.345" /><testcase classname="tests.test_iter212m163_aggression_chat" name="test_block_2_2_query_files" time="0.610"><failure message="AssertionError: stream HTTP 403: {&quot;detail&quot;:&quot;The connection to your website's code isn't available right now — it may have been disconnected or doesn't cover this project. Open Projects → APP to reconnect.&quot;}&#10;assert 403 == 200&#10; +  where 403 = &lt;Response [403]&gt;.status_code">E   AssertionError: stream HTTP 403: {"detail":"The connection to your website's code isn't available right now — it may have been disconnected or doesn't cover this project. Open Projects → APP to reconnect."}
    assert 403 == 200
     +  where 403 = &lt;Response [403]&gt;.status_code</failure></testcase><testcase classname="tests.test_iter212m163_aggression_chat" name="test_block_2_3_agentic_loop_off" time="0.512"><failure message="AssertionError: stream HTTP 403: {&quot;detail&quot;:&quot;The connection to your website's code isn't available right now — it may have been disconnected or doesn't cover this project. Open Projects → APP to reconnect.&quot;}&#10;assert 403 == 200&#10; +  where 403 = &lt;Response [403]&gt;.status_code">E   AssertionError: stream HTTP 403: {"detail":"The connection to your website's code isn't available right now — it may have been disconnected or doesn't cover this project. Open Projects → APP to reconnect."}
    assert 403 == 200
     +  where 403 = &lt;Response [403]&gt;.status_code</failure></testcase><testcase classname="tests.test_iter212m163_aggression_chat" name="test_block_7_7_tool_router_filter" time="0.399"><failure message="AssertionError: stream HTTP 403: {&quot;detail&quot;:&quot;The connection to your website's code isn't available right now — it may have been disconnected or doesn't cover this project. Open Projects → APP to reconnect.&quot;}&#10;assert 403 == 200&#10; +  where 403 = &lt;Response [403]&gt;.status_code">E   AssertionError: stream HTTP 403: {"detail":"The connection to your website's code isn't available right now — it may have been disconnected or doesn't cover this project. Open Projects → APP to reconnect."}
    assert 403 == 200
     +  where 403 = &lt;Response [403]&gt;.status_code</failure></testcase><testcase classname="tests.test_iter212m163_aggression_chat" name="test_block_6_3_cascade_source_exists" time="0.009" /><testcase classname="tests.test_iter212m163_aggression_chat" name="test_block_8_1_ceo_rescue_source" time="0.004" /><testcase classname="tests.test_iter212m163_aggression_chat" name="test_block_8_2_circuit_breaker_source" time="0.004"><failure message="FileNotFoundError: [Errno 2] No such file or directory: '/app/backend/services/llm.py'">E   FileNotFoundError: [Errno 2] No such file or directory: '/app/backend/services/llm.py'</failure></testcase><testcase classname="tests.test_iter212m163_aggression_chat" name="test_block_8_3_empty_bubble_guard" time="0.011" /><testcase classname="tests.test_iter212m163_aggression_chat" name="test_block_1_3_intent_tier_always_mounted" time="0.006" /><testcase classname="tests.test_iter212m163_aggression_chat" name="test_longcat_live_false_council_a_uses_glm" time="0.004" /><testcase classname="tests.test_iter212m177_prod_reliability" name="test_p0_1_double_confirm_ship_pushes_exactly_once" time="0.331" /><testcase classname="tests.test_iter212m177_prod_reliability" name="test_p0_1_route_returns_existing_commit" time="0.005" /><testcase classname="tests.test_iter212m177_prod_reliability" name="test_p0_2_list_repo_files_wrapper_maps_tree" time="0.018" /><testcase classname="tests.test_iter212m177_prod_reliability" name="test_p0_2_search_repo_wrapper_sends_pattern" time="0.005" /><testcase classname="tests.test_iter212m177_prod_reliability" name="test_p0_2_get_repo_structure_wrapper_maps_symbols" time="0.004" /><testcase classname="tests.test_iter212m177_prod_reliability" name="test_p0_2_local_list_repo_files_against_real_github_shape" time="0.006" /><testcase classname="tests.test_iter212m177_prod_reliability" name="test_p0_3_ten_writing_prompts_route_to_council_c" time="0.004" /><testcase classname="tests.test_iter212m177_prod_reliability" name="test_p0_3_analysis_routes_to_b_and_code_stays_a" time="0.004" /><testcase classname="tests.test_iter212m177_prod_reliability" name="test_p0_3_chat_endpoints_apply_inference" time="0.004" /><testcase classname="tests.test_iter212m177_prod_reliability" name="test_p0_4_hallucination_gate_flags_invented_rewrite" time="0.032" /><testcase classname="tests.test_iter212m177_prod_reliability" name="test_p0_4_task_text_paths_are_read_first" time="0.005" /><testcase classname="tests.test_iter212m177_prod_reliability" name="test_p0_4_no_done_status_without_edits" time="0.005" /><testcase classname="tests.test_iter212m177_prod_reliability" name="test_p1_5_get_repo_health_skips_zero_file_scans" time="0.004" /><testcase classname="tests.test_iter212m177_prod_reliability" name="test_p1_5_zero_file_scans_never_persisted_and_last_filtered" time="0.004" /><testcase classname="tests.test_iter212m177_prod_reliability" name="test_p1_6_all_pre_gen_awaits_have_hard_timeouts" time="0.006" /><testcase classname="tests.test_iter212m177_prod_reliability" name="test_p1_7_stream_replays_mongo_last_event_without_local_engine" time="0.023" /><testcase classname="tests.test_iter212m177_prod_reliability" name="test_p1_7_frontend_restores_and_reconnects" time="0.005" /><testcase classname="tests.test_iter212m178_prod_perf" name="test_search_repo_stops_at_file_budget" time="0.019" /><testcase classname="tests.test_iter212m178_prod_perf" name="test_search_repo_prefers_text_extensions" time="0.005" /><testcase classname="tests.test_iter212m178_prod_perf" name="test_orchestrator_wraps_tool_calls_in_timeout" time="0.004" /><testcase classname="tests.test_iter212m178_prod_perf" name="test_council_writing_vocab_expanded" time="0.004" /><testcase classname="tests.test_iter212m178_prod_perf" name="test_fetch_file_retries_on_403_secondary_limit" time="0.005" /><testcase classname="tests.test_iter212m178_prod_perf" name="test_bulk_loop_paces_github_mutations" time="0.004" /><testcase classname="tests.test_iter212m62_loop_verify" name="test_verify_clean_python_passes" time="0.014" /><testcase classname="tests.test_iter212m62_loop_verify" name="test_verify_broken_python_fails" time="0.012" /><testcase classname="tests.test_iter212m62_loop_verify" name="test_verify_skips_unknown_extension" time="0.005" /><testcase classname="tests.test_iter212m62_loop_verify" name="test_verify_eslint_picks_up_undef" time="0.188" /><testcase classname="tests.test_iter212m62_loop_verify" name="test_verify_empty_input_returns_ok" time="0.005" /><testcase classname="tests.test_iter212m62_loop_verify" name="test_self_heal_fixes_broken_python" time="0.111" /><testcase classname="tests.test_iter212m62_loop_verify" name="test_self_heal_exhausted_pauses_for_user" time="0.107" /><testcase classname="tests.test_iter212m62_loop_verify" name="test_verify_skipped_when_no_files_submitted" time="0.106" /><testcase classname="tests.test_iter_feb2026_bug_a_dynamic_output_budget" name="test_council_member_uses_max_tokens_override_when_context_provides_it" time="0.005" /><testcase classname="tests.test_iter_feb2026_bug_a_dynamic_output_budget" name="test_council_member_caps_override_at_32k" time="0.005" /><testcase classname="tests.test_iter_feb2026_bug_a_dynamic_output_budget" name="test_council_member_defaults_when_no_override" time="0.004" /><testcase classname="tests.test_iter_feb2026_bug_a_dynamic_output_budget" name="test_loop_engine_threads_max_tokens_override_into_parliament_context" time="0.004" /><testcase classname="tests.test_iter_feb2026_bug_a_dynamic_output_budget" name="test_loop_engine_graceful_degrades_for_huge_files" time="0.004" /><testcase classname="tests.test_iter_feb2026_bug_a_dynamic_output_budget" name="test_dynamic_budget_scales_with_file_size[500-4000]" time="0.004" /><testcase classname="tests.test_iter_feb2026_bug_a_dynamic_output_budget" name="test_dynamic_budget_scales_with_file_size[3000-4000]" time="0.004" /><testcase classname="tests.test_iter_feb2026_bug_a_dynamic_output_budget" name="test_dynamic_budget_scales_with_file_size[18000-6000]" time="0.004" /><testcase classname="tests.test_iter_feb2026_bug_a_dynamic_output_budget" name="test_dynamic_budget_scales_with_file_size[60000-20000]" time="0.004" /><testcase classname="tests.test_iter_feb2026_bug_a_dynamic_output_budget" name="test_dynamic_budget_scales_with_file_size[100000-32000]" time="0.004" /><testcase classname="tests.test_iter_feb2026_verify_fail_surfaces_errors" name="test_verify_fail_emits_failing_files_and_errors_in_data" time="0.005" /><testcase classname="tests.test_iter_feb2026_verify_fail_surfaces_errors" name="test_non_verify_fail_still_gets_kind_terminal_fail" time="0.005" /><testcase classname="tests.test_iter_feb2026_verify_fail_surfaces_errors" name="test_fail_caller_data_merges_into_emit" time="0.004" /><testcase classname="tests.test_iter_feb2026_verify_terminal_fail" name="test_verify_pauses_once_then_hard_fails_on_reentry_no_duplicate" time="0.005" /><testcase classname="tests.test_iter_feb2026_verify_terminal_fail" name="test_pause_response_refuses_retry_on_terminal_state" time="0.004" /><testcase classname="tests.test_iter_feb2026_verify_terminal_fail" name="test_reentered_do_verify_short_circuits_when_cap_consumed" time="0.005" /><testcase classname="tests.test_iter_feb2026_verify_terminal_fail" name="test_pause_response_persisted_terminal_returns_409" time="0.020" /><testcase classname="tests.test_iter_feb2026_verify_terminal_fail" name="test_pause_response_persisted_terminal_404_for_wrong_user" time="0.031" /><testcase classname="tests.test_iter_hardening3_agent_labels" name="test_agent_call_context_tags_route_distinctly_per_agent" time="0.006" /><testcase classname="tests.test_iter_hardening3_agent_labels" name="test_no_agent_label_falls_back_to_plain_phase_route" time="0.004" /><testcase classname="tests.test_iter_hardening3_agent_labels" name="test_agent_label_resets_after_context_exits" time="0.004" /><testcase classname="tests.test_iter_hardening3_agent_labels" name="test_ceo_decide_flags_error_code_when_all_votes_cost_capped" time="0.004" /><testcase classname="tests.test_iter_hardening3_agent_labels" name="test_ceo_decide_generic_failure_has_no_cost_cap_error_code" time="0.004" /><testcase classname="tests.test_iter_w3_a4_binary_file_refusal" name="test_a4a_fetch_file_rejects_real_binary_png" time="0.005" /><testcase classname="tests.test_iter_w3_a4_binary_file_refusal" name="test_a4b_binary_content_never_written_back_byte_identical" time="0.006" /><testcase classname="tests.test_iter_w3_a4_binary_file_refusal" name="test_a4c_real_text_file_still_reads_fine" time="0.005" /><testcase classname="tests.test_iter_w3_a4_binary_file_refusal" name="test_a4d_legacy_encoding_never_writes_u_fffd" time="0.005" /><testcase classname="tests.test_iter_w3_a4_binary_file_refusal" name="test_a4_real_execute_path_skips_binary_generates_text" time="0.013" /></testsuite></testsuites>