<?xml version="1.0" encoding="utf-8"?><testsuites><testsuite name="pytest" errors="0" failures="0" skipped="0" tests="9" time="18.977" timestamp="2026-08-22T21:04:09.241847+00:00" hostname="agent-env-00f4b217-af18-4f22-8897-05bbe431b0a7"><testcase classname="tests.test_pat_removal_full_2026_01.TestVerifyPatEndpoint" name="test_verify_pat_authed_rejects_pat" time="0.505" /><testcase classname="tests.test_pat_removal_full_2026_01.TestVerifyPatEndpoint" name="test_verify_pat_unauthed_rejected" time="0.115" /><testcase classname="tests.test_pat_removal_full_2026_01.TestProjectAddPatRejected" name="test_add_project_with_pat_rejected_400" time="0.139" /><testcase classname="tests.test_pat_removal_full_2026_01.TestProjectPatchPatRejected" name="test_patch_github_token_rejected" time="0.126" /><testcase classname="tests.test_pat_removal_full_2026_01.TestPatInventory" name="test_inventory_admin" time="5.098" /><testcase classname="tests.test_pat_removal_full_2026_01.TestPatInventory" name="test_inventory_non_admin" time="0.137" /><testcase classname="tests.test_pat_removal_full_2026_01.TestMigrateDryRun" name="test_dry_run_does_not_modify" time="12.326" /><testcase classname="tests.test_pat_removal_full_2026_01.TestConnectionStatusHonesty" name="test_connection_status_no_500" time="0.355" /><testcase classname="tests.test_pat_removal_full_2026_01.TestStaticPatGrepClean" name="test_no_live_pat_helper_refs" time="0.017" /></testsuite></testsuites>