<?xml version="1.0" encoding="utf-8"?><testsuites><testsuite name="pytest" errors="0" failures="0" skipped="0" tests="5" time="1.417" timestamp="2026-08-21T15:35:10.917366+00:00" hostname="agent-env-b532beb8-418a-4207-951d-6457576d5e1f"><testcase classname="tests.test_stripe_invoice_payment_failed" name="test_invoice_payment_failed_flags_user" time="0.051" /><testcase classname="tests.test_stripe_invoice_payment_failed" name="test_invoice_paid_clears_flag" time="0.020" /><testcase classname="tests.test_stripe_invoice_payment_failed" name="test_invoice_payment_failed_missing_subscription_does_not_crash" time="0.014" /><testcase classname="tests.test_stripe_invoice_payment_failed" name="test_my_plan_surfaces_payment_failed" time="0.012" /><testcase classname="tests.test_stripe_invoice_payment_failed" name="test_payment_recovery_email_dedups_per_invoice" time="0.009" /></testsuite></testsuites>