<?xml version="1.0" encoding="utf-8"?><testsuites><testsuite name="pytest" errors="0" failures="0" skipped="0" tests="5" time="11.394" timestamp="2026-08-25T00:15:41.654987+00:00" hostname="agent-env-00f4b217-af18-4f22-8897-05bbe431b0a7"><testcase classname="tests.test_phase1_refactor_smoke" name="test_health_score_endpoint" time="10.618" /><testcase classname="tests.test_phase1_refactor_smoke" name="test_engagement_my_streak" time="0.089" /><testcase classname="tests.test_phase1_refactor_smoke" name="test_founder_offer_claim" time="0.071" /><testcase classname="tests.test_phase1_refactor_smoke" name="test_admin_support_errors_list" time="0.214" /><testcase classname="tests.test_phase1_refactor_smoke" name="test_advisor_open_prs_no_repo" time="0.084" /></testsuite></testsuites>