<?xml version="1.0" encoding="utf-8"?><testsuites><testsuite name="pytest" errors="0" failures="0" skipped="0" tests="6" time="9.564" timestamp="2026-08-24T16:17:50.632629+00:00" hostname="agent-env-00f4b217-af18-4f22-8897-05bbe431b0a7"><testcase classname="tests.test_phase3a_duplication_churn.TestDuplication" name="test_requires_auth" time="0.337" /><testcase classname="tests.test_phase3a_duplication_churn.TestDuplication" name="test_returns_200_with_schema" time="2.007" /><testcase classname="tests.test_phase3a_duplication_churn.TestDuplication" name="test_top_cluster_shape" time="1.736" /><testcase classname="tests.test_phase3a_duplication_churn.TestChurnRisk" name="test_requires_auth" time="0.192" /><testcase classname="tests.test_phase3a_duplication_churn.TestChurnRisk" name="test_returns_200_with_schema" time="3.080" /><testcase classname="tests.test_phase3a_duplication_churn.TestChurnRisk" name="test_custom_window" time="2.062" /></testsuite></testsuites>