<?xml version="1.0" encoding="utf-8"?><testsuites><testsuite name="pytest" errors="0" failures="2" skipped="0" tests="23" time="6.152" timestamp="2026-08-23T00:41:30.988540+00:00" hostname="agent-env-00f4b217-af18-4f22-8897-05bbe431b0a7"><testcase classname="tests.test_iter319_scan_fail_closed" name="test_scan_text_imported_into_run_security_scan" time="0.005" /><testcase classname="tests.test_iter319_scan_fail_closed" name="test_scan_text_imported_into_run_diff_security_scan" time="0.004" /><testcase classname="tests.test_iter319_scan_fail_closed" name="test_do_scan_fail_closed_on_exception" time="0.004" /><testcase classname="tests.test_phase3_http_wrapper_migration_batch8a" name="test_admin_qa_module_imports_ext_client" time="0.004" /><testcase classname="tests.test_phase3_http_wrapper_migration_batch8a" name="test_admin_qa_github_actions_two_sites_migrated" time="0.003" /><testcase classname="tests.test_phase3_http_wrapper_migration_batch8a" name="test_admin_qa_vscode_marketplace_site_uses_dedicated_dep" time="0.003" /><testcase classname="tests.test_phase3_http_wrapper_migration_batch8a" name="test_admin_bin_module_imports_ext_client" time="0.004" /><testcase classname="tests.test_phase3_http_wrapper_migration_batch8a" name="test_admin_bin_github_head_probe_migrated" time="0.003" /><testcase classname="tests.test_phase3_http_wrapper_migration_batch8a" name="test_admin_bin_openrouter_balance_migrated" time="0.005" /><testcase classname="tests.test_phase3_http_wrapper_migration_batch8a" name="test_admin_projects_brain_probe_migrated" time="0.003" /><testcase classname="tests.test_phase3_http_wrapper_migration_batch8a" name="test_admin_ops_config_cloudflare_purge_migrated" time="0.003" /><testcase classname="tests.test_phase3_http_wrapper_migration_batch8a" name="test_admin_users_resend_email_migrated" time="0.004" /><testcase classname="tests.test_phase3_http_wrapper_migration_batch8a" name="test_upload_vision_45s_timeout_preserved" time="0.003" /><testcase classname="tests.test_phase3_http_wrapper_migration_batch8a" name="test_fix_pipeline_commit_verify_migrated" time="0.003" /><testcase classname="tests.test_phase3_http_wrapper_migration_batch8a" name="test_batch_8a_total_sites_migrated" time="0.004" /><testcase classname="tests.test_phase3_http_wrapper_migration_batch8a" name="test_batch_8a_excludes_stay_raw" time="0.003" /><testcase classname="tests.test_qa_hardening_items_2_and_4" name="test_version_returns_last_github_push_key" time="1.316" /><testcase classname="tests.test_qa_hardening_items_2_and_4" name="test_last_github_push_populated_when_creds_present" time="0.005" /><testcase classname="tests.test_qa_hardening_items_2_and_4" name="test_ci_vs_local_drift_honest_empty_without_gh_creds" time="1.562" /><testcase classname="tests.test_session6_item6_test_count_freshness" name="test_qa_manifest_is_present_and_recent" time="0.006"><failure message="AssertionError: manifest is 520.8 hours old — regenerate via `python backend/scripts/gen_qa_manifest.py` before shipping.&#10;assert 520.7956838838921 &lt; 6">backend/tests/test_session6_item6_test_count_freshness.py:39: in test_qa_manifest_is_present_and_recent
    assert age_hours &lt; 6, (
E   AssertionError: manifest is 520.8 hours old — regenerate via `python backend/scripts/gen_qa_manifest.py` before shipping.
E   assert 520.7956838838921 &lt; 6</failure></testcase><testcase classname="tests.test_session6_item6_test_count_freshness" name="test_qa_manifest_totals_match_live_harvest" time="1.370"><failure message="AssertionError: backend_pytest: live=4937 vs manifest=3938 — manifest is stale.&#10;assert 999 &lt;= 5&#10; +  where 999 = abs((4937 - 3938))">backend/tests/test_session6_item6_test_count_freshness.py:62: in test_qa_manifest_totals_match_live_harvest
    assert abs(live_n - manifest_n) &lt;= 5, (
E   AssertionError: backend_pytest: live=4937 vs manifest=3938 — manifest is stale.
E   assert 999 &lt;= 5
E    +  where 999 = abs((4937 - 3938))</failure></testcase><testcase classname="tests.test_session6_item6_test_count_freshness" name="test_admin_overview_shows_manifest_age_when_stale" time="0.005" /><testcase classname="tests.test_session6_item6_test_count_freshness" name="test_admin_qa_counts_endpoint_exposes_manifest_age" time="1.318" /></testsuite></testsuites>