<?xml version="1.0" encoding="utf-8"?><testsuites><testsuite name="pytest" errors="0" failures="0" skipped="0" tests="33" time="1.551" timestamp="2026-08-27T18:12:01.964350+00:00" hostname="agent-env-00f4b217-af18-4f22-8897-05bbe431b0a7"><testcase classname="tests.test_iter2026_08_27_intent_grounding_plan_scan" name="test_confirmatory_replies_detected[yes]" time="0.008" /><testcase classname="tests.test_iter2026_08_27_intent_grounding_plan_scan" name="test_confirmatory_replies_detected[Yes]" time="0.008" /><testcase classname="tests.test_iter2026_08_27_intent_grounding_plan_scan" name="test_confirmatory_replies_detected[yes.]" time="0.006" /><testcase classname="tests.test_iter2026_08_27_intent_grounding_plan_scan" name="test_confirmatory_replies_detected[yeah]" time="0.010" /><testcase classname="tests.test_iter2026_08_27_intent_grounding_plan_scan" name="test_confirmatory_replies_detected[yep]" time="0.011" /><testcase classname="tests.test_iter2026_08_27_intent_grounding_plan_scan" name="test_confirmatory_replies_detected[sure]" time="0.012" /><testcase classname="tests.test_iter2026_08_27_intent_grounding_plan_scan" name="test_confirmatory_replies_detected[ok]" time="0.012" /><testcase classname="tests.test_iter2026_08_27_intent_grounding_plan_scan" name="test_confirmatory_replies_detected[okay]" time="0.013" /><testcase classname="tests.test_iter2026_08_27_intent_grounding_plan_scan" name="test_confirmatory_replies_detected[go ahead]" time="0.009" /><testcase classname="tests.test_iter2026_08_27_intent_grounding_plan_scan" name="test_confirmatory_replies_detected[ship it]" time="0.015" /><testcase classname="tests.test_iter2026_08_27_intent_grounding_plan_scan" name="test_confirmatory_replies_detected[ship them]" time="0.007" /><testcase classname="tests.test_iter2026_08_27_intent_grounding_plan_scan" name="test_confirmatory_replies_detected[do it]" time="0.006" /><testcase classname="tests.test_iter2026_08_27_intent_grounding_plan_scan" name="test_confirmatory_replies_detected[lgtm]" time="0.004" /><testcase classname="tests.test_iter2026_08_27_intent_grounding_plan_scan" name="test_confirmatory_replies_detected[approved]" time="0.006" /><testcase classname="tests.test_iter2026_08_27_intent_grounding_plan_scan" name="test_non_confirmatory_not_flagged[fix the signup form validation in Signup.jsx]" time="0.009" /><testcase classname="tests.test_iter2026_08_27_intent_grounding_plan_scan" name="test_non_confirmatory_not_flagged[yes, also add dark mode to the settings page]" time="0.014" /><testcase classname="tests.test_iter2026_08_27_intent_grounding_plan_scan" name="test_non_confirmatory_not_flagged[fix it]" time="0.006" /><testcase classname="tests.test_iter2026_08_27_intent_grounding_plan_scan" name="test_non_confirmatory_not_flagged[improve the app]" time="0.008" /><testcase classname="tests.test_iter2026_08_27_intent_grounding_plan_scan" name="test_ambiguity_gate_still_flags_bare_yes_on_its_own_words" time="0.011" /><testcase classname="tests.test_iter2026_08_27_intent_grounding_plan_scan" name="test_genuinely_vague_broad_ask_still_gated" time="0.010" /><testcase classname="tests.test_iter2026_08_27_intent_grounding_plan_scan" name="test_not_confirmatory_skips_grounding" time="0.013" /><testcase classname="tests.test_iter2026_08_27_intent_grounding_plan_scan" name="test_confirmatory_with_no_pending_scan_asks_once" time="0.007" /><testcase classname="tests.test_iter2026_08_27_intent_grounding_plan_scan" name="test_confirmatory_with_pending_scan_resolves_full_scope" time="0.008" /><testcase classname="tests.test_iter2026_08_27_intent_grounding_plan_scan" name="test_stale_pending_scan_is_ignored" time="0.005" /><testcase classname="tests.test_iter2026_08_27_intent_grounding_plan_scan" name="test_render_grounded_task_lists_every_finding" time="0.011" /><testcase classname="tests.test_iter2026_08_27_intent_grounding_plan_scan" name="test_plan_matching_scan_files_has_no_mismatch" time="0.006" /><testcase classname="tests.test_iter2026_08_27_intent_grounding_plan_scan" name="test_plan_targeting_wrong_files_is_blocked" time="0.006" /><testcase classname="tests.test_iter2026_08_27_intent_grounding_plan_scan" name="test_partial_plan_shows_visible_deferral_not_silent" time="0.007" /><testcase classname="tests.live.test_phase_a_intent_grounding_live" name="test_bare_yes_with_no_pending_scan_returns_no_pending_message" time="0.598" /><testcase classname="tests.live.test_phase_a_intent_grounding_live" name="test_genuinely_vague_ask_still_gated_as_broad[fix it]" time="0.105" /><testcase classname="tests.live.test_phase_a_intent_grounding_live" name="test_genuinely_vague_ask_still_gated_as_broad[improve the app]" time="0.114" /><testcase classname="tests.live.test_phase_a_intent_grounding_live" name="test_bare_yes_with_pending_scan_resolves_to_grounded_task" time="0.164" /><testcase classname="tests.live.test_phase_a_intent_grounding_live" name="test_normal_concrete_task_unaffected" time="0.102" /></testsuite></testsuites>