<?xml version="1.0" encoding="utf-8"?><testsuites><testsuite name="pytest" errors="0" failures="1" skipped="0" tests="32" time="8.402" timestamp="2026-08-11T05:23:21.862347+00:00" hostname="agent-env-b532beb8-418a-4207-951d-6457576d5e1f"><testcase classname="tests.test_admin_split_phase2" name="test_module_imports_cleanly[routers.admin]" time="0.558" /><testcase classname="tests.test_admin_split_phase2" name="test_module_imports_cleanly[routers._admin_common]" time="0.555" /><testcase classname="tests.test_admin_split_phase2" name="test_module_imports_cleanly[routers.admin_payments]" time="0.596" /><testcase classname="tests.test_admin_split_phase2" name="test_module_imports_cleanly[routers.admin_support]" time="0.572" /><testcase classname="tests.test_admin_split_phase2" name="test_module_imports_cleanly[routers.admin_users]" time="0.593" /><testcase classname="tests.test_admin_split_phase2" name="test_module_imports_cleanly[routers.admin_projects_brain]" time="0.494" /><testcase classname="tests.test_admin_split_phase2" name="test_module_imports_cleanly[routers.admin_ops_config]" time="0.384" /><testcase classname="tests.test_admin_split_phase2" name="test_module_imports_cleanly[routers.admin_analytics]" time="0.428" /><testcase classname="tests.test_admin_split_phase2" name="test_get_endpoint_with_founder[payments:list-/admin/payments]" time="0.531" /><testcase classname="tests.test_admin_split_phase2" name="test_get_endpoint_with_founder[payments:financials-/admin/financials]" time="0.241" /><testcase classname="tests.test_admin_split_phase2" name="test_get_endpoint_with_founder[support:list-/admin/support]" time="0.127" /><testcase classname="tests.test_admin_split_phase2" name="test_get_endpoint_with_founder[support:errors-/admin/errors]" time="0.132" /><testcase classname="tests.test_admin_split_phase2" name="test_get_endpoint_with_founder[users:me-/admin/me]" time="0.112" /><testcase classname="tests.test_admin_split_phase2" name="test_get_endpoint_with_founder[users:list-/admin/users]" time="0.116" /><testcase classname="tests.test_admin_split_phase2" name="test_get_endpoint_with_founder[projects:list-/admin/projects]" time="0.117" /><testcase classname="tests.test_admin_split_phase2" name="test_get_endpoint_with_founder[projects:tasks-/admin/tasks]" time="0.109" /><testcase classname="tests.test_admin_split_phase2" name="test_get_endpoint_with_founder[ops:settings-/admin/settings]" time="0.108" /><testcase classname="tests.test_admin_split_phase2" name="test_get_endpoint_with_founder[ops:db-health-/admin/db-health]" time="0.136" /><testcase classname="tests.test_admin_split_phase2" name="test_get_endpoint_with_founder[analytics:dashboard-/admin/dashboard]" time="0.108" /><testcase classname="tests.test_admin_split_phase2" name="test_get_endpoint_with_founder[analytics:loop-metrics-/admin/loop-metrics]" time="0.129"><failure message="AssertionError: analytics:loop-metrics unexpected status 499: {&quot;detail&quot;:&quot;client disconnected or upstream error&quot;}&#10;assert 499 in (200, 204)&#10; +  where 499 = &lt;Response [499]&gt;.status_code">E   AssertionError: analytics:loop-metrics unexpected status 499: {"detail":"client disconnected or upstream error"}
    assert 499 in (200, 204)
     +  where 499 = &lt;Response [499]&gt;.status_code</failure></testcase><testcase classname="tests.test_admin_split_phase2" name="test_get_endpoint_with_founder[analytics:vanguard-stats-/admin/vanguard/stats]" time="0.111" /><testcase classname="tests.test_admin_split_phase2" name="test_no_auth_returns_401[/admin/payments]" time="0.102" /><testcase classname="tests.test_admin_split_phase2" name="test_no_auth_returns_401[/admin/users]" time="0.106" /><testcase classname="tests.test_admin_split_phase2" name="test_no_auth_returns_401[/admin/dashboard]" time="0.101" /><testcase classname="tests.test_admin_split_phase2" name="test_non_admin_returns_403[/admin/settings]" time="0.440" /><testcase classname="tests.test_admin_split_phase2" name="test_non_admin_returns_403[/admin/support]" time="0.106" /><testcase classname="tests.test_admin_split_phase2" name="test_non_admin_returns_403[/admin/projects]" time="0.105" /><testcase classname="tests.test_admin_split_phase2" name="test_post_settings_valid_and_invalid" time="0.109" /><testcase classname="tests.test_admin_split_phase2" name="test_post_grant_tokens_valid_and_invalid" time="0.333" /><testcase classname="tests.test_admin_split_phase2" name="test_post_support_reply_invalid" time="0.104" /><testcase classname="tests.test_admin_split_phase2" name="test_openapi_contains_admin_routes" time="0.323" /><testcase classname="tests.test_admin_split_phase2" name="test_handler_count_via_ast" time="0.061" /></testsuite></testsuites>