<?xml version="1.0" encoding="utf-8"?><testsuites><testsuite name="pytest" errors="0" failures="0" skipped="0" tests="270" time="10.715" timestamp="2026-08-24T06:21:31.156251+00:00" hostname="agent-env-00f4b217-af18-4f22-8897-05bbe431b0a7"><testcase classname="tests.test_phase2c_admin_analytics_router.TestAuthGate" name="test_dashboard_unauthenticated_401" time="0.067" /><testcase classname="tests.test_phase2c_admin_analytics_router.TestAuthGate" name="test_pulse_unauthenticated_401" time="0.028" /><testcase classname="tests.test_phase2c_admin_analytics_router.TestDashboardAndAudit" name="test_cleanup_e2e_sessions" time="0.027" /><testcase classname="tests.test_phase2c_admin_analytics_router.TestDashboardAndAudit" name="test_audit_feed" time="0.027" /><testcase classname="tests.test_phase2c_admin_analytics_router.TestDashboardAndAudit" name="test_dashboard" time="0.025" /><testcase classname="tests.test_phase2c_admin_analytics_router.TestPulse" name="test_pulse_success" time="0.027" /><testcase classname="tests.test_phase2c_admin_analytics_router.TestPulse" name="test_pulse_timeout_returns_504" time="0.027" /><testcase classname="tests.test_phase2c_admin_analytics_router.TestSystemStats" name="test_system_stats_empty" time="0.026" /><testcase classname="tests.test_phase2c_admin_analytics_router.TestSystemStats" name="test_system_stats_with_data" time="0.026" /><testcase classname="tests.test_phase2c_admin_analytics_router.TestCouncil" name="test_council_stats" time="0.026" /><testcase classname="tests.test_phase2c_admin_analytics_router.TestCouncil" name="test_council_health" time="0.057" /><testcase classname="tests.test_phase2c_admin_analytics_router.TestCouncil" name="test_council_health_alias" time="0.026" /><testcase classname="tests.test_phase2c_admin_analytics_router.TestCouncil" name="test_council_reprobe_success" time="0.026" /><testcase classname="tests.test_phase2c_admin_analytics_router.TestCouncil" name="test_council_reprobe_throttled" time="0.025" /><testcase classname="tests.test_phase2c_admin_analytics_router.TestOraLearning" name="test_weekly_summary" time="0.025" /><testcase classname="tests.test_phase2c_admin_analytics_router.TestTokenPnl" name="test_token_pnl" time="0.025" /><testcase classname="tests.test_phase2c_admin_analytics_router.TestAgentTokens" name="test_agent_tokens_7d" time="0.026" /><testcase classname="tests.test_phase2c_admin_analytics_router.TestAgentTokens" name="test_agent_tokens_invalid_range_falls_back" time="0.026" /><testcase classname="tests.test_phase2c_admin_analytics_router.TestDigestAndLearningHealth" name="test_digest" time="0.028" /><testcase classname="tests.test_phase2c_admin_analytics_router.TestDigestAndLearningHealth" name="test_learning_health_empty" time="0.026" /><testcase classname="tests.test_phase2c_admin_analytics_router.TestDigestAndLearningHealth" name="test_learning_health_green" time="0.026" /><testcase classname="tests.test_phase2c_admin_analytics_router.TestOraCouncilAliases" name="test_ora_stats" time="0.040" /><testcase classname="tests.test_phase2c_admin_analytics_router.TestOraCouncilAliases" name="test_ora_stats_v2" time="0.026" /><testcase classname="tests.test_phase2c_admin_analytics_router.TestOraCouncilAliases" name="test_ora_export" time="0.058" /><testcase classname="tests.test_phase2c_admin_analytics_router.TestSkills" name="test_web_search" time="0.028" /><testcase classname="tests.test_phase2c_admin_analytics_router.TestSkills" name="test_fetch_url" time="0.027" /><testcase classname="tests.test_phase2c_admin_analytics_router.TestSkills" name="test_search_and_summarize" time="0.027" /><testcase classname="tests.test_phase2c_admin_analytics_router.TestSkills" name="test_firecrawl_scrape" time="0.026" /><testcase classname="tests.test_phase2c_admin_analytics_router.TestSkills" name="test_firecrawl_crawl" time="0.025" /><testcase classname="tests.test_phase2c_admin_analytics_router.TestSkills" name="test_status" time="0.026" /><testcase classname="tests.test_phase2c_admin_analytics_router.TestEvalAndMode" name="test_eval_quality_no_runs" time="0.026" /><testcase classname="tests.test_phase2c_admin_analytics_router.TestEvalAndMode" name="test_eval_quality_with_runs" time="0.026" /><testcase classname="tests.test_phase2c_admin_analytics_router.TestEvalAndMode" name="test_mode_telemetry" time="0.025" /><testcase classname="tests.test_phase2c_admin_analytics_router.TestProductAnalytics" name="test_product_analytics" time="0.027" /><testcase classname="tests.test_phase2c_admin_analytics_router.TestProductAnalytics" name="test_product_analytics_clamps_days" time="0.026" /><testcase classname="tests.test_phase2c_admin_analytics_router.TestVanguardAndSkillsUsage" name="test_vanguard_stats" time="0.026" /><testcase classname="tests.test_phase2c_admin_analytics_router.TestVanguardAndSkillsUsage" name="test_vanguard_recent_returns_null" time="0.059" /><testcase classname="tests.test_phase2c_admin_analytics_router.TestVanguardAndSkillsUsage" name="test_skills_usage" time="0.025" /><testcase classname="tests.test_phase2c_admin_analytics_router.TestOverviewMetrics" name="test_overview_metrics" time="0.027" /><testcase classname="tests.test_phase2c_admin_analytics_router.TestMcpWarmGraphAgent" name="test_mcp_usage" time="0.026" /><testcase classname="tests.test_phase2c_admin_analytics_router.TestMcpWarmGraphAgent" name="test_warm_start_stats" time="0.026" /><testcase classname="tests.test_phase2c_admin_analytics_router.TestMcpWarmGraphAgent" name="test_graph_status" time="0.026" /><testcase classname="tests.test_phase2c_admin_analytics_router.TestMcpWarmGraphAgent" name="test_agent_performance" time="0.028" /><testcase classname="tests.test_phase2c_admin_analytics_router.TestSeoRun" name="test_seo_run" time="0.132" /><testcase classname="tests.test_phase2c_admin_analytics_router.TestLoopMetrics" name="test_loop_metrics" time="0.067" /><testcase classname="tests.test_phase2c_admin_analytics_router.TestLoopMetrics" name="test_loop_token_metrics" time="0.058" /><testcase classname="tests.test_phase2c_admin_analytics_router.TestLoopMetrics" name="test_loop_inspect_not_found" time="0.026" /><testcase classname="tests.test_phase2c_admin_analytics_router.TestLoopMetrics" name="test_loop_inspect_success" time="0.025" /><testcase classname="tests.test_phase2c_admin_analytics_router.TestLoopMetrics" name="test_loop_inspect_not_your_loop" time="0.026" /><testcase classname="tests.test_phase2c_admin_analytics_router.TestLoopMetrics" name="test_speed_diagnostic" time="0.028" /><testcase classname="tests.test_phase2c_admin_analytics_router.TestLoopMetrics" name="test_scope_drift_audit" time="0.026" /><testcase classname="tests.test_phase2c_chat_router_wave3.TestValidateTaskType" name="test_empty_string_task_type_normalizes_to_none" time="0.026" /><testcase classname="tests.test_phase2c_chat_router_wave3.TestIsTransientProxyErrorEdgeCase" name="test_non_str_non_bytes_body_returns_false" time="0.004" /><testcase classname="tests.test_phase2c_chat_router_wave3.TestChatSendMoreExceptionSwallows" name="test_council_retrieval_crash_is_swallowed" time="0.403" /><testcase classname="tests.test_phase2c_chat_router_wave3.TestChatSendMoreExceptionSwallows" name="test_house_rules_and_chat_extra_prepended" time="0.043" /><testcase classname="tests.test_phase2c_chat_router_wave3.TestChatSendMoreExceptionSwallows" name="test_response_confidence_gate_crash_is_swallowed" time="0.039" /><testcase classname="tests.test_phase2c_chat_router_wave3.TestChatSendMoreExceptionSwallows" name="test_maxx_cost_log_crash_is_swallowed" time="3.627" /><testcase classname="tests.test_phase2c_chat_router_wave3.TestChatSendMoreExceptionSwallows" name="test_customer_cost_tracker_crash_is_swallowed" time="0.042" /><testcase classname="tests.test_phase2c_chat_router_wave3.TestChatSendMoreExceptionSwallows" name="test_timing_log_crash_is_swallowed" time="0.039" /><testcase classname="tests.test_phase2c_chat_router_wave3.TestChatSendMoreExceptionSwallows" name="test_funnel_event_emitted_on_first_chat" time="0.040" /><testcase classname="tests.test_phase2c_chat_router_wave3.TestChatStreamSetupMore" name="test_rate_limit_exceeded_429" time="0.014" /><testcase classname="tests.test_phase2c_chat_router_wave3.TestChatStreamSetupMore" name="test_loop_mode_downgraded_for_non_founder" time="0.039" /><testcase classname="tests.test_phase2c_chat_router_wave3.TestChatStreamSetupMore" name="test_loop_mode_appends_suffix_for_founder" time="0.016" /><testcase classname="tests.test_phase2c_chat_router_wave3.TestChatStreamSetupMore" name="test_repo_context_timeout_returns_503" time="0.016" /><testcase classname="tests.test_phase2c_chat_router_wave3.TestChatStreamSetupMore" name="test_agent_ora_downgraded_for_non_founder_email" time="0.014" /><testcase classname="tests.test_phase2c_chat_router_wave3.TestChatStreamClarifyAndBrainContext" name="test_clarify_stream_generator_emits_frames_and_persists" time="0.015" /><testcase classname="tests.test_phase2c_chat_router_wave3.TestChatStreamClarifyAndBrainContext" name="test_brain_context_and_pat_lookup_populates_extra_sys" time="0.016" /><testcase classname="tests.test_phase2c_chat_router_wave3.TestChatStreamClarifyAndBrainContext" name="test_pat_lookup_crash_is_swallowed" time="0.016" /><testcase classname="tests.test_phase2c_chat_router_wave3.TestChatStreamClarifyAndBrainContext" name="test_council_and_house_rules_blocks_prepended_in_stream" time="0.016" /><testcase classname="tests.test_phase2c_chat_router_wave3.TestChatStreamClarifyAndBrainContext" name="test_ora_panel_advisor_house_rules_injected" time="0.015" /><testcase classname="tests.test_phase2c_chat_router_wave3.TestSmallRemainingBranches" name="test_chat_history_no_session_id_returns_empty" time="0.016" /><testcase classname="tests.test_phase2c_chat_router_wave3.TestSmallRemainingBranches" name="test_chat_task_followup_db_none_503" time="0.014" /><testcase classname="tests.test_phase2c_chat_router_wave3.TestSmallRemainingBranches" name="test_generate_done_followup_empty_llm_returns_fallback" time="0.005" /><testcase classname="tests.test_phase2c_chat_router_wave3.TestSmallRemainingBranches" name="test_draft_support_email_projects_fetch_crash_swallowed" time="0.014" /><testcase classname="tests.test_phase2c_chat_router_wave3.TestSmallRemainingBranches" name="test_draft_support_email_created_at_conversion_crash_falls_back_to_unknown" time="0.016" /><testcase classname="tests.test_phase2c_chat_router_wave3.TestSmallRemainingBranches" name="test_draft_support_email_no_created_at_falls_back_to_unknown" time="0.015" /><testcase classname="tests.test_phase2c_chat_router_wave3.TestSmallRemainingBranches" name="test_draft_support_email_tasks_fetch_crash_swallowed" time="0.015" /><testcase classname="tests.test_phase2c_chat_router_wave3.TestChatSendAndStreamRemainingSwallows" name="test_chat_send_house_rules_crash_is_swallowed" time="0.040" /><testcase classname="tests.test_phase2c_chat_router_wave3.TestChatSendAndStreamRemainingSwallows" name="test_reset_last_provider_crash_is_swallowed" time="0.014" /><testcase classname="tests.test_phase2c_chat_router_wave3.TestChatSendAndStreamRemainingSwallows" name="test_safe_repo_context_timeout_degrades_to_empty" time="0.014" /><testcase classname="tests.test_phase2c_chat_router_wave3.TestChatSendAndStreamRemainingSwallows" name="test_brain_context_outer_crash_swallowed" time="0.074" /><testcase classname="tests.test_phase2c_chat_router_wave3.TestChatSendAndStreamRemainingSwallows" name="test_council_block_crash_in_stream_is_swallowed" time="0.015" /><testcase classname="tests.test_phase2c_chat_router_wave3.TestChatSendAndStreamRemainingSwallows" name="test_house_rules_crash_in_stream_is_swallowed" time="0.015" /><testcase classname="tests.test_phase2c_chat_router_wave3.TestChatSendAndStreamRemainingSwallows" name="test_advisor_house_rules_crash_in_ora_panel_is_swallowed" time="0.017" /><testcase classname="tests.test_phase2c_cto_projects_router.TestPureHelpers" name="test_parse_repo_valid_url" time="0.028" /><testcase classname="tests.test_phase2c_cto_projects_router.TestPureHelpers" name="test_parse_repo_trailing_slash_and_git_suffix" time="0.004" /><testcase classname="tests.test_phase2c_cto_projects_router.TestPureHelpers" name="test_parse_repo_bad_url_raises_400" time="0.003" /><testcase classname="tests.test_phase2c_cto_projects_router.TestPureHelpers" name="test_frontend_subset_keeps_allowed_extensions" time="0.003" /><testcase classname="tests.test_phase2c_cto_projects_router.TestPureHelpers" name="test_frontend_subset_keeps_env_example_special_case" time="0.005" /><testcase classname="tests.test_phase2c_cto_projects_router.TestPureHelpers" name="test_frontend_subset_drops_oversized_body" time="0.003" /><testcase classname="tests.test_phase2c_cto_projects_router.TestPureHelpers" name="test_frontend_subset_caps_at_12_files" time="0.003" /><testcase classname="tests.test_phase2c_cto_projects_router.TestPureHelpers" name="test_frontend_subset_skips_non_string_body" time="0.003" /><testcase classname="tests.test_phase2c_cto_projects_router.TestPureHelpers" name="test_browse_keep_path_empty_path_false" time="0.003" /><testcase classname="tests.test_phase2c_cto_projects_router.TestPureHelpers" name="test_browse_keep_path_skips_skip_dirs" time="0.003" /><testcase classname="tests.test_phase2c_cto_projects_router.TestPureHelpers" name="test_browse_keep_path_skips_binary_ext" time="0.004" /><testcase classname="tests.test_phase2c_cto_projects_router.TestPureHelpers" name="test_browse_keep_path_skips_oversized" time="0.003" /><testcase classname="tests.test_phase2c_cto_projects_router.TestPureHelpers" name="test_browse_keep_path_normal_file_true" time="0.003" /><testcase classname="tests.test_phase2c_cto_projects_router.TestPureHelpers" name="test_classify_phase_read" time="0.003" /><testcase classname="tests.test_phase2c_cto_projects_router.TestPureHelpers" name="test_classify_phase_think" time="0.003" /><testcase classname="tests.test_phase2c_cto_projects_router.TestPureHelpers" name="test_classify_phase_write" time="0.003" /><testcase classname="tests.test_phase2c_cto_projects_router.TestPureHelpers" name="test_classify_phase_verify" time="0.003" /><testcase classname="tests.test_phase2c_cto_projects_router.TestPureHelpers" name="test_classify_phase_commit" time="0.003" /><testcase classname="tests.test_phase2c_cto_projects_router.TestPureHelpers" name="test_classify_phase_none_for_unrecognized" time="0.004" /><testcase classname="tests.test_phase2c_cto_projects_router.TestPureHelpers" name="test_looks_truncated_empty_body" time="0.003" /><testcase classname="tests.test_phase2c_cto_projects_router.TestPureHelpers" name="test_looks_truncated_placeholder_pattern" time="0.003" /><testcase classname="tests.test_phase2c_cto_projects_router.TestPureHelpers" name="test_looks_truncated_short_codey_file" time="0.003" /><testcase classname="tests.test_phase2c_cto_projects_router.TestPureHelpers" name="test_looks_truncated_normal_file_returns_none" time="0.004" /><testcase classname="tests.test_phase2c_cto_projects_router.TestPureHelpers" name="test_hallucination_reasons_new_file_allowed" time="0.003" /><testcase classname="tests.test_phase2c_cto_projects_router.TestPureHelpers" name="test_hallucination_reasons_short_original_skipped" time="0.003" /><testcase classname="tests.test_phase2c_cto_projects_router.TestPureHelpers" name="test_hallucination_reasons_high_keep_ratio_no_flag" time="0.003" /><testcase classname="tests.test_phase2c_cto_projects_router.TestPureHelpers" name="test_hallucination_reasons_low_keep_ratio_flags" time="0.003" /><testcase classname="tests.test_phase2c_cto_projects_router.TestRetryHelper" name="test_retry_succeeds_first_try" time="0.004" /><testcase classname="tests.test_phase2c_cto_projects_router.TestRetryHelper" name="test_retry_exhausts_and_raises_last_exception" time="0.005" /><testcase classname="tests.test_phase2c_cto_projects_router.TestRetryHelper" name="test_retry_succeeds_on_second_attempt" time="0.005" /><testcase classname="tests.test_phase2c_cto_projects_router.TestLogAndSetStatus" name="test_log_no_db_still_emits" time="0.004" /><testcase classname="tests.test_phase2c_cto_projects_router.TestLogAndSetStatus" name="test_log_persists_step_and_phase" time="0.004" /><testcase classname="tests.test_phase2c_cto_projects_router.TestLogAndSetStatus" name="test_set_status_no_db_noop" time="0.004" /><testcase classname="tests.test_phase2c_cto_projects_router.TestLogAndSetStatus" name="test_set_status_failed_runs_translator" time="0.007" /><testcase classname="tests.test_phase2c_cto_projects_router.TestLogAndSetStatus" name="test_set_status_translator_crash_swallowed" time="0.006" /><testcase classname="tests.test_phase2c_cto_projects_router.TestListRemoveIndexingVerifyPat" name="test_list_projects_hides_token_adds_has_pat" time="0.024" /><testcase classname="tests.test_phase2c_cto_projects_router.TestListRemoveIndexingVerifyPat" name="test_list_projects_unauthenticated" time="0.021" /><testcase classname="tests.test_phase2c_cto_projects_router.TestListRemoveIndexingVerifyPat" name="test_remove_project_deletes_owned_row" time="0.021" /><testcase classname="tests.test_phase2c_cto_projects_router.TestListRemoveIndexingVerifyPat" name="test_indexing_status_not_found" time="0.022" /><testcase classname="tests.test_phase2c_cto_projects_router.TestListRemoveIndexingVerifyPat" name="test_indexing_status_found" time="0.020" /><testcase classname="tests.test_phase2c_cto_projects_router.TestListRemoveIndexingVerifyPat" name="test_verify_pat_always_rejects" time="0.022" /><testcase classname="tests.test_phase2c_cto_projects_router.TestCheckProjectPat" name="test_project_not_found" time="0.020" /><testcase classname="tests.test_phase2c_cto_projects_router.TestCheckProjectPat" name="test_missing_token_returns_missing_state" time="0.022" /><testcase classname="tests.test_phase2c_cto_projects_router.TestCheckProjectPat" name="test_valid_token_200" time="0.044" /><testcase classname="tests.test_phase2c_cto_projects_router.TestCheckProjectPat" name="test_expired_token_403" time="0.043" /><testcase classname="tests.test_phase2c_cto_projects_router.TestCheckProjectPat" name="test_network_error_returns_unknown" time="0.043" /><testcase classname="tests.test_phase2c_cto_projects_router.TestCheckProjectPat" name="test_other_status_returns_unknown" time="0.043" /><testcase classname="tests.test_phase2c_cto_projects_router.TestBrainEndpoints" name="test_build_brain_project_not_found" time="0.023" /><testcase classname="tests.test_phase2c_cto_projects_router.TestBrainEndpoints" name="test_build_brain_auth_error" time="0.023" /><testcase classname="tests.test_phase2c_cto_projects_router.TestBrainEndpoints" name="test_build_brain_success" time="0.083" /><testcase classname="tests.test_phase2c_cto_projects_router.TestBrainEndpoints" name="test_get_brain_not_found" time="0.021" /><testcase classname="tests.test_phase2c_cto_projects_router.TestBrainEndpoints" name="test_get_brain_exists_false_when_no_brain" time="0.022" /><testcase classname="tests.test_phase2c_cto_projects_router.TestBrainEndpoints" name="test_get_brain_exists_true_with_summary" time="0.022" /><testcase classname="tests.test_phase2c_cto_projects_router.TestBrainEndpoints" name="test_build_brain_missing_repo_config" time="0.022" /><testcase classname="tests.test_phase2c_cto_projects_router.TestTestProjectPat" name="test_not_found" time="0.020" /><testcase classname="tests.test_phase2c_cto_projects_router.TestTestProjectPat" name="test_no_repo_configured" time="0.021" /><testcase classname="tests.test_phase2c_cto_projects_router.TestTestProjectPat" name="test_auth_error_raises_403" time="0.020" /><testcase classname="tests.test_phase2c_cto_projects_router.TestTestProjectPat" name="test_success_200" time="0.044" /><testcase classname="tests.test_phase2c_cto_projects_router.TestTestProjectPat" name="test_rejected_credentials_401" time="0.043" /><testcase classname="tests.test_phase2c_cto_projects_router.TestTestProjectPat" name="test_repo_not_found_404_status" time="0.042" /><testcase classname="tests.test_phase2c_cto_projects_router.TestTestProjectPat" name="test_network_error" time="0.044" /><testcase classname="tests.test_phase2c_cto_projects_router.TestTestProjectPat" name="test_no_token_no_auth_error" time="0.023" /><testcase classname="tests.test_phase2c_cto_projects_router.TestTestProjectPat" name="test_bad_json_response_still_ok" time="0.044" /><testcase classname="tests.test_phase2c_cto_projects_router.TestTestProjectPat" name="test_other_status_code" time="0.043" /><testcase classname="tests.test_phase2c_cto_projects_router.TestTreeAndFile" name="test_tree_not_found" time="0.021" /><testcase classname="tests.test_phase2c_cto_projects_router.TestTreeAndFile" name="test_tree_auth_error_403" time="0.022" /><testcase classname="tests.test_phase2c_cto_projects_router.TestTreeAndFile" name="test_tree_not_connected_400" time="0.021" /><testcase classname="tests.test_phase2c_cto_projects_router.TestTreeAndFile" name="test_tree_success_sorted_and_filtered" time="0.043" /><testcase classname="tests.test_phase2c_cto_projects_router.TestTreeAndFile" name="test_tree_github_404_branch" time="0.043" /><testcase classname="tests.test_phase2c_cto_projects_router.TestTreeAndFile" name="test_tree_401_invalid_pat" time="0.045" /><testcase classname="tests.test_phase2c_cto_projects_router.TestTreeAndFile" name="test_tree_network_error_502" time="0.043" /><testcase classname="tests.test_phase2c_cto_projects_router.TestTreeAndFile" name="test_file_not_found" time="0.020" /><testcase classname="tests.test_phase2c_cto_projects_router.TestTreeAndFile" name="test_file_auth_error_403" time="0.091" /><testcase classname="tests.test_phase2c_cto_projects_router.TestTreeAndFile" name="test_file_not_connected_400" time="0.021" /><testcase classname="tests.test_phase2c_cto_projects_router.TestTreeAndFile" name="test_file_invalid_path_traversal" time="0.022" /><testcase classname="tests.test_phase2c_cto_projects_router.TestTreeAndFile" name="test_file_success" time="0.022" /><testcase classname="tests.test_phase2c_cto_projects_router.TestTreeAndFile" name="test_file_not_found_on_github" time="0.022" /><testcase classname="tests.test_phase2c_cto_projects_router.TestTreeAndFile" name="test_file_fetch_exception_502" time="0.022" /><testcase classname="tests.test_phase2c_cto_projects_router.TestTreeAndFile" name="test_file_truncated_when_oversized" time="0.023" /><testcase classname="tests.test_phase2c_cto_projects_router.TestUpdateProject" name="test_nothing_to_update" time="0.023" /><testcase classname="tests.test_phase2c_cto_projects_router.TestUpdateProject" name="test_pat_rejected" time="0.021" /><testcase classname="tests.test_phase2c_cto_projects_router.TestUpdateProject" name="test_not_found" time="0.022" /><testcase classname="tests.test_phase2c_cto_projects_router.TestUpdateProject" name="test_success_updates_branch" time="0.023" /><testcase classname="tests.test_phase2c_cto_projects_router.TestUpdateProject" name="test_installation_id_sets_auth_method" time="0.022" /><testcase classname="tests.test_phase2c_cto_projects_router.TestUpdateProject" name="test_success_swallows_cache_invalidation_errors" time="0.023" /><testcase classname="tests.test_phase2c_cto_projects_router.TestAddProject" name="test_bad_github_url" time="0.021" /><testcase classname="tests.test_phase2c_cto_projects_router.TestAddProject" name="test_neither_pat_nor_installation_id" time="0.022" /><testcase classname="tests.test_phase2c_cto_projects_router.TestAddProject" name="test_pat_provided_rejected" time="0.020" /><testcase classname="tests.test_phase2c_cto_projects_router.TestAddProject" name="test_installation_not_linked_to_account" time="0.022" /><testcase classname="tests.test_phase2c_cto_projects_router.TestAddProject" name="test_installation_no_repo_access" time="0.021" /><testcase classname="tests.test_phase2c_cto_projects_router.TestAddProject" name="test_installation_token_rejected" time="0.022" /><testcase classname="tests.test_phase2c_cto_projects_router.TestAddProject" name="test_installation_probe_other_status_502" time="0.023" /><testcase classname="tests.test_phase2c_cto_projects_router.TestAddProject" name="test_installation_probe_network_error" time="0.022" /><testcase classname="tests.test_phase2c_cto_projects_router.TestAddProject" name="test_success_via_installation" time="0.152" /><testcase classname="tests.test_phase2c_cto_projects_router.TestAddProject" name="test_indexing_scheduler_exception_swallowed" time="0.092" /><testcase classname="tests.test_phase2c_cto_projects_router.TestSubmitTask" name="test_rate_limited" time="0.023" /><testcase classname="tests.test_phase2c_cto_projects_router.TestSubmitTask" name="test_maxx_mode_locked_for_free_tier" time="0.024" /><testcase classname="tests.test_phase2c_cto_projects_router.TestSubmitTask" name="test_success_queues_task" time="0.023" /><testcase classname="tests.test_phase2c_cto_projects_router.TestSubmitTask" name="test_project_not_found_defense_in_depth" time="0.024" /><testcase classname="tests.test_phase2c_cto_projects_router.TestSubmitTask" name="test_founder_bypasses_rate_limit" time="0.024" /><testcase classname="tests.test_phase2c_cto_projects_router.TestRollbackTask" name="test_bad_confirm_string" time="0.021" /><testcase classname="tests.test_phase2c_cto_projects_router.TestRollbackTask" name="test_task_not_found" time="0.023" /><testcase classname="tests.test_phase2c_cto_projects_router.TestRollbackTask" name="test_wrong_status" time="0.020" /><testcase classname="tests.test_phase2c_cto_projects_router.TestRollbackTask" name="test_no_commit_sha" time="0.022" /><testcase classname="tests.test_phase2c_cto_projects_router.TestRollbackTask" name="test_already_rolled_back" time="0.020" /><testcase classname="tests.test_phase2c_cto_projects_router.TestRollbackTask" name="test_rollback_in_progress" time="0.022" /><testcase classname="tests.test_phase2c_cto_projects_router.TestRollbackTask" name="test_previous_rollback_failed" time="0.020" /><testcase classname="tests.test_phase2c_cto_projects_router.TestRollbackTask" name="test_parent_project_not_found" time="0.021" /><testcase classname="tests.test_phase2c_cto_projects_router.TestRollbackTask" name="test_auth_error_403" time="0.021" /><testcase classname="tests.test_phase2c_cto_projects_router.TestRollbackTask" name="test_success_queues_rollback" time="0.020" /><testcase classname="tests.test_phase2c_cto_projects_router.TestGetTaskAndScanAndProjectTasks" name="test_get_task_not_found" time="0.021" /><testcase classname="tests.test_phase2c_cto_projects_router.TestGetTaskAndScanAndProjectTasks" name="test_get_task_found" time="0.020" /><testcase classname="tests.test_phase2c_cto_projects_router.TestGetTaskAndScanAndProjectTasks" name="test_get_task_personal_track_strips_diff" time="0.021" /><testcase classname="tests.test_phase2c_cto_projects_router.TestGetTaskAndScanAndProjectTasks" name="test_get_task_scan_not_found" time="0.020" /><testcase classname="tests.test_phase2c_cto_projects_router.TestGetTaskAndScanAndProjectTasks" name="test_get_task_scan_found_no_scan" time="0.021" /><testcase classname="tests.test_phase2c_cto_projects_router.TestGetTaskAndScanAndProjectTasks" name="test_project_tasks_empty" time="0.020" /><testcase classname="tests.test_phase2c_cto_projects_router.TestGetTaskAndScanAndProjectTasks" name="test_project_tasks_returns_rows" time="0.019" /><testcase classname="tests.test_phase2c_cto_projects_router.TestTaskStream" name="test_not_found" time="0.021" /><testcase classname="tests.test_phase2c_cto_projects_router.TestTaskStream" name="test_already_done_emits_synthetic_handoff_and_done" time="0.020" /><testcase classname="tests.test_phase2c_cto_projects_router.TestTaskStream" name="test_already_failed_emits_fail_frame" time="0.090" /><testcase classname="tests.test_phase2c_cto_projects_router.TestTaskStream" name="test_live_queue_frame_forwarded_immediately" time="0.021" /><testcase classname="tests.test_phase2c_cto_projects_router.TestRetryTask" name="test_not_found" time="0.023" /><testcase classname="tests.test_phase2c_cto_projects_router.TestRetryTask" name="test_wrong_status" time="0.023" /><testcase classname="tests.test_phase2c_cto_projects_router.TestRetryTask" name="test_parent_project_not_found" time="0.021" /><testcase classname="tests.test_phase2c_cto_projects_router.TestRetryTask" name="test_auth_error_403" time="0.023" /><testcase classname="tests.test_phase2c_cto_projects_router.TestRetryTask" name="test_success_carries_failure_context" time="0.026" /><testcase classname="tests.test_phase2c_cto_projects_router.TestWarmStart" name="test_project_not_found" time="0.022" /><testcase classname="tests.test_phase2c_cto_projects_router.TestWarmStart" name="test_auth_error_403" time="0.021" /><testcase classname="tests.test_phase2c_cto_projects_router.TestWarmStart" name="test_no_token_skips_warm_start" time="0.024" /><testcase classname="tests.test_phase2c_cto_projects_router.TestWarmStart" name="test_success_creates_job" time="0.022" /><testcase classname="tests.test_phase2c_cto_projects_router.TestWarmStart" name="test_run_warm_agents_all_succeed" time="0.029" /><testcase classname="tests.test_phase2c_cto_projects_router.TestWarmStart" name="test_run_warm_agents_agent_exception_still_marks_done" time="0.028" /><testcase classname="tests.test_phase2c_cto_projects_router.TestWarmStart" name="test_run_warm_agents_timeout_still_marks_done" time="0.007" /><testcase classname="tests.test_phase2c_cto_projects_router.TestWarmStart" name="test_run_warm_agents_outer_crash_marks_job_failed" time="0.006" /><testcase classname="tests.test_phase2c_cto_projects_router.TestWarmStart" name="test_run_warm_agents_mark_done_db_error_swallowed" time="0.028" /><testcase classname="tests.test_phase2c_cto_projects_router.TestGraphEndpoints" name="test_build_graph_not_found" time="0.023" /><testcase classname="tests.test_phase2c_cto_projects_router.TestGraphEndpoints" name="test_build_graph_auth_error" time="0.021" /><testcase classname="tests.test_phase2c_cto_projects_router.TestGraphEndpoints" name="test_build_graph_not_connected" time="0.022" /><testcase classname="tests.test_phase2c_cto_projects_router.TestGraphEndpoints" name="test_build_graph_success" time="0.022" /><testcase classname="tests.test_phase2c_cto_projects_router.TestGraphEndpoints" name="test_get_graph_not_built" time="0.020" /><testcase classname="tests.test_phase2c_cto_projects_router.TestGraphEndpoints" name="test_get_graph_ready" time="0.022" /><testcase classname="tests.test_phase2c_cto_projects_router.TestGraphEndpoints" name="test_get_graph_full" time="0.021" /><testcase classname="tests.test_phase2c_cto_projects_router.TestGraphEndpoints" name="test_build_mermaid_failure" time="0.023" /><testcase classname="tests.test_phase2c_cto_projects_router.TestGraphEndpoints" name="test_build_mermaid_success" time="0.021" /><testcase classname="tests.test_phase2c_cto_projects_router.TestGraphEndpoints" name="test_graph_tour_not_built" time="0.022" /><testcase classname="tests.test_phase2c_cto_projects_router.TestGraphEndpoints" name="test_graph_tour_success" time="0.022" /><testcase classname="tests.test_phase2c_cto_projects_router.TestGraphEndpoints" name="test_graph_tour_caps_at_12_steps" time="0.089" /><testcase classname="tests.test_phase2c_cto_projects_router.TestGraphEndpoints" name="test_search_graph_not_built" time="0.022" /><testcase classname="tests.test_phase2c_cto_projects_router.TestGraphEndpoints" name="test_search_graph_empty_query" time="0.020" /><testcase classname="tests.test_phase2c_cto_projects_router.TestGraphEndpoints" name="test_search_graph_scores_and_sorts" time="0.022" /><testcase classname="tests.test_phase2c_cto_projects_router.TestGraphEndpoints" name="test_search_graph_endswith_and_symbol_matches" time="0.021" /><testcase classname="tests.test_phase2c_cto_projects_router.TestGraphEndpoints" name="test_search_graph_endswith_query_matches" time="0.023" /><testcase classname="tests.test_phase2c_cto_projects_router.TestGraphEndpoints" name="test_graph_impact_no_files" time="0.021" /><testcase classname="tests.test_phase2c_cto_projects_router.TestGraphEndpoints" name="test_graph_impact_not_built" time="0.023" /><testcase classname="tests.test_phase2c_cto_projects_router.TestGraphEndpoints" name="test_graph_impact_success" time="0.021" /><testcase classname="tests.test_phase2c_cto_projects_router.TestGraphEndpoints" name="test_graph_impact_caps_at_50" time="0.022" /><testcase classname="tests.test_phase2c_cto_projects_router.TestGraphEndpoints" name="test_warm_start_status_not_found" time="0.022" /><testcase classname="tests.test_phase2c_cto_projects_router.TestGraphEndpoints" name="test_warm_start_status_success" time="0.021" /><testcase classname="tests.test_phase2c_cto_projects_router.TestEnqueueCtoTask" name="test_no_db_returns_reason" time="0.004" /><testcase classname="tests.test_phase2c_cto_projects_router.TestEnqueueCtoTask" name="test_no_project_returns_reason" time="0.004" /><testcase classname="tests.test_phase2c_cto_projects_router.TestEnqueueCtoTask" name="test_no_pat_marks_task_failed" time="0.005" /><testcase classname="tests.test_phase2c_cto_projects_router.TestEnqueueCtoTask" name="test_success_enqueues_task" time="0.005" /><testcase classname="tests.test_phase2c_cto_projects_router.TestEnqueueCtoTask" name="test_success_with_background_tasks_arg" time="0.005" /><testcase classname="tests.test_phase2c_cto_projects_router.TestEnqueueCtoTask" name="test_falls_back_to_most_recent_project" time="0.005" /><testcase classname="tests.test_phase2c_cto_projects_router.TestRollbackWorkers" name="test_rollback_log_no_db_noop" time="0.004" /><testcase classname="tests.test_phase2c_cto_projects_router.TestRollbackWorkers" name="test_rollback_via_api_success" time="0.006" /><testcase classname="tests.test_phase2c_cto_projects_router.TestRollbackWorkers" name="test_rollback_via_api_failure_scrubs_token" time="0.007" /><testcase classname="tests.test_phase2c_cto_projects_router.TestRollbackWorkers" name="test_rollback_with_git_success" time="0.006" /><testcase classname="tests.test_phase2c_cto_projects_router.TestRollbackWorkers" name="test_rollback_with_git_clone_failure" time="0.007" /><testcase classname="tests.test_phase2c_cto_projects_router.TestRollbackWorkers" name="test_rollback_with_git_retries_without_merge_flag" time="0.005" /><testcase classname="tests.test_phase2c_cto_projects_router.TestRollbackWorkers" name="test_rollback_with_git_revert_fails_both_attempts" time="0.004" /><testcase classname="tests.test_phase2c_cto_projects_router.TestRollbackWorkers" name="test_rollback_with_git_push_fails" time="0.005" /><testcase classname="tests.test_phase2c_cto_projects_router.TestRollbackWorkers" name="test_rollback_with_git_no_token_scrub_returns_empty" time="0.005" /><testcase classname="tests.test_phase2c_cto_projects_router.TestRollbackWorkers" name="test_run_rollback_dispatches_to_git_path" time="0.005" /><testcase classname="tests.test_phase2c_cto_projects_router.TestRollbackWorkers" name="test_run_rollback_dispatches_to_api_path" time="0.006" /><testcase classname="tests.test_phase2c_cto_projects_router.TestMiscHelpers" name="test_sh_runs_real_subprocess" time="0.008" /><testcase classname="tests.test_phase2c_cto_projects_router.TestMiscHelpers" name="test_load_design_system_missing_file_degrades_gracefully" time="0.004" /><testcase classname="tests.test_phase2c_cto_projects_router.TestMiscHelpers" name="test_run_task_dispatches_to_git_path" time="0.005" /><testcase classname="tests.test_phase2c_cto_projects_router.TestMiscHelpers" name="test_run_task_dispatches_to_api_path" time="0.005" /><testcase classname="tests.test_phase2c_cto_projects_router.TestMiscHelpers" name="test_get_repo_token_delegates_to_pat_vault" time="0.005" /><testcase classname="tests.test_phase2c_cto_projects_router.TestMiscHelpers" name="test_run_project_indexing_success" time="0.004" /><testcase classname="tests.test_phase2c_cto_projects_router.TestMiscHelpers" name="test_run_project_indexing_failure" time="0.005" /><testcase classname="tests.test_phase2c_cto_projects_router.TestMiscHelpers" name="test_emit_no_task_id_noop" time="0.005" /><testcase classname="tests.test_phase2c_cto_projects_router.TestMiscHelpers" name="test_emit_pushes_frame" time="0.004" /><testcase classname="tests.test_phase2c_cto_projects_router.TestMiscHelpers" name="test_emit_drops_oldest_when_full" time="0.004" /><testcase classname="tests.test_regression_iter297_p0_journey_coverage" name="test_j010_init_prod_collections_declares_ttl_on_loop_machinery" time="0.005" /></testsuite></testsuites>