<?xml version="1.0" encoding="utf-8"?><testsuites><testsuite name="pytest" errors="0" failures="0" skipped="0" tests="6" time="18.938" timestamp="2026-08-22T07:40:58.222105+00:00" hostname="agent-env-00f4b217-af18-4f22-8897-05bbe431b0a7"><testcase classname="tests.test_pillars_2345_2026_08_24" name="test_login_returns_token" time="0.430" /><testcase classname="tests.test_pillars_2345_2026_08_24" name="test_invalid_token_returns_generic_401" time="0.108" /><testcase classname="tests.test_pillars_2345_2026_08_24" name="test_garbage_bytes_token_no_leak" time="0.109" /><testcase classname="tests.test_pillars_2345_2026_08_24" name="test_health_score_all_9_categories" time="12.170" /><testcase classname="tests.test_pillars_2345_2026_08_24" name="test_heartbeat_endpoint" time="0.199" /><testcase classname="tests.test_pillars_2345_2026_08_24" name="test_founder_summary_generate_and_retrieve" time="5.765" /></testsuite></testsuites>