<?xml version="1.0" encoding="utf-8"?><testsuites><testsuite name="pytest" errors="0" failures="0" skipped="0" tests="20" time="31.544" timestamp="2026-08-24T23:03:09.284672+00:00" hostname="agent-env-00f4b217-af18-4f22-8897-05bbe431b0a7"><testcase classname="tests.test_intent_gateway_points_4_6_2026_01.TestPoint4CasualReplyHouseRulesReuse" name="test_casual_reply_calls_advisor_house_rules" time="0.009" /><testcase classname="tests.test_intent_gateway_points_4_6_2026_01.TestPoint4CasualReplyHouseRulesReuse" name="test_casual_reply_no_crash_when_house_rules_off" time="0.279" /><testcase classname="tests.test_intent_gateway_points_4_6_2026_01.TestPoint4CasualReplyHouseRulesReuse" name="test_casual_reply_prepends_house_rules_when_enabled" time="0.005" /><testcase classname="tests.test_intent_gateway_points_4_6_2026_01.TestPoint4CasualReplyHouseRulesReuse" name="test_casual_reply_swallows_house_rules_exception" time="0.004" /><testcase classname="tests.test_intent_gateway_points_4_6_2026_01.TestPoint6MinScoreAndQualityFilter" name="test_min_score_raised_to_0_42" time="0.005" /><testcase classname="tests.test_intent_gateway_points_4_6_2026_01.TestPoint6MinScoreAndQualityFilter" name="test_quality_filter_excludes_low_confidence" time="0.004" /><testcase classname="tests.test_intent_gateway_points_4_6_2026_01.TestPoint6MinScoreAndQualityFilter" name="test_quality_filter_accepts_normal_conversational" time="0.004" /><testcase classname="tests.test_intent_gateway_points_4_6_2026_01.TestPoint6MinScoreAndQualityFilter" name="test_quality_filter_accepts_missing_low_confidence_key" time="0.004" /><testcase classname="tests.test_intent_gateway_points_4_6_2026_01.TestPoint6MinScoreAndQualityFilter" name="test_quality_filter_mode_c_fail_still_excluded" time="0.004" /><testcase classname="tests.test_intent_gateway_points_4_6_2026_01.TestPoint6MinScoreAndQualityFilter" name="test_quality_filter_mode_c_pass_still_included" time="0.004" /><testcase classname="tests.test_intent_gateway_points_4_6_2026_01.TestPoint6MinScoreAndQualityFilter" name="test_rebuild_index_projection_includes_low_confidence" time="0.005" /><testcase classname="tests.test_intent_gateway_points_4_6_2026_01.TestPoint6LoggerWiring" name="test_log_conversational_signature_has_low_confidence" time="0.016" /><testcase classname="tests.test_intent_gateway_points_4_6_2026_01.TestPoint6LoggerWiring" name="test_build_log_stores_low_confidence" time="0.004" /><testcase classname="tests.test_intent_gateway_points_4_6_2026_01.TestPoint6LoggerWiring" name="test_chat_stream_passes_low_confidence_to_logger" time="0.006" /><testcase classname="tests.test_intent_gateway_points_4_6_2026_01.TestPoint6LoggerWiring" name="test_chat_send_does_not_call_log_conversational" time="0.006" /><testcase classname="tests.test_intent_gateway_points_4_6_2026_01.TestPoint3AcceptanceBarRegression" name="test_contaminated_session_send_still_casual" time="16.803" /><testcase classname="tests.test_intent_gateway_points_4_6_2026_01.TestPoint3AcceptanceBarRegression" name="test_contaminated_session_stream_still_casual" time="2.959" /><testcase classname="tests.test_intent_gateway_points_4_6_2026_01.TestPoint3AcceptanceBarRegression" name="test_tool_request_still_routes_to_orchestrator" time="10.881" /><testcase classname="tests.test_intent_gateway_points_4_6_2026_01.TestAdminInsightsRegression" name="test_confidence_checks_endpoint" time="0.193" /><testcase classname="tests.test_intent_gateway_points_4_6_2026_01.TestAdminInsightsRegression" name="test_cost_alert_endpoint" time="0.179" /></testsuite></testsuites>