<?xml version="1.0" encoding="utf-8"?><testsuites><testsuite name="pytest" errors="0" failures="0" skipped="0" tests="7" time="4.072" timestamp="2026-08-21T18:40:00.945815+00:00" hostname="agent-env-b532beb8-418a-4207-951d-6457576d5e1f"><testcase classname="tests.test_prompt_starter_onboarding.TestStarterSuggestions" name="test_requires_auth" time="0.507" /><testcase classname="tests.test_prompt_starter_onboarding.TestStarterSuggestions" name="test_owned_project_returns_5_plus_suggestions" time="0.748" /><testcase classname="tests.test_prompt_starter_onboarding.TestStarterSuggestions" name="test_personalized_appear_first_when_present" time="0.232" /><testcase classname="tests.test_prompt_starter_onboarding.TestStarterSuggestions" name="test_nonexistent_project_returns_404" time="0.161" /><testcase classname="tests.test_prompt_starter_onboarding.TestStarterSuggestions" name="test_other_users_project_returns_403" time="1.820" /><testcase classname="tests.test_prompt_starter_onboarding.TestProjectAddOnboardingScan" name="test_add_project_invalid_repo_does_not_crash" time="0.184" /><testcase classname="tests.test_prompt_starter_onboarding.TestProjectAddOnboardingScan" name="test_add_project_response_is_prompt_when_success" time="0.270" /></testsuite></testsuites>