<?xml version="1.0" encoding="utf-8"?><testsuites><testsuite name="pytest" errors="0" failures="0" skipped="0" tests="4" time="1.459" timestamp="2026-08-21T15:08:41.397708+00:00" hostname="agent-env-b532beb8-418a-4207-951d-6457576d5e1f"><testcase classname="tests.test_stripe_invoice_payment_failed" name="test_invoice_payment_failed_flags_user" time="0.055" /><testcase classname="tests.test_stripe_invoice_payment_failed" name="test_invoice_paid_clears_flag" time="0.022" /><testcase classname="tests.test_stripe_invoice_payment_failed" name="test_invoice_payment_failed_missing_subscription_does_not_crash" time="0.014" /><testcase classname="tests.test_stripe_invoice_payment_failed" name="test_my_plan_surfaces_payment_failed" time="0.014" /></testsuite></testsuites>