<?xml version="1.0" encoding="utf-8"?><testsuites><testsuite name="pytest" errors="0" failures="0" skipped="0" tests="3" time="1.319" timestamp="2026-08-19T01:11:07.469114+00:00" hostname="agent-env-b532beb8-418a-4207-951d-6457576d5e1f"><testcase classname="tests.test_chatux4_step_persistence" name="test_persist_turn_stores_steps_capped_at_40" time="0.012" /><testcase classname="tests.test_chatux4_step_persistence" name="test_persist_turn_omits_steps_field_when_none" time="0.013" /><testcase classname="tests.test_chatux4_history_steps_api" name="test_history_returns_steps_field_on_assistant_turn" time="0.780" /></testsuite></testsuites>