<?xml version="1.0" encoding="utf-8"?><testsuites><testsuite name="pytest" errors="0" failures="1" skipped="0" tests="14" time="4.422" timestamp="2026-08-24T02:48:07.526446+00:00" hostname="agent-env-00f4b217-af18-4f22-8897-05bbe431b0a7"><testcase classname="tests.test_quickwins_batch_2026_01.TestCanaryRollout" name="test_create_flag_with_rollout_pct" time="0.819" /><testcase classname="tests.test_quickwins_batch_2026_01.TestCanaryRollout" name="test_rollout_pct_clamping" time="0.530" /><testcase classname="tests.test_quickwins_batch_2026_01.TestCanaryRollout" name="test_rollout_pct_deterministic_distribution" time="0.288" /><testcase classname="tests.test_quickwins_batch_2026_01.TestCanaryRollout" name="test_rollout_pct_100_default" time="0.122" /><testcase classname="tests.test_quickwins_batch_2026_01.TestCanaryRollout" name="test_rollout_pct_0_always_false" time="0.188" /><testcase classname="tests.test_quickwins_batch_2026_01.TestChatOpenedFunnel" name="test_chat_opened_first_call_writes_event_and_stamps_user" time="0.567" /><testcase classname="tests.test_quickwins_batch_2026_01.TestChatOpenedFunnel" name="test_chat_opened_second_call_is_idempotent" time="1.354" /><testcase classname="tests.test_quickwins_batch_2026_01.TestChatOpenedFunnel" name="test_chat_opened_requires_auth" time="0.142" /><testcase classname="tests.test_quickwins_batch_2026_01.TestTaskSubmittedFunnel" name="test_submit_endpoint_exists_and_is_authed" time="0.187" /><testcase classname="tests.test_quickwins_batch_2026_01.TestTaskSubmittedFunnel" name="test_task_submitted_idempotency_via_direct_db_pattern" time="0.006" /><testcase classname="tests.test_quickwins_batch_2026_01.TestTaskSubmittedFunnel" name="test_task_submitted_code_wiring" time="0.005" /><testcase classname="tests.test_quickwins_batch_2026_01.TestRollbackDrillCron" name="test_boot_log_present" time="0.012" /><testcase classname="tests.test_quickwins_batch_2026_01.TestRollbackDrillCron" name="test_backend_healthy_after_boot" time="0.006"><failure message="KeyError: 'REACT_APP_BACKEND_URL'">tests/test_quickwins_batch_2026_01.py:375: in test_backend_healthy_after_boot
    r = requests.get(f"{os.environ['REACT_APP_BACKEND_URL'].rstrip('/')}/api/health",
&lt;frozen os&gt;:679: in __getitem__
    ???
E   KeyError: 'REACT_APP_BACKEND_URL'</failure></testcase><testcase classname="tests.test_quickwins_batch_2026_01.TestRollbackDrillCron" name="test_module_importable_and_shape" time="0.005" /></testsuite></testsuites>