<?xml version="1.0" encoding="utf-8"?><testsuites><testsuite name="pytest" errors="0" failures="0" skipped="0" tests="61" time="12.307" timestamp="2026-08-31T20:19:31.179763+00:00" hostname="agent-env-00f4b217-af18-4f22-8897-05bbe431b0a7"><testcase classname="tests.test_confirm_execution_2026_09_04" name="test_t_confirmation_intent_recognized_positive[yes]" time="0.007" /><testcase classname="tests.test_confirm_execution_2026_09_04" name="test_t_confirmation_intent_recognized_positive[yes please]" time="0.004" /><testcase classname="tests.test_confirm_execution_2026_09_04" name="test_t_confirmation_intent_recognized_positive[yes please update it]" time="0.004" /><testcase classname="tests.test_confirm_execution_2026_09_04" name="test_t_confirmation_intent_recognized_positive[approve]" time="0.004" /><testcase classname="tests.test_confirm_execution_2026_09_04" name="test_t_confirmation_intent_recognized_positive[approved]" time="0.004" /><testcase classname="tests.test_confirm_execution_2026_09_04" name="test_t_confirmation_intent_recognized_positive[go]" time="0.004" /><testcase classname="tests.test_confirm_execution_2026_09_04" name="test_t_confirmation_intent_recognized_positive[go ahead]" time="0.004" /><testcase classname="tests.test_confirm_execution_2026_09_04" name="test_t_confirmation_intent_recognized_positive[do it]" time="0.004" /><testcase classname="tests.test_confirm_execution_2026_09_04" name="test_t_confirmation_intent_recognized_positive[yes go]" time="0.004" /><testcase classname="tests.test_confirm_execution_2026_09_04" name="test_t_confirmation_intent_recognized_positive[sure]" time="0.004" /><testcase classname="tests.test_confirm_execution_2026_09_04" name="test_t_confirmation_intent_recognized_positive[ok do it]" time="0.003" /><testcase classname="tests.test_confirm_execution_2026_09_04" name="test_t_confirmation_intent_recognized_positive[ship it]" time="0.004" /><testcase classname="tests.test_confirm_execution_2026_09_04" name="test_t_confirmation_intent_recognized_positive[sounds good]" time="0.003" /><testcase classname="tests.test_confirm_execution_2026_09_04" name="test_t_confirmation_intent_recognized_positive[confirm]" time="0.006" /><testcase classname="tests.test_confirm_execution_2026_09_04" name="test_t_confirmation_intent_recognized_positive[proceed]" time="0.005" /><testcase classname="tests.test_confirm_execution_2026_09_04" name="test_t_confirmation_intent_recognized_negative[update my opening hours]" time="0.004" /><testcase classname="tests.test_confirm_execution_2026_09_04" name="test_t_confirmation_intent_recognized_negative[yes but also change the color]" time="0.004" /><testcase classname="tests.test_confirm_execution_2026_09_04" name="test_t_confirmation_intent_recognized_negative[what is my current plan?]" time="0.004" /><testcase classname="tests.test_confirm_execution_2026_09_04" name="test_t_confirmation_intent_recognized_negative[hi]" time="0.004" /><testcase classname="tests.test_confirm_execution_2026_09_04" name="test_t_confirmation_intent_recognized_negative[no, don't do that]" time="0.004" /><testcase classname="tests.test_confirm_execution_2026_09_04" name="test_t_confirmation_intent_recognized_negative[yes update the hours to include weekends too]" time="0.004" /><testcase classname="tests.test_confirm_execution_2026_09_04" name="test_t_pending_persists_across_turns_code_fence" time="0.013" /><testcase classname="tests.test_confirm_execution_2026_09_04" name="test_pending_action_expires_past_ttl" time="0.014" /><testcase classname="tests.test_confirm_execution_2026_09_04" name="test_extract_deterministic_edit_from_prose" time="0.004" /><testcase classname="tests.test_confirm_execution_2026_09_04" name="test_extract_deterministic_edit_returns_none_when_unclear" time="0.004" /><testcase classname="tests.test_confirm_execution_2026_09_04" name="test_t_confirm_executes_code_still_works" time="0.016" /><testcase classname="tests.test_confirm_execution_2026_09_04" name="test_confirm_with_no_pending_action_returns_none" time="0.008" /><testcase classname="tests.test_confirm_execution_2026_09_04" name="test_t_confirm_executes_upgrade" time="0.033" /><testcase classname="tests.test_confirm_execution_2026_09_04" name="test_t_confirm_executor_handles_both_types" time="0.018" /><testcase classname="tests.test_confirm_execution_2026_09_04" name="test_t_no_duplicate_guard_wiring" time="0.023" /><testcase classname="tests.test_no_orphan_confirm_guard_2026_09_03" name="test_t_no_orphan_confirm_fabricated_line_claim" time="0.004" /><testcase classname="tests.test_no_orphan_confirm_guard_2026_09_03" name="test_t_no_orphan_confirm_current_shows_claim" time="0.004" /><testcase classname="tests.test_no_orphan_confirm_guard_2026_09_03" name="test_real_aurem_handoff_fence_is_never_touched" time="0.003" /><testcase classname="tests.test_no_orphan_confirm_guard_2026_09_03" name="test_plain_confirm_question_without_discovery_claim_untouched" time="0.003" /><testcase classname="tests.test_no_orphan_confirm_guard_2026_09_03" name="test_generic_casual_reply_about_website_is_untouched" time="0.004" /><testcase classname="tests.test_no_orphan_confirm_guard_2026_09_03" name="test_t_confirmed_action_approves_something_real_fence_routes_agentic" time="0.009" /><testcase classname="tests.test_no_orphan_confirm_guard_2026_09_03" name="test_t_confirmed_action_no_fence_correctly_reports_nothing_pending" time="0.004" /><testcase classname="tests.test_grounding_content_claim_2026_09_03" name="test_t_fabricated_content_not_shown_line_claim_absent_from_context" time="0.004" /><testcase classname="tests.test_grounding_content_claim_2026_09_03" name="test_grounded_line_claim_present_in_context_is_untouched" time="0.004" /><testcase classname="tests.test_grounding_content_claim_2026_09_03" name="test_no_line_content_claim_is_untouched" time="0.003" /><testcase classname="tests.test_grounding_content_claim_2026_09_03" name="test_empty_retrieved_context_means_any_claim_is_fabricated" time="0.003" /><testcase classname="tests.test_grounding_content_claim_2026_09_03" name="test_extract_line_content_claims_both_orderings" time="0.004" /><testcase classname="tests.test_grounding_content_claim_2026_09_03" name="test_retrieved_context_for_grounding_joins_extra_sys_and_tool_results" time="0.004" /><testcase classname="tests.test_grounding_content_claim_2026_09_03" name="test_retrieved_context_for_grounding_handles_missing_result" time="0.004" /><testcase classname="tests.test_edit_tier_path_2026_09_03" name="test_default_env_unset_is_gated" time="0.004" /><testcase classname="tests.test_edit_tier_path_2026_09_03" name="test_default_backend_env_file_sets_gated" time="0.004" /><testcase classname="tests.test_edit_tier_path_2026_09_03" name="test_gated_default_free_account_gets_upgrade_offer_not_silent_escalation" time="0.003" /><testcase classname="tests.test_edit_tier_path_2026_09_03" name="test_gated_never_dead_ends_real_upgrade_message_not_nothing_pending" time="0.003" /><testcase classname="tests.test_edit_tier_path_2026_09_03" name="test_gated_account_with_pro_is_never_gated" time="0.003" /><testcase classname="tests.test_edit_tier_path_2026_09_03" name="test_gated_only_fires_on_real_edit_swift_combo" time="0.004" /><testcase classname="tests.test_edit_tier_path_2026_09_03" name="test_transparent_path_silently_escalates_free_account_too" time="0.004" /><testcase classname="tests.test_edit_tier_path_2026_09_03" name="test_transparent_path_still_untouched_for_non_edit_turns" time="0.004" /><testcase classname="tests.test_edit_tier_path_2026_09_03" name="test_default_account_has_pro_true_preserves_original_behavior" time="0.004" /><testcase classname="tests.test_edit_tier_path_2026_09_03" name="test_invalid_env_value_falls_back_to_gated" time="0.004" /><testcase classname="tests.test_promise_then_silence_diagnosis_2026_09_04" name="test_grandchild_survives_plain_popen_kill_baseline" time="0.834" /><testcase classname="tests.test_promise_then_silence_diagnosis_2026_09_04" name="test_t_thread_count_recovers_pgkill_leaves_no_orphan" time="1.484" /><testcase classname="tests.test_promise_then_silence_diagnosis_2026_09_04" name="test_t_thread_count_recovers_repeated_timeouts_never_accumulate" time="6.737" /><testcase classname="tests.test_promise_then_silence_diagnosis_2026_09_04" name="test_run_syntax_check_still_works_normally_ts_no_regression" time="1.292" /><testcase classname="tests.test_promise_then_silence_diagnosis_2026_09_04" name="test_run_syntax_check_still_catches_real_py_error_no_regression" time="0.040" /><testcase classname="tests.test_promise_then_silence_diagnosis_2026_09_04" name="test_t_no_infinite_silence_chat_send_hard_timeout_fires" time="1.005" /><testcase classname="tests.test_promise_then_silence_diagnosis_2026_09_04" name="test_chat_send_wraps_chat_with_tools_in_wait_for" time="0.011" /></testsuite></testsuites>