<?xml version="1.0" encoding="utf-8"?><testsuites><testsuite name="pytest" errors="0" failures="0" skipped="0" tests="40" time="48.582" timestamp="2026-08-31T16:35:58.534195+00:00" hostname="agent-env-00f4b217-af18-4f22-8897-05bbe431b0a7"><testcase classname="tests.test_connect_flow_refinement_2026_09_02" name="test_t_already_added_shows_open_existing_project" time="0.060" /><testcase classname="tests.test_connect_flow_refinement_2026_09_02" name="test_already_added_check_is_case_insensitive" time="0.024" /><testcase classname="tests.test_connect_flow_refinement_2026_09_02" name="test_different_repo_not_flagged_as_already_connected" time="0.108" /><testcase classname="tests.test_connect_flow_refinement_2026_09_02" name="test_t_repo_picker_project_isolation" time="0.116" /><testcase classname="tests.test_connect_flow_refinement_2026_09_02" name="test_second_repo_creates_a_separate_project_not_merged" time="0.218" /><testcase classname="tests.test_connect_flow_refinement_2026_09_02" name="test_t_no_12s_blocking_interstitial" time="0.004" /><testcase classname="tests.test_connect_bridge_close_delay_2026_09_01" name="test_bridge_close_delay_is_a_short_beat_not_a_12s_hold" time="0.004" /><testcase classname="tests.test_admin_connect_diagnostic_2026_09_01" name="test_diagnostic_returns_all_named_state" time="0.005" /><testcase classname="tests.test_admin_connect_diagnostic_2026_09_01" name="test_diagnostic_is_read_only_and_scoped" time="0.005" /><testcase classname="tests.test_admin_connect_diagnostic_2026_09_01" name="test_diagnostic_flags_wrong_id_vs_real_but_quiet_account" time="0.004" /><testcase classname="tests.test_github_app_project_add.TestGateBranches" name="test_missing_both_returns_400" time="0.074" /><testcase classname="tests.test_github_app_project_add.TestGateBranches" name="test_pat_only_now_rejected" time="0.140" /><testcase classname="tests.test_github_app_project_add.TestGateBranches" name="test_installation_id_happy_path" time="0.140" /><testcase classname="tests.test_github_app_project_add.TestGateBranches" name="test_installation_not_owned_by_user" time="0.060" /><testcase classname="tests.test_github_app_project_add.TestGateBranches" name="test_installation_inactive" time="0.088" /><testcase classname="tests.test_github_app_project_add.TestGateBranches" name="test_installation_no_repo_access" time="0.097" /><testcase classname="tests.test_github_app_project_add.TestGateBranches" name="test_both_provided_installation_wins" time="0.110" /><testcase classname="tests.test_github_app_project_add.TestGetRepoToken" name="test_legacy_row_no_auth_method_raises_missing" time="0.043" /><testcase classname="tests.test_github_app_project_add.TestGetRepoToken" name="test_explicit_pat_method_raises_missing" time="0.067" /><testcase classname="tests.test_github_app_project_add.TestGetRepoToken" name="test_github_app_method_mints_fresh" time="0.103" /><testcase classname="tests.test_github_app_project_add.TestGetRepoToken" name="test_github_app_no_installation_id_raises_missing" time="0.055" /><testcase classname="tests.test_github_app_project_add.TestGetRepoToken" name="test_pat_method_no_token_raises_missing" time="0.069" /><testcase classname="tests.test_github_app_project_add.TestGetRepoToken" name="test_empty_project_raises_missing" time="0.049" /><testcase classname="tests.test_github_app_project_add.TestGetRepoToken" name="test_github_app_revoked_installation_raises_revoked" time="0.092" /><testcase classname="tests.test_business_owner_gates_2026_08_31" name="test_gate1_business_owner_flow" time="26.557" /><testcase classname="tests.test_business_owner_gates_2026_08_31" name="test_gate2_design_ask[can you redesign our brand identity?]" time="12.649" /><testcase classname="tests.test_business_owner_gates_2026_08_31" name="test_gate2_design_ask[our site looks dated \u2014 can you modernize it?]" time="2.097" /><testcase classname="tests.test_business_owner_gates_2026_08_31" name="test_gate3_self_repair[the approve button isn't showing]" time="1.996" /><testcase classname="tests.test_business_owner_gates_2026_08_31" name="test_gate3_self_repair[I clicked it and nothing happened, and you keep saying try again \u2014 what do I even try?]" time="0.218" /><testcase classname="tests.test_business_owner_gates_2026_08_31" name="test_regression_casual_hello_still_works" time="2.667" /><testcase classname="tests.test_new_p0_2026_08_28_false_success_guard" name="test_false_success_claim_detects_founder_exact_repro" time="0.005" /><testcase classname="tests.test_new_p0_2026_08_28_false_success_guard" name="test_false_success_claim_does_not_flag_honest_replies" time="0.005" /><testcase classname="tests.test_new_p0_2026_08_28_false_success_guard" name="test_false_success_claim_detects_present_tense_promise_from_testing_agent_finding" time="0.004" /><testcase classname="tests.test_new_p0_2026_08_28_false_success_guard" name="test_false_success_claim_ignores_a_real_fence_reply" time="0.004" /><testcase classname="tests.test_new_p0_2026_08_28_false_success_guard" name="test_t_text_approve_without_commit_never_claims_success_no_pending_fix" time="0.004" /><testcase classname="tests.test_new_p0_2026_08_28_false_success_guard" name="test_t_text_approve_without_commit_never_claims_success_stale_pending_fix" time="0.004" /><testcase classname="tests.test_new_p0_2026_08_28_false_success_guard" name="test_t_text_approve_without_commit_broad_scan_guard_any_confirmation_phrasing" time="0.004" /><testcase classname="tests.test_new_p0_2026_08_28_false_success_guard" name="test_t_text_approve_with_handoff_executes_and_verifies_real_fence_passes_through" time="0.004" /><testcase classname="tests.test_new_p0_2026_08_28_false_success_guard" name="test_t_text_approve_with_handoff_never_shortcuts_when_fence_present" time="0.005" /><testcase classname="tests.test_new_p0_2026_08_28_false_success_guard" name="test_guard_is_a_noop_for_non_confirmation_messages" time="0.004" /></testsuite></testsuites>