<?xml version="1.0" encoding="utf-8"?><testsuites><testsuite name="pytest" errors="0" failures="0" skipped="0" tests="46" time="1.954" timestamp="2026-08-25T02:50:57.901247+00:00" hostname="agent-env-00f4b217-af18-4f22-8897-05bbe431b0a7"><testcase classname="tests.resilience.test_core_boundaries.TestCoerce" name="test_dict_passthrough" time="0.005" /><testcase classname="tests.resilience.test_core_boundaries.TestCoerce" name="test_str_json_object_coerces_to_dict" time="0.004" /><testcase classname="tests.resilience.test_core_boundaries.TestCoerce" name="test_str_invalid_json_raises_contract_error" time="0.004" /><testcase classname="tests.resilience.test_core_boundaries.TestCoerce" name="test_str_json_array_raises_contract_error" time="0.004" /><testcase classname="tests.resilience.test_core_boundaries.TestCoerce" name="test_wrong_type_entirely_raises_contract_error" time="0.004" /><testcase classname="tests.resilience.test_core_boundaries.TestCoerce" name="test_contract_error_classifies_as_schema_mismatch" time="0.005" /><testcase classname="tests.resilience.test_core_boundaries.TestNormalizePayload" name="test_accepts_dict" time="0.004" /><testcase classname="tests.resilience.test_core_boundaries.TestNormalizePayload" name="test_accepts_json_string" time="0.004" /><testcase classname="tests.resilience.test_core_boundaries.TestNormalizePayload" name="test_rejects_plain_string_that_should_have_been_a_dict" time="0.004" /><testcase classname="tests.resilience.test_core_boundaries.TestNormalizePayload" name="test_rejects_list" time="0.004" /><testcase classname="tests.resilience.test_core_errors.TestClassifyExceptionSchemaMismatch" name="test_reproduces_the_production_incident" time="0.003" /><testcase classname="tests.resilience.test_core_errors.TestClassifyExceptionSchemaMismatch" name="test_items_and_keys_also_classify" time="0.004" /><testcase classname="tests.resilience.test_core_errors.TestClassifyExceptionSchemaMismatch" name="test_classification_independent_of_message_language" time="0.003" /><testcase classname="tests.resilience.test_core_errors.TestClassifyExceptionSchemaMismatch" name="test_attribute_error_on_real_dict_is_not_schema_mismatch" time="0.003" /><testcase classname="tests.resilience.test_core_errors.TestClassifyExceptionSchemaMismatch" name="test_contract_error_always_schema_mismatch" time="0.003" /><testcase classname="tests.resilience.test_core_errors.TestClassifyExceptionSchemaMismatch" name="test_type_error_and_key_error_and_json_decode_error" time="0.003" /><testcase classname="tests.resilience.test_core_errors.TestClassifyExceptionOtherClasses" name="test_asyncio_timeout" time="0.004" /><testcase classname="tests.resilience.test_core_errors.TestClassifyExceptionOtherClasses" name="test_builtin_timeout" time="0.004" /><testcase classname="tests.resilience.test_core_errors.TestClassifyExceptionOtherClasses" name="test_breaker_open_is_dependency_down" time="0.003" /><testcase classname="tests.resilience.test_core_errors.TestClassifyExceptionOtherClasses" name="test_permission_error" time="0.004" /><testcase classname="tests.resilience.test_core_errors.TestClassifyExceptionOtherClasses" name="test_unknown_exception_falls_back_to_internal_unknown" time="0.004" /><testcase classname="tests.resilience.test_core_errors.TestClassifyExceptionOtherClasses" name="test_rate_limited_via_status_code_attr" time="0.004" /><testcase classname="tests.resilience.test_core_errors.TestRefIdAndRetryable" name="test_ref_id_format" time="0.003" /><testcase classname="tests.resilience.test_core_errors.TestRefIdAndRetryable" name="test_ref_id_unique_across_calls" time="0.003" /><testcase classname="tests.resilience.test_core_errors.TestRefIdAndRetryable" name="test_retryable_codes_membership" time="0.003" /><testcase classname="tests.resilience.test_core_errors.TestRefIdAndRetryable" name="test_deterministic_codes_never_retryable" time="0.003" /><testcase classname="tests.resilience.test_core_errors.TestTranslateErrorAndEnvelope" name="test_translate_error_known_code" time="0.003" /><testcase classname="tests.resilience.test_core_errors.TestTranslateErrorAndEnvelope" name="test_translate_error_unknown_locale_falls_back_to_en" time="0.003" /><testcase classname="tests.resilience.test_core_errors.TestTranslateErrorAndEnvelope" name="test_build_error_envelope_shape_and_no_raw_text" time="0.003" /><testcase classname="tests.resilience.test_core_errors.TestTranslateErrorAndEnvelope" name="test_build_error_envelope_accepts_explicit_ref_id" time="0.003" /><testcase classname="tests.resilience.test_cto_task_lock_regression.TestSourceNoLongerHasTheContractViolation" name="test_no_dict_shaped_get_on_iterated_edits_key" time="0.005" /><testcase classname="tests.resilience.test_cto_task_lock_regression.TestTestFileLockBehaviorAfterFix" name="test_no_test_files_touched_when_edits_are_all_source_files" time="0.003" /><testcase classname="tests.resilience.test_cto_task_lock_regression.TestTestFileLockBehaviorAfterFix" name="test_test_file_touched_is_detected_without_crashing" time="0.004" /><testcase classname="tests.resilience.test_cto_task_lock_regression.TestTestFileLockBehaviorAfterFix" name="test_paths_list_built_from_touched_needs_no_get_call" time="0.003" /><testcase classname="tests.resilience.test_cto_task_lock_regression.TestTestFileLockBehaviorAfterFix" name="test_is_test_or_fixture_rejects_empty_string_safely" time="0.004" /><testcase classname="tests.resilience.test_global_exception_envelope.TestGlobalExceptionHandlerEnvelope" name="test_reproduces_the_production_incident_gracefully" time="1.128" /><testcase classname="tests.resilience.test_global_exception_envelope.TestGlobalExceptionHandlerEnvelope" name="test_generic_exception_gets_internal_unknown_code" time="0.080" /><testcase classname="tests.resilience.test_global_exception_envelope.TestGlobalExceptionHandlerEnvelope" name="test_existing_category_contract_still_present" time="0.036" /><testcase classname="tests.resilience.test_global_exception_envelope.TestGlobalExceptionHandlerEnvelope" name="test_http_exception_passes_through_unchanged" time="0.005" /><testcase classname="tests.resilience.test_global_exception_envelope.TestGlobalExceptionHandlerEnvelope" name="test_cancelled_error_short_circuits_to_499" time="0.004" /><testcase classname="tests.resilience.test_global_exception_envelope.TestGlobalExceptionHandlerEnvelope" name="test_ref_id_differs_across_two_failures" time="0.043" /><testcase classname="tests.test_regression_iter286_mcp_test_file_lock" name="test_regression_iter286_write_repo_file_blocks_test_files" time="0.005" /><testcase classname="tests.test_regression_iter286_mcp_test_file_lock" name="test_regression_iter286_write_repo_file_allows_test_files_with_override" time="0.004" /><testcase classname="tests.test_regression_iter286_mcp_test_file_lock" name="test_regression_iter286_write_repo_file_allows_normal_paths" time="0.004" /><testcase classname="tests.test_regression_iter286_mcp_test_file_lock" name="test_regression_iter286_ship_code_has_test_file_gate_in_source" time="0.006" /><testcase classname="tests.test_regression_iter286_mcp_test_file_lock" name="test_regression_iter286_ship_code_override_not_llm_grantable" time="0.018" /></testsuite></testsuites>