<?xml version="1.0" encoding="utf-8"?><testsuites><testsuite name="pytest" errors="0" failures="0" skipped="0" tests="35" time="44.854" timestamp="2026-08-22T23:38:32.668162+00:00" hostname="agent-env-00f4b217-af18-4f22-8897-05bbe431b0a7"><testcase classname="tests.test_pat_removal_full_2026_01.TestVerifyPatEndpoint" name="test_verify_pat_authed_rejects_pat" time="0.549" /><testcase classname="tests.test_pat_removal_full_2026_01.TestVerifyPatEndpoint" name="test_verify_pat_unauthed_rejected" time="0.160" /><testcase classname="tests.test_pat_removal_full_2026_01.TestProjectAddPatRejected" name="test_add_project_with_pat_rejected_400" time="0.108" /><testcase classname="tests.test_pat_removal_full_2026_01.TestProjectPatchPatRejected" name="test_patch_github_token_rejected" time="0.140" /><testcase classname="tests.test_pat_removal_full_2026_01.TestPatInventory" name="test_inventory_admin" time="7.019" /><testcase classname="tests.test_pat_removal_full_2026_01.TestPatInventory" name="test_inventory_non_admin" time="0.171" /><testcase classname="tests.test_pat_removal_full_2026_01.TestMigrateDryRun" name="test_dry_run_does_not_modify" time="12.795" /><testcase classname="tests.test_pat_removal_full_2026_01.TestConnectionStatusHonesty" name="test_connection_status_no_500" time="0.544" /><testcase classname="tests.test_pat_removal_full_2026_01.TestStaticPatGrepClean" name="test_no_live_pat_helper_refs" time="0.017" /><testcase classname="tests.test_pat_removal_rollback_typed_error" name="test_rollback_pat_project_returns_app_installation_missing" time="0.349" /><testcase classname="tests.test_rollback_v2_pillar1" name="test_gated_unauthenticated[POST-/admin/rollback2/snapshot-body0]" time="0.149" /><testcase classname="tests.test_rollback_v2_pillar1" name="test_gated_unauthenticated[GET-/admin/rollback2/snapshots-None]" time="0.164" /><testcase classname="tests.test_rollback_v2_pillar1" name="test_gated_unauthenticated[POST-/admin/rollback2/preview-body2]" time="0.110" /><testcase classname="tests.test_rollback_v2_pillar1" name="test_gated_unauthenticated[POST-/admin/rollback2/execute-body3]" time="0.151" /><testcase classname="tests.test_rollback_v2_pillar1" name="test_gated_unauthenticated[GET-/admin/rollback2/attempts-None]" time="0.121" /><testcase classname="tests.test_rollback_v2_pillar1" name="test_gated_unauthenticated[POST-/admin/rollback2/drill-None]" time="0.149" /><testcase classname="tests.test_rollback_v2_pillar1" name="test_gated_unauthenticated[GET-/admin/rollback2/drills-None]" time="0.143" /><testcase classname="tests.test_rollback_v2_pillar1" name="test_gated_nonadmin[POST-/admin/rollback2/snapshot-body0]" time="0.518" /><testcase classname="tests.test_rollback_v2_pillar1" name="test_gated_nonadmin[GET-/admin/rollback2/snapshots-None]" time="0.141" /><testcase classname="tests.test_rollback_v2_pillar1" name="test_gated_nonadmin[POST-/admin/rollback2/preview-body2]" time="0.150" /><testcase classname="tests.test_rollback_v2_pillar1" name="test_gated_nonadmin[POST-/admin/rollback2/execute-body3]" time="0.129" /><testcase classname="tests.test_rollback_v2_pillar1" name="test_gated_nonadmin[GET-/admin/rollback2/attempts-None]" time="0.111" /><testcase classname="tests.test_rollback_v2_pillar1" name="test_gated_nonadmin[POST-/admin/rollback2/drill-None]" time="0.104" /><testcase classname="tests.test_rollback_v2_pillar1" name="test_gated_nonadmin[GET-/admin/rollback2/drills-None]" time="0.113" /><testcase classname="tests.test_rollback_v2_pillar1" name="test_snapshot_ok" time="2.666" /><testcase classname="tests.test_rollback_v2_pillar1" name="test_list_snapshots_contains_created" time="0.123" /><testcase classname="tests.test_rollback_v2_pillar1" name="test_preview_ok" time="1.135" /><testcase classname="tests.test_rollback_v2_pillar1" name="test_execute_confirm_required" time="0.138" /><testcase classname="tests.test_rollback_v2_pillar1" name="test_execute_bogus_token" time="0.116" /><testcase classname="tests.test_rollback_v2_pillar1" name="test_execute_fails_closed" time="1.466" /><testcase classname="tests.test_rollback_v2_pillar1" name="test_attempts_ledger" time="1.117" /><testcase classname="tests.test_rollback_v2_pillar1" name="test_preview_token_single_use" time="0.164" /><testcase classname="tests.test_rollback_v2_pillar1" name="test_drill_blocked" time="12.796" /><testcase classname="tests.test_rollback_v2_pillar1" name="test_regression_login_ok" time="0.356" /><testcase classname="tests.test_rollback_v2_pillar1" name="test_regression_heartbeat" time="0.129" /></testsuite></testsuites>