<?xml version="1.0" encoding="utf-8"?><testsuites><testsuite name="pytest" errors="0" failures="0" skipped="0" tests="5" time="3.120" timestamp="2026-08-21T00:10:32.039934+00:00" hostname="agent-env-b532beb8-418a-4207-951d-6457576d5e1f"><testcase classname="tests.test_revoked_repo_banner_2026_08_20" name="test_connection_status_shape_and_disconnected" time="0.948" /><testcase classname="tests.test_revoked_repo_banner_2026_08_20" name="test_patch_installation_id_sets_auth_method" time="0.689" /><testcase classname="tests.test_revoked_repo_banner_2026_08_20" name="test_patch_branch_and_tech_stack_and_preview" time="0.831" /><testcase classname="tests.test_revoked_repo_banner_2026_08_20" name="test_patch_empty_returns_400" time="0.241" /><testcase classname="tests.test_revoked_repo_banner_2026_08_20" name="test_patch_bad_project_404" time="0.197" /></testsuite></testsuites>