<?xml version="1.0" encoding="utf-8"?><testsuites><testsuite name="pytest" errors="0" failures="0" skipped="0" tests="25" time="11.232" timestamp="2026-08-22T19:30:42.128937+00:00" hostname="agent-env-00f4b217-af18-4f22-8897-05bbe431b0a7"><testcase classname="tests.test_rollback_v2_pillar1" name="test_gated_unauthenticated[POST-/admin/rollback2/snapshot-body0]" time="0.297" /><testcase classname="tests.test_rollback_v2_pillar1" name="test_gated_unauthenticated[GET-/admin/rollback2/snapshots-None]" time="0.405" /><testcase classname="tests.test_rollback_v2_pillar1" name="test_gated_unauthenticated[POST-/admin/rollback2/preview-body2]" time="0.185" /><testcase classname="tests.test_rollback_v2_pillar1" name="test_gated_unauthenticated[POST-/admin/rollback2/execute-body3]" time="0.125" /><testcase classname="tests.test_rollback_v2_pillar1" name="test_gated_unauthenticated[GET-/admin/rollback2/attempts-None]" time="0.121" /><testcase classname="tests.test_rollback_v2_pillar1" name="test_gated_unauthenticated[POST-/admin/rollback2/drill-None]" time="0.122" /><testcase classname="tests.test_rollback_v2_pillar1" name="test_gated_unauthenticated[GET-/admin/rollback2/drills-None]" time="0.167" /><testcase classname="tests.test_rollback_v2_pillar1" name="test_gated_nonadmin[POST-/admin/rollback2/snapshot-body0]" time="0.503" /><testcase classname="tests.test_rollback_v2_pillar1" name="test_gated_nonadmin[GET-/admin/rollback2/snapshots-None]" time="0.164" /><testcase classname="tests.test_rollback_v2_pillar1" name="test_gated_nonadmin[POST-/admin/rollback2/preview-body2]" time="0.226" /><testcase classname="tests.test_rollback_v2_pillar1" name="test_gated_nonadmin[POST-/admin/rollback2/execute-body3]" time="0.246" /><testcase classname="tests.test_rollback_v2_pillar1" name="test_gated_nonadmin[GET-/admin/rollback2/attempts-None]" time="0.188" /><testcase classname="tests.test_rollback_v2_pillar1" name="test_gated_nonadmin[POST-/admin/rollback2/drill-None]" time="0.218" /><testcase classname="tests.test_rollback_v2_pillar1" name="test_gated_nonadmin[GET-/admin/rollback2/drills-None]" time="0.223" /><testcase classname="tests.test_rollback_v2_pillar1" name="test_snapshot_ok" time="2.818" /><testcase classname="tests.test_rollback_v2_pillar1" name="test_list_snapshots_contains_created" time="0.127" /><testcase classname="tests.test_rollback_v2_pillar1" name="test_preview_ok" time="1.076" /><testcase classname="tests.test_rollback_v2_pillar1" name="test_execute_confirm_required" time="0.177" /><testcase classname="tests.test_rollback_v2_pillar1" name="test_execute_bogus_token" time="0.124" /><testcase classname="tests.test_rollback_v2_pillar1" name="test_execute_fails_closed" time="1.521" /><testcase classname="tests.test_rollback_v2_pillar1" name="test_attempts_ledger" time="1.129" /><testcase classname="tests.test_rollback_v2_pillar1" name="test_preview_token_single_use" time="0.174" /><testcase classname="tests.test_rollback_v2_pillar1" name="test_drill_blocked" time="0.253" /><testcase classname="tests.test_rollback_v2_pillar1" name="test_regression_login_ok" time="0.345" /><testcase classname="tests.test_rollback_v2_pillar1" name="test_regression_heartbeat" time="0.118" /></testsuite></testsuites>