<?xml version="1.0" encoding="utf-8"?><testsuites><testsuite name="pytest" errors="0" failures="0" skipped="0" tests="9" time="5.795" timestamp="2026-08-21T06:40:19.134943+00:00" hostname="agent-env-b532beb8-418a-4207-951d-6457576d5e1f"><testcase classname="tests.test_response_confidence_mismatch_gate" name="test_mismatched_response_swapped_for_fallback_in_stream" time="0.188" /><testcase classname="tests.test_response_confidence_mismatch_gate" name="test_mismatched_response_swapped_for_fallback_in_send" time="0.037" /><testcase classname="tests.test_response_confidence_mismatch_gate" name="test_legit_fix_request_keeps_handoff_fence" time="1.563" /><testcase classname="tests.test_response_confidence_mismatch_gate" name="test_mismatch_auto_retry_resolves_silently" time="0.012" /><testcase classname="tests.test_response_confidence_mismatch_gate" name="test_normal_qa_never_shows_ship_suppressed_note" time="0.010" /><testcase classname="tests.test_response_confidence_mismatch_gate" name="test_mismatch_with_handoff_fence_flags_ship_suppressed_send" time="0.010" /><testcase classname="tests.test_response_confidence_mismatch_gate" name="test_mismatch_with_handoff_fence_flags_ship_suppressed_stream" time="0.172" /><testcase classname="tests.test_response_confidence_mismatch_gate" name="test_mismatch_without_handoff_fence_does_not_flag_ship_suppressed" time="0.011" /><testcase classname="tests.test_response_confidence_mismatch_gate" name="test_legit_fix_request_no_ship_suppressed" time="2.307" /></testsuite></testsuites>