<?xml version="1.0" encoding="utf-8"?><testsuites><testsuite name="pytest" errors="0" failures="0" skipped="0" tests="8" time="1.068" timestamp="2026-08-24T03:53:51.521864+00:00" hostname="agent-env-00f4b217-af18-4f22-8897-05bbe431b0a7"><testcase classname="tests.test_stage1_2_slo_ambiguity_2026_08" name="test_ambiguity_gate_vague_phrases" time="0.006" /><testcase classname="tests.test_stage1_2_slo_ambiguity_2026_08" name="test_ambiguity_gate_concrete_phrases" time="0.004" /><testcase classname="tests.test_stage1_2_slo_ambiguity_2026_08" name="test_cto_projects_reuses_shared_module_not_a_copy" time="0.005" /><testcase classname="tests.test_stage1_2_slo_ambiguity_2026_08" name="test_loop_router_wires_ambiguity_gate" time="0.003" /><testcase classname="tests.test_stage1_2_slo_ambiguity_2026_08" name="test_loop_start_vague_message_returns_clarification" time="0.586" /><testcase classname="tests.test_stage1_2_slo_ambiguity_2026_08" name="test_loop_start_concrete_message_does_not_get_clarification_gated" time="0.063" /><testcase classname="tests.test_stage1_2_slo_ambiguity_2026_08" name="test_slo_metrics_endpoint" time="0.104" /><testcase classname="tests.test_stage1_2_slo_ambiguity_2026_08" name="test_slo_metrics_admin_only" time="0.160" /></testsuite></testsuites>