<?xml version="1.0" encoding="utf-8"?><testsuites><testsuite name="pytest" errors="0" failures="0" skipped="0" tests="6" time="0.221" timestamp="2026-08-24T19:18:21.039917+00:00" hostname="agent-env-00f4b217-af18-4f22-8897-05bbe431b0a7"><testcase classname="tests.test_ttl_field_types_live_2026_08_27" name="test_acquire_loop_lock_writes_bson_datetime" time="0.016" /><testcase classname="tests.test_ttl_field_types_live_2026_08_27" name="test_record_loop_failure_writes_bson_datetime_and_circuit_opens" time="0.010" /><testcase classname="tests.test_ttl_field_types_live_2026_08_27" name="test_loop_independent_verifier_writes_bson_datetime" time="0.027" /><testcase classname="tests.test_ttl_field_types_live_2026_08_27" name="test_loop_audit_log_writes_bson_datetime" time="0.010" /><testcase classname="tests.test_ttl_field_types_live_2026_08_27" name="test_naive_aware_datetime_readback_no_crash" time="0.011" /><testcase classname="tests.test_ttl_field_types_live_2026_08_27" name="test_ttl_indexes_exist_on_target_collections" time="0.010" /></testsuite></testsuites>