<?xml version="1.0" encoding="utf-8"?><testsuites><testsuite name="pytest" errors="0" failures="0" skipped="0" tests="18" time="0.516" timestamp="2026-08-24T19:15:31.271273+00:00" hostname="agent-env-00f4b217-af18-4f22-8897-05bbe431b0a7"><testcase classname="tests.test_iter212m115_loop_safety_five_fixes" name="test_validate_github_token_happy_path" time="0.006" /><testcase classname="tests.test_iter212m115_loop_safety_five_fixes" name="test_validate_github_token_401_returns_clean_error" time="0.005" /><testcase classname="tests.test_iter212m115_loop_safety_five_fixes" name="test_validate_github_token_missing_args" time="0.005" /><testcase classname="tests.test_iter212m115_loop_safety_five_fixes" name="test_acquire_loop_lock_succeeds_first_time" time="0.004" /><testcase classname="tests.test_iter212m115_loop_safety_five_fixes" name="test_acquire_loop_lock_refuses_second_concurrent_run" time="0.004" /><testcase classname="tests.test_iter212m115_loop_safety_five_fixes" name="test_release_loop_lock_calls_delete" time="0.004" /><testcase classname="tests.test_iter212m115_loop_safety_five_fixes" name="test_start_loop_router_uses_concurrent_lock" time="0.004" /><testcase classname="tests.test_iter212m115_loop_safety_five_fixes" name="test_get_active_loop_returns_paused_ship_state" time="0.305" /><testcase classname="tests.test_iter212m115_loop_safety_five_fixes" name="test_get_active_loop_returns_none_when_no_active" time="0.005" /><testcase classname="tests.test_iter212m115_loop_safety_five_fixes" name="test_circuit_breaker_opens_after_3_failures" time="0.005" /><testcase classname="tests.test_iter212m115_loop_safety_five_fixes" name="test_circuit_breaker_closed_under_threshold" time="0.004" /><testcase classname="tests.test_iter212m115_loop_safety_five_fixes" name="test_start_loop_router_invokes_circuit_breaker" time="0.004" /><testcase classname="tests.test_iter212m115_loop_safety_five_fixes" name="test_aurem_branch_name_is_deterministic_and_safe" time="0.023" /><testcase classname="tests.test_iter212m115_loop_safety_five_fixes" name="test_finding_fix_applier_uses_branch_per_fix" time="0.007" /><testcase classname="tests.test_iter212m115_loop_safety_five_fixes" name="test_finding_fix_applier_falls_back_to_base_if_branch_create_fails" time="0.007" /><testcase classname="tests.test_iter212m115_loop_safety_five_fixes" name="test_loop_engine_calls_pat_preflight_in_plan_phase" time="0.005" /><testcase classname="tests.test_iter212m115_loop_safety_five_fixes" name="test_loop_engine_releases_lock_on_completion_and_failure" time="0.004" /><testcase classname="tests.test_iter212m115_loop_safety_five_fixes" name="test_main_py_creates_loop_safety_indexes_on_boot" time="0.004" /></testsuite></testsuites>