<?xml version="1.0" encoding="utf-8"?><testsuites><testsuite name="pytest" errors="0" failures="0" skipped="0" tests="3" time="3.859" timestamp="2026-08-22T21:58:46.811857+00:00" hostname="agent-env-00f4b217-af18-4f22-8897-05bbe431b0a7"><testcase classname="tests.test_ui_batch_6_2026_08_24" name="test_funnel_stats_has_7_stages" time="0.490" /><testcase classname="tests.test_ui_batch_6_2026_08_24" name="test_project_add_fires_repo_selected" time="3.224" /><testcase classname="tests.test_ui_batch_6_2026_08_24" name="test_english_skip_notice_string_present_in_code" time="0.011" /></testsuite></testsuites>