<?xml version="1.0" encoding="utf-8"?><testsuites><testsuite name="pytest" errors="0" failures="0" skipped="0" tests="40" time="0.285" timestamp="2026-08-25T03:03:54.826513+00:00" hostname="agent-env-00f4b217-af18-4f22-8897-05bbe431b0a7"><testcase classname="tests.test_iter212m11_vanguard_false_positive_fixes" name="test_openai_key_flags_real_sk" time="0.005" /><testcase classname="tests.test_iter212m11_vanguard_false_positive_fixes" name="test_openai_key_skips_aurem_and_test_placeholders[sk-aurem-1234567890abcdefghij]" time="0.004" /><testcase classname="tests.test_iter212m11_vanguard_false_positive_fixes" name="test_openai_key_skips_aurem_and_test_placeholders[sk-aurem_1234567890abcdefghij]" time="0.004" /><testcase classname="tests.test_iter212m11_vanguard_false_positive_fixes" name="test_openai_key_skips_aurem_and_test_placeholders[sk-test-1234567890abcdefghij]" time="0.004" /><testcase classname="tests.test_iter212m11_vanguard_false_positive_fixes" name="test_openai_key_skips_aurem_and_test_placeholders[sk-test_1234567890abcdefghij]" time="0.004" /><testcase classname="tests.test_iter212m11_vanguard_false_positive_fixes" name="test_requests_no_verify_flags_real_http_clients[requests.get(url, verify=False)]" time="0.004" /><testcase classname="tests.test_iter212m11_vanguard_false_positive_fixes" name="test_requests_no_verify_flags_real_http_clients[httpx.AsyncClient(verify=False)]" time="0.004" /><testcase classname="tests.test_iter212m11_vanguard_false_positive_fixes" name="test_requests_no_verify_flags_real_http_clients[urllib.request.urlopen(url, context=ctx, verify=False)]" time="0.004" /><testcase classname="tests.test_iter212m11_vanguard_false_positive_fixes" name="test_requests_no_verify_skips_unrelated_kwargs[config = {&quot;verify&quot;: False}]" time="0.004" /><testcase classname="tests.test_iter212m11_vanguard_false_positive_fixes" name="test_requests_no_verify_skips_unrelated_kwargs[my_validate(verify=False)]" time="0.004" /><testcase classname="tests.test_iter212m11_vanguard_false_positive_fixes" name="test_requests_no_verify_skips_unrelated_kwargs[pydantic_field = Field(verify=False)]" time="0.005" /><testcase classname="tests.test_iter212m11_vanguard_false_positive_fixes" name="test_requests_no_verify_skips_unrelated_kwargs[schema.validate(verify=False)]" time="0.003" /><testcase classname="tests.test_iter212m11_vanguard_false_positive_fixes" name="test_token_assignment_drops_bare_token[token = 'abc12345']" time="0.004" /><testcase classname="tests.test_iter212m11_vanguard_false_positive_fixes" name="test_token_assignment_drops_bare_token[token = 'abcdefghijklmnop1234']" time="0.004" /><testcase classname="tests.test_iter212m11_vanguard_false_positive_fixes" name="test_token_assignment_drops_bare_token[csrf_token = 'abcdefghijklmnop']" time="0.008" /><testcase classname="tests.test_iter212m11_vanguard_false_positive_fixes" name="test_token_assignment_drops_bare_token[pagination_token: 'abcdefghijklmnop']" time="0.004" /><testcase classname="tests.test_iter212m11_vanguard_false_positive_fixes" name="test_token_assignment_8_char_does_not_fire" time="0.004" /><testcase classname="tests.test_iter212m11_vanguard_false_positive_fixes" name="test_token_assignment_fires_on_16char_real_token_names[bearer = 'abc1234567890abcdef']" time="0.004" /><testcase classname="tests.test_iter212m11_vanguard_false_positive_fixes" name="test_token_assignment_fires_on_16char_real_token_names[refresh_token: 'abc1234567890abcdef']" time="0.004" /><testcase classname="tests.test_iter212m11_vanguard_false_positive_fixes" name="test_token_assignment_fires_on_16char_real_token_names[access_token = 'abc1234567890abcdef']" time="0.004" /><testcase classname="tests.test_iter212m11_vanguard_false_positive_fixes" name="test_token_assignment_fires_on_16char_real_token_names[auth_token = 'abc1234567890abcdef']" time="0.004" /><testcase classname="tests.test_iter212m11_vanguard_false_positive_fixes" name="test_generic_secret_skips_short_or_prefixed[client_secret = 'abcdefghijklmnop']" time="0.004" /><testcase classname="tests.test_iter212m11_vanguard_false_positive_fixes" name="test_generic_secret_skips_short_or_prefixed[CLIENT_SECRET = 'abcdefghijklmnop']" time="0.004" /><testcase classname="tests.test_iter212m11_vanguard_false_positive_fixes" name="test_generic_secret_skips_short_or_prefixed[api_secret = 'abcdefghijklmnop']" time="0.004" /><testcase classname="tests.test_iter212m11_vanguard_false_positive_fixes" name="test_generic_secret_skips_short_or_prefixed[secret = 'short']" time="0.004" /><testcase classname="tests.test_iter212m11_vanguard_false_positive_fixes" name="test_generic_secret_skips_short_or_prefixed[secret = 'abc12345']" time="0.004" /><testcase classname="tests.test_iter212m11_vanguard_false_positive_fixes" name="test_generic_secret_fires_on_bare_secret_with_16char_literal[secret = 'abcdefghijklmnop']" time="0.004" /><testcase classname="tests.test_iter212m11_vanguard_false_positive_fixes" name="test_generic_secret_fires_on_bare_secret_with_16char_literal[signing_key = 'abcdefghijklmnop']" time="0.004" /><testcase classname="tests.test_iter212m11_vanguard_false_positive_fixes" name="test_generic_secret_fires_on_bare_secret_with_16char_literal[encryption_key = 'abcdefghijklmnop']" time="0.003" /><testcase classname="tests.test_iter212m11_vanguard_false_positive_fixes" name="test_vanguard_ignore_marker_suppresses_python_finding" time="0.004" /><testcase classname="tests.test_iter212m11_vanguard_false_positive_fixes" name="test_vanguard_ignore_marker_suppresses_js_finding" time="0.004" /><testcase classname="tests.test_iter212m11_vanguard_false_positive_fixes" name="test_vanguard_ignore_marker_per_line_not_per_file" time="0.004" /><testcase classname="tests.test_iter212m11_vanguard_false_positive_fixes" name="test_python_literal_normalization_parses_clean" time="0.004" /><testcase classname="tests.test_iter212m11_vanguard_false_positive_fixes" name="test_python_literal_normalization_naive_replace_known_tradeoff" time="0.004" /><testcase classname="tests.test_iter212m11_vanguard_false_positive_fixes" name="test_python_literal_normalization_handles_nested" time="0.003" /><testcase classname="tests.test_iter212m11_vanguard_false_positive_fixes" name="test_regression_aws_access_key_still_fires" time="0.004" /><testcase classname="tests.test_iter212m11_vanguard_false_positive_fixes" name="test_regression_github_token_still_fires" time="0.004" /><testcase classname="tests.test_iter212m11_vanguard_false_positive_fixes" name="test_regression_private_key_still_fires" time="0.005" /><testcase classname="tests.test_iter212m11_vanguard_false_positive_fixes" name="test_regression_eval_still_fires" time="0.004" /><testcase classname="tests.test_iter212m11_vanguard_false_positive_fixes" name="test_regression_password_assignment_still_fires" time="0.004" /></testsuite></testsuites>