<?xml version="1.0" encoding="utf-8"?><testsuites><testsuite name="pytest" errors="0" failures="1" skipped="0" tests="11" time="1.250" timestamp="2026-08-23T23:49:13.195831+00:00" hostname="agent-env-00f4b217-af18-4f22-8897-05bbe431b0a7"><testcase classname="tests.test_iter_vanguard_autofix_and_admin_chat" name="test_vanguard_autofix_present_in_run_task_via_api" time="0.007" /><testcase classname="tests.test_iter_vanguard_autofix_and_admin_chat" name="test_vanguard_autofix_uses_classify_error_upstream_regression" time="0.006" /><testcase classname="tests.test_iter_vanguard_autofix_and_admin_chat" name="test_run_task_with_git_verify_patch_parity" time="0.005"><failure message="AssertionError: PARITY GAP: `_run_task_with_git` (the runtime worker when git is installed) does NOT call verify_patch(). The Vanguard verify agent + the new auto-fix loop only exist on the API-only path (`_run_task_via_api`), which is NOT taken when `_GIT_AVAILABLE` is True. This means the customer-facing auto-fix feature does NOT fire on real production runs where git is available.&#10;assert False">tests/test_iter_vanguard_autofix_and_admin_chat.py:119: in test_run_task_with_git_verify_patch_parity
    assert has_verify, (
E   AssertionError: PARITY GAP: `_run_task_with_git` (the runtime worker when git is installed) does NOT call verify_patch(). The Vanguard verify agent + the new auto-fix loop only exist on the API-only path (`_run_task_via_api`), which is NOT taken when `_GIT_AVAILABLE` is True. This means the customer-facing auto-fix feature does NOT fire on real production runs where git is available.
E   assert False</failure></testcase><testcase classname="tests.test_iter_vanguard_autofix_and_admin_chat" name="test_git_available_in_this_environment" time="0.279" /><testcase classname="tests.test_iter_vanguard_autofix_and_admin_chat" name="test_chat_mode_d_exception_uses_classify_error" time="0.005" /><testcase classname="tests.test_iter_vanguard_autofix_and_admin_chat" name="test_admin_list_chat_sessions_requires_auth" time="0.050" /><testcase classname="tests.test_iter_vanguard_autofix_and_admin_chat" name="test_admin_get_chat_session_requires_auth" time="0.028" /><testcase classname="tests.test_iter_vanguard_autofix_and_admin_chat" name="test_admin_list_chat_sessions_shape" time="0.287" /><testcase classname="tests.test_iter_vanguard_autofix_and_admin_chat" name="test_admin_get_chat_session_404_for_unknown" time="0.034" /><testcase classname="tests.test_iter_vanguard_autofix_and_admin_chat" name="test_admin_get_chat_session_shape_when_present" time="0.064" /><testcase classname="tests.test_iter_vanguard_autofix_and_admin_chat" name="test_admin_endpoints_registered_at_public_url" time="0.352" /></testsuite></testsuites>