<?xml version="1.0" encoding="utf-8"?><testsuites><testsuite name="pytest" errors="0" failures="0" skipped="0" tests="88" time="11.767" timestamp="2026-08-25T05:52:27.850903+00:00" hostname="agent-env-00f4b217-af18-4f22-8897-05bbe431b0a7"><testcase classname="tests.test_iter_w3_a4_binary_file_refusal" name="test_a4a_fetch_file_rejects_real_binary_png" time="0.006" /><testcase classname="tests.test_iter_w3_a4_binary_file_refusal" name="test_a4b_binary_content_never_written_back_byte_identical" time="0.005" /><testcase classname="tests.test_iter_w3_a4_binary_file_refusal" name="test_a4c_real_text_file_still_reads_fine" time="0.004" /><testcase classname="tests.test_iter_w3_a4_binary_file_refusal" name="test_a4d_legacy_encoding_never_writes_u_fffd" time="0.004" /><testcase classname="tests.test_iter_w3_a4_binary_file_refusal" name="test_a4_real_execute_path_skips_binary_generates_text" time="0.010" /><testcase classname="tests.resilience.test_core_boundaries.TestCoerce" name="test_dict_passthrough" time="0.003" /><testcase classname="tests.resilience.test_core_boundaries.TestCoerce" name="test_str_json_object_coerces_to_dict" time="0.004" /><testcase classname="tests.resilience.test_core_boundaries.TestCoerce" name="test_str_invalid_json_raises_contract_error" time="0.003" /><testcase classname="tests.resilience.test_core_boundaries.TestCoerce" name="test_str_json_array_raises_contract_error" time="0.003" /><testcase classname="tests.resilience.test_core_boundaries.TestCoerce" name="test_wrong_type_entirely_raises_contract_error" time="0.004" /><testcase classname="tests.resilience.test_core_boundaries.TestCoerce" name="test_contract_error_classifies_as_schema_mismatch" time="0.003" /><testcase classname="tests.resilience.test_core_boundaries.TestNormalizePayload" name="test_accepts_dict" time="0.003" /><testcase classname="tests.resilience.test_core_boundaries.TestNormalizePayload" name="test_accepts_json_string" time="0.003" /><testcase classname="tests.resilience.test_core_boundaries.TestNormalizePayload" name="test_rejects_plain_string_that_should_have_been_a_dict" time="0.003" /><testcase classname="tests.resilience.test_core_boundaries.TestNormalizePayload" name="test_rejects_list" time="0.003" /><testcase classname="tests.resilience.test_core_errors.TestClassifyExceptionSchemaMismatch" name="test_reproduces_the_production_incident" time="0.004" /><testcase classname="tests.resilience.test_core_errors.TestClassifyExceptionSchemaMismatch" name="test_items_and_keys_also_classify" time="0.003" /><testcase classname="tests.resilience.test_core_errors.TestClassifyExceptionSchemaMismatch" name="test_classification_independent_of_message_language" time="0.004" /><testcase classname="tests.resilience.test_core_errors.TestClassifyExceptionSchemaMismatch" name="test_attribute_error_on_real_dict_is_not_schema_mismatch" time="0.003" /><testcase classname="tests.resilience.test_core_errors.TestClassifyExceptionSchemaMismatch" name="test_contract_error_always_schema_mismatch" time="0.003" /><testcase classname="tests.resilience.test_core_errors.TestClassifyExceptionSchemaMismatch" name="test_type_error_and_key_error_and_json_decode_error" time="0.003" /><testcase classname="tests.resilience.test_core_errors.TestClassifyExceptionOtherClasses" name="test_asyncio_timeout" time="0.004" /><testcase classname="tests.resilience.test_core_errors.TestClassifyExceptionOtherClasses" name="test_builtin_timeout" time="0.003" /><testcase classname="tests.resilience.test_core_errors.TestClassifyExceptionOtherClasses" name="test_breaker_open_is_dependency_down" time="0.003" /><testcase classname="tests.resilience.test_core_errors.TestClassifyExceptionOtherClasses" name="test_permission_error" time="0.003" /><testcase classname="tests.resilience.test_core_errors.TestClassifyExceptionOtherClasses" name="test_unknown_exception_falls_back_to_internal_unknown" time="0.003" /><testcase classname="tests.resilience.test_core_errors.TestClassifyExceptionOtherClasses" name="test_rate_limited_via_status_code_attr" time="0.003" /><testcase classname="tests.resilience.test_core_errors.TestRefIdAndRetryable" name="test_ref_id_format" time="0.003" /><testcase classname="tests.resilience.test_core_errors.TestRefIdAndRetryable" name="test_ref_id_unique_across_calls" time="0.003" /><testcase classname="tests.resilience.test_core_errors.TestRefIdAndRetryable" name="test_retryable_codes_membership" time="0.003" /><testcase classname="tests.resilience.test_core_errors.TestRefIdAndRetryable" name="test_deterministic_codes_never_retryable" time="0.004" /><testcase classname="tests.resilience.test_core_errors.TestTranslateErrorAndEnvelope" name="test_translate_error_known_code" time="0.004" /><testcase classname="tests.resilience.test_core_errors.TestTranslateErrorAndEnvelope" name="test_translate_error_unknown_locale_falls_back_to_en" time="0.004" /><testcase classname="tests.resilience.test_core_errors.TestTranslateErrorAndEnvelope" name="test_build_error_envelope_shape_and_no_raw_text" time="0.003" /><testcase classname="tests.resilience.test_core_errors.TestTranslateErrorAndEnvelope" name="test_build_error_envelope_accepts_explicit_ref_id" time="0.003" /><testcase classname="tests.resilience.test_cto_task_lock_regression.TestSourceNoLongerHasTheContractViolation" name="test_no_dict_shaped_get_on_iterated_edits_key" time="0.004" /><testcase classname="tests.resilience.test_cto_task_lock_regression.TestTestFileLockBehaviorAfterFix" name="test_no_test_files_touched_when_edits_are_all_source_files" time="0.003" /><testcase classname="tests.resilience.test_cto_task_lock_regression.TestTestFileLockBehaviorAfterFix" name="test_test_file_touched_is_detected_without_crashing" time="0.004" /><testcase classname="tests.resilience.test_cto_task_lock_regression.TestTestFileLockBehaviorAfterFix" name="test_paths_list_built_from_touched_needs_no_get_call" time="0.003" /><testcase classname="tests.resilience.test_cto_task_lock_regression.TestTestFileLockBehaviorAfterFix" name="test_is_test_or_fixture_rejects_empty_string_safely" time="0.003" /><testcase classname="tests.resilience.test_global_exception_envelope.TestGlobalExceptionHandlerEnvelope" name="test_reproduces_the_production_incident_gracefully" time="1.092" /><testcase classname="tests.resilience.test_global_exception_envelope.TestGlobalExceptionHandlerEnvelope" name="test_generic_exception_gets_internal_unknown_code" time="0.025" /><testcase classname="tests.resilience.test_global_exception_envelope.TestGlobalExceptionHandlerEnvelope" name="test_existing_category_contract_still_present" time="0.026" /><testcase classname="tests.resilience.test_global_exception_envelope.TestGlobalExceptionHandlerEnvelope" name="test_http_exception_passes_through_unchanged" time="0.004" /><testcase classname="tests.resilience.test_global_exception_envelope.TestGlobalExceptionHandlerEnvelope" name="test_cancelled_error_short_circuits_to_499" time="0.004" /><testcase classname="tests.resilience.test_global_exception_envelope.TestGlobalExceptionHandlerEnvelope" name="test_ref_id_differs_across_two_failures" time="0.042" /><testcase classname="tests.test_iter309_phase03_self_heal_paused" name="test_verify_self_heal_exhausted_transitions_to_paused_for_user" time="2.074" /><testcase classname="tests.test_iter309_phase03_self_heal_paused" name="test_verify_pauses_on_exhaustion_not_fails_source_of_truth" time="0.006" /><testcase classname="tests.test_iter_feb2026_verify_terminal_fail" name="test_verify_pauses_once_then_hard_fails_on_reentry_no_duplicate" time="0.022" /><testcase classname="tests.test_iter_feb2026_verify_terminal_fail" name="test_pause_response_refuses_retry_on_terminal_state" time="0.004" /><testcase classname="tests.test_iter_feb2026_verify_terminal_fail" name="test_reentered_do_verify_short_circuits_when_cap_consumed" time="0.016" /><testcase classname="tests.test_iter_feb2026_verify_terminal_fail" name="test_pause_response_persisted_terminal_returns_409" time="0.021" /><testcase classname="tests.test_iter_feb2026_verify_terminal_fail" name="test_pause_response_persisted_terminal_404_for_wrong_user" time="0.016" /><testcase classname="tests.test_iter_feb2026_verify_fail_surfaces_errors" name="test_verify_fail_emits_failing_files_and_errors_in_data" time="0.017" /><testcase classname="tests.test_iter_feb2026_verify_fail_surfaces_errors" name="test_non_verify_fail_still_gets_kind_terminal_fail" time="0.015" /><testcase classname="tests.test_iter_feb2026_verify_fail_surfaces_errors" name="test_fail_caller_data_merges_into_emit" time="0.017" /><testcase classname="tests.test_iter_feb2026_verify_retry_cap" name="test_verify_retry_cap_present_in_pause_response_handler" time="0.004" /><testcase classname="tests.test_iter_feb2026_verify_retry_cap" name="test_verify_pause_event_reinstated_with_global_cap_dedup" time="0.004" /><testcase classname="tests.test_iter_feb2026_global_heal_cap" name="test_global_heal_cap_enforced_in_do_verify" time="0.004" /><testcase classname="tests.test_iter_feb2026_global_heal_cap" name="test_heal_event_carries_backend_authoritative_counter" time="0.004" /><testcase classname="tests.test_iter_feb2026_global_heal_cap" name="test_frontend_reads_backend_authoritative_counter" time="0.006" /><testcase classname="tests.test_iter_feb2026_global_heal_cap" name="test_selfheal_indicator_renders_live_timer" time="0.004" /><testcase classname="tests.test_iter212m62_loop_verify" name="test_verify_clean_python_passes" time="0.012" /><testcase classname="tests.test_iter212m62_loop_verify" name="test_verify_broken_python_fails" time="0.011" /><testcase classname="tests.test_iter212m62_loop_verify" name="test_verify_skips_unknown_extension" time="0.005" /><testcase classname="tests.test_iter212m62_loop_verify" name="test_verify_eslint_picks_up_undef" time="0.177" /><testcase classname="tests.test_iter212m62_loop_verify" name="test_verify_empty_input_returns_ok" time="0.005" /><testcase classname="tests.test_iter212m62_loop_verify" name="test_self_heal_fixes_broken_python" time="0.106" /><testcase classname="tests.test_iter212m62_loop_verify" name="test_self_heal_exhausted_pauses_for_user" time="0.107" /><testcase classname="tests.test_iter212m62_loop_verify" name="test_verify_skipped_when_no_files_submitted" time="0.106" /><testcase classname="tests.test_iter212m131_loop_engine_rca" name="test_pipeline_task_ref_held_on_engine" time="0.505" /><testcase classname="tests.test_iter212m131_loop_engine_rca" name="test_cancel_propagates_to_pipeline_task" time="0.055" /><testcase classname="tests.test_iter212m131_loop_engine_rca" name="test_verify_runs_max_self_heals_not_max_verify_retries" time="0.005" /><testcase classname="tests.test_iter212m131_loop_engine_rca" name="test_self_heal_timeout_constant_exists" time="0.006" /><testcase classname="tests.test_iter212m131_loop_engine_rca" name="test_max_phase_restarts_lowered_to_one" time="0.004" /><testcase classname="tests.test_iter212m131_loop_engine_rca" name="test_verify_only_re_lints_healed_files" time="2.302" /><testcase classname="tests.test_iter212m131_loop_engine_rca" name="test_verify_self_heal_timeout_doesnt_hang" time="1.009" /><testcase classname="tests.test_iter212m131_loop_engine_rca" name="test_verify_files_uses_semaphore_parallelism" time="0.004" /><testcase classname="tests.test_iter212m131_loop_engine_rca" name="test_execute_empty_files_completes_as_readonly_report" time="0.004" /><testcase classname="tests.test_iter212m131_loop_engine_rca" name="test_with_budget_restart_clears_phase_context" time="3.008" /><testcase classname="tests.test_iter212m131_loop_engine_rca" name="test_submit_files_rejects_mid_execute" time="0.005" /><testcase classname="tests.test_iter212m131_loop_engine_rca" name="test_submit_files_allowed_pre_confirm" time="0.004" /><testcase classname="tests.test_iter212m131_loop_engine_rca" name="test_with_budget_state_before_emit_on_restart" time="0.004" /><testcase classname="tests.test_regression_iter288_scope_drift_j007" name="test_regression_iter288_freeze_persists_files_to_change" time="0.004" /><testcase classname="tests.test_regression_iter288_scope_drift_j007" name="test_regression_iter288_freeze_empty_files_when_plan_is_string" time="0.004" /><testcase classname="tests.test_regression_iter288_scope_drift_j007" name="test_regression_iter288_execute_has_scope_drift_gate_before_parliament" time="0.005" /><testcase classname="tests.test_regression_iter288_scope_drift_j007" name="test_regression_iter288_scope_drift_emits_requires_user_action" time="0.004" /><testcase classname="tests.test_regression_iter288_scope_drift_j007" name="test_regression_iter288_empty_output_writes_diag_row" time="0.004" /></testsuite></testsuites>