<?xml version="1.0" encoding="utf-8"?><testsuites><testsuite name="pytest" errors="0" failures="0" skipped="0" tests="10" time="0.205" timestamp="2026-08-25T05:58:56.735379+00:00" hostname="agent-env-00f4b217-af18-4f22-8897-05bbe431b0a7"><testcase classname="tests.test_iter_w3_r4_capabilities_seam" name="test_r1_capabilities_declaration_matches_real_verify_map" time="0.005" /><testcase classname="tests.test_iter_w3_r4_capabilities_seam" name="test_r2_unmapped_extension_is_honestly_unverified_not_silently_passed" time="0.005" /><testcase classname="tests.test_iter_w3_r4_capabilities_seam" name="test_r2_real_python_check_is_marked_verified_true" time="0.012" /><testcase classname="tests.test_iter_w3_r4_capabilities_seam" name="test_t3_seam_proof_fake_second_language_needs_no_core_change" time="0.007" /><testcase classname="tests.test_iter_w3_r4_capabilities_seam" name="test_r5_do_verify_real_path_surfaces_unverified_files_honestly" time="0.013" /><testcase classname="tests.test_iter_w3_a4_binary_file_refusal" name="test_a4a_fetch_file_rejects_real_binary_png" time="0.006" /><testcase classname="tests.test_iter_w3_a4_binary_file_refusal" name="test_a4b_binary_content_never_written_back_byte_identical" time="0.004" /><testcase classname="tests.test_iter_w3_a4_binary_file_refusal" name="test_a4c_real_text_file_still_reads_fine" time="0.005" /><testcase classname="tests.test_iter_w3_a4_binary_file_refusal" name="test_a4d_legacy_encoding_never_writes_u_fffd" time="0.004" /><testcase classname="tests.test_iter_w3_a4_binary_file_refusal" name="test_a4_real_execute_path_skips_binary_generates_text" time="0.010" /></testsuite></testsuites>